# Log Ver: CODA_2T 0.0.1 Prog Ver: 0.0.1 Sensor: 209993 Depth 0 2023-04-13 12:39:17 UTC 
# id model = RBRcoda3, version = 1.059, serial = 209993, fwtype = 107, flavour = rt
# reldepth stime temp time
1	0.5	20.3567	1681389561.184
1	1.0	20.3613	1681389561.676
1	1.5	20.3999	1681389562.180
1	2.0	20.4039	1681389562.684
1	2.5	20.3991	1681389563.177
1	3.0	20.4393	1681389563.680
1	3.5	20.4068	1681389564.184
1	4.0	20.4197	1681389564.676
1	4.5	20.3923	1681389565.181
1	5.0	20.4221	1681389565.684
1	5.5	20.4630	1681389566.176
1	6.0	20.4929	1681389566.680
1	6.5	20.4809	1681389567.184
1	7.0	20.4529	1681389567.676
1	7.5	20.4130	1681389568.180
1	8.0	20.3565	1681389568.684
1	8.5	20.3873	1681389569.176
1	9.0	20.3791	1681389569.680
1	9.5	20.4082	1681389570.184
1	10.0	20.3913	1681389570.677
1	10.5	20.3905	1681389571.181
1	11.0	20.3345	1681389571.684
1	11.5	20.3139	1681389572.177
1	12.0	20.3500	1681389572.680
1	12.5	20.3869	1681389573.184
1	13.0	20.3735	1681389573.676
1	13.5	20.3621	1681389574.181
1	14.0	20.3896	1681389574.685
1	14.5	20.4266	1681389575.176
1	15.0	20.4015	1681389575.680
1	15.5	20.4263	1681389576.184
1	16.0	20.4571	1681389576.676
1	16.5	20.4587	1681389577.180
1	17.0	20.5193	1681389577.683
1	17.5	20.5625	1681389578.176
1	18.0	20.5610	1681389578.680
1	18.5	20.5973	1681389579.184
1	19.0	20.6498	1681389579.676
1	19.5	20.6185	1681389580.179
1	20.0	20.5921	1681389580.683
1	20.5	20.5586	1681389581.176
1	21.0	20.5439	1681389581.679
1	21.5	20.5467	1681389582.184
1	22.0	20.5294	1681389582.676
1	22.5	20.5036	1681389583.180
1	23.0	20.5655	1681389583.684
1	23.5	20.6341	1681389584.175
1	24.0	20.6539	1681389584.679
1	24.5	20.6333	1681389585.183
1	25.0	20.6463	1681389585.676
1	25.5	20.6679	1681389586.180
1	26.0	20.6342	1681389586.684
1	26.5	20.5267	1681389587.187
1	27.0	20.5200	1681389587.680
1	27.5	20.5615	1681389588.184
1	28.0	20.5780	1681389588.676
1	28.5	20.5617	1681389589.179
1	29.0	20.5766	1681389589.684
1	29.5	20.5929	1681389590.187
1	30.0	20.5634	1681389590.679
1	30.5	20.5620	1681389591.184
1	31.0	20.5560	1681389591.675
1	31.5	20.6078	1681389592.179
1	32.0	20.6002	1681389592.684
1	32.5	20.6107	1681389593.187
1	33.0	20.6193	1681389593.679
1	33.5	20.5589	1681389594.183
1	34.0	20.4863	1681389594.675
1	34.5	20.4558	1681389595.179
1	35.0	20.4001	1681389595.684
1	35.5	20.3639	1681389596.187
1	36.0	20.3452	1681389596.679
1	36.5	20.3311	1681389597.183
1	37.0	20.3232	1681389597.675
1	37.5	20.3130	1681389598.179
1	38.0	20.3260	1681389598.683
1	38.5	20.3555	1681389599.187
1	39.0	20.3998	1681389599.679
1	39.5	20.4488	1681389600.183
1	40.0	20.4876	1681389600.675
1	40.5	20.4979	1681389601.179
1	41.0	20.3986	1681389601.683
1	41.5	20.4442	1681389602.187
1	42.0	20.4726	1681389602.679
1	42.5	20.4693	1681389603.184
1	43.0	20.4623	1681389603.675
1	43.5	20.4039	1681389604.179
1	44.0	20.3999	1681389604.683
1	44.5	20.4301	1681389605.187
1	45.0	20.4406	1681389605.679
1	45.5	20.4583	1681389606.183
1	46.0	20.4889	1681389606.675
1	46.5	20.4892	1681389607.179
1	47.0	20.4673	1681389607.683
1	47.5	20.4104	1681389608.187
1	48.0	20.3593	1681389608.679
1	48.5	20.2964	1681389609.183
1	49.0	20.2454	1681389609.687
1	49.5	20.2872	1681389610.178
1	50.0	20.2971	1681389610.682
1	50.5	20.2430	1681389611.186
1	51.0	20.1173	1681389611.679
1	51.5	19.9709	1681389612.183
1	52.0	19.8254	1681389612.687
1	52.5	19.8709	1681389613.178
1	53.0	19.9272	1681389613.683
1	53.5	20.0121	1681389614.186
1	54.0	20.0509	1681389614.678
1	54.5	20.0019	1681389615.183
1	55.0	19.9702	1681389615.686
1	55.5	19.8238	1681389616.179
1	56.0	19.6423	1681389616.683
1	56.5	19.5471	1681389617.186
1	57.0	19.4181	1681389617.678
1	57.5	19.3782	1681389618.182
1	58.0	19.3643	1681389618.686
1	58.5	19.3417	1681389619.178
1	59.0	19.3194	1681389619.683
1	59.5	19.3617	1681389620.186
1	60.0	19.4682	1681389620.678
1	60.5	19.4966	1681389621.183
1	61.0	19.5071	1681389621.687
1	61.5	19.4638	1681389622.178
1	62.0	19.5023	1681389622.682
1	62.5	19.5242	1681389623.186
1	63.0	19.5789	1681389623.679
1	63.5	19.6442	1681389624.183
1	64.0	19.7312	1681389624.686
1	64.5	19.8262	1681389625.178
1	65.0	19.8894	1681389625.682
1	65.5	19.7883	1681389626.186
1	66.0	19.7495	1681389626.678
1	66.5	19.4953	1681389627.182
1	67.0	19.2867	1681389627.686
1	67.5	19.1545	1681389628.178
1	68.0	19.2427	1681389628.682
1	68.5	19.3076	1681389629.186
1	69.0	19.2779	1681389629.678
1	69.5	19.2295	1681389630.182
1	70.0	19.3229	1681389630.686
1	70.5	19.4094	1681389631.178
1	71.0	19.4910	1681389631.682
1	71.5	19.5542	1681389632.186
1	72.0	19.6565	1681389632.678
1	72.5	19.7132	1681389633.182
1	73.0	19.6644	1681389633.686
1	73.5	19.6670	1681389634.178
1	74.0	19.6359	1681389634.682
1	74.5	19.4924	1681389635.186
1	75.0	19.4244	1681389635.678
1	75.5	19.3444	1681389636.182
1	76.0	19.3658	1681389636.686
1	76.5	19.3467	1681389637.178
1	77.0	19.2784	1681389637.682
1	77.5	19.3053	1681389638.186
1	78.0	19.3564	1681389638.677
1	78.5	19.4284	1681389639.181
1	79.0	19.5573	1681389639.685
1	79.5	19.6508	1681389640.178
1	80.0	19.7252	1681389640.682
1	80.5	19.7871	1681389641.186
1	81.0	19.6956	1681389641.677
1	81.5	19.5681	1681389642.182
1	82.0	19.4906	1681389642.686
1	82.5	19.5264	1681389643.177
1	83.0	19.5941	1681389643.682
1	83.5	19.7109	1681389644.186
1	84.0	19.6936	1681389644.678
1	84.5	19.5905	1681389645.181
1	85.0	19.5273	1681389645.685
1	85.5	19.4489	1681389646.177
1	86.0	19.3378	1681389646.682
1	86.5	19.2156	1681389647.185
1	87.0	19.1161	1681389647.678
1	87.5	19.0433	1681389648.181
1	88.0	19.1127	1681389648.685
1	88.5	19.1974	1681389649.178
1	89.0	19.1890	1681389649.681
1	89.5	19.1243	1681389650.185
1	90.0	18.9926	1681389650.677
1	90.5	18.9291	1681389651.181
1	91.0	18.8950	1681389651.685
1	91.5	18.8749	1681389652.178
1	92.0	18.8529	1681389652.681
1	92.5	18.8212	1681389653.185
1	93.0	18.7205	1681389653.677
1	93.5	18.6775	1681389654.181
1	94.0	18.6430	1681389654.685
1	94.5	18.5867	1681389655.177
1	95.0	18.5162	1681389655.681
1	95.5	18.4971	1681389656.185
1	96.0	18.4808	1681389656.678
1	96.5	18.4552	1681389657.181
1	97.0	18.4675	1681389657.685
1	97.5	18.4792	1681389658.177
1	98.0	18.5018	1681389658.681
1	98.5	18.5539	1681389659.185
1	99.0	18.5933	1681389659.677
1	99.5	18.6314	1681389660.181
1	100.0	18.7201	1681389660.685
1	100.5	18.6507	1681389661.189
1	101.0	18.6061	1681389661.681
1	101.5	18.5649	1681389662.185
1	102.0	18.5565	1681389662.677
1	102.5	18.5654	1681389663.181
1	103.0	18.5472	1681389663.685
1	103.5	18.5127	1681389664.189
1	104.0	18.4749	1681389664.681
1	104.5	18.4396	1681389665.185
1	105.0	18.4165	1681389665.677
1	105.5	18.3934	1681389666.181
1	106.0	18.4695	1681389666.685
1	106.5	18.6186	1681389667.188
1	107.0	18.7099	1681389667.681
1	107.5	18.5694	1681389668.185
1	108.0	18.4792	1681389668.677
1	108.5	18.3816	1681389669.181
1	109.0	18.3024	1681389669.685
1	109.5	18.2444	1681389670.188
1	110.0	18.1643	1681389670.681
1	110.5	18.1122	1681389671.184
1	111.0	18.0398	1681389671.676
1	111.5	18.0162	1681389672.180
1	112.0	18.0336	1681389672.685
1	112.5	18.0039	1681389673.188
1	113.0	17.9291	1681389673.680
1	113.5	17.8667	1681389674.185
1	114.0	17.8042	1681389674.677
1	114.5	17.7641	1681389675.180
1	115.0	17.7301	1681389675.684
1	115.5	17.7087	1681389676.188
1	116.0	17.7143	1681389676.680
1	116.5	17.7731	1681389677.185
1	117.0	17.7931	1681389677.676
1	117.5	17.7812	1681389678.180
1	118.0	17.7683	1681389678.684
1	118.5	17.7624	1681389679.188
1	119.0	17.7540	1681389679.680
1	119.5	17.7866	1681389680.184
1	120.0	17.7578	1681389680.688
1	120.5	17.7407	1681389681.180
1	121.0	17.7215	1681389681.684
1	121.5	17.7307	1681389682.188
1	122.0	17.8197	1681389682.680
1	122.5	17.8571	1681389683.184
1	123.0	17.8161	1681389683.688
1	123.5	17.8265	1681389684.180
1	124.0	17.7974	1681389684.685
1	124.5	17.7759	1681389685.188
1	125.0	17.7597	1681389685.680
1	125.5	17.7355	1681389686.184
1	126.0	17.6923	1681389686.688
1	126.5	17.6855	1681389687.180
1	127.0	17.6726	1681389687.684
1	127.5	17.6443	1681389688.188
1	128.0	17.6352	1681389688.680
1	128.5	17.6359	1681389689.184
1	129.0	17.6564	1681389689.688
1	129.5	17.6768	1681389690.180
1	130.0	17.6933	1681389690.684
1	130.5	17.6795	1681389691.188
1	131.0	17.6814	1681389691.680
1	131.5	17.6933	1681389692.184
1	132.0	17.7072	1681389692.688
1	132.5	17.6812	1681389693.180
1	133.0	17.6778	1681389693.684
1	133.5	17.6790	1681389694.187
1	134.0	17.7481	1681389694.680
1	134.5	17.8673	1681389695.183
1	135.0	17.9391	1681389695.687
1	135.5	18.0120	1681389696.179
1	136.0	18.0672	1681389696.683
1	136.5	18.1185	1681389697.187
1	137.0	18.1060	1681389697.679
1	137.5	18.0640	1681389698.183
1	138.0	18.0338	1681389698.688
1	138.5	18.0180	1681389699.179
1	139.0	17.9944	1681389699.684
1	139.5	17.9926	1681389700.187
1	140.0	17.9875	1681389700.680
1	140.5	17.9302	1681389701.184
1	141.0	17.9061	1681389701.687
1	141.5	17.8896	1681389702.180
1	142.0	17.8802	1681389702.683
1	142.5	17.8539	1681389703.187
1	143.0	17.8386	1681389703.679
1	143.5	17.8335	1681389704.183
1	144.0	17.8556	1681389704.687
1	144.5	17.8751	1681389705.179
1	145.0	17.8970	1681389705.683
1	145.5	17.9058	1681389706.187
1	146.0	17.8742	1681389706.679
1	146.5	17.8530	1681389707.183
1	147.0	17.8274	1681389707.687
1	147.5	17.7889	1681389708.179
1	148.0	17.7661	1681389708.683
1	148.5	17.7504	1681389709.187
1	149.0	17.7633	1681389709.679
1	149.5	17.7777	1681389710.183
1	150.0	17.8610	1681389710.687
1	150.5	17.8681	1681389711.179
1	151.0	17.8742	1681389711.683
1	151.5	17.8930	1681389712.187
1	152.0	17.9012	1681389712.679
1	152.5	17.8890	1681389713.184
1	153.0	17.8668	1681389713.687
1	153.5	17.8546	1681389714.179
1	154.0	17.8599	1681389714.683
1	154.5	17.8337	1681389715.187
1	155.0	17.8100	1681389715.679
1	155.5	17.7794	1681389716.183
1	156.0	17.7575	1681389716.687
1	156.5	17.7604	1681389717.179
1	157.0	17.8079	1681389717.683
1	157.5	17.8421	1681389718.187
1	158.0	17.8580	1681389718.679
1	158.5	17.9009	1681389719.183
1	159.0	17.9469	1681389719.686
1	159.5	17.9780	1681389720.179
1	160.0	17.9957	1681389720.683
1	160.5	17.9951	1681389721.186
1	161.0	18.0047	1681389721.679
1	161.5	18.0399	1681389722.183
1	162.0	18.0126	1681389722.687
1	162.5	17.9908	1681389723.179
1	163.0	17.9830	1681389723.683
1	163.5	17.9472	1681389724.187
1	164.0	17.8907	1681389724.679
1	164.5	17.8480	1681389725.183
1	165.0	17.8281	1681389725.686
1	165.5	17.8008	1681389726.179
1	166.0	17.7794	1681389726.682
1	166.5	17.7941	1681389727.186
1	167.0	17.8374	1681389727.679
1	167.5	17.8649	1681389728.183
1	168.0	17.8944	1681389728.686
1	168.5	17.8797	1681389729.179
1	169.0	17.8557	1681389729.682
1	169.5	17.8402	1681389730.186
1	170.0	17.8215	1681389730.679
1	170.5	17.8042	1681389731.182
1	171.0	17.8002	1681389731.686
1	171.5	17.8187	1681389732.178
1	172.0	17.8547	1681389732.682
1	172.5	17.8951	1681389733.186
1	173.0	17.9466	1681389733.678
1	173.5	17.9422	1681389734.182
1	174.0	17.9423	1681389734.686
1	174.5	17.9500	1681389735.178
1	175.0	17.9768	1681389735.682
1	175.5	18.0368	1681389736.186
1	176.0	18.0676	1681389736.678
1	176.5	18.0523	1681389737.182
1	177.0	17.9861	1681389737.686
1	177.5	17.9397	1681389738.178
1	178.0	17.9067	1681389738.682
1	178.5	17.8654	1681389739.186
1	179.0	17.8143	1681389739.678
1	179.5	17.8303	1681389740.182
1	180.0	17.8863	1681389740.686
1	180.5	17.9143	1681389741.178
1	181.0	17.9455	1681389741.682
1	181.5	17.9428	1681389742.186
1	182.0	17.9459	1681389742.678
1	182.5	18.0207	1681389743.182
1	183.0	18.0741	1681389743.686
1	183.5	18.0636	1681389744.178
1	184.0	18.0367	1681389744.682
1	184.5	18.0377	1681389745.186
1	185.0	18.0221	1681389745.678
1	185.5	18.0411	1681389746.182
1	186.0	18.0373	1681389746.686
1	186.5	18.0464	1681389747.178
1	187.0	18.0769	1681389747.682
1	187.5	18.1000	1681389748.186
1	188.0	18.1596	1681389748.678
1	188.5	18.1882	1681389749.182
1	189.0	18.2312	1681389749.686
1	189.5	18.2654	1681389750.178
1	190.0	18.2974	1681389750.681
1	190.5	18.3581	1681389751.186
1	191.0	18.4114	1681389751.677
1	191.5	18.4632	1681389752.182
1	192.0	18.4635	1681389752.685
1	192.5	18.5312	1681389753.178
1	193.0	18.5817	1681389753.681
1	193.5	18.6033	1681389754.186
1	194.0	18.6080	1681389754.677
1	194.5	18.6113	1681389755.181
1	195.0	18.5705	1681389755.685
1	195.5	18.5446	1681389756.178
1	196.0	18.5387	1681389756.681
1	196.5	18.5642	1681389757.186
1	197.0	18.5766	1681389757.677
1	197.5	18.6130	1681389758.181
1	198.0	18.6362	1681389758.685
1	198.5	18.6678	1681389759.177
1	199.0	18.6729	1681389759.681
1	199.5	18.6650	1681389760.185
1	200.0	18.6208	1681389760.677
1	200.5	18.5973	1681389761.181
1	201.0	18.5830	1681389761.685
1	201.5	18.6073	1681389762.177
1	202.0	18.6422	1681389762.681
1	202.5	18.6231	1681389763.185
1	203.0	18.5817	1681389763.677
1	203.5	18.5578	1681389764.181
1	204.0	18.5490	1681389764.685
1	204.5	18.5569	1681389765.177
1	205.0	18.5449	1681389765.681
1	205.5	18.4556	1681389766.185
1	206.0	18.3535	1681389766.677
1	206.5	18.3209	1681389767.181
1	207.0	18.3438	1681389767.685
1	207.5	18.4050	1681389768.177
1	208.0	18.4146	1681389768.681
1	208.5	18.4002	1681389769.185
1	209.0	18.4048	1681389769.677
1	209.5	18.3633	1681389770.181
1	210.0	18.4010	1681389770.685
1	210.5	18.3790	1681389771.189
1	211.0	18.4042	1681389771.681
1	211.5	18.4164	1681389772.185
1	212.0	18.3903	1681389772.677
1	212.5	18.3741	1681389773.181
1	213.0	18.3904	1681389773.685
1	213.5	18.4034	1681389774.189
1	214.0	18.4409	1681389774.681
1	214.5	18.5093	1681389775.185
1	215.0	18.5289	1681389775.677
1	215.5	18.4852	1681389776.181
1	216.0	18.4878	1681389776.685
1	216.5	18.4982	1681389777.189
1	217.0	18.5608	1681389777.681
1	217.5	18.5435	1681389778.185
1	218.0	18.5442	1681389778.677
1	218.5	18.5220	1681389779.181
1	219.0	18.5312	1681389779.684
1	219.5	18.5029	1681389780.188
1	220.0	18.4814	1681389780.680
1	220.5	18.4717	1681389781.184
1	221.0	18.4941	1681389781.677
1	221.5	18.5257	1681389782.180
1	222.0	18.5461	1681389782.685
1	222.5	18.5692	1681389783.188
1	223.0	18.5633	1681389783.680
1	223.5	18.6008	1681389784.184
1	224.0	18.6395	1681389784.676
1	224.5	18.6510	1681389785.181
1	225.0	18.6835	1681389785.684
1	225.5	18.7186	1681389786.188
1	226.0	18.7305	1681389786.680
1	226.5	18.6347	1681389787.184
1	227.0	18.6171	1681389787.676
1	227.5	18.6080	1681389788.180
1	228.0	18.6171	1681389788.684
1	228.5	18.6268	1681389789.188
1	229.0	18.5804	1681389789.680
1	229.5	18.6385	1681389790.184
1	230.0	18.6678	1681389790.676
1	230.5	18.7247	1681389791.180
1	231.0	18.7989	1681389791.684
1	231.5	18.8469	1681389792.188
1	232.0	18.8915	1681389792.680
1	232.5	18.9280	1681389793.184
1	233.0	18.9686	1681389793.688
1	233.5	18.9993	1681389794.180
1	234.0	19.0132	1681389794.684
1	234.5	19.0479	1681389795.188
1	235.0	19.0270	1681389795.680
1	235.5	18.9933	1681389796.184
1	236.0	18.9882	1681389796.688
1	236.5	18.9387	1681389797.180
1	237.0	18.8543	1681389797.684
1	237.5	18.8338	1681389798.188
1	238.0	18.7393	1681389798.680
1	238.5	18.7838	1681389799.184
1	239.0	18.8116	1681389799.688
1	239.5	18.8150	1681389800.180
1	240.0	18.9217	1681389800.684
1	240.5	18.9383	1681389801.188
1	241.0	18.9653	1681389801.680
1	241.5	18.9819	1681389802.184
1	242.0	18.9842	1681389802.687
1	242.5	19.0278	1681389803.180
1	243.0	19.0676	1681389803.684
1	243.5	18.9862	1681389804.188
1	244.0	18.9966	1681389804.680
1	244.5	19.0134	1681389805.184
1	245.0	18.9714	1681389805.688
1	245.5	18.9765	1681389806.180
1	246.0	18.9775	1681389806.683
1	246.5	18.9799	1681389807.187
1	247.0	18.9779	1681389807.680
1	247.5	18.8989	1681389808.183
1	248.0	18.8835	1681389808.687
1	248.5	18.9111	1681389809.179
1	249.0	18.9469	1681389809.683
1	249.5	18.8379	1681389810.187
1	250.0	18.8219	1681389810.680
1	250.5	18.7873	1681389811.184
1	251.0	18.7993	1681389811.687
1	251.5	18.8310	1681389812.179
1	252.0	18.8335	1681389812.683
1	252.5	18.8485	1681389813.187
1	253.0	18.8431	1681389813.679
1	253.5	18.8462	1681389814.183
1	254.0	18.8367	1681389814.687
1	254.5	18.8780	1681389815.179
1	255.0	18.8275	1681389815.683
1	255.5	18.8114	1681389816.187
1	256.0	18.8564	1681389816.679
1	256.5	18.9017	1681389817.183
1	257.0	18.8851	1681389817.687
1	257.5	18.9198	1681389818.179
1	258.0	18.9478	1681389818.683
1	258.5	18.9673	1681389819.187
1	259.0	18.9706	1681389819.679
1	259.5	18.9118	1681389820.183
1	260.0	18.9170	1681389820.687
1	260.5	18.9583	1681389821.179
1	261.0	18.9742	1681389821.683
1	261.5	18.9758	1681389822.187
1	262.0	18.9595	1681389822.679
1	262.5	18.9552	1681389823.183
1	263.0	18.9660	1681389823.687
1	263.5	18.9527	1681389824.179
1	264.0	18.9398	1681389824.683
1	264.5	18.9184	1681389825.187
1	265.0	18.9180	1681389825.679
1	265.5	18.8735	1681389826.183
1	266.0	18.9104	1681389826.687
1	266.5	18.9612	1681389827.179
1	267.0	19.0172	1681389827.683
1	267.5	19.0034	1681389828.187
1	268.0	19.0290	1681389828.679
1	268.5	19.0748	1681389829.183
1	269.0	19.1277	1681389829.687
1	269.5	19.1972	1681389830.179
1	270.0	19.2405	1681389830.683
1	270.5	19.2437	1681389831.187
1	271.0	19.1980	1681389831.679
1	271.5	19.2055	1681389832.183
1	272.0	19.1929	1681389832.686
1	272.5	19.2188	1681389833.179
1	273.0	19.2143	1681389833.683
1	273.5	19.1958	1681389834.186
1	274.0	19.1243	1681389834.679
1	274.5	19.1301	1681389835.183
1	275.0	19.1600	1681389835.686
1	275.5	19.1989	1681389836.179
1	276.0	19.2058	1681389836.683
1	276.5	19.1272	1681389837.186
1	277.0	19.0625	1681389837.678
1	277.5	19.0340	1681389838.182
1	278.0	19.0549	1681389838.686
1	278.5	19.1114	1681389839.178
1	279.0	19.2245	1681389839.682
1	279.5	19.2317	1681389840.186
1	280.0	19.1806	1681389840.679
1	280.5	19.1351	1681389841.182
1	281.0	19.2233	1681389841.686
1	281.5	19.2020	1681389842.178
1	282.0	19.1692	1681389842.682
1	282.5	19.1861	1681389843.186
1	283.0	19.2558	1681389843.678
1	283.5	19.2373	1681389844.182
1	284.0	19.3558	1681389844.686
1	284.5	19.3354	1681389845.178
1	285.0	19.2814	1681389845.682
1	285.5	19.2733	1681389846.186
1	286.0	19.2849	1681389846.678
1	286.5	19.2530	1681389847.182
1	287.0	19.2531	1681389847.686
1	287.5	19.2258	1681389848.178
1	288.0	19.3008	1681389848.682
1	288.5	19.3291	1681389849.186
1	289.0	19.3910	1681389849.678
1	289.5	19.4024	1681389850.182
1	290.0	19.4040	1681389850.686
1	290.5	19.4692	1681389851.178
1	291.0	19.4830	1681389851.682
1	291.5	19.5718	1681389852.186
1	292.0	19.4355	1681389852.678
1	292.5	19.3601	1681389853.182
1	293.0	19.3225	1681389853.686
1	293.5	19.3473	1681389854.178
1	294.0	19.3489	1681389854.682
1	294.5	19.4405	1681389855.186
1	295.0	19.4946	1681389855.678
1	295.5	19.5435	1681389856.182
1	296.0	19.5915	1681389856.686
1	296.5	19.6272	1681389857.178
1	297.0	19.6593	1681389857.682
1	297.5	19.6620	1681389858.186
1	298.0	19.5765	1681389858.678
1	298.5	19.5538	1681389859.182
1	299.0	19.5145	1681389859.686
1	299.5	19.5427	1681389860.178
1	300.0	19.4371	1681389860.682
1	300.5	19.3962	1681389861.186
1	301.0	19.3451	1681389861.678
1	301.5	19.3666	1681389862.182
1	302.0	19.3422	1681389862.686
1	302.5	19.4088	1681389863.178
1	303.0	19.4218	1681389863.681
1	303.5	19.4124	1681389864.185
1	304.0	19.3233	1681389864.678
1	304.5	19.2701	1681389865.181
1	305.0	19.3005	1681389865.685
1	305.5	19.2928	1681389866.177
1	306.0	19.2614	1681389866.681
1	306.5	19.3054	1681389867.185
1	307.0	19.2635	1681389867.677
1	307.5	19.2211	1681389868.181
1	308.0	19.1985	1681389868.685
1	308.5	19.2287	1681389869.177
1	309.0	19.2588	1681389869.681
1	309.5	19.2762	1681389870.185
1	310.0	19.3044	1681389870.677
1	310.5	19.2789	1681389871.181
1	311.0	19.3069	1681389871.685
1	311.5	19.2967	1681389872.177
1	312.0	19.3428	1681389872.681
1	312.5	19.3349	1681389873.185
1	313.0	19.3491	1681389873.677
1	313.5	19.2545	1681389874.181
1	314.0	19.2539	1681389874.685
1	314.5	19.2568	1681389875.177
1	315.0	19.2562	1681389875.681
1	315.5	19.2635	1681389876.185
1	316.0	19.2945	1681389876.677
1	316.5	19.2365	1681389877.181
1	317.0	19.3211	1681389877.685
1	317.5	19.3810	1681389878.177
1	318.0	19.3782	1681389878.681
1	318.5	19.3850	1681389879.185
1	319.0	19.3444	1681389879.677
1	319.5	19.4102	1681389880.181
1	320.0	19.3856	1681389880.685
1	320.5	19.3449	1681389881.189
1	321.0	19.2826	1681389881.681
1	321.5	19.2275	1681389882.185
1	322.0	19.2369	1681389882.677
1	322.5	19.2433	1681389883.181
1	323.0	19.2871	1681389883.685
1	323.5	19.3530	1681389884.189
1	324.0	19.4378	1681389884.681
1	324.5	19.5242	1681389885.185
1	325.0	19.6242	1681389885.677
1	325.5	19.6003	1681389886.181
1	326.0	19.6141	1681389886.685
1	326.5	19.6426	1681389887.189
1	327.0	19.6232	1681389887.681
1	327.5	19.5455	1681389888.184
1	328.0	19.5794	1681389888.677
1	328.5	19.5917	1681389889.181
1	329.0	19.5840	1681389889.685
1	329.5	19.5090	1681389890.188
1	330.0	19.3723	1681389890.681
1	330.5	19.3111	1681389891.184
1	331.0	19.2127	1681389891.677
1	331.5	19.2036	1681389892.180
1	332.0	19.2414	1681389892.684
1	332.5	19.3801	1681389893.188
1	333.0	19.5324	1681389893.680
1	333.5	19.5676	1681389894.184
1	334.0	19.5088	1681389894.676
1	334.5	19.4834	1681389895.180
1	335.0	19.5182	1681389895.684
1	335.5	19.5723	1681389896.188
1	336.0	19.6155	1681389896.680
1	336.5	19.5864	1681389897.184
1	337.0	19.5906	1681389897.676
1	337.5	19.5442	1681389898.180
1	338.0	19.5180	1681389898.684
1	338.5	19.5497	1681389899.188
1	339.0	19.5581	1681389899.680
1	339.5	19.5555	1681389900.184
1	340.0	19.5447	1681389900.676
1	340.5	19.5932	1681389901.180
1	341.0	19.6385	1681389901.684
1	341.5	19.6177	1681389902.188
1	342.0	19.5946	1681389902.680
1	342.5	19.5285	1681389903.184
1	343.0	19.5100	1681389903.677
1	343.5	19.4490	1681389904.180
1	344.0	19.4692	1681389904.684
1	344.5	19.4719	1681389905.188
1	345.0	19.4668	1681389905.680
1	345.5	19.5065	1681389906.184
1	346.0	19.5424	1681389906.688
1	346.5	19.5786	1681389907.180
1	347.0	19.5528	1681389907.684
1	347.5	19.5020	1681389908.188
1	348.0	19.4428	1681389908.680
1	348.5	19.4753	1681389909.184
1	349.0	19.4639	1681389909.688
1	349.5	19.4241	1681389910.180
1	350.0	19.3966	1681389910.684
1	350.5	19.3851	1681389911.188
1	351.0	19.3634	1681389911.680
1	351.5	19.3621	1681389912.184
1	352.0	19.4040	1681389912.688
1	352.5	19.4660	1681389913.180
1	353.0	19.5402	1681389913.684
1	353.5	19.5795	1681389914.188
1	354.0	19.6056	1681389914.680
1	354.5	19.6066	1681389915.184
1	355.0	19.6232	1681389915.687
1	355.5	19.6326	1681389916.180
1	356.0	19.6150	1681389916.684
1	356.5	19.5747	1681389917.187
1	357.0	19.5143	1681389917.680
1	357.5	19.4472	1681389918.183
1	358.0	19.4685	1681389918.687
1	358.5	19.5274	1681389919.180
1	359.0	19.5463	1681389919.684
1	359.5	19.5662	1681389920.187
1	360.0	19.5890	1681389920.680
1	360.5	19.5437	1681389921.183
1	361.0	19.5477	1681389921.687
1	361.5	19.5249	1681389922.179
1	362.0	19.5039	1681389922.683
1	362.5	19.4595	1681389923.187
1	363.0	19.4227	1681389923.679
1	363.5	19.4172	1681389924.183
1	364.0	19.4722	1681389924.687
1	364.5	19.4817	1681389925.179
1	365.0	19.4709	1681389925.683
1	365.5	19.4713	1681389926.187
1	366.0	19.4155	1681389926.679
1	366.5	19.4419	1681389927.183
1	367.0	19.4127	1681389927.687
1	367.5	19.3945	1681389928.179
1	368.0	19.3547	1681389928.683
1	368.5	19.2777	1681389929.187
1	369.0	19.3133	1681389929.679
1	369.5	19.3963	1681389930.183
1	370.0	19.4787	1681389930.687
1	370.5	19.4943	1681389931.179
1	371.0	19.5040	1681389931.683
1	371.5	19.4189	1681389932.187
1	372.0	19.3972	1681389932.679
1	372.5	19.4122	1681389933.183
1	373.0	19.4227	1681389933.687
1	373.5	19.3951	1681389934.179
1	374.0	19.4153	1681389934.683
1	374.5	19.4097	1681389935.187
1	375.0	19.4580	1681389935.679
1	375.5	19.5122	1681389936.183
1	376.0	19.5612	1681389936.687
1	376.5	19.5589	1681389937.179
1	377.0	19.5044	1681389937.683
1	377.5	19.4267	1681389938.187
1	378.0	19.3533	1681389938.679
1	378.5	19.3297	1681389939.183
1	379.0	19.2491	1681389939.687
1	379.5	19.1704	1681389940.179
1	380.0	19.1281	1681389940.683
1	380.5	19.0088	1681389941.187
1	381.0	18.9791	1681389941.679
1	381.5	19.0021	1681389942.183
1	382.0	19.0093	1681389942.687
1	382.5	19.0080	1681389943.179
1	383.0	19.0153	1681389943.683
1	383.5	19.0474	1681389944.187
1	384.0	19.0717	1681389944.679
1	384.5	19.0227	1681389945.183
1	385.0	19.0122	1681389945.686
1	385.5	18.9991	1681389946.179
1	386.0	18.9684	1681389946.683
1	386.5	18.8924	1681389947.186
1	387.0	18.8416	1681389947.679
1	387.5	18.8313	1681389948.183
1	388.0	18.8569	1681389948.686
1	388.5	18.8428	1681389949.178
1	389.0	18.7920	1681389949.682
1	389.5	18.7331	1681389950.186
1	390.0	18.6630	1681389950.678
1	390.5	18.5976	1681389951.183
1	391.0	18.5735	1681389951.686
1	391.5	18.5879	1681389952.178
1	392.0	18.6383	1681389952.682
1	392.5	18.6383	1681389953.186
1	393.0	18.6350	1681389953.678
1	393.5	18.6383	1681389954.182
1	394.0	18.5975	1681389954.686
1	394.5	18.5341	1681389955.178
1	395.0	18.5002	1681389955.682
1	395.5	18.4550	1681389956.186
1	396.0	18.4168	1681389956.678
1	396.5	18.4079	1681389957.182
1	397.0	18.4341	1681389957.686
1	397.5	18.4421	1681389958.178
1	398.0	18.4199	1681389958.682
1	398.5	18.4537	1681389959.186
1	399.0	18.4908	1681389959.678
1	399.5	18.4871	1681389960.182
1	400.0	18.4931	1681389960.686
1	400.5	18.5147	1681389961.178
1	401.0	18.5833	1681389961.682
1	401.5	18.6521	1681389962.186
1	402.0	18.6441	1681389962.678
1	402.5	18.6259	1681389963.182
1	403.0	18.6677	1681389963.686
1	403.5	18.7089	1681389964.178
1	404.0	18.7392	1681389964.682
1	404.5	18.7117	1681389965.186
1	405.0	18.7677	1681389965.678
1	405.5	18.8473	1681389966.182
1	406.0	18.9034	1681389966.686
1	406.5	18.9080	1681389967.178
1	407.0	18.9351	1681389967.682
1	407.5	18.9986	1681389968.186
1	408.0	19.0021	1681389968.678
1	408.5	19.0413	1681389969.182
1	409.0	19.0504	1681389969.686
1	409.5	19.0924	1681389970.178
1	410.0	19.0922	1681389970.682
1	410.5	19.0694	1681389971.186
1	411.0	19.0484	1681389971.678
1	411.5	18.9958	1681389972.182
1	412.0	18.9285	1681389972.686
1	412.5	18.8677	1681389973.178
1	413.0	18.8372	1681389973.682
1	413.5	18.8468	1681389974.185
1	414.0	18.8616	1681389974.678
1	414.5	18.8547	1681389975.182
1	415.0	18.8620	1681389975.685
1	415.5	18.8788	1681389976.178
1	416.0	18.8950	1681389976.681
1	416.5	18.8567	1681389977.185
1	417.0	18.8207	1681389977.677
1	417.5	18.8299	1681389978.181
1	418.0	18.8720	1681389978.686
1	418.5	18.8408	1681389979.177
1	419.0	18.7506	1681389979.681
1	419.5	18.6382	1681389980.185
1	420.0	18.5099	1681389980.677
1	420.5	18.4496	1681389981.181
1	421.0	18.4454	1681389981.685
1	421.5	18.4326	1681389982.177
1	422.0	18.4767	1681389982.681
1	422.5	18.5009	1681389983.185
1	423.0	18.4918	1681389983.677
1	423.5	18.5326	1681389984.181
1	424.0	18.5966	1681389984.685
1	424.5	18.6417	1681389985.177
1	425.0	18.5556	1681389985.681
1	425.5	18.4770	1681389986.185
1	426.0	18.4950	1681389986.677
1	426.5	18.4639	1681389987.181
1	427.0	18.4363	1681389987.685
1	427.5	18.4860	1681389988.177
1	428.0	18.5105	1681389988.682
1	428.5	18.5355	1681389989.185
1	429.0	18.5744	1681389989.677
1	429.5	18.6302	1681389990.181
1	430.0	18.6658	1681389990.685
1	430.5	18.6746	1681389991.189
1	431.0	18.6675	1681389991.681
1	431.5	18.6620	1681389992.185
1	432.0	18.6673	1681389992.677
1	432.5	18.5397	1681389993.181
1	433.0	18.4046	1681389993.685
1	433.5	18.3080	1681389994.189
1	434.0	18.2262	1681389994.681
1	434.5	18.2001	1681389995.185
1	435.0	18.1982	1681389995.677
1	435.5	18.2150	1681389996.181
1	436.0	18.1972	1681389996.685
1	436.5	18.2274	1681389997.189
1	437.0	18.2343	1681389997.681
1	437.5	18.2751	1681389998.185
1	438.0	18.2991	1681389998.677
1	438.5	18.2430	1681389999.181
1	439.0	18.1765	1681389999.685
1	439.5	18.2043	1681390000.188
1	440.0	18.1791	1681390000.681
1	440.5	18.2133	1681390001.185
1	441.0	18.2427	1681390001.677
1	441.5	18.2189	1681390002.181
1	442.0	18.2496	1681390002.685
1	442.5	18.2808	1681390003.188
1	443.0	18.2804	1681390003.681
1	443.5	18.3049	1681390004.184
1	444.0	18.3434	1681390004.677
1	444.5	18.3573	1681390005.180
1	445.0	18.4209	1681390005.684
1	445.5	18.4757	1681390006.188
1	446.0	18.5365	1681390006.680
1	446.5	18.5877	1681390007.184
1	447.0	18.6170	1681390007.676
1	447.5	18.6744	1681390008.180
1	448.0	18.7411	1681390008.684
1	448.5	18.7640	1681390009.188
1	449.0	18.7357	1681390009.680
1	449.5	18.6406	1681390010.184
1	450.0	18.5593	1681390010.676
1	450.5	18.5395	1681390011.180
1	451.0	18.5866	1681390011.684
1	451.5	18.6340	1681390012.188
1	452.0	18.7118	1681390012.680
1	452.5	18.7882	1681390013.184
1	453.0	18.7164	1681390013.676
1	453.5	18.7799	1681390014.180
1	454.0	18.8138	1681390014.684
1	454.5	18.7779	1681390015.188
1	455.0	18.6666	1681390015.680
1	455.5	18.5441	1681390016.184
1	456.0	18.4473	1681390016.688
1	456.5	18.3351	1681390017.180
1	457.0	18.2219	1681390017.684
1	457.5	18.1356	1681390018.188
1	458.0	18.0896	1681390018.680
1	458.5	18.0235	1681390019.184
1	459.0	17.9605	1681390019.688
1	459.5	17.9079	1681390020.180
1	460.0	17.9001	1681390020.684
1	460.5	17.9251	1681390021.188
1	461.0	17.9952	1681390021.680
1	461.5	18.0742	1681390022.184
1	462.0	18.1388	1681390022.688
1	462.5	18.2165	1681390023.180
1	463.0	18.3085	1681390023.684
1	463.5	18.3696	1681390024.188
1	464.0	18.4338	1681390024.680
1	464.5	18.5115	1681390025.184
1	465.0	18.5825	1681390025.688
1	465.5	18.5549	1681390026.180
1	466.0	18.4616	1681390026.684
1	466.5	18.3738	1681390027.188
1	467.0	18.4032	1681390027.680
1	467.5	18.4427	1681390028.184
1	468.0	18.5188	1681390028.688
1	468.5	18.6088	1681390029.180
1	469.0	18.6292	1681390029.684
1	469.5	18.6624	1681390030.188
1	470.0	18.6620	1681390030.680
1	470.5	18.5216	1681390031.184
1	471.0	18.5477	1681390031.687
1	471.5	18.4626	1681390032.179
1	472.0	18.4376	1681390032.683
1	472.5	18.4362	1681390033.187
1	473.0	18.4917	1681390033.679
1	473.5	18.5353	1681390034.183
1	474.0	18.5853	1681390034.687
1	474.5	18.6515	1681390035.179
1	475.0	18.7244	1681390035.683
1	475.5	18.7559	1681390036.187
1	476.0	18.6947	1681390036.679
1	476.5	18.6392	1681390037.183
1	477.0	18.6080	1681390037.687
1	477.5	18.5928	1681390038.179
1	478.0	18.6577	1681390038.683
1	478.5	18.6673	1681390039.187
1	479.0	18.7146	1681390039.679
1	479.5	18.7781	1681390040.183
1	480.0	18.7255	1681390040.687
1	480.5	18.6925	1681390041.179
1	481.0	18.7036	1681390041.683
1	481.5	18.7209	1681390042.187
1	482.0	18.7745	1681390042.679
1	482.5	18.8034	1681390043.183
1	483.0	18.8309	1681390043.687
1	483.5	18.8180	1681390044.179
1	484.0	18.8579	1681390044.683
1	484.5	18.8915	1681390045.187
1	485.0	18.9155	1681390045.679
1	485.5	18.9285	1681390046.183
1	486.0	18.9280	1681390046.687
1	486.5	18.8476	1681390047.179
1	487.0	18.7663	1681390047.683
1	487.5	18.6934	1681390048.187
1	488.0	18.6207	1681390048.679
1	488.5	18.5685	1681390049.183
1	489.0	18.5401	1681390049.687
1	489.5	18.5678	1681390050.179
1	490.0	18.5653	1681390050.683
1	490.5	18.5986	1681390051.187
1	491.0	18.6156	1681390051.679
1	491.5	18.5858	1681390052.183
1	492.0	18.5288	1681390052.687
1	492.5	18.5860	1681390053.179
1	493.0	18.6790	1681390053.683
1	493.5	18.7501	1681390054.187
1	494.0	18.8027	1681390054.679
1	494.5	18.8063	1681390055.183
1	495.0	18.7543	1681390055.687
1	495.5	18.7855	1681390056.179
1	496.0	18.7191	1681390056.683
1	496.5	18.6310	1681390057.187
1	497.0	18.6105	1681390057.679
1	497.5	18.5081	1681390058.183
1	498.0	18.4450	1681390058.686
1	498.5	18.4323	1681390059.178
1	499.0	18.3998	1681390059.683
1	499.5	18.3598	1681390060.186
1	500.0	18.2999	1681390060.679
1	500.5	18.2380	1681390061.182
1	501.0	18.1594	1681390061.686
1	501.5	18.0540	1681390062.178
1	502.0	18.0390	1681390062.683
1	502.5	18.0495	1681390063.186
1	503.0	18.0325	1681390063.679
1	503.5	18.0127	1681390064.183
1	504.0	17.9844	1681390064.686
1	504.5	17.9362	1681390065.178
1	505.0	17.9625	1681390065.682
1	505.5	17.9516	1681390066.186
1	506.0	17.9042	1681390066.678
1	506.5	17.9010	1681390067.182
1	507.0	17.9045	1681390067.686
1	507.5	17.8385	1681390068.178
1	508.0	17.8703	1681390068.682
1	508.5	17.8489	1681390069.186
1	509.0	17.8949	1681390069.679
1	509.5	17.9746	1681390070.182
1	510.0	17.9032	1681390070.686
1	510.5	17.9283	1681390071.178
1	511.0	18.0101	1681390071.682
1	511.5	18.0846	1681390072.186
1	512.0	18.0266	1681390072.678
1	512.5	17.9650	1681390073.182
1	513.0	17.9155	1681390073.686
1	513.5	17.9848	1681390074.178
1	514.0	17.9815	1681390074.682
1	514.5	17.9910	1681390075.186
1	515.0	18.0715	1681390075.678
1	515.5	18.1687	1681390076.182
1	516.0	18.2288	1681390076.686
1	516.5	18.1540	1681390077.178
1	517.0	18.1205	1681390077.682
1	517.5	18.1111	1681390078.186
1	518.0	18.1056	1681390078.678
1	518.5	18.0702	1681390079.182
1	519.0	18.0155	1681390079.686
1	519.5	17.9792	1681390080.178
1	520.0	17.9444	1681390080.682
1	520.5	17.9439	1681390081.186
1	521.0	17.9588	1681390081.678
1	521.5	17.9537	1681390082.182
1	522.0	17.8931	1681390082.686
1	522.5	17.8840	1681390083.178
1	523.0	17.8406	1681390083.682
1	523.5	17.7710	1681390084.186
1	524.0	17.8186	1681390084.678
1	524.5	17.8941	1681390085.182
1	525.0	17.9322	1681390085.685
1	525.5	17.8989	1681390086.178
1	526.0	17.9620	1681390086.681
1	526.5	17.9548	1681390087.185
1	527.0	17.8688	1681390087.678
1	527.5	17.8305	1681390088.181
1	528.0	17.7714	1681390088.686
1	528.5	17.7908	1681390089.178
1	529.0	17.7541	1681390089.681
1	529.5	17.8404	1681390090.185
1	530.0	17.9555	1681390090.678
1	530.5	18.0225	1681390091.181
1	531.0	18.0291	1681390091.685
1	531.5	17.9739	1681390092.178
1	532.0	17.9299	1681390092.681
1	532.5	17.8922	1681390093.185
1	533.0	17.8752	1681390093.677
1	533.5	17.8384	1681390094.182
1	534.0	17.8450	1681390094.685
1	534.5	17.8217	1681390095.177
1	535.0	17.8141	1681390095.681
1	535.5	17.8183	1681390096.185
1	536.0	17.7856	1681390096.677
1	536.5	17.7488	1681390097.181
1	537.0	17.7266	1681390097.685
1	537.5	17.7234	1681390098.177
1	538.0	17.8324	1681390098.681
1	538.5	17.9416	1681390099.185
1	539.0	18.0396	1681390099.677
1	539.5	18.0888	1681390100.181
1	540.0	18.1058	1681390100.685
1	540.5	18.1674	1681390101.189
1	541.0	18.2529	1681390101.681
1	541.5	18.2544	1681390102.185
1	542.0	18.1558	1681390102.677
1	542.5	18.0904	1681390103.181
1	543.0	18.0693	1681390103.685
1	543.5	18.1057	1681390104.189
1	544.0	18.2118	1681390104.681
1	544.5	18.2824	1681390105.185
1	545.0	18.3752	1681390105.677
1	545.5	18.4226	1681390106.181
1	546.0	18.4866	1681390106.685
1	546.5	18.5453	1681390107.189
1	547.0	18.4298	1681390107.681
1	547.5	18.3464	1681390108.185
1	548.0	18.2159	1681390108.677
1	548.5	18.1460	1681390109.181
1	549.0	18.1217	1681390109.685
1	549.5	18.0780	1681390110.189
1	550.0	18.0647	1681390110.681
1	550.5	18.0240	1681390111.185
1	551.0	18.0301	1681390111.677
1	551.5	17.9905	1681390112.181
1	552.0	17.9706	1681390112.685
1	552.5	17.9396	1681390113.188
1	553.0	17.9521	1681390113.681
1	553.5	17.9203	1681390114.185
1	554.0	17.9100	1681390114.677
1	554.5	17.8800	1681390115.181
1	555.0	17.8560	1681390115.684
1	555.5	17.8400	1681390116.188
1	556.0	17.8335	1681390116.680
1	556.5	17.7695	1681390117.184
1	557.0	17.7324	1681390117.676
1	557.5	17.7283	1681390118.181
1	558.0	17.7614	1681390118.684
1	558.5	17.7759	1681390119.188
1	559.0	17.7780	1681390119.680
1	559.5	17.8002	1681390120.184
1	560.0	17.8007	1681390120.676
1	560.5	17.8554	1681390121.180
1	561.0	17.8190	1681390121.684
1	561.5	17.8375	1681390122.188
1	562.0	17.8174	1681390122.680
1	562.5	17.8577	1681390123.184
1	563.0	17.9593	1681390123.676
1	563.5	17.8990	1681390124.180
1	564.0	17.8618	1681390124.684
1	564.5	17.8810	1681390125.188
1	565.0	17.8041	1681390125.680
1	565.5	17.7562	1681390126.184
1	566.0	17.7345	1681390126.688
1	566.5	17.7340	1681390127.180
1	567.0	17.7772	1681390127.684
1	567.5	17.7437	1681390128.188
1	568.0	17.7314	1681390128.680
1	568.5	17.7876	1681390129.184
1	569.0	17.8655	1681390129.688
1	569.5	17.8794	1681390130.180
1	570.0	17.9080	1681390130.684
1	570.5	17.9065	1681390131.188
1	571.0	17.9552	1681390131.680
1	571.5	17.9589	1681390132.184
1	572.0	17.9449	1681390132.688
1	572.5	17.8913	1681390133.180
1	573.0	17.8454	1681390133.684
1	573.5	17.8342	1681390134.188
1	574.0	17.8154	1681390134.680
1	574.5	17.8490	1681390135.184
1	575.0	17.8424	1681390135.688
1	575.5	17.8618	1681390136.180
1	576.0	17.8535	1681390136.684
1	576.5	17.8752	1681390137.188
1	577.0	17.9412	1681390137.680
1	577.5	17.9503	1681390138.184
1	578.0	17.9221	1681390138.688
1	578.5	17.8702	1681390139.180
1	579.0	17.8559	1681390139.684
1	579.5	17.9306	1681390140.188
1	580.0	17.9681	1681390140.680
1	580.5	17.9206	1681390141.184
1	581.0	17.9052	1681390141.687
1	581.5	17.9068	1681390142.180
1	582.0	17.9120	1681390142.683
1	582.5	17.8944	1681390143.187
1	583.0	17.8871	1681390143.679
1	583.5	17.9091	1681390144.183
1	584.0	17.8740	1681390144.687
1	584.5	17.9363	1681390145.179
1	585.0	17.9389	1681390145.683
1	585.5	17.9220	1681390146.187
1	586.0	18.0158	1681390146.679
1	586.5	18.0122	1681390147.183
1	587.0	17.9937	1681390147.687
1	587.5	17.9948	1681390148.180
1	588.0	18.0104	1681390148.683
1	588.5	17.9390	1681390149.187
1	589.0	17.8819	1681390149.680
1	589.5	17.8260	1681390150.183
1	590.0	17.7943	1681390150.687
1	590.5	17.8301	1681390151.179
1	591.0	17.8077	1681390151.683
1	591.5	17.7799	1681390152.187
1	592.0	17.7306	1681390152.679
1	592.5	17.7458	1681390153.183
1	593.0	17.7885	1681390153.687
1	593.5	17.7844	1681390154.179
1	594.0	17.8297	1681390154.683
1	594.5	17.8258	1681390155.187
1	595.0	17.8082	1681390155.679
1	595.5	17.7823	1681390156.183
1	596.0	17.7565	1681390156.687
1	596.5	17.7954	1681390157.179
1	597.0	17.7916	1681390157.683
1	597.5	17.8083	1681390158.187
1	598.0	17.8170	1681390158.679
1	598.5	17.7751	1681390159.183
1	599.0	17.7214	1681390159.687
1	599.5	17.7498	1681390160.180
1	600.0	17.7888	1681390160.683
1	600.5	17.7977	1681390161.187
1	601.0	17.7494	1681390161.679
1	601.5	17.7970	1681390162.183
1	602.0	17.7396	1681390162.687
1	602.5	17.7361	1681390163.179
1	603.0	17.7571	1681390163.683
1	603.5	17.7574	1681390164.187
1	604.0	17.8115	1681390164.679
1	604.5	17.7625	1681390165.183
1	605.0	17.8183	1681390165.687
1	605.5	17.8436	1681390166.179
1	606.0	17.8145	1681390166.683
1	606.5	17.8070	1681390167.187
1	607.0	17.9104	1681390167.679
1	607.5	17.8208	1681390168.183
1	608.0	17.8086	1681390168.687
1	608.5	17.9408	1681390169.179
1	609.0	17.9940	1681390169.682
1	609.5	17.9614	1681390170.186
1	610.0	17.9119	1681390170.679
1	610.5	17.8499	1681390171.183
1	611.0	17.7879	1681390171.686
1	611.5	17.9101	1681390172.178
1	612.0	17.8620	1681390172.682
1	612.5	17.8100	1681390173.186
1	613.0	17.8472	1681390173.679
1	613.5	17.8194	1681390174.182
1	614.0	17.8521	1681390174.686
1	614.5	17.9441	1681390175.178
1	615.0	17.9679	1681390175.682
1	615.5	17.8922	1681390176.186
1	616.0	17.8739	1681390176.678
1	616.5	17.8981	1681390177.182
1	617.0	17.9146	1681390177.686
1	617.5	17.9297	1681390178.178
1	618.0	17.9639	1681390178.682
1	618.5	17.9261	1681390179.186
1	619.0	17.9204	1681390179.678
1	619.5	18.0013	1681390180.182
1	620.0	18.0973	1681390180.686
1	620.5	18.1362	1681390181.178
1	621.0	18.0788	1681390181.682
1	621.5	18.0011	1681390182.186
1	622.0	17.9825	1681390182.678
1	622.5	18.0334	1681390183.182
1	623.0	18.0681	1681390183.686
1	623.5	18.0269	1681390184.178
1	624.0	17.9819	1681390184.682
1	624.5	17.9122	1681390185.186
1	625.0	17.9169	1681390185.678
1	625.5	17.8485	1681390186.182
1	626.0	17.8469	1681390186.686
1	626.5	17.7909	1681390187.178
1	627.0	17.7639	1681390187.682
1	627.5	17.7380	1681390188.186
1	628.0	17.7336	1681390188.678
1	628.5	17.7271	1681390189.182
1	629.0	17.7514	1681390189.686
1	629.5	17.8003	1681390190.178
1	630.0	17.7900	1681390190.682
1	630.5	17.7272	1681390191.186
1	631.0	17.6887	1681390191.678
1	631.5	17.6679	1681390192.182
1	632.0	17.6789	1681390192.686
1	632.5	17.6926	1681390193.178
1	633.0	17.7020	1681390193.682
1	633.5	17.6964	1681390194.186
1	634.0	17.7124	1681390194.678
1	634.5	17.7217	1681390195.182
1	635.0	17.7651	1681390195.686
1	635.5	17.7891	1681390196.178
1	636.0	17.7555	1681390196.682
1	636.5	17.7739	1681390197.186
1	637.0	17.8121	1681390197.678
1	637.5	17.9634	1681390198.182
1	638.0	18.1082	1681390198.685
1	638.5	18.2308	1681390199.178
1	639.0	18.3537	1681390199.682
1	639.5	18.4830	1681390200.185
1	640.0	18.4655	1681390200.677
1	640.5	18.4295	1681390201.181
1	641.0	18.5006	1681390201.685
1	641.5	18.5823	1681390202.177
1	642.0	18.5564	1681390202.681
1	642.5	18.4801	1681390203.185
1	643.0	18.4532	1681390203.677
1	643.5	18.5248	1681390204.181
1	644.0	18.6323	1681390204.685
1	644.5	18.6674	1681390205.177
1	645.0	18.5980	1681390205.681
1	645.5	18.5224	1681390206.185
1	646.0	18.4797	1681390206.677
1	646.5	18.4052	1681390207.181
1	647.0	18.3325	1681390207.685
1	647.5	18.2818	1681390208.177
1	648.0	18.3325	1681390208.681
1	648.5	18.3836	1681390209.185
1	649.0	18.3591	1681390209.677
1	649.5	18.3752	1681390210.181
1	650.0	18.3384	1681390210.685
1	650.5	18.2905	1681390211.177
1	651.0	18.3136	1681390211.681
1	651.5	18.4096	1681390212.185
1	652.0	18.4194	1681390212.677
1	652.5	18.3609	1681390213.181
1	653.0	18.3230	1681390213.685
1	653.5	18.2950	1681390214.189
1	654.0	18.3583	1681390214.681
1	654.5	18.3591	1681390215.185
1	655.0	18.3804	1681390215.677
1	655.5	18.3720	1681390216.181
1	656.0	18.2760	1681390216.685
1	656.5	18.2464	1681390217.189
1	657.0	18.2192	1681390217.681
1	657.5	18.2334	1681390218.185
1	658.0	18.2769	1681390218.677
1	658.5	18.3825	1681390219.181
1	659.0	18.3583	1681390219.685
1	659.5	18.2804	1681390220.189
1	660.0	18.2251	1681390220.681
1	660.5	18.2079	1681390221.185
1	661.0	18.1989	1681390221.677
1	661.5	18.2045	1681390222.181
1	662.0	18.2353	1681390222.685
1	662.5	18.2841	1681390223.189
1	663.0	18.3286	1681390223.681
1	663.5	18.3325	1681390224.185
1	664.0	18.3743	1681390224.677
1	664.5	18.3383	1681390225.181
1	665.0	18.2727	1681390225.685
1	665.5	18.2348	1681390226.188
1	666.0	18.2304	1681390226.680
1	666.5	18.3206	1681390227.184
1	667.0	18.3996	1681390227.677
1	667.5	18.3662	1681390228.180
1	668.0	18.2962	1681390228.684
1	668.5	18.2534	1681390229.188
1	669.0	18.2057	1681390229.681
1	669.5	18.1940	1681390230.184
1	670.0	18.1375	1681390230.677
1	670.5	18.1068	1681390231.180
1	671.0	18.1147	1681390231.684
1	671.5	18.1050	1681390232.188
1	672.0	18.1356	1681390232.681
1	672.5	18.2243	1681390233.184
1	673.0	18.3260	1681390233.676
1	673.5	18.3704	1681390234.180
1	674.0	18.3374	1681390234.684
1	674.5	18.2986	1681390235.188
1	675.0	18.2313	1681390235.680
1	675.5	18.2299	1681390236.184
1	676.0	18.3097	1681390236.688
1	676.5	18.2892	1681390237.180
1	677.0	18.2020	1681390237.684
1	677.5	18.1382	1681390238.188
1	678.0	18.1674	1681390238.680
1	678.5	18.2733	1681390239.184
1	679.0	18.3444	1681390239.688
1	679.5	18.3201	1681390240.180
1	680.0	18.2498	1681390240.684
1	680.5	18.2032	1681390241.188
1	681.0	18.1898	1681390241.680
1	681.5	18.1424	1681390242.185
1	682.0	18.1266	1681390242.688
1	682.5	18.0734	1681390243.180
1	683.0	18.0611	1681390243.684
1	683.5	18.0331	1681390244.188
1	684.0	18.0450	1681390244.680
1	684.5	18.0382	1681390245.184
1	685.0	18.0208	1681390245.688
1	685.5	18.0633	1681390246.180
1	686.0	18.0413	1681390246.684
1	686.5	18.0915	1681390247.188
1	687.0	18.1824	1681390247.680
1	687.5	18.2763	1681390248.184
1	688.0	18.3161	1681390248.688
1	688.5	18.3009	1681390249.180
1	689.0	18.2934	1681390249.684
1	689.5	18.2628	1681390250.188
1	690.0	18.2750	1681390250.680
1	690.5	18.1890	1681390251.184
1	691.0	18.1573	1681390251.687
1	691.5	18.1023	1681390252.180
1	692.0	18.0904	1681390252.684
1	692.5	18.0938	1681390253.187
1	693.0	18.1054	1681390253.680
1	693.5	18.0585	1681390254.183
1	694.0	18.0612	1681390254.687
1	694.5	18.0786	1681390255.180
1	695.0	18.1906	1681390255.683
1	695.5	18.2791	1681390256.187
1	696.0	18.3305	1681390256.679
1	696.5	18.2843	1681390257.183
1	697.0	18.2059	1681390257.687
1	697.5	18.1441	1681390258.179
1	698.0	18.1044	1681390258.683
1	698.5	18.0591	1681390259.187
1	699.0	18.0495	1681390259.680
1	699.5	18.0636	1681390260.183
1	700.0	18.0085	1681390260.687
1	700.5	18.0041	1681390261.179
1	701.0	18.0022	1681390261.683
1	701.5	18.0113	1681390262.187
1	702.0	18.0536	1681390262.679
1	702.5	18.1421	1681390263.183
1	703.0	18.1632	1681390263.687
1	703.5	18.1212	1681390264.179
1	704.0	18.0956	1681390264.683
1	704.5	18.1085	1681390265.187
1	705.0	18.1042	1681390265.679
1	705.5	18.1262	1681390266.183
1	706.0	18.1519	1681390266.687
1	706.5	18.1669	1681390267.179
1	707.0	18.1783	1681390267.683
1	707.5	18.2067	1681390268.187
1	708.0	18.2064	1681390268.679
1	708.5	18.2146	1681390269.183
1	709.0	18.1502	1681390269.687
1	709.5	18.1632	1681390270.179
1	710.0	18.1530	1681390270.683
1	710.5	18.0758	1681390271.187
1	711.0	18.1390	1681390271.679
1	711.5	18.1669	1681390272.183
1	712.0	18.0960	1681390272.687
1	712.5	18.1299	1681390273.179
1	713.0	18.1617	1681390273.683
1	713.5	18.0553	1681390274.187
1	714.0	18.0849	1681390274.679
1	714.5	18.1836	1681390275.183
1	715.0	18.2770	1681390275.687
1	715.5	18.3644	1681390276.179
1	716.0	18.3450	1681390276.683
1	716.5	18.3193	1681390277.187
1	717.0	18.2887	1681390277.679
1	717.5	18.2493	1681390278.183
1	718.0	18.2288	1681390278.687
1	718.5	18.2228	1681390279.179
1	719.0	18.2396	1681390279.683
1	719.5	18.2116	1681390280.187
1	720.0	18.1110	1681390280.679
1	720.5	18.1009	1681390281.183
1	721.0	18.0681	1681390281.686
1	721.5	17.9939	1681390282.179
1	722.0	17.9962	1681390282.683
1	722.5	18.0031	1681390283.186
1	723.0	17.9458	1681390283.679
1	723.5	17.9697	1681390284.182
1	724.0	18.0273	1681390284.686
1	724.5	18.0646	1681390285.178
1	725.0	18.1157	1681390285.682
1	725.5	18.0892	1681390286.186
1	726.0	18.0584	1681390286.678
1	726.5	18.0589	1681390287.182
1	727.0	18.0463	1681390287.686
1	727.5	18.0546	1681390288.178
1	728.0	18.0697	1681390288.682
1	728.5	18.0530	1681390289.186
1	729.0	17.9900	1681390289.678
1	729.5	17.9566	1681390290.182
1	730.0	17.9193	1681390290.686
1	730.5	17.9555	1681390291.178
1	731.0	18.0547	1681390291.682
1	731.5	18.0974	1681390292.186
1	732.0	18.1012	1681390292.678
1	732.5	18.0823	1681390293.182
1	733.0	18.1286	1681390293.686
1	733.5	18.1070	1681390294.178
1	734.0	18.0465	1681390294.682
1	734.5	18.0454	1681390295.186
1	735.0	18.0613	1681390295.678
1	735.5	18.0675	1681390296.182
1	736.0	18.1319	1681390296.686
1	736.5	18.2529	1681390297.178
1	737.0	18.3188	1681390297.682
1	737.5	18.3058	1681390298.186
1	738.0	18.3101	1681390298.678
1	738.5	18.2652	1681390299.182
1	739.0	18.2099	1681390299.686
1	739.5	18.2146	1681390300.178
1	740.0	18.1965	1681390300.682
1	740.5	18.1621	1681390301.186
1	741.0	18.1702	1681390301.678
1	741.5	18.1746	1681390302.182
1	742.0	18.2867	1681390302.686
1	742.5	18.3235	1681390303.178
1	743.0	18.3966	1681390303.682
1	743.5	18.3929	1681390304.186
1	744.0	18.3611	1681390304.678
1	744.5	18.2632	1681390305.182
1	745.0	18.2226	1681390305.686
1	745.5	18.1832	1681390306.178
1	746.0	18.1438	1681390306.682
1	746.5	18.1318	1681390307.186
1	747.0	18.1529	1681390307.678
1	747.5	18.2699	1681390308.182
1	748.0	18.3630	1681390308.686
1	748.5	18.3652	1681390309.178
1	749.0	18.3150	1681390309.681
1	749.5	18.2624	1681390310.185
1	750.0	18.2290	1681390310.678
1	750.5	18.1694	1681390311.181
1	751.0	18.1338	1681390311.685
1	751.5	18.1387	1681390312.177
1	752.0	18.1149	1681390312.681
1	752.5	18.1419	1681390313.185
1	753.0	18.0904	1681390313.678
1	753.5	18.0715	1681390314.181
1	754.0	18.0451	1681390314.685
1	754.5	18.0251	1681390315.177
1	755.0	18.0367	1681390315.682
1	755.5	18.0573	1681390316.185
1	756.0	18.0550	1681390316.678
1	756.5	18.0820	1681390317.181
1	757.0	18.2053	1681390317.685
1	757.5	18.3117	1681390318.178
1	758.0	18.2970	1681390318.681
1	758.5	18.2676	1681390319.185
1	759.0	18.1956	1681390319.677
1	759.5	18.1724	1681390320.181
1	760.0	18.2126	1681390320.685
1	760.5	18.2359	1681390321.178
1	761.0	18.3242	1681390321.681
1	761.5	18.4259	1681390322.185
1	762.0	18.4542	1681390322.677
1	762.5	18.4141	1681390323.181
1	763.0	18.3721	1681390323.685
1	763.5	18.2972	1681390324.177
1	764.0	18.2520	1681390324.681
1	764.5	18.3282	1681390325.185
1	765.0	18.4117	1681390325.677
1	765.5	18.3553	1681390326.181
1	766.0	18.3676	1681390326.685
1	766.5	18.3963	1681390327.189
1	767.0	18.4231	1681390327.681
1	767.5	18.4560	1681390328.185
1	768.0	18.5232	1681390328.677
1	768.5	18.5769	1681390329.181
1	769.0	18.6253	1681390329.685
1	769.5	18.6025	1681390330.189
1	770.0	18.5498	1681390330.681
1	770.5	18.5463	1681390331.185
1	771.0	18.5355	1681390331.677
1	771.5	18.4619	1681390332.181
1	772.0	18.4290	1681390332.685
1	772.5	18.5285	1681390333.189
1	773.0	18.6236	1681390333.681
1	773.5	18.6916	1681390334.185
1	774.0	18.6633	1681390334.677
1	774.5	18.5903	1681390335.181
1	775.0	18.4966	1681390335.685
1	775.5	18.4765	1681390336.188
1	776.0	18.4164	1681390336.681
1	776.5	18.3550	1681390337.184
1	777.0	18.3214	1681390337.677
1	777.5	18.3010	1681390338.181
1	778.0	18.2034	1681390338.684
1	778.5	18.2347	1681390339.188
1	779.0	18.2334	1681390339.681
1	779.5	18.2182	1681390340.185
1	780.0	18.1979	1681390340.688
1	780.5	18.2240	1681390341.180
1	781.0	18.2092	1681390341.684
1	781.5	18.1465	1681390342.188
1	782.0	18.0837	1681390342.680
1	782.5	18.0864	1681390343.184
1	783.0	18.0400	1681390343.676
1	783.5	18.0152	1681390344.180
1	784.0	17.9902	1681390344.684
1	784.5	18.0693	1681390345.188
1	785.0	18.1165	1681390345.680
1	785.5	18.1947	1681390346.184
1	786.0	18.1697	1681390346.688
1	786.5	18.1533	1681390347.180
1	787.0	18.1317	1681390347.684
1	787.5	18.1191	1681390348.188
1	788.0	18.1183	1681390348.681
1	788.5	18.2021	1681390349.184
1	789.0	18.3084	1681390349.688
1	789.5	18.3446	1681390350.180
1	790.0	18.2851	1681390350.684
1	790.5	18.2091	1681390351.188
1	791.0	18.2015	1681390351.680
1	791.5	18.2057	1681390352.184
1	792.0	18.3246	1681390352.688
1	792.5	18.2783	1681390353.180
1	793.0	18.2237	1681390353.684
1	793.5	18.2092	1681390354.188
1	794.0	18.2188	1681390354.680
1	794.5	18.1824	1681390355.184
1	795.0	18.1384	1681390355.688
1	795.5	18.2056	1681390356.180
1	796.0	18.2408	1681390356.684
1	796.5	18.1772	1681390357.188
1	797.0	18.1431	1681390357.680
1	797.5	18.0857	1681390358.184
1	798.0	18.0856	1681390358.688
1	798.5	18.0697	1681390359.180
1	799.0	18.0779	1681390359.684
1	799.5	18.1229	1681390360.188
1	800.0	18.1260	1681390360.680
1	800.5	18.1628	1681390361.184
1	801.0	18.2276	1681390361.688
1	801.5	18.2144	1681390362.180
1	802.0	18.1524	1681390362.684
1	802.5	18.1416	1681390363.188
1	803.0	18.1617	1681390363.680
1	803.5	18.1086	1681390364.184
1	804.0	18.0827	1681390364.687
1	804.5	18.1178	1681390365.180
1	805.0	18.2426	1681390365.684
1	805.5	18.3392	1681390366.187
1	806.0	18.3860	1681390366.680
1	806.5	18.4267	1681390367.183
1	807.0	18.3741	1681390367.687
1	807.5	18.3482	1681390368.179
1	808.0	18.2740	1681390368.683
1	808.5	18.2223	1681390369.187
1	809.0	18.1649	1681390369.679
1	809.5	18.1420	1681390370.184
1	810.0	18.1116	1681390370.687
1	810.5	18.1703	1681390371.180
1	811.0	18.2677	1681390371.683
1	811.5	18.3494	1681390372.187
1	812.0	18.3932	1681390372.679
1	812.5	18.4538	1681390373.183
1	813.0	18.5500	1681390373.687
1	813.5	18.6049	1681390374.179
1	814.0	18.6197	1681390374.683
1	814.5	18.6361	1681390375.187
1	815.0	18.6398	1681390375.679
1	815.5	18.5000	1681390376.184
1	816.0	18.4478	1681390376.687
1	816.5	18.4766	1681390377.179
1	817.0	18.5009	1681390377.683
1	817.5	18.5745	1681390378.187
1	818.0	18.6193	1681390378.679
1	818.5	18.6158	1681390379.183
1	819.0	18.6743	1681390379.687
1	819.5	18.7072	1681390380.179
1	820.0	18.7230	1681390380.683
1	820.5	18.7908	1681390381.187
1	821.0	18.8216	1681390381.679
1	821.5	18.8709	1681390382.183
1	822.0	18.8748	1681390382.687
1	822.5	18.8041	1681390383.179
1	823.0	18.8052	1681390383.683
1	823.5	18.8641	1681390384.187
1	824.0	18.8783	1681390384.679
1	824.5	18.8772	1681390385.183
1	825.0	18.9160	1681390385.687
1	825.5	18.9314	1681390386.179
1	826.0	18.9348	1681390386.683
1	826.5	18.9005	1681390387.187
1	827.0	18.9491	1681390387.679
1	827.5	18.9588	1681390388.183
1	828.0	18.8867	1681390388.687
1	828.5	18.8812	1681390389.179
1	829.0	18.8067	1681390389.683
1	829.5	18.7573	1681390390.187
1	830.0	18.7728	1681390390.679
1	830.5	18.7973	1681390391.183
1	831.0	18.8342	1681390391.687
1	831.5	18.8031	1681390392.179
1	832.0	18.7252	1681390392.682
1	832.5	18.6321	1681390393.186
1	833.0	18.5805	1681390393.679
1	833.5	18.6441	1681390394.182
1	834.0	18.6861	1681390394.686
1	834.5	18.7404	1681390395.178
1	835.0	18.7777	1681390395.682
1	835.5	18.7015	1681390396.186
1	836.0	18.7683	1681390396.678
1	836.5	18.7993	1681390397.182
1	837.0	18.8002	1681390397.686
1	837.5	18.8510	1681390398.178
1	838.0	18.8983	1681390398.682
1	838.5	18.9049	1681390399.186
1	839.0	18.9026	1681390399.678
1	839.5	18.9156	1681390400.182
1	840.0	18.9544	1681390400.686
1	840.5	18.9441	1681390401.178
1	841.0	18.9884	1681390401.682
1	841.5	18.9567	1681390402.186
1	842.0	18.9734	1681390402.678
1	842.5	18.9779	1681390403.182
1	843.0	19.0134	1681390403.686
1	843.5	19.0412	1681390404.178
1	844.0	19.0615	1681390404.682
1	844.5	19.1464	1681390405.186
1	845.0	19.1744	1681390405.678
1	845.5	19.1853	1681390406.182
1	846.0	19.1637	1681390406.686
1	846.5	19.1844	1681390407.178
1	847.0	19.1988	1681390407.682
1	847.5	19.1602	1681390408.186
1	848.0	19.1695	1681390408.678
1	848.5	19.2383	1681390409.182
1	849.0	19.3051	1681390409.686
1	849.5	19.3514	1681390410.178
1	850.0	18.3415	1681390410.682
1	850.5	18.1000	1681390411.186
1	851.0	18.0934	1681390411.678
1	851.5	18.0991	1681390412.182
1	852.0	18.0962	1681390412.686
1	852.5	18.0956	1681390413.178
1	853.0	18.0962	1681390413.682
1	853.5	18.1024	1681390414.186
1	854.0	18.1003	1681390414.678
1	854.5	18.0967	1681390415.182
1	855.0	18.0965	1681390415.686
1	855.5	18.1002	1681390416.178
1	856.0	18.0993	1681390416.682
1	856.5	18.1004	1681390417.186
1	857.0	18.0998	1681390417.678
1	857.5	18.0938	1681390418.182
1	858.0	18.0963	1681390418.686
1	858.5	18.0955	1681390419.178
1	859.0	18.0989	1681390419.682
1	859.5	18.0984	1681390420.185
1	860.0	18.0967	1681390420.678
1	860.5	18.0959	1681390421.182
1	861.0	18.0947	1681390421.685
1	861.5	18.0889	1681390422.178
1	862.0	18.0939	1681390422.682
1	862.5	18.0936	1681390423.185
1	863.0	18.0958	1681390423.678
1	863.5	18.0944	1681390424.181
1	864.0	18.0926	1681390424.685
1	864.5	18.1044	1681390425.177
1	865.0	18.0794	1681390425.682
1	865.5	18.0794	1681390426.185
1	866.0	18.0732	1681390426.677
1	866.5	18.0774	1681390427.181
1	867.0	18.0820	1681390427.685
1	867.5	18.0759	1681390428.177
1	868.0	18.0789	1681390428.681
1	868.5	18.0699	1681390429.185
1	869.0	18.0779	1681390429.677
1	869.5	18.0783	1681390430.181
1	870.0	18.0853	1681390430.685
1	870.5	18.0831	1681390431.177
1	871.0	18.0878	1681390431.681
1	871.5	18.0867	1681390432.185
1	872.0	18.0972	1681390432.677
1	872.5	18.1030	1681390433.181
1	873.0	18.1052	1681390433.685
1	873.5	18.0888	1681390434.177
1	874.0	18.0877	1681390434.681
1	874.5	18.1093	1681390435.185
1	875.0	18.1080	1681390435.677
1	875.5	18.1102	1681390436.181
1	876.0	18.1012	1681390436.685
1	876.5	18.1103	1681390437.189
1	877.0	18.1166	1681390437.681
1	877.5	18.1171	1681390438.185
1	878.0	18.1120	1681390438.677
1	878.5	18.1113	1681390439.181
1	879.0	18.1013	1681390439.685
1	879.5	18.0954	1681390440.189
1	880.0	18.0983	1681390440.681
1	880.5	18.1156	1681390441.185
1	881.0	18.1071	1681390441.677
1	881.5	18.1125	1681390442.181
1	882.0	18.1133	1681390442.685
1	882.5	18.1222	1681390443.189
1	883.0	18.1143	1681390443.681
1	883.5	18.0979	1681390444.185
1	884.0	18.0905	1681390444.677
1	884.5	18.0991	1681390445.181
1	885.0	18.0892	1681390445.685
1	885.5	18.1019	1681390446.188
1	886.0	18.1083	1681390446.681
1	886.5	18.1060	1681390447.185
1	887.0	18.0954	1681390447.677
1	887.5	18.1120	1681390448.181
1	888.0	18.0976	1681390448.685
1	888.5	18.0952	1681390449.188
1	889.0	18.0977	1681390449.681
1	889.5	18.1063	1681390450.184
1	890.0	18.1095	1681390450.677
1	890.5	18.0910	1681390451.180
1	891.0	18.1037	1681390451.684
1	891.5	18.1254	1681390452.188
1	892.0	18.1091	1681390452.681
1	892.5	18.0869	1681390453.184
1	893.0	18.0981	1681390453.676
1	893.5	18.1197	1681390454.180
1	894.0	18.0959	1681390454.684
1	894.5	18.0740	1681390455.188
1	895.0	18.1149	1681390455.680
1	895.5	18.0919	1681390456.184
1	896.0	18.0748	1681390456.676
1	896.5	18.0646	1681390457.180
1	897.0	18.0693	1681390457.684
1	897.5	18.0875	1681390458.188
1	898.0	18.1133	1681390458.680
1	898.5	18.0764	1681390459.184
1	899.0	18.0803	1681390459.688
1	899.5	18.0969	1681390460.180
1	900.0	18.0891	1681390460.684
1	900.5	18.0812	1681390461.188
1	901.0	18.0970	1681390461.680
1	901.5	18.1015	1681390462.184
1	902.0	18.1063	1681390462.688
1	902.5	18.0999	1681390463.180
1	903.0	18.0976	1681390463.684
1	903.5	18.0959	1681390464.188
1	904.0	18.0944	1681390464.680
1	904.5	18.1009	1681390465.184
1	905.0	18.1084	1681390465.688
1	905.5	18.1048	1681390466.180
1	906.0	18.0915	1681390466.684
1	906.5	18.0865	1681390467.188
1	907.0	18.0786	1681390467.680
1	907.5	18.0756	1681390468.184
1	908.0	18.0824	1681390468.688
1	908.5	18.0872	1681390469.180
1	909.0	18.0833	1681390469.684
1	909.5	18.1145	1681390470.188
1	910.0	18.1000	1681390470.680
1	910.5	18.1069	1681390471.184
1	911.0	18.1167	1681390471.688
1	911.5	18.1137	1681390472.180
1	912.0	18.1102	1681390472.684
1	912.5	18.1091	1681390473.188
1	913.0	18.1079	1681390473.680
1	913.5	18.1105	1681390474.184
1	914.0	18.1220	1681390474.688
1	914.5	18.1233	1681390475.180
1	915.0	18.1255	1681390475.684
1	915.5	18.1197	1681390476.187
1	916.0	18.1215	1681390476.680
1	916.5	18.1119	1681390477.183
1	917.0	18.0950	1681390477.687
1	917.5	18.0888	1681390478.179
1	918.0	18.1096	1681390478.683
1	918.5	18.1116	1681390479.187
1	919.0	18.1131	1681390479.679
1	919.5	18.1258	1681390480.183
1	920.0	18.1225	1681390480.687
1	920.5	18.1246	1681390481.179
1	921.0	18.1304	1681390481.683
1	921.5	18.1245	1681390482.187
1	922.0	18.1272	1681390482.679
1	922.5	18.1283	1681390483.183
1	923.0	18.1210	1681390483.687
1	923.5	18.1265	1681390484.179
1	924.0	18.1267	1681390484.683
1	924.5	18.1221	1681390485.187
1	925.0	18.1244	1681390485.679
1	925.5	18.1241	1681390486.183
1	926.0	18.1228	1681390486.687
1	926.5	18.1129	1681390487.179
1	927.0	18.1120	1681390487.683
1	927.5	18.1117	1681390488.187
1	928.0	18.1128	1681390488.679
1	928.5	18.1122	1681390489.183
1	929.0	18.1022	1681390489.687
1	929.5	18.0967	1681390490.179
1	930.0	18.0997	1681390490.683
1	930.5	18.1140	1681390491.187
1	931.0	18.1055	1681390491.679
1	931.5	18.1129	1681390492.183
1	932.0	18.1105	1681390492.687
1	932.5	18.1160	1681390493.179
1	933.0	18.1125	1681390493.683
1	933.5	18.1089	1681390494.187
1	934.0	18.1081	1681390494.679
1	934.5	18.1095	1681390495.183
1	935.0	18.1176	1681390495.687
1	935.5	18.1035	1681390496.179
1	936.0	18.0925	1681390496.683
1	936.5	18.0930	1681390497.187
1	937.0	18.0948	1681390497.679
1	937.5	18.0969	1681390498.183
1	938.0	18.0922	1681390498.687
1	938.5	18.1022	1681390499.179
1	939.0	18.0923	1681390499.683
1	939.5	18.0751	1681390500.187
1	940.0	18.0794	1681390500.679
1	940.5	18.0964	1681390501.183
1	941.0	18.1117	1681390501.687
1	941.5	18.1084	1681390502.179
1	942.0	18.1119	1681390502.683
1	942.5	18.1097	1681390503.186
1	943.0	18.1150	1681390503.679
1	943.5	18.1156	1681390504.183
1	944.0	18.1176	1681390504.686
1	944.5	18.1162	1681390505.179
1	945.0	18.1125	1681390505.683
1	945.5	18.1260	1681390506.186
1	946.0	18.1250	1681390506.679
1	946.5	18.1279	1681390507.182
1	947.0	18.1272	1681390507.686
1	947.5	18.1250	1681390508.178
1	948.0	18.1254	1681390508.682
1	948.5	18.1243	1681390509.186
1	949.0	18.1225	1681390509.678
1	949.5	18.1225	1681390510.182
1	950.0	18.1180	1681390510.686
1	950.5	18.1214	1681390511.178
1	951.0	18.1204	1681390511.682
1	951.5	18.1127	1681390512.186
1	952.0	18.1050	1681390512.678
1	952.5	18.1058	1681390513.182
1	953.0	18.1299	1681390513.686
1	953.5	18.1261	1681390514.178
1	954.0	18.1277	1681390514.682
1	954.5	18.1224	1681390515.186
1	955.0	18.1128	1681390515.678
1	955.5	18.1008	1681390516.182
1	956.0	18.1262	1681390516.686
1	956.5	18.1259	1681390517.178
1	957.0	18.1276	1681390517.682
1	957.5	18.1315	1681390518.186
1	958.0	18.1340	1681390518.678
1	958.5	18.1299	1681390519.182
1	959.0	18.1301	1681390519.686
1	959.5	18.1323	1681390520.178
1	960.0	18.1315	1681390520.682
1	960.5	18.1243	1681390521.186
1	961.0	18.1281	1681390521.678
1	961.5	18.1333	1681390522.182
1	962.0	18.1300	1681390522.686
1	962.5	18.1170	1681390523.178
1	963.0	18.1305	1681390523.682
1	963.5	18.1201	1681390524.186
1	964.0	18.0999	1681390524.678
1	964.5	18.0966	1681390525.182
1	965.0	18.1264	1681390525.686
1	965.5	18.1353	1681390526.178
1	966.0	18.1336	1681390526.682
1	966.5	18.1351	1681390527.186
1	967.0	18.1143	1681390527.678
1	967.5	18.1158	1681390528.182
1	968.0	18.1227	1681390528.686
1	968.5	18.1194	1681390529.178
1	969.0	18.0975	1681390529.682
1	969.5	18.0864	1681390530.186
1	970.0	18.0993	1681390530.678
1	970.5	18.1272	1681390531.182
1	971.0	18.1264	1681390531.686
1	971.5	18.1316	1681390532.178
1	972.0	18.1141	1681390532.682
1	972.5	18.1006	1681390533.185
1	973.0	18.1068	1681390533.678
1	973.5	18.1128	1681390534.181
1	974.0	18.0942	1681390534.685
1	974.5	18.1020	1681390535.177
1	975.0	18.1146	1681390535.681
1	975.5	18.1022	1681390536.185
1	976.0	18.0872	1681390536.677
1	976.5	18.0872	1681390537.181
1	977.0	18.0880	1681390537.685
1	977.5	18.0902	1681390538.177
1	978.0	18.0909	1681390538.681
1	978.5	18.1026	1681390539.185
1	979.0	18.1223	1681390539.677
1	979.5	18.1239	1681390540.181
1	980.0	18.1124	1681390540.685
1	980.5	18.1228	1681390541.177
1	981.0	18.1305	1681390541.681
1	981.5	18.1237	1681390542.185
1	982.0	18.1265	1681390542.677
1	982.5	18.1078	1681390543.181
1	983.0	18.1094	1681390543.685
1	983.5	18.1063	1681390544.177
1	984.0	18.1026	1681390544.681
1	984.5	18.0984	1681390545.185
1	985.0	18.1130	1681390545.677
1	985.5	18.1167	1681390546.181
1	986.0	18.1220	1681390546.685
1	986.5	18.1289	1681390547.189
1	987.0	18.1296	1681390547.681
1	987.5	18.1270	1681390548.185
1	988.0	18.1390	1681390548.677
1	988.5	18.1336	1681390549.181
1	989.0	18.1118	1681390549.685
1	989.5	18.1118	1681390550.177
1	990.0	18.1228	1681390550.681
1	990.5	18.1265	1681390551.185
1	991.0	18.1019	1681390551.677
1	991.5	18.1199	1681390552.181
1	992.0	18.1107	1681390552.685
1	992.5	18.1329	1681390553.189
1	993.0	18.1325	1681390553.681
1	993.5	18.1283	1681390554.185
1	994.0	18.1228	1681390554.677
1	994.5	18.1254	1681390555.181
1	995.0	18.1191	1681390555.685
1	995.5	18.1140	1681390556.189
1	996.0	18.1134	1681390556.681
1	996.5	18.1124	1681390557.185
1	997.0	18.0996	1681390557.677
1	997.5	18.1074	1681390558.181
1	998.0	18.1175	1681390558.685
1	998.5	18.1319	1681390559.188
1	999.0	18.1282	1681390559.680
1	999.5	18.1161	1681390560.184
1	1000.0	18.1123	1681390560.688
1	1000.5	18.1086	1681390561.180
1	1001.0	18.1087	1681390561.684
1	1001.5	18.1243	1681390562.188
1	1002.0	18.1233	1681390562.680
1	1002.5	18.1318	1681390563.184
1	1003.0	18.1402	1681390563.688
1	1003.5	18.1339	1681390564.180
1	1004.0	18.1386	1681390564.684
1	1004.5	18.1313	1681390565.188
1	1005.0	18.1315	1681390565.680
1	1005.5	18.1248	1681390566.184
1	1006.0	18.1153	1681390566.688
1	1006.5	18.1403	1681390567.181
1	1007.0	18.1358	1681390567.684
1	1007.5	18.1295	1681390568.188
1	1008.0	18.1276	1681390568.680
1	1008.5	18.1238	1681390569.184
1	1009.0	18.1145	1681390569.688
1	1009.5	18.1258	1681390570.180
1	1010.0	18.1371	1681390570.684
1	1010.5	18.1210	1681390571.188
1	1011.0	18.1347	1681390571.680
1	1011.5	18.1315	1681390572.184
1	1012.0	18.1307	1681390572.688
1	1012.5	18.1288	1681390573.180
1	1013.0	18.1055	1681390573.684
1	1013.5	18.1111	1681390574.188
1	1014.0	18.1200	1681390574.680
1	1014.5	18.1409	1681390575.184
1	1015.0	18.1343	1681390575.688
1	1015.5	18.1195	1681390576.180
1	1016.0	18.1154	1681390576.684
1	1016.5	18.1232	1681390577.188
1	1017.0	18.1226	1681390577.680
1	1017.5	18.1275	1681390578.184
1	1018.0	18.1323	1681390578.688
1	1018.5	18.1071	1681390579.180
1	1019.0	18.1248	1681390579.684
1	1019.5	18.1336	1681390580.188
1	1020.0	18.1131	1681390580.680
1	1020.5	18.1219	1681390581.184
1	1021.0	18.1127	1681390581.688
1	1021.5	18.1088	1681390582.180
1	1022.0	18.1147	1681390582.684
1	1022.5	18.1131	1681390583.188
1	1023.0	18.0932	1681390583.680
1	1023.5	18.1001	1681390584.184
1	1024.0	18.1147	1681390584.688
1	1024.5	18.1070	1681390585.180
1	1025.0	18.0979	1681390585.684
1	1025.5	18.1084	1681390586.187
1	1026.0	18.1135	1681390586.680
1	1026.5	18.1014	1681390587.184
1	1027.0	18.1080	1681390587.688
1	1027.5	18.1120	1681390588.180
1	1028.0	18.1040	1681390588.683
1	1028.5	18.1084	1681390589.187
1	1029.0	18.1334	1681390589.680
1	1029.5	18.1168	1681390590.183
1	1030.0	18.1091	1681390590.687
1	1030.5	18.1015	1681390591.180
1	1031.0	18.1118	1681390591.683
1	1031.5	18.1213	1681390592.187
1	1032.0	18.1159	1681390592.679
1	1032.5	18.1049	1681390593.183
1	1033.0	18.0945	1681390593.687
1	1033.5	18.1007	1681390594.179
1	1034.0	18.1328	1681390594.683
1	1034.5	18.1014	1681390595.187
1	1035.0	18.0932	1681390595.679
1	1035.5	18.1067	1681390596.183
1	1036.0	18.1028	1681390596.687
1	1036.5	18.0924	1681390597.179
1	1037.0	18.1097	1681390597.683
1	1037.5	18.1388	1681390598.187
1	1038.0	18.1113	1681390598.679
1	1038.5	18.0984	1681390599.183
1	1039.0	18.0973	1681390599.687
1	1039.5	18.1146	1681390600.179
1	1040.0	18.1352	1681390600.683
1	1040.5	18.1104	1681390601.187
1	1041.0	18.0959	1681390601.679
1	1041.5	18.0890	1681390602.183
1	1042.0	18.1029	1681390602.687
1	1042.5	18.1015	1681390603.179
1	1043.0	18.0989	1681390603.683
1	1043.5	18.0991	1681390604.187
1	1044.0	18.0923	1681390604.679
1	1044.5	18.0970	1681390605.183
1	1045.0	18.1030	1681390605.687
1	1045.5	18.1030	1681390606.179
1	1046.0	18.0983	1681390606.683
1	1046.5	18.0891	1681390607.187
1	1047.0	18.0833	1681390607.679
1	1047.5	18.1030	1681390608.183
1	1048.0	18.1022	1681390608.687
1	1048.5	18.1152	1681390609.179
1	1049.0	18.1357	1681390609.683
1	1049.5	18.1341	1681390610.187
1	1050.0	18.1352	1681390610.679
1	1050.5	18.1395	1681390611.183
1	1051.0	18.1113	1681390611.687
1	1051.5	18.1177	1681390612.179
1	1052.0	18.1156	1681390612.683
1	1052.5	18.1092	1681390613.187
1	1053.0	18.1011	1681390613.679
1	1053.5	18.1017	1681390614.183
1	1054.0	18.1169	1681390614.687
1	1054.5	18.1058	1681390615.179
1	1055.0	18.1132	1681390615.683
1	1055.5	18.1133	1681390616.187
1	1056.0	18.1121	1681390616.679
1	1056.5	18.1050	1681390617.183
1	1057.0	18.1053	1681390617.686
1	1057.5	18.1044	1681390618.178
1	1058.0	18.1172	1681390618.682
1	1058.5	18.1047	1681390619.186
1	1059.0	18.1337	1681390619.678
1	1059.5	18.1080	1681390620.182
1	1060.0	18.1402	1681390620.686
1	1060.5	18.1126	1681390621.178
1	1061.0	18.1192	1681390621.682
1	1061.5	18.1048	1681390622.186
1	1062.0	18.1149	1681390622.678
1	1062.5	18.1210	1681390623.182
1	1063.0	18.1232	1681390623.686
1	1063.5	18.1146	1681390624.178
1	1064.0	18.1032	1681390624.682
1	1064.5	18.1185	1681390625.186
1	1065.0	18.1096	1681390625.678
1	1065.5	18.1132	1681390626.182
1	1066.0	18.1209	1681390626.686
1	1066.5	18.1213	1681390627.178
1	1067.0	18.1214	1681390627.682
1	1067.5	18.1478	1681390628.186
1	1068.0	18.1618	1681390628.678
1	1068.5	18.1450	1681390629.182
1	1069.0	18.1456	1681390629.686
1	1069.5	18.1499	1681390630.178
1	1070.0	18.1478	1681390630.682
1	1070.5	18.1614	1681390631.186
1	1071.0	18.1629	1681390631.678
1	1071.5	18.1492	1681390632.182
1	1072.0	18.1265	1681390632.686
1	1072.5	18.1262	1681390633.190
1	1073.0	18.1589	1681390633.682
1	1073.5	18.1568	1681390634.186
1	1074.0	18.1544	1681390634.678
1	1074.5	18.1504	1681390635.182
1	1075.0	18.1454	1681390635.686
1	1075.5	18.1528	1681390636.190
1	1076.0	18.1532	1681390636.682
1	1076.5	18.1514	1681390637.186
1	1077.0	18.1460	1681390637.678
1	1077.5	18.1582	1681390638.182
1	1078.0	18.1604	1681390638.686
1	1078.5	18.1439	1681390639.190
1	1079.0	18.1608	1681390639.682
1	1079.5	18.1606	1681390640.186
1	1080.0	18.1346	1681390640.690
1	1080.5	18.1569	1681390641.182
1	1081.0	18.1432	1681390641.686
1	1081.5	18.1326	1681390642.189
1	1082.0	18.1345	1681390642.682
1	1082.5	18.1559	1681390643.186
1	1083.0	18.1634	1681390643.678
1	1083.5	18.1579	1681390644.181
1	1084.0	18.1601	1681390644.685
1	1084.5	18.1398	1681390645.189
1	1085.0	18.1308	1681390645.681
1	1085.5	18.1369	1681390646.185
1	1086.0	18.1341	1681390646.678
1	1086.5	18.1178	1681390647.181
1	1087.0	18.1612	1681390647.685
1	1087.5	18.1635	1681390648.189
1	1088.0	18.1639	1681390648.681
1	1088.5	18.1625	1681390649.185
1	1089.0	18.1628	1681390649.677
1	1089.5	18.1614	1681390650.181
1	1090.0	18.1214	1681390650.685
1	1090.5	18.1441	1681390651.189
1	1091.0	18.1258	1681390651.681
1	1091.5	18.1146	1681390652.185
1	1092.0	18.1232	1681390652.677
1	1092.5	18.1397	1681390653.181
1	1093.0	18.1498	1681390653.685
1	1093.5	18.1602	1681390654.189
1	1094.0	18.1590	1681390654.681
1	1094.5	18.1447	1681390655.185
1	1095.0	18.1446	1681390655.689
1	1095.5	18.1594	1681390656.181
1	1096.0	18.1679	1681390656.685
1	1096.5	18.1681	1681390657.189
1	1097.0	18.1685	1681390657.681
1	1097.5	18.1682	1681390658.185
1	1098.0	18.1618	1681390658.689
1	1098.5	18.1315	1681390659.181
1	1099.0	18.1317	1681390659.685
1	1099.5	18.1336	1681390660.189
1	1100.0	18.1388	1681390660.681
1	1100.5	18.1380	1681390661.185
1	1101.0	18.1297	1681390661.689
1	1101.5	18.1287	1681390662.181
1	1102.0	18.1345	1681390662.685
1	1102.5	18.1510	1681390663.189
1	1103.0	18.1679	1681390663.681
1	1103.5	18.1537	1681390664.185
1	1104.0	18.1372	1681390664.689
1	1104.5	18.1490	1681390665.181
1	1105.0	18.1263	1681390665.685
1	1105.5	18.1257	1681390666.189
1	1106.0	18.1348	1681390666.681
1	1106.5	18.1518	1681390667.185
1	1107.0	18.1590	1681390667.689
1	1107.5	18.1384	1681390668.181
1	1108.0	18.1213	1681390668.685
1	1108.5	18.1519	1681390669.188
1	1109.0	18.1708	1681390669.681
1	1109.5	18.1445	1681390670.185
1	1110.0	18.0898	1681390670.688
1	1110.5	18.1048	1681390671.181
1	1111.0	18.1102	1681390671.685
1	1111.5	18.1084	1681390672.188
1	1112.0	18.1226	1681390672.681
1	1112.5	18.1312	1681390673.184
1	1113.0	18.1141	1681390673.688
1	1113.5	18.1131	1681390674.180
1	1114.0	18.1161	1681390674.684
1	1114.5	18.1456	1681390675.188
1	1115.0	18.1363	1681390675.680
1	1115.5	18.1034	1681390676.184
1	1116.0	18.0890	1681390676.688
1	1116.5	18.1614	1681390677.180
1	1117.0	18.1133	1681390677.684
1	1117.5	18.1095	1681390678.188
1	1118.0	18.1132	1681390678.680
1	1118.5	18.0957	1681390679.184
1	1119.0	18.0921	1681390679.688
1	1119.5	18.0905	1681390680.180
1	1120.0	18.0930	1681390680.684
1	1120.5	18.1129	1681390681.188
1	1121.0	18.1075	1681390681.680
1	1121.5	18.0988	1681390682.184
1	1122.0	18.1059	1681390682.688
1	1122.5	18.1074	1681390683.180
1	1123.0	18.1029	1681390683.684
1	1123.5	18.0930	1681390684.188
1	1124.0	18.0899	1681390684.680
1	1124.5	18.1083	1681390685.184
1	1125.0	18.0997	1681390685.688
1	1125.5	18.1091	1681390686.180
1	1126.0	18.1081	1681390686.684
1	1126.5	18.1062	1681390687.188
1	1127.0	18.1420	1681390687.680
1	1127.5	18.1317	1681390688.184
1	1128.0	18.1260	1681390688.688
1	1128.5	18.1593	1681390689.180
1	1129.0	18.1546	1681390689.684
1	1129.5	18.1525	1681390690.188
1	1130.0	18.1643	1681390690.680
1	1130.5	18.1425	1681390691.184
1	1131.0	18.1367	1681390691.688
1	1131.5	18.1717	1681390692.180
1	1132.0	18.1593	1681390692.684
1	1132.5	18.1531	1681390693.188
1	1133.0	18.1596	1681390693.680
1	1133.5	18.1640	1681390694.184
1	1134.0	18.1548	1681390694.688
1	1134.5	18.1670	1681390695.180
1	1135.0	18.1469	1681390695.684
1	1135.5	18.1656	1681390696.188
1	1136.0	18.1680	1681390696.680
1	1136.5	18.1466	1681390697.184
1	1137.0	18.1762	1681390697.688
1	1137.5	18.1782	1681390698.180
1	1138.0	18.1804	1681390698.684
1	1138.5	18.1721	1681390699.188
1	1139.0	18.1488	1681390699.680
1	1139.5	18.1457	1681390700.183
1	1140.0	18.1612	1681390700.687
1	1140.5	18.1741	1681390701.179
1	1141.0	18.1419	1681390701.683
1	1141.5	18.1667	1681390702.187
1	1142.0	18.1726	1681390702.679
1	1142.5	18.1723	1681390703.183
1	1143.0	18.1590	1681390703.687
1	1143.5	18.1585	1681390704.179
1	1144.0	18.1765	1681390704.683
1	1144.5	18.1761	1681390705.187
1	1145.0	18.1573	1681390705.679
1	1145.5	18.1460	1681390706.183
1	1146.0	18.1575	1681390706.687
1	1146.5	18.1545	1681390707.179
1	1147.0	18.1675	1681390707.683
1	1147.5	18.1600	1681390708.187
1	1148.0	18.1366	1681390708.679
1	1148.5	18.1467	1681390709.183
1	1149.0	18.1572	1681390709.687
1	1149.5	18.1888	1681390710.179
1	1150.0	18.1622	1681390710.683
1	1150.5	18.1575	1681390711.187
1	1151.0	18.1534	1681390711.679
1	1151.5	18.1565	1681390712.183
1	1152.0	18.1296	1681390712.687
1	1152.5	18.1386	1681390713.179
1	1153.0	18.1501	1681390713.683
1	1153.5	18.1615	1681390714.187
1	1154.0	18.1321	1681390714.679
1	1154.5	18.1425	1681390715.183
1	1155.0	18.1262	1681390715.687
1	1155.5	18.1329	1681390716.179
1	1156.0	18.1809	1681390716.683
1	1156.5	18.1379	1681390717.187
1	1157.0	18.1202	1681390717.679
1	1157.5	18.1205	1681390718.183
1	1158.0	18.1448	1681390718.687
1	1158.5	18.1308	1681390719.179
1	1159.0	18.1156	1681390719.683
1	1159.5	18.1334	1681390720.187
1	1160.0	18.1362	1681390720.679
1	1160.5	18.1467	1681390721.183
1	1161.0	18.1765	1681390721.687
1	1161.5	18.1713	1681390722.179
1	1162.0	18.1100	1681390722.683
1	1162.5	18.1271	1681390723.187
1	1163.0	18.1507	1681390723.679
1	1163.5	18.1294	1681390724.183
1	1164.0	18.1373	1681390724.686
1	1164.5	18.1639	1681390725.179
1	1165.0	18.1133	1681390725.683
1	1165.5	18.1169	1681390726.186
1	1166.0	18.1626	1681390726.679
1	1166.5	18.1655	1681390727.183
1	1167.0	18.1496	1681390727.686
1	1167.5	18.1144	1681390728.179
1	1168.0	18.1445	1681390728.682
1	1168.5	18.1387	1681390729.186
1	1169.0	18.1177	1681390729.679
1	1169.5	18.1191	1681390730.182
1	1170.0	18.1553	1681390730.686
1	1170.5	18.1466	1681390731.178
1	1171.0	18.1230	1681390731.682
1	1171.5	18.1207	1681390732.186
1	1172.0	18.0993	1681390732.678
1	1172.5	18.1006	1681390733.182
1	1173.0	18.1153	1681390733.686
1	1173.5	18.1196	1681390734.178
1	1174.0	18.1638	1681390734.682
1	1174.5	18.1042	1681390735.186
1	1175.0	18.1131	1681390735.678
1	1175.5	18.1589	1681390736.182
1	1176.0	18.1281	1681390736.686
1	1176.5	18.1084	1681390737.178
1	1177.0	18.1140	1681390737.682
1	1177.5	18.1286	1681390738.186
1	1178.0	18.1066	1681390738.678
1	1178.5	18.1025	1681390739.182
1	1179.0	18.1092	1681390739.686
1	1179.5	18.1283	1681390740.178
1	1180.0	18.1288	1681390740.682
1	1180.5	18.1202	1681390741.186
1	1181.0	18.0911	1681390741.678
1	1181.5	18.1066	1681390742.182
1	1182.0	18.0989	1681390742.686
1	1182.5	18.1298	1681390743.190
1	1183.0	18.1888	1681390743.682
1	1183.5	18.1541	1681390744.186
1	1184.0	18.1097	1681390744.678
1	1184.5	18.1726	1681390745.182
1	1185.0	18.1825	1681390745.686
1	1185.5	18.1498	1681390746.190
1	1186.0	18.1343	1681390746.682
1	1186.5	18.1285	1681390747.186
1	1187.0	18.0972	1681390747.678
1	1187.5	18.1183	1681390748.182
1	1188.0	18.1624	1681390748.686
1	1188.5	18.1434	1681390749.190
1	1189.0	18.1178	1681390749.682
1	1189.5	18.0910	1681390750.186
1	1190.0	18.0827	1681390750.678
1	1190.5	18.1407	1681390751.182
1	1191.0	18.1135	1681390751.686
1	1191.5	18.0942	1681390752.189
1	1192.0	18.1120	1681390752.682
1	1192.5	18.1020	1681390753.186
1	1193.0	18.0830	1681390753.678
1	1193.5	18.0924	1681390754.182
1	1194.0	18.1154	1681390754.686
1	1194.5	18.1089	1681390755.189
1	1195.0	18.0963	1681390755.682
1	1195.5	18.0909	1681390756.185
1	1196.0	18.1037	1681390756.678
1	1196.5	18.0956	1681390757.181
1	1197.0	18.1447	1681390757.685
1	1197.5	18.1317	1681390758.189
1	1198.0	18.1086	1681390758.681
1	1198.5	18.0971	1681390759.185
1	1199.0	18.1294	1681390759.677
1	1199.5	18.0983	1681390760.181
1	1200.0	18.0968	1681390760.685
1	1200.5	18.1121	1681390761.189
1	1201.0	18.1236	1681390761.681
1	1201.5	18.1358	1681390762.185
1	1202.0	18.0985	1681390762.677
1	1202.5	18.0887	1681390763.181
1	1203.0	18.0936	1681390763.685
1	1203.5	18.0939	1681390764.189
1	1204.0	18.1068	1681390764.681
1	1204.5	18.1102	1681390765.185
1	1205.0	18.1173	1681390765.689
1	1205.5	18.1126	1681390766.181
1	1206.0	18.1261	1681390766.685
1	1206.5	18.1095	1681390767.189
1	1207.0	18.1522	1681390767.681
1	1207.5	18.1342	1681390768.185
1	1208.0	18.1010	1681390768.689
1	1208.5	18.1222	1681390769.181
1	1209.0	18.1524	1681390769.685
1	1209.5	18.1880	1681390770.189
1	1210.0	18.1324	1681390770.681
1	1210.5	18.1354	1681390771.185
1	1211.0	18.1319	1681390771.689
1	1211.5	18.1220	1681390772.181
1	1212.0	18.1219	1681390772.685
1	1212.5	18.1260	1681390773.189
1	1213.0	18.1313	1681390773.681
1	1213.5	18.1518	1681390774.185
1	1214.0	18.1276	1681390774.689
1	1214.5	18.1190	1681390775.181
1	1215.0	18.1201	1681390775.685
1	1215.5	18.1230	1681390776.189
1	1216.0	18.1069	1681390776.681
1	1216.5	18.1077	1681390777.185
1	1217.0	18.1163	1681390777.689
1	1217.5	18.1202	1681390778.181
1	1218.0	18.1266	1681390778.685
1	1218.5	18.1361	1681390779.189
1	1219.0	18.1308	1681390779.681
1	1219.5	18.1211	1681390780.185
1	1220.0	18.1186	1681390780.689
1	1220.5	18.1381	1681390781.181
1	1221.0	18.1213	1681390781.685
1	1221.5	18.1150	1681390782.189
1	1222.0	18.1610	1681390782.681
1	1222.5	18.1644	1681390783.184
1	1223.0	18.1652	1681390783.688
1	1223.5	18.1296	1681390784.180
1	1224.0	18.1502	1681390784.684
1	1224.5	18.1303	1681390785.188
1	1225.0	18.1303	1681390785.681
1	1225.5	18.1460	1681390786.184
1	1226.0	18.1376	1681390786.688
1	1226.5	18.1193	1681390787.180
1	1227.0	18.1391	1681390787.684
1	1227.5	18.1390	1681390788.188
1	1228.0	18.1537	1681390788.680
1	1228.5	18.1564	1681390789.184
1	1229.0	18.1707	1681390789.688
1	1229.5	18.1457	1681390790.180
1	1230.0	18.1301	1681390790.684
1	1230.5	18.1216	1681390791.188
1	1231.0	18.1419	1681390791.680
1	1231.5	18.1571	1681390792.184
1	1232.0	18.1253	1681390792.688
1	1232.5	18.1257	1681390793.180
1	1233.0	18.1319	1681390793.684
1	1233.5	18.1256	1681390794.188
1	1234.0	18.1544	1681390794.680
1	1234.5	18.1275	1681390795.184
1	1235.0	18.1015	1681390795.688
1	1235.5	18.1129	1681390796.180
1	1236.0	18.0992	1681390796.684
1	1236.5	18.1156	1681390797.188
1	1237.0	18.1694	1681390797.680
1	1237.5	18.1544	1681390798.184
1	1238.0	18.1935	1681390798.688
1	1238.5	18.1691	1681390799.180
1	1239.0	18.1600	1681390799.684
1	1239.5	18.1919	1681390800.188
1	1240.0	18.1621	1681390800.680
1	1240.5	18.1722	1681390801.184
1	1241.0	18.1878	1681390801.688
1	1241.5	18.1499	1681390802.180
1	1242.0	18.1641	1681390802.684
1	1242.5	18.1525	1681390803.188
1	1243.0	18.1714	1681390803.680
1	1243.5	18.1789	1681390804.184
1	1244.0	18.1829	1681390804.688
1	1244.5	18.1983	1681390805.180
1	1245.0	18.1734	1681390805.684
1	1245.5	18.1641	1681390806.188
1	1246.0	18.1894	1681390806.680
1	1246.5	18.2030	1681390807.184
1	1247.0	18.1918	1681390807.687
1	1247.5	18.1458	1681390808.180
1	1248.0	18.1465	1681390808.684
1	1248.5	18.1353	1681390809.187
1	1249.0	18.1788	1681390809.680
1	1249.5	18.1774	1681390810.183
1	1250.0	18.1874	1681390810.687
1	1250.5	18.1482	1681390811.180
1	1251.0	18.1758	1681390811.683
1	1251.5	18.1354	1681390812.187
1	1252.0	18.1293	1681390812.679
1	1252.5	18.1383	1681390813.183
1	1253.0	18.1273	1681390813.687
1	1253.5	18.1226	1681390814.179
1	1254.0	18.1394	1681390814.683
1	1254.5	18.1376	1681390815.187
1	1255.0	18.1451	1681390815.679
1	1255.5	18.1643	1681390816.183
1	1256.0	18.1505	1681390816.687
1	1256.5	18.1343	1681390817.179
1	1257.0	18.1374	1681390817.683
1	1257.5	18.1253	1681390818.187
1	1258.0	18.1403	1681390818.679
1	1258.5	18.2083	1681390819.183
1	1259.0	18.1467	1681390819.687
1	1259.5	18.1273	1681390820.179
1	1260.0	18.1396	1681390820.683
1	1260.5	18.1468	1681390821.187
1	1261.0	18.1236	1681390821.679
1	1261.5	18.1028	1681390822.183
1	1262.0	18.1091	1681390822.687
1	1262.5	18.1226	1681390823.179
1	1263.0	18.1409	1681390823.683
