# Log Ver: CODA_2T 0.0.1 Prog Ver: 0.0.1 Sensor: 209994 Depth 0 2023-04-13 12:39:17 UTC 
# id model = RBRcoda3, version = 1.059, serial = 209994, fwtype = 107, flavour = rt
# reldepth stime temp time
2	0.5	19.8429	1681389561.196
2	1.0	19.8332	1681389561.700
2	1.5	19.8593	1681389562.203
2	2.0	19.8442	1681389562.696
2	2.5	19.8481	1681389563.200
2	3.0	19.8791	1681389563.704
2	3.5	19.9169	1681389564.196
2	4.0	19.9791	1681389564.700
2	4.5	20.0176	1681389565.204
2	5.0	20.0750	1681389565.696
2	5.5	19.9762	1681389566.200
2	6.0	19.9187	1681389566.704
2	6.5	19.9127	1681389567.196
2	7.0	19.8936	1681389567.699
2	7.5	19.8872	1681389568.203
2	8.0	19.9173	1681389568.696
2	8.5	19.9472	1681389569.200
2	9.0	19.9696	1681389569.703
2	9.5	20.0001	1681389570.207
2	10.0	20.0538	1681389570.699
2	10.5	20.0994	1681389571.204
2	11.0	20.1025	1681389571.707
2	11.5	20.1129	1681389572.200
2	12.0	20.1228	1681389572.703
2	12.5	20.1673	1681389573.207
2	13.0	20.1312	1681389573.700
2	13.5	20.1190	1681389574.203
2	14.0	20.1376	1681389574.707
2	14.5	20.1851	1681389575.200
2	15.0	20.2210	1681389575.703
2	15.5	20.2639	1681389576.207
2	16.0	20.2903	1681389576.699
2	16.5	20.3135	1681389577.203
2	17.0	20.3336	1681389577.707
2	17.5	20.3960	1681389578.199
2	18.0	20.4130	1681389578.703
2	18.5	20.4458	1681389579.207
2	19.0	20.4210	1681389579.700
2	19.5	20.3747	1681389580.203
2	20.0	20.3190	1681389580.707
2	20.5	20.2337	1681389581.199
2	21.0	20.2079	1681389581.703
2	21.5	20.1524	1681389582.207
2	22.0	20.1561	1681389582.700
2	22.5	20.1733	1681389583.203
2	23.0	20.1890	1681389583.707
2	23.5	20.2726	1681389584.199
2	24.0	20.2984	1681389584.703
2	24.5	20.3359	1681389585.207
2	25.0	20.3872	1681389585.699
2	25.5	20.4219	1681389586.203
2	26.0	20.3888	1681389586.707
2	26.5	20.3499	1681389587.200
2	27.0	20.3641	1681389587.703
2	27.5	20.3620	1681389588.207
2	28.0	20.3190	1681389588.699
2	28.5	20.2854	1681389589.203
2	29.0	20.2280	1681389589.706
2	29.5	20.2012	1681389590.199
2	30.0	20.1483	1681389590.703
2	30.5	20.1148	1681389591.207
2	31.0	20.1145	1681389591.699
2	31.5	20.1779	1681389592.203
2	32.0	20.2195	1681389592.707
2	32.5	20.1926	1681389593.199
2	33.0	20.1188	1681389593.702
2	33.5	19.9608	1681389594.206
2	34.0	19.7831	1681389594.698
2	34.5	19.7145	1681389595.202
2	35.0	19.6904	1681389595.706
2	35.5	19.6406	1681389596.199
2	36.0	19.6225	1681389596.702
2	36.5	19.6038	1681389597.206
2	37.0	19.6141	1681389597.699
2	37.5	19.6840	1681389598.203
2	38.0	19.7611	1681389598.706
2	38.5	19.8243	1681389599.199
2	39.0	19.8849	1681389599.702
2	39.5	19.8635	1681389600.206
2	40.0	19.8768	1681389600.698
2	40.5	19.7547	1681389601.202
2	41.0	19.7145	1681389601.706
2	41.5	19.6924	1681389602.198
2	42.0	19.7086	1681389602.702
2	42.5	19.7368	1681389603.206
2	43.0	19.6636	1681389603.699
2	43.5	19.5785	1681389604.202
2	44.0	19.6179	1681389604.706
2	44.5	19.7024	1681389605.199
2	45.0	19.7380	1681389605.702
2	45.5	19.7577	1681389606.206
2	46.0	19.8110	1681389606.698
2	46.5	19.8335	1681389607.202
2	47.0	19.8544	1681389607.706
2	47.5	19.8379	1681389608.198
2	48.0	19.7551	1681389608.702
2	48.5	19.7369	1681389609.206
2	49.0	19.7212	1681389609.698
2	49.5	19.7229	1681389610.202
2	50.0	19.7750	1681389610.706
2	50.5	19.7585	1681389611.198
2	51.0	19.6027	1681389611.702
2	51.5	19.5847	1681389612.206
2	52.0	19.5887	1681389612.698
2	52.5	19.6500	1681389613.202
2	53.0	19.7328	1681389613.706
2	53.5	19.8112	1681389614.198
2	54.0	19.7536	1681389614.702
2	54.5	19.6642	1681389615.205
2	55.0	19.6252	1681389615.698
2	55.5	19.5374	1681389616.202
2	56.0	19.4120	1681389616.706
2	56.5	19.4016	1681389617.198
2	57.0	19.2400	1681389617.702
2	57.5	19.2608	1681389618.205
2	58.0	19.2015	1681389618.698
2	58.5	19.2312	1681389619.202
2	59.0	19.2117	1681389619.705
2	59.5	19.1894	1681389620.198
2	60.0	19.2698	1681389620.701
2	60.5	19.3023	1681389621.206
2	61.0	19.3422	1681389621.697
2	61.5	19.3924	1681389622.201
2	62.0	19.2933	1681389622.705
2	62.5	19.2936	1681389623.198
2	63.0	19.3022	1681389623.701
2	63.5	19.3311	1681389624.205
2	64.0	19.3857	1681389624.697
2	64.5	19.3926	1681389625.202
2	65.0	19.4957	1681389625.705
2	65.5	19.5403	1681389626.197
2	66.0	19.3825	1681389626.701
2	66.5	19.1977	1681389627.205
2	67.0	19.0499	1681389627.697
2	67.5	18.9565	1681389628.202
2	68.0	18.9573	1681389628.705
2	68.5	18.9576	1681389629.197
2	69.0	18.9044	1681389629.701
2	69.5	18.8709	1681389630.206
2	70.0	18.9281	1681389630.697
2	70.5	18.9791	1681389631.201
2	71.0	19.0863	1681389631.705
2	71.5	19.1630	1681389632.198
2	72.0	19.0747	1681389632.701
2	72.5	19.0131	1681389633.205
2	73.0	18.9702	1681389633.697
2	73.5	18.9758	1681389634.201
2	74.0	18.9400	1681389634.705
2	74.5	18.9401	1681389635.209
2	75.0	18.8708	1681389635.701
2	75.5	18.7660	1681389636.205
2	76.0	18.7629	1681389636.697
2	76.5	18.7147	1681389637.201
2	77.0	18.6661	1681389637.705
2	77.5	18.7888	1681389638.209
2	78.0	18.8394	1681389638.701
2	78.5	18.8732	1681389639.205
2	79.0	18.9893	1681389639.697
2	79.5	19.0814	1681389640.201
2	80.0	19.1753	1681389640.705
2	80.5	19.1754	1681389641.208
2	81.0	19.0561	1681389641.700
2	81.5	19.0061	1681389642.204
2	82.0	19.0082	1681389642.697
2	82.5	19.0202	1681389643.201
2	83.0	19.0796	1681389643.705
2	83.5	19.0985	1681389644.209
2	84.0	19.0529	1681389644.700
2	84.5	19.0143	1681389645.204
2	85.0	19.0044	1681389645.697
2	85.5	18.9849	1681389646.201
2	86.0	18.8975	1681389646.704
2	86.5	18.8116	1681389647.208
2	87.0	18.7633	1681389647.701
2	87.5	18.7157	1681389648.204
2	88.0	18.7601	1681389648.696
2	88.5	18.7381	1681389649.200
2	89.0	18.7732	1681389649.704
2	89.5	18.7305	1681389650.208
2	90.0	18.6125	1681389650.700
2	90.5	18.5340	1681389651.204
2	91.0	18.4956	1681389651.696
2	91.5	18.5086	1681389652.200
2	92.0	18.4977	1681389652.704
2	92.5	18.4356	1681389653.208
2	93.0	18.3593	1681389653.700
2	93.5	18.3126	1681389654.204
2	94.0	18.2708	1681389654.708
2	94.5	18.2375	1681389655.200
2	95.0	18.1773	1681389655.704
2	95.5	18.1860	1681389656.208
2	96.0	18.1712	1681389656.700
2	96.5	18.1924	1681389657.204
2	97.0	18.1740	1681389657.708
2	97.5	18.1761	1681389658.200
2	98.0	18.1918	1681389658.704
2	98.5	18.1839	1681389659.208
2	99.0	18.2236	1681389659.700
2	99.5	18.3213	1681389660.204
2	100.0	18.2934	1681389660.708
2	100.5	18.2728	1681389661.200
2	101.0	18.2628	1681389661.704
2	101.5	18.2517	1681389662.208
2	102.0	18.2648	1681389662.700
2	102.5	18.2752	1681389663.204
2	103.0	18.2792	1681389663.708
2	103.5	18.2594	1681389664.200
2	104.0	18.2377	1681389664.704
2	104.5	18.2226	1681389665.208
2	105.0	18.1900	1681389665.700
2	105.5	18.2109	1681389666.204
2	106.0	18.3410	1681389666.707
2	106.5	18.4516	1681389667.200
2	107.0	18.4604	1681389667.703
2	107.5	18.2782	1681389668.207
2	108.0	18.1897	1681389668.699
2	108.5	18.1154	1681389669.203
2	109.0	18.1243	1681389669.707
2	109.5	18.1126	1681389670.199
2	110.0	18.0593	1681389670.703
2	110.5	18.0704	1681389671.207
2	111.0	18.0853	1681389671.699
2	111.5	18.0498	1681389672.203
2	112.0	18.0819	1681389672.707
2	112.5	18.0801	1681389673.200
2	113.0	18.0159	1681389673.703
2	113.5	17.9807	1681389674.207
2	114.0	17.9575	1681389674.699
2	114.5	17.9711	1681389675.203
2	115.0	17.9632	1681389675.707
2	115.5	17.9628	1681389676.199
2	116.0	17.9986	1681389676.703
2	116.5	17.9971	1681389677.207
2	117.0	17.9190	1681389677.699
2	117.5	17.8747	1681389678.203
2	118.0	17.8365	1681389678.707
2	118.5	17.8412	1681389679.200
2	119.0	17.8551	1681389679.703
2	119.5	17.8900	1681389680.207
2	120.0	17.8918	1681389680.699
2	120.5	17.8989	1681389681.203
2	121.0	17.8572	1681389681.707
2	121.5	17.9153	1681389682.199
2	122.0	18.0090	1681389682.703
2	122.5	18.0083	1681389683.207
2	123.0	17.9907	1681389683.699
2	123.5	17.9585	1681389684.203
2	124.0	17.8858	1681389684.707
2	124.5	17.8466	1681389685.199
2	125.0	17.8045	1681389685.703
2	125.5	17.7730	1681389686.207
2	126.0	17.7318	1681389686.699
2	126.5	17.6923	1681389687.203
2	127.0	17.6887	1681389687.707
2	127.5	17.6836	1681389688.199
2	128.0	17.7021	1681389688.703
2	128.5	17.6916	1681389689.207
2	129.0	17.6838	1681389689.699
2	129.5	17.6885	1681389690.203
2	130.0	17.6644	1681389690.706
2	130.5	17.6592	1681389691.199
2	131.0	17.6821	1681389691.703
2	131.5	17.6878	1681389692.206
2	132.0	17.6840	1681389692.699
2	132.5	17.6319	1681389693.203
2	133.0	17.6118	1681389693.706
2	133.5	17.6434	1681389694.199
2	134.0	17.6964	1681389694.702
2	134.5	17.7437	1681389695.206
2	135.0	17.7536	1681389695.698
2	135.5	17.7753	1681389696.202
2	136.0	17.7910	1681389696.706
2	136.5	17.8241	1681389697.198
2	137.0	17.7927	1681389697.702
2	137.5	17.7157	1681389698.206
2	138.0	17.6958	1681389698.699
2	138.5	17.6789	1681389699.202
2	139.0	17.6378	1681389699.706
2	139.5	17.6771	1681389700.198
2	140.0	17.6244	1681389700.702
2	140.5	17.5725	1681389701.206
2	141.0	17.5476	1681389701.698
2	141.5	17.5445	1681389702.202
2	142.0	17.5127	1681389702.706
2	142.5	17.5192	1681389703.198
2	143.0	17.4779	1681389703.702
2	143.5	17.5031	1681389704.206
2	144.0	17.4873	1681389704.698
2	144.5	17.5038	1681389705.202
2	145.0	17.4940	1681389705.706
2	145.5	17.5040	1681389706.198
2	146.0	17.4896	1681389706.702
2	146.5	17.4498	1681389707.206
2	147.0	17.4068	1681389707.698
2	147.5	17.3800	1681389708.202
2	148.0	17.3660	1681389708.706
2	148.5	17.3829	1681389709.210
2	149.0	17.4051	1681389709.702
2	149.5	17.4361	1681389710.206
2	150.0	17.4966	1681389710.698
2	150.5	17.4942	1681389711.202
2	151.0	17.5036	1681389711.706
2	151.5	17.4972	1681389712.210
2	152.0	17.4963	1681389712.702
2	152.5	17.4622	1681389713.206
2	153.0	17.4650	1681389713.698
2	153.5	17.4952	1681389714.202
2	154.0	17.5116	1681389714.706
2	154.5	17.4886	1681389715.209
2	155.0	17.4819	1681389715.702
2	155.5	17.4665	1681389716.205
2	156.0	17.4580	1681389716.698
2	156.5	17.4471	1681389717.202
2	157.0	17.5019	1681389717.705
2	157.5	17.5115	1681389718.209
2	158.0	17.4891	1681389718.702
2	158.5	17.4842	1681389719.205
2	159.0	17.4748	1681389719.697
2	159.5	17.4726	1681389720.201
2	160.0	17.4849	1681389720.705
2	160.5	17.5059	1681389721.209
2	161.0	17.5702	1681389721.701
2	161.5	17.5816	1681389722.205
2	162.0	17.5244	1681389722.697
2	162.5	17.4895	1681389723.201
2	163.0	17.4775	1681389723.705
2	163.5	17.4638	1681389724.209
2	164.0	17.4690	1681389724.701
2	164.5	17.4444	1681389725.205
2	165.0	17.4222	1681389725.697
2	165.5	17.4048	1681389726.201
2	166.0	17.4155	1681389726.705
2	166.5	17.4082	1681389727.209
2	167.0	17.4602	1681389727.701
2	167.5	17.5211	1681389728.205
2	168.0	17.5153	1681389728.709
2	168.5	17.5023	1681389729.201
2	169.0	17.5333	1681389729.705
2	169.5	17.4872	1681389730.209
2	170.0	17.4511	1681389730.701
2	170.5	17.4353	1681389731.205
2	171.0	17.4531	1681389731.709
2	171.5	17.5757	1681389732.201
2	172.0	17.5697	1681389732.705
2	172.5	17.5898	1681389733.209
2	173.0	17.6037	1681389733.701
2	173.5	17.5648	1681389734.205
2	174.0	17.5737	1681389734.709
2	174.5	17.6184	1681389735.201
2	175.0	17.7264	1681389735.705
2	175.5	17.8054	1681389736.209
2	176.0	17.9046	1681389736.701
2	176.5	17.8593	1681389737.205
2	177.0	17.8056	1681389737.709
2	177.5	17.7616	1681389738.201
2	178.0	17.7072	1681389738.705
2	178.5	17.6588	1681389739.209
2	179.0	17.6073	1681389739.701
2	179.5	17.6001	1681389740.205
2	180.0	17.6593	1681389740.708
2	180.5	17.6950	1681389741.201
2	181.0	17.7249	1681389741.704
2	181.5	17.7894	1681389742.208
2	182.0	17.8536	1681389742.701
2	182.5	17.9104	1681389743.204
2	183.0	17.9097	1681389743.708
2	183.5	17.8269	1681389744.200
2	184.0	17.7835	1681389744.705
2	184.5	17.7580	1681389745.208
2	185.0	17.7827	1681389745.701
2	185.5	17.8155	1681389746.204
2	186.0	17.8086	1681389746.708
2	186.5	17.8123	1681389747.200
2	187.0	17.8161	1681389747.704
2	187.5	17.8026	1681389748.208
2	188.0	17.8299	1681389748.700
2	188.5	17.8439	1681389749.204
2	189.0	17.8677	1681389749.708
2	189.5	17.9213	1681389750.200
2	190.0	17.9635	1681389750.704
2	190.5	17.9545	1681389751.208
2	191.0	17.9678	1681389751.701
2	191.5	17.9561	1681389752.204
2	192.0	17.9806	1681389752.708
2	192.5	18.0487	1681389753.200
2	193.0	18.0950	1681389753.704
2	193.5	18.1363	1681389754.208
2	194.0	18.1194	1681389754.700
2	194.5	18.0882	1681389755.204
2	195.0	18.0331	1681389755.708
2	195.5	17.9585	1681389756.200
2	196.0	17.9277	1681389756.704
2	196.5	17.9298	1681389757.208
2	197.0	17.9647	1681389757.700
2	197.5	17.9814	1681389758.204
2	198.0	17.9986	1681389758.708
2	198.5	18.0203	1681389759.200
2	199.0	18.0295	1681389759.704
2	199.5	18.0271	1681389760.208
2	200.0	18.0086	1681389760.700
2	200.5	18.0388	1681389761.204
2	201.0	18.0368	1681389761.708
2	201.5	18.0537	1681389762.200
2	202.0	18.1048	1681389762.704
2	202.5	18.1587	1681389763.208
2	203.0	18.1864	1681389763.700
2	203.5	18.1992	1681389764.204
2	204.0	18.2162	1681389764.708
2	204.5	18.2512	1681389765.200
2	205.0	18.2398	1681389765.704
2	205.5	18.1370	1681389766.207
2	206.0	18.0694	1681389766.700
2	206.5	18.0382	1681389767.204
2	207.0	18.0477	1681389767.707
2	207.5	18.1109	1681389768.199
2	208.0	18.1552	1681389768.704
2	208.5	18.1983	1681389769.208
2	209.0	18.1576	1681389769.700
2	209.5	18.1597	1681389770.203
2	210.0	18.1677	1681389770.707
2	210.5	18.1983	1681389771.199
2	211.0	18.2252	1681389771.703
2	211.5	18.1691	1681389772.207
2	212.0	18.0999	1681389772.699
2	212.5	18.0961	1681389773.203
2	213.0	18.1219	1681389773.707
2	213.5	18.1593	1681389774.199
2	214.0	18.2062	1681389774.703
2	214.5	18.2063	1681389775.207
2	215.0	18.1898	1681389775.700
2	215.5	18.1340	1681389776.203
2	216.0	18.1830	1681389776.707
2	216.5	18.2553	1681389777.199
2	217.0	18.3100	1681389777.703
2	217.5	18.3286	1681389778.207
2	218.0	18.3795	1681389778.699
2	218.5	18.3900	1681389779.203
2	219.0	18.3631	1681389779.707
2	219.5	18.3462	1681389780.199
2	220.0	18.2899	1681389780.703
2	220.5	18.2711	1681389781.207
2	221.0	18.2638	1681389781.699
2	221.5	18.2899	1681389782.203
2	222.0	18.2993	1681389782.707
2	222.5	18.3104	1681389783.199
2	223.0	18.3245	1681389783.703
2	223.5	18.3504	1681389784.207
2	224.0	18.3915	1681389784.699
2	224.5	18.4607	1681389785.203
2	225.0	18.5098	1681389785.707
2	225.5	18.5631	1681389786.199
2	226.0	18.5618	1681389786.703
2	226.5	18.5597	1681389787.207
2	227.0	18.5943	1681389787.699
2	227.5	18.5523	1681389788.203
2	228.0	18.5712	1681389788.707
2	228.5	18.5830	1681389789.199
2	229.0	18.5888	1681389789.703
2	229.5	18.6319	1681389790.207
2	230.0	18.6412	1681389790.699
2	230.5	18.6273	1681389791.203
2	231.0	18.5999	1681389791.706
2	231.5	18.5784	1681389792.199
2	232.0	18.5777	1681389792.703
2	232.5	18.5785	1681389793.206
2	233.0	18.5961	1681389793.699
2	233.5	18.5831	1681389794.202
2	234.0	18.5523	1681389794.706
2	234.5	18.5555	1681389795.198
2	235.0	18.4758	1681389795.702
2	235.5	18.4216	1681389796.206
2	236.0	18.4160	1681389796.698
2	236.5	18.4183	1681389797.202
2	237.0	18.3997	1681389797.707
2	237.5	18.3524	1681389798.198
2	238.0	18.3391	1681389798.702
2	238.5	18.3978	1681389799.206
2	239.0	18.4484	1681389799.699
2	239.5	18.5036	1681389800.202
2	240.0	18.5116	1681389800.706
2	240.5	18.5249	1681389801.210
2	241.0	18.4948	1681389801.702
2	241.5	18.4614	1681389802.206
2	242.0	18.4352	1681389802.698
2	242.5	18.4499	1681389803.202
2	243.0	18.4564	1681389803.706
2	243.5	18.4515	1681389804.210
2	244.0	18.5403	1681389804.702
2	244.5	18.4499	1681389805.206
2	245.0	18.4150	1681389805.698
2	245.5	18.4414	1681389806.202
2	246.0	18.4444	1681389806.706
2	246.5	18.4787	1681389807.210
2	247.0	18.4842	1681389807.702
2	247.5	18.4236	1681389808.206
2	248.0	18.4465	1681389808.698
2	248.5	18.4901	1681389809.202
2	249.0	18.4601	1681389809.706
2	249.5	18.3313	1681389810.210
2	250.0	18.3055	1681389810.702
2	250.5	18.2675	1681389811.206
2	251.0	18.2621	1681389811.698
2	251.5	18.3260	1681389812.202
2	252.0	18.3462	1681389812.706
2	252.5	18.3533	1681389813.209
2	253.0	18.4191	1681389813.702
2	253.5	18.4325	1681389814.206
2	254.0	18.4506	1681389814.698
2	254.5	18.4071	1681389815.202
2	255.0	18.4040	1681389815.706
2	255.5	18.4215	1681389816.209
2	256.0	18.4079	1681389816.702
2	256.5	18.4387	1681389817.206
2	257.0	18.4588	1681389817.698
2	257.5	18.4912	1681389818.201
2	258.0	18.4914	1681389818.705
2	258.5	18.4895	1681389819.209
2	259.0	18.5029	1681389819.701
2	259.5	18.4393	1681389820.206
2	260.0	18.4564	1681389820.709
2	260.5	18.4845	1681389821.201
2	261.0	18.5493	1681389821.705
2	261.5	18.5440	1681389822.209
2	262.0	18.5663	1681389822.701
2	262.5	18.5739	1681389823.205
2	263.0	18.6020	1681389823.710
2	263.5	18.5865	1681389824.201
2	264.0	18.5819	1681389824.705
2	264.5	18.6179	1681389825.209
2	265.0	18.6156	1681389825.701
2	265.5	18.5825	1681389826.205
2	266.0	18.6092	1681389826.709
2	266.5	18.6645	1681389827.201
2	267.0	18.7009	1681389827.705
2	267.5	18.7294	1681389828.209
2	268.0	18.6879	1681389828.701
2	268.5	18.7355	1681389829.205
2	269.0	18.8089	1681389829.709
2	269.5	18.8221	1681389830.201
2	270.0	18.8629	1681389830.705
2	270.5	18.9083	1681389831.209
2	271.0	18.9096	1681389831.701
2	271.5	18.8910	1681389832.205
2	272.0	18.8968	1681389832.709
2	272.5	18.9064	1681389833.201
2	273.0	18.9265	1681389833.705
2	273.5	18.9948	1681389834.209
2	274.0	18.9580	1681389834.701
2	274.5	18.9710	1681389835.205
2	275.0	19.0299	1681389835.709
2	275.5	19.1308	1681389836.201
2	276.0	19.1243	1681389836.705
2	276.5	19.0477	1681389837.209
2	277.0	19.0247	1681389837.701
2	277.5	19.0434	1681389838.205
2	278.0	19.0269	1681389838.708
2	278.5	19.0886	1681389839.201
2	279.0	19.1982	1681389839.705
2	279.5	19.2718	1681389840.208
2	280.0	19.1901	1681389840.701
2	280.5	19.1171	1681389841.205
2	281.0	19.0529	1681389841.708
2	281.5	19.0840	1681389842.201
2	282.0	19.0992	1681389842.704
2	282.5	19.1630	1681389843.208
2	283.0	19.2587	1681389843.700
2	283.5	19.2177	1681389844.204
2	284.0	19.2785	1681389844.709
2	284.5	19.2195	1681389845.201
2	285.0	19.2661	1681389845.704
2	285.5	19.2310	1681389846.208
2	286.0	19.2510	1681389846.700
2	286.5	19.2444	1681389847.204
2	287.0	19.2854	1681389847.708
2	287.5	19.3249	1681389848.200
2	288.0	19.3514	1681389848.704
2	288.5	19.4245	1681389849.208
2	289.0	19.5055	1681389849.700
2	289.5	19.6206	1681389850.204
2	290.0	19.7615	1681389850.708
2	290.5	19.7709	1681389851.200
2	291.0	19.7547	1681389851.704
2	291.5	19.7308	1681389852.208
2	292.0	19.5672	1681389852.700
2	292.5	19.5067	1681389853.204
2	293.0	19.5143	1681389853.708
2	293.5	19.5647	1681389854.200
2	294.0	19.6124	1681389854.704
2	294.5	19.7328	1681389855.208
2	295.0	19.8263	1681389855.700
2	295.5	19.8845	1681389856.204
2	296.0	19.9346	1681389856.708
2	296.5	19.9582	1681389857.200
2	297.0	19.9336	1681389857.704
2	297.5	19.8640	1681389858.208
2	298.0	19.7963	1681389858.700
2	298.5	19.8136	1681389859.204
2	299.0	19.8416	1681389859.708
2	299.5	19.7193	1681389860.200
2	300.0	19.5980	1681389860.704
2	300.5	19.5487	1681389861.208
2	301.0	19.5486	1681389861.701
2	301.5	19.5437	1681389862.204
2	302.0	19.5583	1681389862.708
2	302.5	19.5055	1681389863.200
2	303.0	19.5504	1681389863.704
2	303.5	19.5708	1681389864.208
2	304.0	19.5033	1681389864.700
2	304.5	19.4311	1681389865.204
2	305.0	19.4872	1681389865.707
2	305.5	19.4623	1681389866.200
2	306.0	19.4933	1681389866.704
2	306.5	19.5620	1681389867.207
2	307.0	19.6235	1681389867.700
2	307.5	19.6305	1681389868.203
2	308.0	19.6392	1681389868.708
2	308.5	19.6736	1681389869.200
2	309.0	19.7556	1681389869.704
2	309.5	19.7850	1681389870.207
2	310.0	19.7938	1681389870.700
2	310.5	19.7399	1681389871.204
2	311.0	19.7575	1681389871.707
2	311.5	19.7122	1681389872.199
2	312.0	19.7463	1681389872.703
2	312.5	19.7087	1681389873.207
2	313.0	19.6441	1681389873.699
2	313.5	19.6139	1681389874.203
2	314.0	19.6700	1681389874.707
2	314.5	19.6172	1681389875.199
2	315.0	19.6051	1681389875.703
2	315.5	19.6428	1681389876.207
2	316.0	19.6518	1681389876.700
2	316.5	19.6846	1681389877.205
2	317.0	19.6762	1681389877.707
2	317.5	19.6312	1681389878.199
2	318.0	19.6094	1681389878.703
2	318.5	19.5969	1681389879.207
2	319.0	19.6001	1681389879.699
2	319.5	19.5837	1681389880.203
2	320.0	19.5459	1681389880.707
2	320.5	19.4511	1681389881.199
2	321.0	19.4448	1681389881.703
2	321.5	19.4178	1681389882.207
2	322.0	19.3992	1681389882.699
2	322.5	19.4414	1681389883.203
2	323.0	19.4673	1681389883.707
2	323.5	19.4286	1681389884.199
2	324.0	19.4176	1681389884.703
2	324.5	19.4991	1681389885.207
2	325.0	19.5658	1681389885.699
2	325.5	19.6378	1681389886.203
2	326.0	19.7272	1681389886.707
2	326.5	19.7215	1681389887.199
2	327.0	19.7583	1681389887.703
2	327.5	19.7980	1681389888.207
2	328.0	19.7814	1681389888.699
2	328.5	19.8262	1681389889.203
2	329.0	19.8336	1681389889.706
2	329.5	19.7111	1681389890.199
2	330.0	19.5340	1681389890.702
2	330.5	19.3952	1681389891.207
2	331.0	19.2973	1681389891.699
2	331.5	19.2442	1681389892.202
2	332.0	19.1621	1681389892.706
2	332.5	19.1684	1681389893.199
2	333.0	19.2191	1681389893.702
2	333.5	19.2401	1681389894.206
2	334.0	19.2217	1681389894.699
2	334.5	19.1850	1681389895.202
2	335.0	19.1713	1681389895.706
2	335.5	19.1395	1681389896.198
2	336.0	19.0746	1681389896.702
2	336.5	19.0007	1681389897.206
2	337.0	18.9701	1681389897.698
2	337.5	18.9227	1681389898.202
2	338.0	18.8899	1681389898.706
2	338.5	18.8926	1681389899.210
2	339.0	18.8974	1681389899.702
2	339.5	18.9123	1681389900.206
2	340.0	18.9087	1681389900.698
2	340.5	18.8695	1681389901.203
2	341.0	18.8445	1681389901.706
2	341.5	18.8298	1681389902.210
2	342.0	18.7788	1681389902.702
2	342.5	18.7389	1681389903.206
2	343.0	18.7358	1681389903.698
2	343.5	18.6745	1681389904.202
2	344.0	18.7057	1681389904.706
2	344.5	18.7298	1681389905.210
2	345.0	18.7597	1681389905.702
2	345.5	18.7266	1681389906.206
2	346.0	18.7320	1681389906.698
2	346.5	18.7542	1681389907.202
2	347.0	18.7521	1681389907.706
2	347.5	18.7251	1681389908.210
2	348.0	18.7151	1681389908.702
2	348.5	18.7047	1681389909.206
2	349.0	18.6873	1681389909.698
2	349.5	18.6411	1681389910.202
2	350.0	18.6088	1681389910.706
2	350.5	18.6047	1681389911.210
2	351.0	18.6313	1681389911.702
2	351.5	18.6356	1681389912.206
2	352.0	18.6346	1681389912.698
2	352.5	18.5745	1681389913.202
2	353.0	18.5430	1681389913.706
2	353.5	18.4891	1681389914.210
2	354.0	18.4788	1681389914.702
2	354.5	18.5349	1681389915.205
2	355.0	18.6131	1681389915.698
2	355.5	18.6863	1681389916.202
2	356.0	18.7587	1681389916.705
2	356.5	18.7532	1681389917.209
2	357.0	18.7214	1681389917.701
2	357.5	18.6763	1681389918.205
2	358.0	18.6495	1681389918.709
2	358.5	18.7016	1681389919.202
2	359.0	18.7148	1681389919.705
2	359.5	18.7331	1681389920.209
2	360.0	18.7014	1681389920.701
2	360.5	18.6582	1681389921.205
2	361.0	18.6303	1681389921.709
2	361.5	18.5847	1681389922.202
2	362.0	18.5119	1681389922.705
2	362.5	18.4637	1681389923.209
2	363.0	18.4682	1681389923.702
2	363.5	18.5073	1681389924.205
2	364.0	18.5704	1681389924.709
2	364.5	18.6073	1681389925.201
2	365.0	18.6333	1681389925.705
2	365.5	18.6456	1681389926.209
2	366.0	18.6792	1681389926.701
2	366.5	18.5993	1681389927.205
2	367.0	18.5980	1681389927.709
2	367.5	18.5935	1681389928.201
2	368.0	18.5545	1681389928.705
2	368.5	18.5312	1681389929.209
2	369.0	18.5278	1681389929.701
2	369.5	18.5585	1681389930.205
2	370.0	18.5901	1681389930.709
2	370.5	18.6201	1681389931.201
2	371.0	18.5813	1681389931.705
2	371.5	18.5293	1681389932.209
2	372.0	18.5677	1681389932.701
2	372.5	18.5837	1681389933.205
2	373.0	18.5912	1681389933.709
2	373.5	18.6016	1681389934.201
2	374.0	18.6304	1681389934.705
2	374.5	18.6357	1681389935.209
2	375.0	18.6148	1681389935.701
2	375.5	18.5479	1681389936.205
2	376.0	18.5546	1681389936.709
2	376.5	18.5642	1681389937.201
2	377.0	18.5529	1681389937.705
2	377.5	18.5096	1681389938.209
2	378.0	18.4858	1681389938.701
2	378.5	18.5011	1681389939.205
2	379.0	18.4702	1681389939.708
2	379.5	18.4762	1681389940.201
2	380.0	18.4569	1681389940.704
2	380.5	18.3589	1681389941.208
2	381.0	18.3497	1681389941.701
2	381.5	18.3508	1681389942.204
2	382.0	18.3837	1681389942.708
2	382.5	18.3854	1681389943.200
2	383.0	18.4353	1681389943.704
2	383.5	18.4995	1681389944.208
2	384.0	18.5082	1681389944.700
2	384.5	18.5148	1681389945.204
2	385.0	18.5247	1681389945.708
2	385.5	18.5385	1681389946.200
2	386.0	18.4568	1681389946.704
2	386.5	18.4439	1681389947.208
2	387.0	18.4318	1681389947.700
2	387.5	18.4676	1681389948.204
2	388.0	18.4968	1681389948.708
2	388.5	18.4570	1681389949.200
2	389.0	18.4558	1681389949.704
2	389.5	18.3856	1681389950.208
2	390.0	18.3329	1681389950.700
2	390.5	18.2960	1681389951.204
2	391.0	18.3318	1681389951.708
2	391.5	18.3500	1681389952.200
2	392.0	18.3816	1681389952.704
2	392.5	18.3972	1681389953.208
2	393.0	18.4270	1681389953.700
2	393.5	18.4354	1681389954.204
2	394.0	18.4100	1681389954.708
2	394.5	18.2989	1681389955.200
2	395.0	18.2818	1681389955.704
2	395.5	18.2364	1681389956.208
2	396.0	18.2088	1681389956.700
2	396.5	18.2438	1681389957.204
2	397.0	18.2867	1681389957.708
2	397.5	18.2740	1681389958.200
2	398.0	18.2777	1681389958.704
2	398.5	18.2826	1681389959.208
2	399.0	18.3052	1681389959.700
2	399.5	18.3726	1681389960.204
2	400.0	18.4055	1681389960.708
2	400.5	18.4526	1681389961.200
2	401.0	18.4273	1681389961.704
2	401.5	18.4315	1681389962.208
2	402.0	18.4252	1681389962.700
2	402.5	18.4227	1681389963.204
2	403.0	18.4248	1681389963.708
2	403.5	18.4805	1681389964.200
2	404.0	18.5254	1681389964.704
2	404.5	18.5809	1681389965.207
2	405.0	18.5878	1681389965.700
2	405.5	18.5568	1681389966.204
2	406.0	18.5081	1681389966.707
2	406.5	18.3760	1681389967.199
2	407.0	18.3472	1681389967.703
2	407.5	18.4062	1681389968.207
2	408.0	18.5022	1681389968.699
2	408.5	18.5737	1681389969.203
2	409.0	18.6395	1681389969.707
2	409.5	18.6981	1681389970.199
2	410.0	18.7575	1681389970.703
2	410.5	18.6994	1681389971.207
2	411.0	18.6567	1681389971.700
2	411.5	18.5842	1681389972.203
2	412.0	18.5134	1681389972.707
2	412.5	18.4634	1681389973.199
2	413.0	18.5164	1681389973.703
2	413.5	18.5471	1681389974.207
2	414.0	18.5637	1681389974.699
2	414.5	18.6065	1681389975.203
2	415.0	18.6454	1681389975.707
2	415.5	18.6955	1681389976.199
2	416.0	18.7334	1681389976.703
2	416.5	18.7132	1681389977.207
2	417.0	18.6950	1681389977.699
2	417.5	18.7523	1681389978.203
2	418.0	18.7313	1681389978.707
2	418.5	18.6575	1681389979.199
2	419.0	18.5689	1681389979.703
2	419.5	18.4191	1681389980.207
2	420.0	18.2318	1681389980.699
2	420.5	18.1764	1681389981.203
2	421.0	18.2511	1681389981.707
2	421.5	18.3617	1681389982.199
2	422.0	18.4209	1681389982.703
2	422.5	18.4764	1681389983.207
2	423.0	18.5601	1681389983.699
2	423.5	18.6276	1681389984.203
2	424.0	18.6202	1681389984.707
2	424.5	18.5333	1681389985.199
2	425.0	18.4190	1681389985.703
2	425.5	18.3433	1681389986.207
2	426.0	18.2663	1681389986.699
2	426.5	18.2070	1681389987.203
2	427.0	18.2322	1681389987.707
2	427.5	18.2534	1681389988.199
2	428.0	18.2668	1681389988.703
2	428.5	18.2115	1681389989.206
2	429.0	18.1881	1681389989.700
2	429.5	18.1658	1681389990.203
2	430.0	18.1874	1681389990.706
2	430.5	18.2435	1681389991.199
2	431.0	18.2890	1681389991.702
2	431.5	18.3730	1681389992.206
2	432.0	18.2556	1681389992.698
2	432.5	18.1393	1681389993.202
2	433.0	18.0058	1681389993.706
2	433.5	17.9315	1681389994.210
2	434.0	17.8496	1681389994.702
2	434.5	17.8150	1681389995.206
2	435.0	17.8623	1681389995.698
2	435.5	17.8996	1681389996.202
2	436.0	17.9364	1681389996.706
2	436.5	18.0047	1681389997.210
2	437.0	18.0183	1681389997.702
2	437.5	18.0620	1681389998.206
2	438.0	18.0288	1681389998.698
2	438.5	17.9561	1681389999.202
2	439.0	17.8689	1681389999.706
2	439.5	17.8283	1681390000.210
2	440.0	17.7856	1681390000.702
2	440.5	17.7658	1681390001.206
2	441.0	17.7381	1681390001.698
2	441.5	17.7345	1681390002.202
2	442.0	17.7626	1681390002.706
2	442.5	17.8350	1681390003.210
2	443.0	17.9386	1681390003.702
2	443.5	17.9229	1681390004.206
2	444.0	17.8772	1681390004.698
2	444.5	17.9025	1681390005.202
2	445.0	17.9755	1681390005.706
2	445.5	17.9164	1681390006.210
2	446.0	17.9283	1681390006.702
2	446.5	17.8456	1681390007.206
2	447.0	17.7414	1681390007.698
2	447.5	17.7579	1681390008.202
2	448.0	17.8724	1681390008.706
2	448.5	17.9892	1681390009.210
2	449.0	18.1350	1681390009.702
2	449.5	18.2790	1681390010.206
2	450.0	18.3957	1681390010.698
2	450.5	18.4922	1681390011.202
2	451.0	18.5310	1681390011.706
2	451.5	18.5691	1681390012.209
2	452.0	18.5470	1681390012.702
2	452.5	18.4392	1681390013.206
2	453.0	18.3063	1681390013.709
2	453.5	18.2441	1681390014.202
2	454.0	18.2813	1681390014.705
2	454.5	18.4237	1681390015.209
2	455.0	18.4241	1681390015.702
2	455.5	18.3741	1681390016.205
2	456.0	18.3184	1681390016.709
2	456.5	18.2861	1681390017.202
2	457.0	18.2641	1681390017.705
2	457.5	18.2599	1681390018.209
2	458.0	18.2725	1681390018.701
2	458.5	18.2407	1681390019.205
2	459.0	18.1537	1681390019.709
2	459.5	18.0973	1681390020.201
2	460.0	18.0465	1681390020.705
2	460.5	18.0447	1681390021.209
2	461.0	18.0514	1681390021.701
2	461.5	18.0354	1681390022.205
2	462.0	18.0063	1681390022.709
2	462.5	18.0128	1681390023.201
2	463.0	18.0961	1681390023.705
2	463.5	18.1696	1681390024.209
2	464.0	18.1613	1681390024.701
2	464.5	18.2316	1681390025.205
2	465.0	18.3631	1681390025.709
2	465.5	18.4926	1681390026.201
2	466.0	18.5643	1681390026.705
2	466.5	18.6032	1681390027.209
2	467.0	18.6234	1681390027.701
2	467.5	18.6390	1681390028.205
2	468.0	18.5855	1681390028.709
2	468.5	18.5972	1681390029.201
2	469.0	18.6821	1681390029.705
2	469.5	18.7223	1681390030.209
2	470.0	18.7060	1681390030.701
2	470.5	18.7345	1681390031.205
2	471.0	18.7695	1681390031.709
2	471.5	18.7988	1681390032.201
2	472.0	18.8190	1681390032.705
2	472.5	18.8514	1681390033.209
2	473.0	18.8168	1681390033.701
2	473.5	18.8905	1681390034.205
2	474.0	18.9546	1681390034.709
2	474.5	18.9669	1681390035.201
2	475.0	18.9946	1681390035.705
2	475.5	19.0214	1681390036.209
2	476.0	19.0778	1681390036.701
2	476.5	19.1101	1681390037.205
2	477.0	19.1338	1681390037.709
2	477.5	19.1714	1681390038.201
2	478.0	19.2013	1681390038.704
2	478.5	19.2493	1681390039.208
2	479.0	19.2857	1681390039.701
2	479.5	19.3092	1681390040.204
2	480.0	19.3107	1681390040.709
2	480.5	19.3144	1681390041.201
2	481.0	19.2365	1681390041.704
2	481.5	19.2416	1681390042.208
2	482.0	19.1511	1681390042.700
2	482.5	19.1820	1681390043.205
2	483.0	19.1680	1681390043.708
2	483.5	19.1056	1681390044.200
2	484.0	19.0649	1681390044.704
2	484.5	18.9682	1681390045.208
2	485.0	19.0632	1681390045.700
2	485.5	18.9647	1681390046.204
2	486.0	18.9982	1681390046.708
2	486.5	19.0092	1681390047.200
2	487.0	18.9784	1681390047.704
2	487.5	18.9724	1681390048.208
2	488.0	19.0191	1681390048.700
2	488.5	19.0590	1681390049.204
2	489.0	19.1997	1681390049.708
2	489.5	19.2375	1681390050.200
2	490.0	19.3046	1681390050.704
2	490.5	19.4386	1681390051.208
2	491.0	19.4778	1681390051.700
2	491.5	19.4571	1681390052.204
2	492.0	19.3473	1681390052.708
2	492.5	19.3581	1681390053.200
2	493.0	19.2425	1681390053.704
2	493.5	19.1103	1681390054.208
2	494.0	19.1159	1681390054.700
2	494.5	19.1717	1681390055.204
2	495.0	19.1390	1681390055.708
2	495.5	19.0192	1681390056.200
2	496.0	18.9707	1681390056.704
2	496.5	18.8707	1681390057.208
2	497.0	18.7587	1681390057.700
2	497.5	18.6545	1681390058.204
2	498.0	18.5721	1681390058.708
2	498.5	18.5217	1681390059.200
2	499.0	18.5211	1681390059.704
2	499.5	18.4719	1681390060.208
2	500.0	18.4014	1681390060.700
2	500.5	18.3505	1681390061.204
2	501.0	18.3070	1681390061.708
2	501.5	18.1634	1681390062.200
2	502.0	18.1055	1681390062.704
2	502.5	18.0899	1681390063.207
2	503.0	18.0378	1681390063.700
2	503.5	18.0300	1681390064.203
2	504.0	17.9941	1681390064.707
2	504.5	17.9873	1681390065.200
2	505.0	18.0394	1681390065.703
2	505.5	18.0121	1681390066.207
2	506.0	17.9615	1681390066.700
2	506.5	17.9863	1681390067.204
2	507.0	17.9924	1681390067.707
2	507.5	17.9401	1681390068.199
2	508.0	17.9086	1681390068.703
2	508.5	17.9054	1681390069.207
2	509.0	17.9025	1681390069.699
2	509.5	17.9568	1681390070.203
2	510.0	17.8272	1681390070.707
2	510.5	17.8044	1681390071.199
2	511.0	17.8636	1681390071.703
2	511.5	17.8919	1681390072.207
2	512.0	17.8646	1681390072.699
2	512.5	17.8010	1681390073.203
2	513.0	17.7846	1681390073.707
2	513.5	17.9162	1681390074.199
2	514.0	17.9504	1681390074.703
2	514.5	17.9939	1681390075.207
2	515.0	18.0462	1681390075.699
2	515.5	18.1315	1681390076.203
2	516.0	18.1986	1681390076.707
2	516.5	18.0551	1681390077.199
2	517.0	18.0265	1681390077.703
2	517.5	18.0488	1681390078.207
2	518.0	18.0317	1681390078.699
2	518.5	17.9822	1681390079.203
2	519.0	17.9751	1681390079.707
2	519.5	17.8897	1681390080.199
2	520.0	17.8653	1681390080.703
2	520.5	17.8879	1681390081.207
2	521.0	17.8669	1681390081.699
2	521.5	17.8341	1681390082.203
2	522.0	17.7640	1681390082.707
2	522.5	17.7539	1681390083.199
2	523.0	17.6860	1681390083.703
2	523.5	17.6445	1681390084.207
2	524.0	17.6515	1681390084.699
2	524.5	17.6593	1681390085.203
2	525.0	17.7016	1681390085.707
2	525.5	17.6522	1681390086.199
2	526.0	17.6687	1681390086.703
2	526.5	17.7093	1681390087.207
2	527.0	17.6335	1681390087.699
2	527.5	17.6072	1681390088.203
2	528.0	17.5912	1681390088.707
2	528.5	17.6463	1681390089.199
2	529.0	17.6080	1681390089.703
2	529.5	17.6575	1681390090.206
2	530.0	17.7423	1681390090.699
2	530.5	17.7088	1681390091.202
2	531.0	17.7253	1681390091.706
2	531.5	17.7059	1681390092.210
2	532.0	17.7237	1681390092.702
2	532.5	17.7050	1681390093.206
2	533.0	17.6885	1681390093.699
2	533.5	17.6640	1681390094.202
2	534.0	17.6693	1681390094.706
2	534.5	17.6676	1681390095.210
2	535.0	17.6934	1681390095.702
2	535.5	17.6755	1681390096.206
2	536.0	17.6677	1681390096.698
2	536.5	17.6214	1681390097.202
2	537.0	17.6055	1681390097.706
2	537.5	17.6142	1681390098.210
2	538.0	17.6748	1681390098.702
2	538.5	17.8116	1681390099.206
2	539.0	17.9115	1681390099.698
2	539.5	17.9094	1681390100.202
2	540.0	17.8776	1681390100.706
2	540.5	17.8731	1681390101.210
2	541.0	17.9599	1681390101.702
2	541.5	18.0119	1681390102.206
2	542.0	17.8823	1681390102.698
2	542.5	17.8765	1681390103.202
2	543.0	17.8739	1681390103.706
2	543.5	17.9159	1681390104.210
2	544.0	18.0569	1681390104.703
2	544.5	18.0557	1681390105.206
2	545.0	18.0669	1681390105.698
2	545.5	18.0600	1681390106.202
2	546.0	18.1283	1681390106.706
2	546.5	18.1795	1681390107.210
2	547.0	18.0994	1681390107.702
2	547.5	18.0036	1681390108.206
2	548.0	17.9159	1681390108.698
2	548.5	17.9096	1681390109.202
2	549.0	17.9047	1681390109.706
2	549.5	17.8942	1681390110.210
2	550.0	17.9170	1681390110.702
2	550.5	17.9132	1681390111.206
2	551.0	17.9339	1681390111.710
2	551.5	17.9347	1681390112.202
2	552.0	17.9023	1681390112.706
2	552.5	17.8837	1681390113.209
2	553.0	17.8729	1681390113.702
2	553.5	17.8712	1681390114.205
2	554.0	17.8440	1681390114.710
2	554.5	17.7972	1681390115.202
2	555.0	17.7982	1681390115.705
2	555.5	17.7728	1681390116.209
2	556.0	17.7392	1681390116.702
2	556.5	17.6664	1681390117.205
2	557.0	17.6456	1681390117.709
2	557.5	17.6553	1681390118.201
2	558.0	17.6804	1681390118.705
2	558.5	17.7217	1681390119.209
2	559.0	17.7189	1681390119.701
2	559.5	17.7935	1681390120.205
2	560.0	17.7678	1681390120.709
2	560.5	17.7886	1681390121.201
2	561.0	17.7615	1681390121.705
2	561.5	17.7706	1681390122.209
2	562.0	17.8053	1681390122.701
2	562.5	17.8419	1681390123.205
2	563.0	17.9325	1681390123.709
2	563.5	17.8290	1681390124.201
2	564.0	17.7750	1681390124.705
2	564.5	17.7930	1681390125.209
2	565.0	17.7151	1681390125.701
2	565.5	17.6616	1681390126.205
2	566.0	17.6296	1681390126.709
2	566.5	17.6436	1681390127.201
2	567.0	17.7215	1681390127.705
2	567.5	17.7019	1681390128.209
2	568.0	17.6739	1681390128.701
2	568.5	17.7541	1681390129.205
2	569.0	17.8591	1681390129.709
2	569.5	17.8839	1681390130.201
2	570.0	17.9569	1681390130.705
2	570.5	17.9075	1681390131.209
2	571.0	17.8791	1681390131.701
2	571.5	17.8894	1681390132.205
2	572.0	17.8541	1681390132.709
2	572.5	17.8011	1681390133.201
2	573.0	17.7675	1681390133.705
2	573.5	17.7601	1681390134.209
2	574.0	17.7658	1681390134.701
2	574.5	17.8233	1681390135.205
2	575.0	17.8316	1681390135.709
2	575.5	17.8676	1681390136.201
2	576.0	17.8439	1681390136.705
2	576.5	17.9172	1681390137.209
2	577.0	17.8886	1681390137.701
2	577.5	17.9662	1681390138.205
2	578.0	17.8913	1681390138.708
2	578.5	17.8245	1681390139.201
2	579.0	17.8430	1681390139.705
2	579.5	17.9169	1681390140.208
2	580.0	17.9355	1681390140.700
2	580.5	17.8530	1681390141.204
2	581.0	17.8502	1681390141.708
2	581.5	17.8627	1681390142.200
2	582.0	17.8835	1681390142.704
2	582.5	17.8592	1681390143.208
2	583.0	17.8627	1681390143.700
2	583.5	17.9113	1681390144.204
2	584.0	17.9142	1681390144.708
2	584.5	17.9616	1681390145.200
2	585.0	17.9610	1681390145.704
2	585.5	17.9622	1681390146.208
2	586.0	18.0111	1681390146.701
2	586.5	18.0088	1681390147.204
2	587.0	17.9614	1681390147.708
2	587.5	17.9887	1681390148.200
2	588.0	17.9109	1681390148.704
2	588.5	17.8372	1681390149.208
2	589.0	17.7752	1681390149.700
2	589.5	17.7375	1681390150.204
2	590.0	17.7094	1681390150.708
2	590.5	17.7546	1681390151.200
2	591.0	17.7640	1681390151.704
2	591.5	17.7370	1681390152.208
2	592.0	17.6682	1681390152.700
2	592.5	17.6992	1681390153.204
2	593.0	17.7388	1681390153.708
2	593.5	17.7697	1681390154.200
2	594.0	17.8135	1681390154.704
2	594.5	17.8062	1681390155.208
2	595.0	17.7745	1681390155.700
2	595.5	17.7536	1681390156.204
2	596.0	17.7275	1681390156.708
2	596.5	17.7628	1681390157.200
2	597.0	17.7676	1681390157.704
2	597.5	17.8017	1681390158.208
2	598.0	17.7981	1681390158.700
2	598.5	17.7049	1681390159.204
2	599.0	17.6124	1681390159.708
2	599.5	17.6715	1681390160.200
2	600.0	17.7413	1681390160.704
2	600.5	17.7579	1681390161.208
2	601.0	17.7061	1681390161.700
2	601.5	17.7547	1681390162.204
2	602.0	17.6641	1681390162.707
2	602.5	17.6738	1681390163.200
2	603.0	17.6638	1681390163.703
2	603.5	17.6956	1681390164.208
2	604.0	17.8020	1681390164.700
2	604.5	17.8233	1681390165.204
2	605.0	17.7956	1681390165.708
2	605.5	17.8419	1681390166.199
2	606.0	17.7786	1681390166.703
2	606.5	17.7930	1681390167.208
2	607.0	17.8766	1681390167.699
2	607.5	17.7692	1681390168.203
2	608.0	17.7545	1681390168.707
2	608.5	17.8371	1681390169.199
2	609.0	17.8329	1681390169.704
2	609.5	17.8140	1681390170.207
2	610.0	17.7652	1681390170.699
2	610.5	17.7175	1681390171.203
2	611.0	17.6206	1681390171.707
2	611.5	17.6712	1681390172.199
2	612.0	17.6445	1681390172.703
2	612.5	17.6180	1681390173.207
2	613.0	17.6651	1681390173.700
2	613.5	17.6599	1681390174.203
2	614.0	17.6692	1681390174.707
2	614.5	17.7618	1681390175.199
2	615.0	17.7817	1681390175.703
2	615.5	17.7111	1681390176.207
2	616.0	17.7427	1681390176.699
2	616.5	17.7857	1681390177.203
2	617.0	17.8023	1681390177.707
2	617.5	17.8499	1681390178.199
2	618.0	17.9092	1681390178.703
2	618.5	17.8583	1681390179.207
2	619.0	17.8574	1681390179.700
2	619.5	17.9133	1681390180.203
2	620.0	17.9633	1681390180.707
2	620.5	17.9242	1681390181.199
2	621.0	17.8406	1681390181.703
2	621.5	17.7610	1681390182.207
2	622.0	17.7819	1681390182.699
2	622.5	17.8570	1681390183.203
2	623.0	17.9240	1681390183.707
2	623.5	17.8907	1681390184.199
2	624.0	17.8102	1681390184.703
2	624.5	17.7629	1681390185.207
2	625.0	17.7510	1681390185.699
2	625.5	17.6943	1681390186.203
2	626.0	17.6969	1681390186.707
2	626.5	17.6460	1681390187.199
2	627.0	17.6154	1681390187.703
2	627.5	17.6008	1681390188.206
2	628.0	17.6213	1681390188.699
2	628.5	17.6320	1681390189.203
2	629.0	17.6784	1681390189.706
2	629.5	17.7516	1681390190.199
2	630.0	17.7046	1681390190.702
2	630.5	17.6370	1681390191.206
2	631.0	17.5956	1681390191.699
2	631.5	17.5820	1681390192.202
2	632.0	17.6018	1681390192.707
2	632.5	17.6380	1681390193.210
2	633.0	17.6537	1681390193.703
2	633.5	17.6661	1681390194.206
2	634.0	17.7382	1681390194.698
2	634.5	17.7464	1681390195.202
2	635.0	17.8165	1681390195.706
2	635.5	17.8172	1681390196.210
2	636.0	17.7780	1681390196.702
2	636.5	17.7625	1681390197.206
2	637.0	17.7744	1681390197.698
2	637.5	17.7906	1681390198.203
2	638.0	17.8338	1681390198.706
2	638.5	17.9473	1681390199.210
2	639.0	18.0912	1681390199.702
2	639.5	18.1679	1681390200.206
2	640.0	18.1218	1681390200.698
2	640.5	18.0529	1681390201.202
2	641.0	18.0708	1681390201.706
2	641.5	18.2159	1681390202.210
2	642.0	18.3531	1681390202.702
2	642.5	18.4089	1681390203.206
2	643.0	18.4727	1681390203.698
2	643.5	18.6608	1681390204.202
2	644.0	18.8436	1681390204.706
2	644.5	18.8727	1681390205.210
2	645.0	18.9705	1681390205.702
2	645.5	19.0834	1681390206.206
2	646.0	19.1464	1681390206.710
2	646.5	19.0903	1681390207.202
2	647.0	19.0186	1681390207.706
2	647.5	19.1182	1681390208.210
2	648.0	19.2637	1681390208.702
2	648.5	19.3720	1681390209.206
2	649.0	19.4599	1681390209.709
2	649.5	19.4951	1681390210.202
2	650.0	19.4897	1681390210.706
2	650.5	19.5602	1681390211.210
2	651.0	19.6308	1681390211.702
2	651.5	19.6883	1681390212.205
2	652.0	19.7007	1681390212.710
2	652.5	19.5390	1681390213.202
2	653.0	19.4896	1681390213.705
2	653.5	19.5815	1681390214.209
2	654.0	19.7077	1681390214.702
2	654.5	19.7746	1681390215.205
2	655.0	19.8797	1681390215.709
2	655.5	19.7650	1681390216.201
2	656.0	19.5894	1681390216.705
2	656.5	19.5901	1681390217.209
2	657.0	19.7212	1681390217.701
2	657.5	19.8897	1681390218.205
2	658.0	20.0133	1681390218.709
2	658.5	20.1251	1681390219.201
2	659.0	20.1051	1681390219.705
2	659.5	19.9254	1681390220.209
2	660.0	19.7504	1681390220.701
2	660.5	19.6709	1681390221.205
2	661.0	19.6247	1681390221.709
2	661.5	19.7233	1681390222.201
2	662.0	19.8211	1681390222.705
2	662.5	19.8512	1681390223.209
2	663.0	19.9149	1681390223.701
2	663.5	20.0145	1681390224.205
2	664.0	20.1255	1681390224.709
2	664.5	20.0047	1681390225.201
2	665.0	19.7431	1681390225.705
2	665.5	19.6995	1681390226.209
2	666.0	19.7685	1681390226.701
2	666.5	19.8092	1681390227.205
2	667.0	19.8008	1681390227.709
2	667.5	19.7523	1681390228.201
2	668.0	19.5563	1681390228.705
2	668.5	19.3201	1681390229.209
2	669.0	19.1372	1681390229.701
2	669.5	19.0560	1681390230.205
2	670.0	18.9328	1681390230.709
2	670.5	18.8959	1681390231.201
2	671.0	18.8503	1681390231.705
2	671.5	18.7926	1681390232.209
2	672.0	18.7045	1681390232.701
2	672.5	18.6942	1681390233.205
2	673.0	18.6871	1681390233.709
2	673.5	18.6684	1681390234.201
2	674.0	18.6140	1681390234.705
2	674.5	18.6881	1681390235.209
2	675.0	18.6767	1681390235.701
2	675.5	18.6227	1681390236.205
2	676.0	18.5464	1681390236.708
2	676.5	18.4535	1681390237.201
2	677.0	18.3208	1681390237.704
2	677.5	18.2470	1681390238.208
2	678.0	18.2546	1681390238.701
2	678.5	18.3410	1681390239.204
2	679.0	18.3192	1681390239.708
2	679.5	18.2864	1681390240.200
2	680.0	18.2260	1681390240.704
2	680.5	18.1953	1681390241.209
2	681.0	18.1854	1681390241.700
2	681.5	18.1960	1681390242.204
2	682.0	18.2260	1681390242.708
2	682.5	18.1692	1681390243.200
2	683.0	18.1655	1681390243.704
2	683.5	18.2065	1681390244.209
2	684.0	18.1621	1681390244.700
2	684.5	18.1712	1681390245.204
2	685.0	18.1489	1681390245.708
2	685.5	18.2216	1681390246.200
2	686.0	18.2009	1681390246.704
2	686.5	18.1904	1681390247.208
2	687.0	18.2732	1681390247.700
2	687.5	18.3089	1681390248.204
2	688.0	18.3249	1681390248.708
2	688.5	18.3311	1681390249.200
2	689.0	18.2876	1681390249.704
2	689.5	18.2900	1681390250.208
2	690.0	18.3542	1681390250.700
2	690.5	18.3088	1681390251.204
2	691.0	18.2348	1681390251.708
2	691.5	18.1615	1681390252.200
2	692.0	18.1090	1681390252.704
2	692.5	18.0418	1681390253.208
2	693.0	18.0098	1681390253.700
2	693.5	18.0242	1681390254.204
2	694.0	18.0198	1681390254.708
2	694.5	18.0516	1681390255.200
2	695.0	18.1496	1681390255.704
2	695.5	18.1820	1681390256.208
2	696.0	18.1219	1681390256.700
2	696.5	18.0996	1681390257.204
2	697.0	18.0193	1681390257.708
2	697.5	17.9436	1681390258.200
2	698.0	17.9066	1681390258.704
2	698.5	17.9101	1681390259.208
2	699.0	17.9430	1681390259.700
2	699.5	17.9545	1681390260.204
2	700.0	17.9184	1681390260.708
2	700.5	17.9148	1681390261.200
2	701.0	17.9821	1681390261.704
2	701.5	18.0372	1681390262.207
2	702.0	18.0699	1681390262.700
2	702.5	18.1138	1681390263.203
2	703.0	18.0750	1681390263.707
2	703.5	18.0317	1681390264.199
2	704.0	18.0220	1681390264.703
2	704.5	18.0364	1681390265.207
2	705.0	18.0877	1681390265.700
2	705.5	18.1345	1681390266.204
2	706.0	18.1691	1681390266.708
2	706.5	18.2449	1681390267.199
2	707.0	18.3098	1681390267.703
2	707.5	18.3458	1681390268.207
2	708.0	18.3172	1681390268.699
2	708.5	18.2725	1681390269.203
2	709.0	18.1936	1681390269.707
2	709.5	18.2093	1681390270.199
2	710.0	18.2589	1681390270.703
2	710.5	18.2170	1681390271.207
2	711.0	18.2577	1681390271.699
2	711.5	18.2894	1681390272.203
2	712.0	18.1035	1681390272.707
2	712.5	18.0578	1681390273.199
2	713.0	18.0437	1681390273.703
2	713.5	18.0366	1681390274.207
2	714.0	18.1429	1681390274.699
2	714.5	18.1655	1681390275.203
2	715.0	18.1846	1681390275.707
2	715.5	18.2793	1681390276.199
2	716.0	18.2080	1681390276.703
2	716.5	18.1551	1681390277.207
2	717.0	18.1056	1681390277.699
2	717.5	18.0848	1681390278.203
2	718.0	18.0708	1681390278.707
2	718.5	18.0675	1681390279.199
2	719.0	18.0869	1681390279.703
2	719.5	18.1265	1681390280.207
2	720.0	18.0248	1681390280.699
2	720.5	18.0327	1681390281.203
2	721.0	17.9694	1681390281.707
2	721.5	17.9079	1681390282.199
2	722.0	17.9034	1681390282.704
2	722.5	17.9116	1681390283.207
2	723.0	17.8504	1681390283.699
2	723.5	17.9039	1681390284.203
2	724.0	18.0275	1681390284.707
2	724.5	18.1410	1681390285.199
2	725.0	18.1724	1681390285.703
2	725.5	18.1040	1681390286.207
2	726.0	18.0757	1681390286.699
2	726.5	18.0883	1681390287.203
2	727.0	18.0690	1681390287.706
2	727.5	18.0691	1681390288.211
2	728.0	18.0573	1681390288.702
2	728.5	18.1100	1681390289.206
2	729.0	18.1487	1681390289.698
2	729.5	18.0877	1681390290.202
2	730.0	18.0070	1681390290.706
2	730.5	18.0393	1681390291.210
2	731.0	18.1132	1681390291.702
2	731.5	18.1052	1681390292.206
2	732.0	18.1731	1681390292.698
2	732.5	18.2658	1681390293.202
2	733.0	18.3112	1681390293.706
2	733.5	18.2876	1681390294.210
2	734.0	18.2406	1681390294.702
2	734.5	18.2256	1681390295.206
2	735.0	18.3041	1681390295.698
2	735.5	18.2420	1681390296.203
2	736.0	18.2236	1681390296.706
2	736.5	18.2589	1681390297.210
2	737.0	18.2896	1681390297.702
2	737.5	18.2411	1681390298.206
2	738.0	18.2339	1681390298.698
2	738.5	18.1624	1681390299.202
2	739.0	18.0621	1681390299.706
2	739.5	18.0257	1681390300.210
2	740.0	18.0091	1681390300.702
2	740.5	18.0470	1681390301.206
2	741.0	18.0757	1681390301.698
2	741.5	18.1801	1681390302.202
2	742.0	18.2491	1681390302.706
2	742.5	18.3287	1681390303.210
2	743.0	18.3670	1681390303.702
2	743.5	18.4206	1681390304.206
2	744.0	18.4213	1681390304.698
2	744.5	18.3133	1681390305.202
2	745.0	18.2380	1681390305.706
2	745.5	18.2300	1681390306.210
2	746.0	18.2384	1681390306.702
2	746.5	18.2425	1681390307.206
2	747.0	18.2985	1681390307.710
2	747.5	18.4347	1681390308.202
2	748.0	18.5277	1681390308.706
2	748.5	18.4754	1681390309.209
2	749.0	18.5035	1681390309.702
2	749.5	18.5354	1681390310.206
2	750.0	18.4828	1681390310.709
2	750.5	18.4160	1681390311.202
2	751.0	18.3646	1681390311.706
2	751.5	18.3379	1681390312.210
2	752.0	18.3588	1681390312.701
2	752.5	18.3382	1681390313.206
2	753.0	18.2849	1681390313.709
2	753.5	18.2137	1681390314.202
2	754.0	18.1654	1681390314.706
2	754.5	18.1406	1681390315.210
2	755.0	18.2492	1681390315.702
2	755.5	18.3772	1681390316.205
2	756.0	18.3067	1681390316.709
2	756.5	18.2498	1681390317.201
2	757.0	18.3099	1681390317.705
2	757.5	18.3069	1681390318.209
2	758.0	18.3128	1681390318.702
2	758.5	18.2930	1681390319.205
2	759.0	18.2540	1681390319.709
2	759.5	18.1920	1681390320.201
2	760.0	18.2007	1681390320.705
2	760.5	18.2001	1681390321.209
2	761.0	18.2460	1681390321.702
2	761.5	18.3294	1681390322.205
2	762.0	18.2934	1681390322.709
2	762.5	18.2393	1681390323.201
2	763.0	18.2130	1681390323.705
2	763.5	18.1781	1681390324.209
2	764.0	18.1236	1681390324.701
2	764.5	18.1579	1681390325.205
2	765.0	18.2679	1681390325.709
2	765.5	18.2706	1681390326.201
2	766.0	18.2696	1681390326.705
2	766.5	18.3182	1681390327.209
2	767.0	18.3592	1681390327.701
2	767.5	18.3598	1681390328.205
2	768.0	18.4515	1681390328.709
2	768.5	18.5191	1681390329.201
2	769.0	18.5712	1681390329.705
2	769.5	18.4901	1681390330.209
2	770.0	18.4983	1681390330.701
2	770.5	18.5457	1681390331.205
2	771.0	18.5984	1681390331.709
2	771.5	18.5055	1681390332.201
2	772.0	18.4186	1681390332.705
2	772.5	18.4421	1681390333.209
2	773.0	18.4631	1681390333.701
2	773.5	18.4749	1681390334.205
2	774.0	18.4455	1681390334.708
2	774.5	18.5276	1681390335.201
2	775.0	18.4545	1681390335.705
2	775.5	18.4674	1681390336.209
2	776.0	18.4434	1681390336.701
2	776.5	18.3756	1681390337.204
2	777.0	18.3609	1681390337.708
2	777.5	18.3437	1681390338.201
2	778.0	18.2187	1681390338.705
2	778.5	18.1557	1681390339.209
2	779.0	18.1669	1681390339.701
2	779.5	18.1501	1681390340.204
2	780.0	18.2287	1681390340.708
2	780.5	18.2503	1681390341.200
2	781.0	18.1924	1681390341.704
2	781.5	18.1368	1681390342.208
2	782.0	18.1191	1681390342.700
2	782.5	18.1586	1681390343.204
2	783.0	18.0770	1681390343.708
2	783.5	18.0263	1681390344.200
2	784.0	18.0513	1681390344.704
2	784.5	18.1015	1681390345.209
2	785.0	18.1365	1681390345.700
2	785.5	18.1408	1681390346.204
2	786.0	18.1093	1681390346.709
2	786.5	18.0962	1681390347.200
2	787.0	18.2101	1681390347.704
2	787.5	18.3320	1681390348.208
2	788.0	18.2877	1681390348.700
2	788.5	18.2655	1681390349.204
2	789.0	18.3049	1681390349.708
2	789.5	18.2913	1681390350.200
2	790.0	18.3217	1681390350.705
2	790.5	18.3491	1681390351.208
2	791.0	18.3333	1681390351.700
2	791.5	18.3198	1681390352.204
2	792.0	18.3199	1681390352.708
2	792.5	18.2995	1681390353.200
2	793.0	18.2133	1681390353.704
2	793.5	18.1809	1681390354.208
2	794.0	18.1692	1681390354.700
2	794.5	18.1513	1681390355.204
2	795.0	18.1458	1681390355.708
2	795.5	18.2112	1681390356.200
2	796.0	18.2104	1681390356.704
2	796.5	18.1508	1681390357.208
2	797.0	18.0414	1681390357.700
2	797.5	17.9910	1681390358.204
2	798.0	17.9711	1681390358.707
2	798.5	18.0015	1681390359.200
2	799.0	17.9707	1681390359.704
2	799.5	17.9602	1681390360.207
2	800.0	17.9654	1681390360.700
2	800.5	18.0279	1681390361.204
2	801.0	18.1206	1681390361.708
2	801.5	18.1608	1681390362.200
2	802.0	18.1902	1681390362.703
2	802.5	18.2459	1681390363.208
2	803.0	18.2663	1681390363.700
2	803.5	18.2333	1681390364.204
2	804.0	18.2169	1681390364.707
2	804.5	18.1893	1681390365.199
2	805.0	18.1966	1681390365.703
2	805.5	18.2313	1681390366.207
2	806.0	18.2298	1681390366.699
2	806.5	18.2501	1681390367.203
2	807.0	18.2488	1681390367.707
2	807.5	18.3264	1681390368.200
2	808.0	18.3312	1681390368.703
2	808.5	18.2296	1681390369.208
2	809.0	18.1744	1681390369.700
2	809.5	18.1221	1681390370.203
2	810.0	18.0773	1681390370.707
2	810.5	18.0809	1681390371.199
2	811.0	18.1248	1681390371.703
2	811.5	18.1225	1681390372.207
2	812.0	18.1918	1681390372.699
2	812.5	18.2635	1681390373.203
2	813.0	18.3201	1681390373.707
2	813.5	18.3342	1681390374.199
2	814.0	18.3807	1681390374.703
2	814.5	18.4009	1681390375.208
2	815.0	18.4270	1681390375.699
2	815.5	18.4380	1681390376.203
2	816.0	18.4685	1681390376.707
2	816.5	18.4891	1681390377.199
2	817.0	18.4972	1681390377.703
2	817.5	18.5471	1681390378.207
2	818.0	18.5920	1681390378.699
2	818.5	18.6738	1681390379.203
2	819.0	18.7563	1681390379.707
2	819.5	18.7987	1681390380.199
2	820.0	18.8348	1681390380.703
2	820.5	18.8283	1681390381.207
2	821.0	18.7922	1681390381.699
2	821.5	18.8171	1681390382.203
2	822.0	18.8535	1681390382.707
2	822.5	18.8078	1681390383.210
2	823.0	18.7967	1681390383.703
2	823.5	18.8197	1681390384.206
2	824.0	18.7967	1681390384.699
2	824.5	18.8116	1681390385.203
2	825.0	18.8366	1681390385.706
2	825.5	18.9370	1681390386.210
2	826.0	18.9805	1681390386.703
2	826.5	18.9716	1681390387.206
2	827.0	19.0182	1681390387.699
2	827.5	19.0186	1681390388.203
2	828.0	18.9137	1681390388.706
2	828.5	18.8259	1681390389.210
2	829.0	18.7731	1681390389.702
2	829.5	18.7670	1681390390.206
2	830.0	18.8362	1681390390.698
2	830.5	18.9104	1681390391.202
2	831.0	18.9215	1681390391.706
2	831.5	18.9606	1681390392.210
2	832.0	18.7319	1681390392.702
2	832.5	18.6535	1681390393.206
2	833.0	18.7684	1681390393.698
2	833.5	18.8299	1681390394.202
2	834.0	18.8951	1681390394.706
2	834.5	18.9808	1681390395.210
2	835.0	19.0537	1681390395.702
2	835.5	19.1149	1681390396.206
2	836.0	19.1883	1681390396.698
2	836.5	19.2764	1681390397.202
2	837.0	19.3247	1681390397.706
2	837.5	19.3822	1681390398.210
2	838.0	19.4583	1681390398.702
2	838.5	19.5311	1681390399.206
2	839.0	19.5763	1681390399.698
2	839.5	19.5918	1681390400.202
2	840.0	19.6712	1681390400.706
2	840.5	19.7371	1681390401.210
2	841.0	19.7933	1681390401.702
2	841.5	19.7792	1681390402.206
2	842.0	19.8164	1681390402.710
2	842.5	19.8765	1681390403.202
2	843.0	19.9773	1681390403.706
2	843.5	20.0695	1681390404.210
2	844.0	18.1076	1681390404.702
2	844.5	18.0947	1681390405.206
2	845.0	18.1017	1681390405.710
2	845.5	18.1028	1681390406.202
2	846.0	18.1066	1681390406.706
2	846.5	18.1076	1681390407.210
2	847.0	18.1073	1681390407.702
2	847.5	18.1010	1681390408.206
2	848.0	18.1000	1681390408.709
2	848.5	18.0983	1681390409.202
2	849.0	18.0966	1681390409.705
2	849.5	18.0970	1681390410.209
2	850.0	18.0995	1681390410.701
2	850.5	18.0902	1681390411.205
2	851.0	18.0564	1681390411.709
2	851.5	18.0723	1681390412.201
2	852.0	18.0615	1681390412.705
2	852.5	18.0572	1681390413.209
2	853.0	18.0530	1681390413.701
2	853.5	18.0454	1681390414.205
2	854.0	18.0462	1681390414.709
2	854.5	18.0450	1681390415.201
2	855.0	18.0386	1681390415.705
2	855.5	18.0352	1681390416.209
2	856.0	18.0304	1681390416.701
2	856.5	18.0301	1681390417.205
2	857.0	18.0326	1681390417.709
2	857.5	18.0583	1681390418.201
2	858.0	18.0512	1681390418.705
2	858.5	18.0401	1681390419.209
2	859.0	18.0364	1681390419.701
2	859.5	18.0368	1681390420.205
2	860.0	18.0345	1681390420.709
2	860.5	18.0411	1681390421.201
2	861.0	18.0379	1681390421.705
2	861.5	18.0336	1681390422.209
2	862.0	18.0474	1681390422.701
2	862.5	18.0409	1681390423.205
2	863.0	18.0373	1681390423.709
2	863.5	18.0328	1681390424.201
2	864.0	18.0240	1681390424.705
2	864.5	18.0302	1681390425.209
2	865.0	18.0135	1681390425.701
2	865.5	18.0165	1681390426.205
2	866.0	18.0186	1681390426.709
2	866.5	18.0147	1681390427.201
2	867.0	18.0351	1681390427.705
2	867.5	18.0288	1681390428.209
2	868.0	18.0107	1681390428.701
2	868.5	18.0313	1681390429.205
2	869.0	18.0184	1681390429.709
2	869.5	18.0269	1681390430.201
2	870.0	18.0239	1681390430.705
2	870.5	18.0136	1681390431.209
2	871.0	18.0226	1681390431.701
2	871.5	18.0271	1681390432.205
2	872.0	18.0385	1681390432.709
2	872.5	18.0456	1681390433.201
2	873.0	18.0368	1681390433.705
2	873.5	18.0231	1681390434.208
2	874.0	18.0229	1681390434.701
2	874.5	18.0430	1681390435.204
2	875.0	18.0313	1681390435.708
2	875.5	18.0188	1681390436.200
2	876.0	18.0232	1681390436.704
2	876.5	18.0306	1681390437.208
2	877.0	18.0418	1681390437.700
2	877.5	18.0437	1681390438.204
2	878.0	18.0445	1681390438.708
2	878.5	18.0360	1681390439.200
2	879.0	18.0246	1681390439.705
2	879.5	18.0249	1681390440.208
2	880.0	18.0372	1681390440.700
2	880.5	18.0480	1681390441.204
2	881.0	18.0373	1681390441.708
2	881.5	18.0601	1681390442.200
2	882.0	18.0471	1681390442.704
2	882.5	18.0534	1681390443.208
2	883.0	18.0519	1681390443.700
2	883.5	18.0398	1681390444.204
2	884.0	18.0224	1681390444.708
2	884.5	18.0346	1681390445.200
2	885.0	18.0297	1681390445.704
2	885.5	18.0290	1681390446.208
2	886.0	18.0360	1681390446.700
2	886.5	18.0300	1681390447.204
2	887.0	18.0379	1681390447.708
2	887.5	18.0358	1681390448.200
2	888.0	18.0402	1681390448.704
2	888.5	18.0436	1681390449.208
2	889.0	18.0426	1681390449.700
2	889.5	18.0302	1681390450.204
2	890.0	18.0177	1681390450.708
2	890.5	18.0166	1681390451.200
2	891.0	18.0287	1681390451.704
2	891.5	18.0399	1681390452.208
2	892.0	18.0157	1681390452.700
2	892.5	18.0429	1681390453.204
2	893.0	18.0204	1681390453.708
2	893.5	18.0434	1681390454.200
2	894.0	18.0388	1681390454.704
2	894.5	18.0351	1681390455.208
2	895.0	18.0450	1681390455.700
2	895.5	18.0287	1681390456.204
2	896.0	18.0439	1681390456.708
2	896.5	18.0423	1681390457.200
2	897.0	18.0409	1681390457.704
2	897.5	18.0327	1681390458.208
2	898.0	18.0316	1681390458.700
2	898.5	18.0285	1681390459.203
2	899.0	18.0236	1681390459.707
2	899.5	18.0269	1681390460.199
2	900.0	18.0329	1681390460.703
2	900.5	18.0376	1681390461.207
2	901.0	18.0364	1681390461.699
2	901.5	18.0365	1681390462.203
2	902.0	18.0335	1681390462.707
2	902.5	18.0173	1681390463.199
2	903.0	18.0313	1681390463.703
2	903.5	18.0294	1681390464.207
2	904.0	18.0364	1681390464.699
2	904.5	18.0357	1681390465.203
2	905.0	18.0370	1681390465.707
2	905.5	18.0316	1681390466.199
2	906.0	18.0356	1681390466.703
2	906.5	18.0363	1681390467.207
2	907.0	18.0282	1681390467.699
2	907.5	18.0301	1681390468.203
2	908.0	18.0238	1681390468.707
2	908.5	18.0266	1681390469.199
2	909.0	18.0270	1681390469.703
2	909.5	18.0343	1681390470.207
2	910.0	18.0365	1681390470.699
2	910.5	18.0346	1681390471.203
2	911.0	18.0266	1681390471.707
2	911.5	18.0303	1681390472.199
2	912.0	18.0318	1681390472.703
2	912.5	18.0347	1681390473.207
2	913.0	18.0319	1681390473.699
2	913.5	18.0305	1681390474.203
2	914.0	18.0462	1681390474.707
2	914.5	18.0492	1681390475.199
2	915.0	18.0408	1681390475.703
2	915.5	18.0321	1681390476.207
2	916.0	18.0448	1681390476.699
2	916.5	18.0542	1681390477.203
2	917.0	18.0548	1681390477.707
2	917.5	18.0507	1681390478.211
2	918.0	18.0499	1681390478.703
2	918.5	18.0510	1681390479.207
2	919.0	18.0508	1681390479.699
2	919.5	18.0496	1681390480.203
2	920.0	18.0528	1681390480.707
2	920.5	18.0510	1681390481.211
2	921.0	18.0922	1681390481.703
2	921.5	18.0806	1681390482.207
2	922.0	18.0808	1681390482.699
2	922.5	18.0830	1681390483.203
2	923.0	18.0699	1681390483.707
2	923.5	18.0577	1681390484.210
2	924.0	18.0658	1681390484.703
2	924.5	18.0636	1681390485.206
2	925.0	18.0553	1681390485.699
2	925.5	18.0688	1681390486.202
2	926.0	18.0704	1681390486.706
2	926.5	18.0517	1681390487.210
2	927.0	18.0561	1681390487.702
2	927.5	18.0565	1681390488.206
2	928.0	18.0509	1681390488.698
2	928.5	18.0431	1681390489.202
2	929.0	18.0452	1681390489.706
2	929.5	18.0449	1681390490.210
2	930.0	18.0645	1681390490.702
2	930.5	18.0610	1681390491.206
2	931.0	18.0553	1681390491.698
2	931.5	18.0517	1681390492.202
2	932.0	18.0458	1681390492.706
2	932.5	18.0411	1681390493.210
2	933.0	18.0369	1681390493.702
2	933.5	18.0344	1681390494.206
2	934.0	18.0299	1681390494.698
2	934.5	18.0353	1681390495.202
2	935.0	18.0568	1681390495.706
2	935.5	18.0527	1681390496.210
2	936.0	18.0499	1681390496.702
2	936.5	18.0407	1681390497.206
2	937.0	18.0534	1681390497.698
2	937.5	18.0609	1681390498.202
2	938.0	18.0589	1681390498.706
2	938.5	18.0552	1681390499.210
2	939.0	18.0553	1681390499.702
2	939.5	18.0512	1681390500.206
2	940.0	18.0512	1681390500.710
2	940.5	18.0452	1681390501.202
2	941.0	18.0473	1681390501.706
2	941.5	18.0487	1681390502.210
2	942.0	18.0456	1681390502.702
2	942.5	18.0568	1681390503.206
2	943.0	18.0400	1681390503.710
2	943.5	18.0289	1681390504.202
2	944.0	18.0289	1681390504.706
2	944.5	18.0651	1681390505.210
2	945.0	18.0418	1681390505.702
2	945.5	18.0801	1681390506.206
2	946.0	18.0762	1681390506.709
2	946.5	18.0598	1681390507.202
2	947.0	18.0600	1681390507.706
2	947.5	18.0792	1681390508.209
2	948.0	18.0746	1681390508.702
2	948.5	18.0705	1681390509.206
2	949.0	18.0691	1681390509.709
2	949.5	18.0720	1681390510.202
2	950.0	18.0825	1681390510.705
2	950.5	18.0809	1681390511.209
2	951.0	18.0676	1681390511.701
2	951.5	18.0639	1681390512.205
2	952.0	18.0637	1681390512.709
2	952.5	18.0545	1681390513.201
2	953.0	18.0833	1681390513.705
2	953.5	18.1008	1681390514.209
2	954.0	18.0953	1681390514.702
2	954.5	18.0634	1681390515.205
2	955.0	18.0541	1681390515.709
2	955.5	18.0571	1681390516.201
2	956.0	18.0527	1681390516.705
2	956.5	18.0434	1681390517.209
2	957.0	18.0373	1681390517.701
2	957.5	18.0490	1681390518.205
2	958.0	18.0410	1681390518.709
2	958.5	18.0557	1681390519.201
2	959.0	18.0503	1681390519.705
2	959.5	18.0773	1681390520.209
2	960.0	18.0490	1681390520.701
2	960.5	18.0433	1681390521.205
2	961.0	18.0384	1681390521.709
2	961.5	18.0593	1681390522.201
2	962.0	18.0482	1681390522.705
2	962.5	18.0281	1681390523.209
2	963.0	18.0494	1681390523.701
2	963.5	18.0318	1681390524.205
2	964.0	18.0405	1681390524.709
2	964.5	18.0423	1681390525.201
2	965.0	18.0591	1681390525.705
2	965.5	18.0554	1681390526.209
2	966.0	18.0497	1681390526.701
2	966.5	18.0709	1681390527.205
2	967.0	18.0601	1681390527.709
2	967.5	18.0550	1681390528.201
2	968.0	18.0617	1681390528.705
2	968.5	18.0608	1681390529.209
2	969.0	18.0554	1681390529.701
2	969.5	18.0423	1681390530.205
2	970.0	18.0494	1681390530.708
2	970.5	18.0441	1681390531.201
2	971.0	18.0322	1681390531.705
2	971.5	18.0419	1681390532.208
2	972.0	18.0369	1681390532.701
2	972.5	18.0406	1681390533.205
2	973.0	18.0436	1681390533.708
2	973.5	18.0434	1681390534.201
2	974.0	18.0432	1681390534.704
2	974.5	18.0370	1681390535.208
2	975.0	18.0387	1681390535.701
2	975.5	18.0370	1681390536.204
2	976.0	18.0338	1681390536.708
2	976.5	18.0325	1681390537.200
2	977.0	18.0354	1681390537.704
2	977.5	18.0323	1681390538.208
2	978.0	18.0326	1681390538.700
2	978.5	18.0386	1681390539.204
2	979.0	18.0384	1681390539.708
2	979.5	18.0503	1681390540.200
2	980.0	18.0435	1681390540.704
2	980.5	18.0459	1681390541.208
2	981.0	18.0538	1681390541.700
2	981.5	18.0518	1681390542.204
2	982.0	18.0378	1681390542.708
2	982.5	18.0382	1681390543.200
2	983.0	18.0400	1681390543.704
2	983.5	18.0339	1681390544.208
2	984.0	18.0394	1681390544.700
2	984.5	18.0340	1681390545.204
2	985.0	18.0400	1681390545.708
2	985.5	18.0615	1681390546.200
2	986.0	18.0630	1681390546.704
2	986.5	18.0474	1681390547.208
2	987.0	18.0328	1681390547.700
2	987.5	18.0372	1681390548.204
2	988.0	18.0644	1681390548.708
2	988.5	18.0733	1681390549.200
2	989.0	18.0661	1681390549.704
2	989.5	18.0596	1681390550.208
2	990.0	18.0492	1681390550.700
2	990.5	18.0524	1681390551.204
2	991.0	18.0584	1681390551.708
2	991.5	18.0521	1681390552.200
2	992.0	18.0481	1681390552.704
2	992.5	18.0763	1681390553.208
2	993.0	18.0625	1681390553.700
2	993.5	18.0621	1681390554.204
2	994.0	18.0534	1681390554.708
2	994.5	18.0605	1681390555.200
2	995.0	18.0511	1681390555.704
2	995.5	18.0511	1681390556.207
2	996.0	18.0514	1681390556.700
2	996.5	18.0431	1681390557.204
2	997.0	18.0358	1681390557.707
2	997.5	18.0415	1681390558.199
2	998.0	18.0645	1681390558.703
2	998.5	18.0668	1681390559.207
2	999.0	18.0632	1681390559.700
2	999.5	18.0728	1681390560.203
2	1000.0	18.0739	1681390560.707
2	1000.5	18.0601	1681390561.211
2	1001.0	18.0607	1681390561.703
2	1001.5	18.0655	1681390562.207
2	1002.0	18.0568	1681390562.699
2	1002.5	18.0609	1681390563.203
2	1003.0	18.0686	1681390563.707
2	1003.5	18.0620	1681390564.211
2	1004.0	18.0635	1681390564.703
2	1004.5	18.0712	1681390565.207
2	1005.0	18.0600	1681390565.699
2	1005.5	18.0589	1681390566.203
2	1006.0	18.0681	1681390566.707
2	1006.5	18.0609	1681390567.211
2	1007.0	18.0750	1681390567.703
2	1007.5	18.0648	1681390568.207
2	1008.0	18.0577	1681390568.711
2	1008.5	18.0562	1681390569.203
2	1009.0	18.0462	1681390569.707
2	1009.5	18.0534	1681390570.211
2	1010.0	18.0510	1681390570.703
2	1010.5	18.0550	1681390571.207
2	1011.0	18.0611	1681390571.711
2	1011.5	18.0559	1681390572.203
2	1012.0	18.0610	1681390572.707
2	1012.5	18.0654	1681390573.211
2	1013.0	18.0488	1681390573.703
2	1013.5	18.0555	1681390574.207
2	1014.0	18.0560	1681390574.711
2	1014.5	18.0501	1681390575.203
2	1015.0	18.0507	1681390575.707
2	1015.5	18.0525	1681390576.211
2	1016.0	18.0597	1681390576.703
2	1016.5	18.0559	1681390577.207
2	1017.0	18.0455	1681390577.711
2	1017.5	18.0434	1681390578.203
2	1018.0	18.0558	1681390578.707
2	1018.5	18.0504	1681390579.211
2	1019.0	18.0792	1681390579.703
2	1019.5	18.0701	1681390580.207
2	1020.0	18.0680	1681390580.710
2	1020.5	18.0544	1681390581.203
2	1021.0	18.0475	1681390581.706
2	1021.5	18.0593	1681390582.210
2	1022.0	18.0575	1681390582.703
2	1022.5	18.0446	1681390583.206
2	1023.0	18.0506	1681390583.710
2	1023.5	18.0463	1681390584.203
2	1024.0	18.0410	1681390584.706
2	1024.5	18.0458	1681390585.210
2	1025.0	18.0582	1681390585.703
2	1025.5	18.0569	1681390586.206
2	1026.0	18.0497	1681390586.710
2	1026.5	18.0456	1681390587.202
2	1027.0	18.0384	1681390587.706
2	1027.5	18.0400	1681390588.210
2	1028.0	18.0445	1681390588.702
2	1028.5	18.0448	1681390589.206
2	1029.0	18.0601	1681390589.710
2	1029.5	18.0623	1681390590.202
2	1030.0	18.0422	1681390590.706
2	1030.5	18.0423	1681390591.210
2	1031.0	18.0386	1681390591.702
2	1031.5	18.0527	1681390592.206
2	1032.0	18.0580	1681390592.710
2	1032.5	18.0540	1681390593.202
2	1033.0	18.0506	1681390593.706
2	1033.5	18.0529	1681390594.210
2	1034.0	18.0613	1681390594.702
2	1034.5	18.0425	1681390595.206
2	1035.0	18.0495	1681390595.710
2	1035.5	18.0543	1681390596.202
2	1036.0	18.0515	1681390596.706
2	1036.5	18.0472	1681390597.210
2	1037.0	18.0455	1681390597.702
2	1037.5	18.0490	1681390598.206
2	1038.0	18.0433	1681390598.710
2	1038.5	18.0393	1681390599.202
2	1039.0	18.0355	1681390599.706
2	1039.5	18.0447	1681390600.210
2	1040.0	18.0381	1681390600.702
2	1040.5	18.0442	1681390601.206
2	1041.0	18.0337	1681390601.710
2	1041.5	18.0357	1681390602.202
2	1042.0	18.0291	1681390602.706
2	1042.5	18.0293	1681390603.210
2	1043.0	18.0361	1681390603.702
2	1043.5	18.0273	1681390604.206
2	1044.0	18.0369	1681390604.710
2	1044.5	18.0372	1681390605.202
2	1045.0	18.0364	1681390605.706
2	1045.5	18.0405	1681390606.209
2	1046.0	18.0446	1681390606.702
2	1046.5	18.0538	1681390607.205
2	1047.0	18.0530	1681390607.709
2	1047.5	18.0485	1681390608.202
2	1048.0	18.0469	1681390608.705
2	1048.5	18.0463	1681390609.209
2	1049.0	18.0466	1681390609.702
2	1049.5	18.0433	1681390610.205
2	1050.0	18.0455	1681390610.709
2	1050.5	18.0474	1681390611.201
2	1051.0	18.0424	1681390611.705
2	1051.5	18.0417	1681390612.209
2	1052.0	18.0427	1681390612.701
2	1052.5	18.0498	1681390613.205
2	1053.0	18.0501	1681390613.709
2	1053.5	18.0479	1681390614.201
2	1054.0	18.0486	1681390614.705
2	1054.5	18.0454	1681390615.209
2	1055.0	18.0515	1681390615.701
2	1055.5	18.0511	1681390616.205
2	1056.0	18.0549	1681390616.709
2	1056.5	18.0573	1681390617.201
2	1057.0	18.0594	1681390617.705
2	1057.5	18.0521	1681390618.209
2	1058.0	18.0468	1681390618.701
2	1058.5	18.0509	1681390619.205
2	1059.0	18.0568	1681390619.709
2	1059.5	18.0599	1681390620.201
2	1060.0	18.0679	1681390620.705
2	1060.5	18.0566	1681390621.209
2	1061.0	18.0490	1681390621.701
2	1061.5	18.0467	1681390622.205
2	1062.0	18.0607	1681390622.709
2	1062.5	18.0677	1681390623.201
2	1063.0	18.0631	1681390623.705
2	1063.5	18.0620	1681390624.209
2	1064.0	18.0595	1681390624.701
2	1064.5	18.0591	1681390625.205
2	1065.0	18.0689	1681390625.709
2	1065.5	18.0656	1681390626.201
2	1066.0	18.0590	1681390626.705
2	1066.5	18.0585	1681390627.209
2	1067.0	18.0603	1681390627.701
2	1067.5	18.0615	1681390628.205
2	1068.0	18.0665	1681390628.709
2	1068.5	18.0785	1681390629.201
2	1069.0	18.0794	1681390629.705
2	1069.5	18.0685	1681390630.209
2	1070.0	18.0748	1681390630.701
2	1070.5	18.0856	1681390631.205
2	1071.0	18.0909	1681390631.708
2	1071.5	18.0818	1681390632.201
2	1072.0	18.0877	1681390632.704
2	1072.5	18.0748	1681390633.208
2	1073.0	18.0776	1681390633.701
2	1073.5	18.0835	1681390634.204
2	1074.0	18.0774	1681390634.708
2	1074.5	18.0797	1681390635.200
2	1075.0	18.0954	1681390635.704
2	1075.5	18.0976	1681390636.208
2	1076.0	18.0898	1681390636.700
2	1076.5	18.0757	1681390637.204
2	1077.0	18.0879	1681390637.708
2	1077.5	18.0997	1681390638.200
2	1078.0	18.0986	1681390638.704
2	1078.5	18.0849	1681390639.208
2	1079.0	18.0788	1681390639.700
2	1079.5	18.0830	1681390640.204
2	1080.0	18.0805	1681390640.708
2	1080.5	18.0832	1681390641.200
2	1081.0	18.0739	1681390641.704
2	1081.5	18.0630	1681390642.208
2	1082.0	18.0618	1681390642.700
2	1082.5	18.0837	1681390643.204
2	1083.0	18.0965	1681390643.708
2	1083.5	18.0867	1681390644.200
2	1084.0	18.0855	1681390644.704
2	1084.5	18.0780	1681390645.208
2	1085.0	18.0794	1681390645.700
2	1085.5	18.0781	1681390646.204
2	1086.0	18.0650	1681390646.708
2	1086.5	18.0602	1681390647.200
2	1087.0	18.0740	1681390647.704
2	1087.5	18.0658	1681390648.208
2	1088.0	18.0636	1681390648.700
2	1088.5	18.0672	1681390649.204
2	1089.0	18.0755	1681390649.708
2	1089.5	18.0725	1681390650.212
2	1090.0	18.0725	1681390650.704
2	1090.5	18.0360	1681390651.208
2	1091.0	18.0512	1681390651.700
2	1091.5	18.0583	1681390652.204
2	1092.0	18.0662	1681390652.708
2	1092.5	18.0757	1681390653.212
2	1093.0	18.0727	1681390653.704
2	1093.5	18.0776	1681390654.208
2	1094.0	18.0717	1681390654.700
2	1094.5	18.0682	1681390655.204
2	1095.0	18.0673	1681390655.708
2	1095.5	18.0732	1681390656.211
2	1096.0	18.0773	1681390656.704
2	1096.5	18.0828	1681390657.207
2	1097.0	18.0770	1681390657.700
2	1097.5	18.0753	1681390658.203
2	1098.0	18.0739	1681390658.707
2	1098.5	18.0726	1681390659.211
2	1099.0	18.0707	1681390659.703
2	1099.5	18.0672	1681390660.207
2	1100.0	18.0603	1681390660.699
2	1100.5	18.0646	1681390661.203
2	1101.0	18.0608	1681390661.707
2	1101.5	18.0602	1681390662.211
2	1102.0	18.0640	1681390662.703
2	1102.5	18.0824	1681390663.207
2	1103.0	18.0851	1681390663.699
2	1103.5	18.0730	1681390664.203
2	1104.0	18.0682	1681390664.707
2	1104.5	18.0715	1681390665.211
2	1105.0	18.0696	1681390665.703
2	1105.5	18.0636	1681390666.207
2	1106.0	18.0662	1681390666.699
2	1106.5	18.0708	1681390667.203
2	1107.0	18.0711	1681390667.707
2	1107.5	18.0657	1681390668.211
2	1108.0	18.0636	1681390668.703
2	1108.5	18.0731	1681390669.207
2	1109.0	18.0820	1681390669.711
2	1109.5	18.0784	1681390670.203
2	1110.0	18.0544	1681390670.707
2	1110.5	18.0528	1681390671.211
2	1111.0	18.0532	1681390671.703
2	1111.5	18.0643	1681390672.207
2	1112.0	18.0658	1681390672.711
2	1112.5	18.0614	1681390673.203
2	1113.0	18.0634	1681390673.707
2	1113.5	18.0642	1681390674.211
2	1114.0	18.0587	1681390674.703
2	1114.5	18.0540	1681390675.207
2	1115.0	18.0498	1681390675.711
2	1115.5	18.0485	1681390676.203
2	1116.0	18.0524	1681390676.707
2	1116.5	18.0539	1681390677.211
2	1117.0	18.0516	1681390677.703
2	1117.5	18.0493	1681390678.207
2	1118.0	18.0474	1681390678.711
2	1118.5	18.0497	1681390679.203
2	1119.0	18.0441	1681390679.707
2	1119.5	18.0529	1681390680.211
2	1120.0	18.0558	1681390680.703
2	1120.5	18.0427	1681390681.207
2	1121.0	18.0525	1681390681.710
2	1121.5	18.0525	1681390682.202
2	1122.0	18.0502	1681390682.706
2	1122.5	18.0470	1681390683.210
2	1123.0	18.0525	1681390683.702
2	1123.5	18.0448	1681390684.206
2	1124.0	18.0416	1681390684.710
2	1124.5	18.0529	1681390685.202
2	1125.0	18.0638	1681390685.706
2	1125.5	18.0464	1681390686.210
2	1126.0	18.0526	1681390686.702
2	1126.5	18.0605	1681390687.206
2	1127.0	18.0590	1681390687.710
2	1127.5	18.0593	1681390688.202
2	1128.0	18.0555	1681390688.706
2	1128.5	18.0672	1681390689.210
2	1129.0	18.0642	1681390689.702
2	1129.5	18.0689	1681390690.206
2	1130.0	18.0575	1681390690.710
2	1130.5	18.0885	1681390691.202
2	1131.0	18.0828	1681390691.706
2	1131.5	18.0625	1681390692.210
2	1132.0	18.0403	1681390692.702
2	1132.5	18.0542	1681390693.206
2	1133.0	18.0672	1681390693.710
2	1133.5	18.0763	1681390694.202
2	1134.0	18.1261	1681390694.706
2	1134.5	18.1016	1681390695.210
2	1135.0	18.1204	1681390695.702
2	1135.5	18.1247	1681390696.206
2	1136.0	18.0999	1681390696.710
2	1136.5	18.0894	1681390697.202
2	1137.0	18.0982	1681390697.706
2	1137.5	18.1102	1681390698.210
2	1138.0	18.1081	1681390698.702
2	1138.5	18.1008	1681390699.206
2	1139.0	18.0990	1681390699.710
2	1139.5	18.0929	1681390700.202
2	1140.0	18.0884	1681390700.706
2	1140.5	18.0905	1681390701.210
2	1141.0	18.0808	1681390701.702
2	1141.5	18.0878	1681390702.206
2	1142.0	18.1270	1681390702.710
2	1142.5	18.1453	1681390703.202
2	1143.0	18.1213	1681390703.706
2	1143.5	18.0930	1681390704.210
2	1144.0	18.0898	1681390704.702
2	1144.5	18.1206	1681390705.206
2	1145.0	18.0959	1681390705.709
2	1145.5	18.0691	1681390706.202
2	1146.0	18.0659	1681390706.706
2	1146.5	18.1020	1681390707.209
2	1147.0	18.1198	1681390707.701
2	1147.5	18.0815	1681390708.205
2	1148.0	18.0764	1681390708.709
2	1148.5	18.0603	1681390709.201
2	1149.0	18.0709	1681390709.705
2	1149.5	18.1047	1681390710.209
2	1150.0	18.0890	1681390710.701
2	1150.5	18.0805	1681390711.205
2	1151.0	18.0791	1681390711.709
2	1151.5	18.0620	1681390712.201
2	1152.0	18.0623	1681390712.705
2	1152.5	18.0710	1681390713.209
2	1153.0	18.0855	1681390713.701
2	1153.5	18.0918	1681390714.205
2	1154.0	18.0759	1681390714.709
2	1154.5	18.0568	1681390715.201
2	1155.0	18.0634	1681390715.705
2	1155.5	18.0562	1681390716.209
2	1156.0	18.0764	1681390716.701
2	1156.5	18.0781	1681390717.205
2	1157.0	18.0669	1681390717.709
2	1157.5	18.0797	1681390718.201
2	1158.0	18.0560	1681390718.705
2	1158.5	18.0804	1681390719.209
2	1159.0	18.0665	1681390719.701
2	1159.5	18.0708	1681390720.205
2	1160.0	18.0683	1681390720.709
2	1160.5	18.0715	1681390721.201
2	1161.0	18.0831	1681390721.705
2	1161.5	18.0667	1681390722.209
2	1162.0	18.0690	1681390722.701
2	1162.5	18.0686	1681390723.205
2	1163.0	18.0828	1681390723.709
2	1163.5	18.0826	1681390724.201
2	1164.0	18.0839	1681390724.705
2	1164.5	18.0803	1681390725.209
2	1165.0	18.0725	1681390725.701
2	1165.5	18.0776	1681390726.205
2	1166.0	18.0766	1681390726.709
2	1166.5	18.0724	1681390727.201
2	1167.0	18.0673	1681390727.705
2	1167.5	18.0622	1681390728.209
2	1168.0	18.0625	1681390728.701
2	1168.5	18.0615	1681390729.205
2	1169.0	18.0587	1681390729.708
2	1169.5	18.0606	1681390730.201
2	1170.0	18.0608	1681390730.705
2	1170.5	18.0694	1681390731.208
2	1171.0	18.0717	1681390731.701
2	1171.5	18.0657	1681390732.205
2	1172.0	18.0673	1681390732.708
2	1172.5	18.0630	1681390733.200
2	1173.0	18.0650	1681390733.704
2	1173.5	18.0560	1681390734.208
2	1174.0	18.0698	1681390734.700
2	1174.5	18.0577	1681390735.204
2	1175.0	18.0572	1681390735.708
2	1175.5	18.0639	1681390736.200
2	1176.0	18.0526	1681390736.704
2	1176.5	18.0490	1681390737.208
2	1177.0	18.0471	1681390737.700
2	1177.5	18.0495	1681390738.204
2	1178.0	18.0506	1681390738.708
2	1178.5	18.0466	1681390739.200
2	1179.0	18.0499	1681390739.704
2	1179.5	18.0590	1681390740.208
2	1180.0	18.0609	1681390740.700
2	1180.5	18.0521	1681390741.204
2	1181.0	18.0482	1681390741.708
2	1181.5	18.0478	1681390742.200
2	1182.0	18.0424	1681390742.704
2	1182.5	18.0433	1681390743.208
2	1183.0	18.0368	1681390743.700
2	1183.5	18.0322	1681390744.204
2	1184.0	18.0364	1681390744.708
2	1184.5	18.0383	1681390745.212
2	1185.0	18.0585	1681390745.704
2	1185.5	18.0488	1681390746.208
2	1186.0	18.0547	1681390746.700
2	1186.5	18.0626	1681390747.204
2	1187.0	18.0521	1681390747.708
2	1187.5	18.0486	1681390748.212
2	1188.0	18.0494	1681390748.704
2	1188.5	18.0508	1681390749.208
2	1189.0	18.0321	1681390749.700
2	1189.5	18.0386	1681390750.204
2	1190.0	18.0467	1681390750.708
2	1190.5	18.0646	1681390751.212
2	1191.0	18.0572	1681390751.704
2	1191.5	18.0527	1681390752.208
2	1192.0	18.0499	1681390752.700
2	1192.5	18.0502	1681390753.204
2	1193.0	18.0470	1681390753.708
2	1193.5	18.0465	1681390754.211
2	1194.0	18.0468	1681390754.704
2	1194.5	18.0454	1681390755.207
2	1195.0	18.0359	1681390755.700
2	1195.5	18.0442	1681390756.204
2	1196.0	18.0338	1681390756.707
2	1196.5	18.0350	1681390757.211
2	1197.0	18.0435	1681390757.703
2	1197.5	18.0373	1681390758.207
2	1198.0	18.0381	1681390758.700
2	1198.5	18.0314	1681390759.203
2	1199.0	18.0427	1681390759.707
2	1199.5	18.0470	1681390760.211
2	1200.0	18.0384	1681390760.704
2	1200.5	18.0319	1681390761.207
2	1201.0	18.0438	1681390761.699
2	1201.5	18.0590	1681390762.203
2	1202.0	18.0535	1681390762.707
2	1202.5	18.0504	1681390763.211
2	1203.0	18.0497	1681390763.703
2	1203.5	18.0460	1681390764.207
2	1204.0	18.0476	1681390764.711
2	1204.5	18.0386	1681390765.203
2	1205.0	18.0492	1681390765.707
2	1205.5	18.0497	1681390766.211
2	1206.0	18.0515	1681390766.703
2	1206.5	18.0523	1681390767.207
2	1207.0	18.0503	1681390767.711
2	1207.5	18.0512	1681390768.203
2	1208.0	18.0478	1681390768.707
2	1208.5	18.0605	1681390769.211
2	1209.0	18.0615	1681390769.703
2	1209.5	18.0597	1681390770.207
2	1210.0	18.0549	1681390770.711
2	1210.5	18.0591	1681390771.203
2	1211.0	18.0532	1681390771.707
2	1211.5	18.0484	1681390772.211
2	1212.0	18.0505	1681390772.703
2	1212.5	18.0532	1681390773.207
2	1213.0	18.0578	1681390773.711
2	1213.5	18.0544	1681390774.203
2	1214.0	18.0519	1681390774.707
2	1214.5	18.0524	1681390775.211
2	1215.0	18.0500	1681390775.703
2	1215.5	18.0485	1681390776.207
2	1216.0	18.0517	1681390776.711
2	1216.5	18.0496	1681390777.203
2	1217.0	18.0463	1681390777.707
2	1217.5	18.0470	1681390778.210
2	1218.0	18.0405	1681390778.703
2	1218.5	18.0404	1681390779.207
2	1219.0	18.0517	1681390779.710
2	1219.5	18.0504	1681390780.203
2	1220.0	18.0520	1681390780.706
2	1220.5	18.0627	1681390781.210
2	1221.0	18.0587	1681390781.703
2	1221.5	18.0643	1681390782.206
2	1222.0	18.0678	1681390782.710
2	1222.5	18.0597	1681390783.202
2	1223.0	18.0487	1681390783.706
2	1223.5	18.0580	1681390784.210
2	1224.0	18.0673	1681390784.702
2	1224.5	18.0611	1681390785.206
2	1225.0	18.0640	1681390785.710
2	1225.5	18.0675	1681390786.202
2	1226.0	18.0745	1681390786.706
2	1226.5	18.0673	1681390787.210
2	1227.0	18.0665	1681390787.702
2	1227.5	18.0669	1681390788.206
2	1228.0	18.0692	1681390788.710
2	1228.5	18.0740	1681390789.202
2	1229.0	18.0751	1681390789.706
2	1229.5	18.0669	1681390790.210
2	1230.0	18.0647	1681390790.702
2	1230.5	18.0661	1681390791.206
2	1231.0	18.0736	1681390791.710
2	1231.5	18.0693	1681390792.202
2	1232.0	18.0632	1681390792.706
2	1232.5	18.0603	1681390793.210
2	1233.0	18.0531	1681390793.702
2	1233.5	18.0589	1681390794.206
2	1234.0	18.0700	1681390794.710
2	1234.5	18.0567	1681390795.202
2	1235.0	18.0513	1681390795.706
2	1235.5	18.0589	1681390796.210
2	1236.0	18.0659	1681390796.702
2	1236.5	18.0685	1681390797.206
2	1237.0	18.0685	1681390797.710
2	1237.5	18.0694	1681390798.202
2	1238.0	18.0739	1681390798.706
2	1238.5	18.0666	1681390799.210
2	1239.0	18.0690	1681390799.702
2	1239.5	18.0685	1681390800.206
2	1240.0	18.0607	1681390800.710
2	1240.5	18.0605	1681390801.202
2	1241.0	18.0654	1681390801.706
2	1241.5	18.0702	1681390802.210
2	1242.0	18.0730	1681390802.702
2	1242.5	18.0696	1681390803.206
2	1243.0	18.0668	1681390803.709
2	1243.5	18.0703	1681390804.202
2	1244.0	18.0704	1681390804.706
2	1244.5	18.0646	1681390805.209
2	1245.0	18.0640	1681390805.702
2	1245.5	18.0531	1681390806.205
2	1246.0	18.0589	1681390806.709
2	1246.5	18.0583	1681390807.202
2	1247.0	18.0433	1681390807.705
2	1247.5	18.0619	1681390808.209
2	1248.0	18.0704	1681390808.701
2	1248.5	18.0479	1681390809.205
2	1249.0	18.0628	1681390809.709
2	1249.5	18.0698	1681390810.201
2	1250.0	18.0633	1681390810.705
2	1250.5	18.0616	1681390811.209
2	1251.0	18.0733	1681390811.701
2	1251.5	18.0653	1681390812.205
2	1252.0	18.0661	1681390812.709
2	1252.5	18.0641	1681390813.201
2	1253.0	18.0640	1681390813.705
2	1253.5	18.0537	1681390814.209
2	1254.0	18.0578	1681390814.702
2	1254.5	18.0487	1681390815.205
2	1255.0	18.0495	1681390815.709
2	1255.5	18.0571	1681390816.201
2	1256.0	18.0615	1681390816.705
2	1256.5	18.0617	1681390817.209
2	1257.0	18.0580	1681390817.701
2	1257.5	18.0610	1681390818.205
2	1258.0	18.0649	1681390818.709
2	1258.5	18.0762	1681390819.201
2	1259.0	18.0706	1681390819.705
2	1259.5	18.0662	1681390820.209
2	1260.0	18.0546	1681390820.701
2	1260.5	18.0684	1681390821.205
2	1261.0	18.0636	1681390821.709
2	1261.5	18.0561	1681390822.201
2	1262.0	18.0558	1681390822.705
2	1262.5	18.0718	1681390823.209
2	1263.0	18.0658	1681390823.701
