# Log Ver: CODA_2T 0.0.1 Prog Ver: 0.0.1 Sensor: 212718 Depth 0 2023-04-13 12:39:17 UTC 
# id model = RBRcoda3, version = 1.059, serial = 212718, fwtype = 107, flavour = rt
# reldepth stime temp time
7	0.5	17.3675	1681389561.196
7	1.0	17.3687	1681389561.700
7	1.5	17.3668	1681389562.192
7	2.0	17.3618	1681389562.696
7	2.5	17.3583	1681389563.200
7	3.0	17.3564	1681389563.692
7	3.5	17.3525	1681389564.196
7	4.0	17.3514	1681389564.700
7	4.5	17.3504	1681389565.192
7	5.0	17.3474	1681389565.696
7	5.5	17.3437	1681389566.200
7	6.0	17.3394	1681389566.692
7	6.5	17.3403	1681389567.196
7	7.0	17.3438	1681389567.700
7	7.5	17.3477	1681389568.192
7	8.0	17.3536	1681389568.696
7	8.5	17.3668	1681389569.200
7	9.0	17.3757	1681389569.692
7	9.5	17.3766	1681389570.196
7	10.0	17.3777	1681389570.699
7	10.5	17.3834	1681389571.192
7	11.0	17.3870	1681389571.696
7	11.5	17.3911	1681389572.200
7	12.0	17.3946	1681389572.691
7	12.5	17.3969	1681389573.196
7	13.0	17.3944	1681389573.700
7	13.5	17.3941	1681389574.191
7	14.0	17.3866	1681389574.696
7	14.5	17.3797	1681389575.199
7	15.0	17.3781	1681389575.691
7	15.5	17.3753	1681389576.195
7	16.0	17.3755	1681389576.700
7	16.5	17.3749	1681389577.191
7	17.0	17.3756	1681389577.696
7	17.5	17.3699	1681389578.199
7	18.0	17.3673	1681389578.692
7	18.5	17.3714	1681389579.195
7	19.0	17.3801	1681389579.700
7	19.5	17.3796	1681389580.191
7	20.0	17.3765	1681389580.695
7	20.5	17.3749	1681389581.199
7	21.0	17.3730	1681389581.691
7	21.5	17.3743	1681389582.195
7	22.0	17.3725	1681389582.699
7	22.5	17.3790	1681389583.191
7	23.0	17.3819	1681389583.695
7	23.5	17.3875	1681389584.199
7	24.0	17.3936	1681389584.691
7	24.5	17.3956	1681389585.195
7	25.0	17.4047	1681389585.699
7	25.5	17.4099	1681389586.192
7	26.0	17.4092	1681389586.695
7	26.5	17.4154	1681389587.199
7	27.0	17.4228	1681389587.691
7	27.5	17.4186	1681389588.195
7	28.0	17.4139	1681389588.699
7	28.5	17.4172	1681389589.191
7	29.0	17.4228	1681389589.695
7	29.5	17.4313	1681389590.199
7	30.0	17.4249	1681389590.691
7	30.5	17.3960	1681389591.195
7	31.0	17.3981	1681389591.699
7	31.5	17.4085	1681389592.203
7	32.0	17.3964	1681389592.695
7	32.5	17.3823	1681389593.199
7	33.0	17.3746	1681389593.691
7	33.5	17.3713	1681389594.195
7	34.0	17.3760	1681389594.699
7	34.5	17.3779	1681389595.203
7	35.0	17.3710	1681389595.695
7	35.5	17.3685	1681389596.199
7	36.0	17.3676	1681389596.691
7	36.5	17.3622	1681389597.195
7	37.0	17.3590	1681389597.699
7	37.5	17.3607	1681389598.202
7	38.0	17.3723	1681389598.695
7	38.5	17.3817	1681389599.199
7	39.0	17.3828	1681389599.691
7	39.5	17.3865	1681389600.195
7	40.0	17.3989	1681389600.698
7	40.5	17.4152	1681389601.202
7	41.0	17.4367	1681389601.694
7	41.5	17.4722	1681389602.198
7	42.0	17.4762	1681389602.691
7	42.5	17.4498	1681389603.194
7	43.0	17.4289	1681389603.698
7	43.5	17.4301	1681389604.202
7	44.0	17.4409	1681389604.694
7	44.5	17.4402	1681389605.198
7	45.0	17.4332	1681389605.690
7	45.5	17.4238	1681389606.194
7	46.0	17.4148	1681389606.699
7	46.5	17.4115	1681389607.202
7	47.0	17.4165	1681389607.694
7	47.5	17.4259	1681389608.198
7	48.0	17.4269	1681389608.690
7	48.5	17.4321	1681389609.195
7	49.0	17.4607	1681389609.699
7	49.5	17.4692	1681389610.202
7	50.0	17.4559	1681389610.694
7	50.5	17.4494	1681389611.198
7	51.0	17.4548	1681389611.690
7	51.5	17.4617	1681389612.194
7	52.0	17.4762	1681389612.698
7	52.5	17.4925	1681389613.202
7	53.0	17.4952	1681389613.694
7	53.5	17.4936	1681389614.198
7	54.0	17.4936	1681389614.702
7	54.5	17.5079	1681389615.194
7	55.0	17.5702	1681389615.698
7	55.5	17.5977	1681389616.202
7	56.0	17.5894	1681389616.694
7	56.5	17.5960	1681389617.198
7	57.0	17.5834	1681389617.702
7	57.5	17.5998	1681389618.194
7	58.0	17.6084	1681389618.698
7	58.5	17.6149	1681389619.202
7	59.0	17.6293	1681389619.694
7	59.5	17.6735	1681389620.198
7	60.0	17.7098	1681389620.702
7	60.5	17.7152	1681389621.194
7	61.0	17.6919	1681389621.698
7	61.5	17.6445	1681389622.202
7	62.0	17.6177	1681389622.694
7	62.5	17.6045	1681389623.198
7	63.0	17.5988	1681389623.702
7	63.5	17.6000	1681389624.194
7	64.0	17.6312	1681389624.698
7	64.5	17.7064	1681389625.201
7	65.0	17.7009	1681389625.694
7	65.5	17.7832	1681389626.198
7	66.0	17.8467	1681389626.701
7	66.5	17.8952	1681389627.194
7	67.0	17.8548	1681389627.697
7	67.5	17.8115	1681389628.201
7	68.0	17.7739	1681389628.693
7	68.5	17.7383	1681389629.197
7	69.0	17.7238	1681389629.702
7	69.5	17.7007	1681389630.193
7	70.0	17.6798	1681389630.697
7	70.5	17.6640	1681389631.201
7	71.0	17.6307	1681389631.693
7	71.5	17.6080	1681389632.197
7	72.0	17.5933	1681389632.702
7	72.5	17.5895	1681389633.194
7	73.0	17.5935	1681389633.697
7	73.5	17.6012	1681389634.201
7	74.0	17.5922	1681389634.693
7	74.5	17.5663	1681389635.197
7	75.0	17.5533	1681389635.701
7	75.5	17.5454	1681389636.193
7	76.0	17.5463	1681389636.697
7	76.5	17.5513	1681389637.201
7	77.0	17.5685	1681389637.693
7	77.5	17.5530	1681389638.197
7	78.0	17.5366	1681389638.701
7	78.5	17.5314	1681389639.193
7	79.0	17.5341	1681389639.698
7	79.5	17.5360	1681389640.201
7	80.0	17.5379	1681389640.693
7	80.5	17.5373	1681389641.197
7	81.0	17.5417	1681389641.701
7	81.5	17.5368	1681389642.193
7	82.0	17.5338	1681389642.697
7	82.5	17.5307	1681389643.201
7	83.0	17.5319	1681389643.693
7	83.5	17.5268	1681389644.197
7	84.0	17.5432	1681389644.701
7	84.5	17.5568	1681389645.193
7	85.0	17.5593	1681389645.697
7	85.5	17.5511	1681389646.201
7	86.0	17.5453	1681389646.693
7	86.5	17.5370	1681389647.197
7	87.0	17.5303	1681389647.701
7	87.5	17.5332	1681389648.193
7	88.0	17.5317	1681389648.698
7	88.5	17.5486	1681389649.201
7	89.0	17.6028	1681389649.693
7	89.5	17.6837	1681389650.197
7	90.0	17.7723	1681389650.701
7	90.5	17.7850	1681389651.193
7	91.0	17.7673	1681389651.696
7	91.5	17.7515	1681389652.200
7	92.0	17.7348	1681389652.693
7	92.5	17.7645	1681389653.196
7	93.0	17.8143	1681389653.700
7	93.5	17.8625	1681389654.193
7	94.0	17.8945	1681389654.696
7	94.5	17.8850	1681389655.200
7	95.0	17.8369	1681389655.693
7	95.5	17.7995	1681389656.196
7	96.0	17.8221	1681389656.701
7	96.5	17.8684	1681389657.192
7	97.0	17.9286	1681389657.696
7	97.5	17.9857	1681389658.200
7	98.0	18.0588	1681389658.692
7	98.5	18.0179	1681389659.196
7	99.0	17.9538	1681389659.700
7	99.5	17.9021	1681389660.192
7	100.0	17.8578	1681389660.697
7	100.5	17.8131	1681389661.200
7	101.0	17.7910	1681389661.692
7	101.5	17.7933	1681389662.196
7	102.0	17.8146	1681389662.700
7	102.5	17.8345	1681389663.192
7	103.0	17.9108	1681389663.696
7	103.5	17.9928	1681389664.200
7	104.0	18.0648	1681389664.692
7	104.5	18.1114	1681389665.196
7	105.0	18.0780	1681389665.700
7	105.5	17.9957	1681389666.205
7	106.0	17.9396	1681389666.696
7	106.5	17.8793	1681389667.200
7	107.0	17.8574	1681389667.692
7	107.5	17.9208	1681389668.196
7	108.0	18.0076	1681389668.700
7	108.5	18.0595	1681389669.204
7	109.0	18.0187	1681389669.696
7	109.5	17.9555	1681389670.200
7	110.0	17.8972	1681389670.692
7	110.5	17.8421	1681389671.196
7	111.0	17.7982	1681389671.700
7	111.5	17.7575	1681389672.204
7	112.0	17.7136	1681389672.696
7	112.5	17.6769	1681389673.200
7	113.0	17.7164	1681389673.693
7	113.5	17.7913	1681389674.196
7	114.0	17.8620	1681389674.700
7	114.5	17.9620	1681389675.203
7	115.0	18.0152	1681389675.696
7	115.5	17.9921	1681389676.200
7	116.0	17.9660	1681389676.692
7	116.5	17.9449	1681389677.196
7	117.0	17.9798	1681389677.700
7	117.5	18.0309	1681389678.203
7	118.0	18.0589	1681389678.696
7	118.5	18.1071	1681389679.199
7	119.0	18.1716	1681389679.692
7	119.5	18.2271	1681389680.195
7	120.0	18.3285	1681389680.700
7	120.5	18.3441	1681389681.203
7	121.0	18.2762	1681389681.695
7	121.5	18.1759	1681389682.199
7	122.0	18.0846	1681389682.703
7	122.5	18.0062	1681389683.195
7	123.0	17.9531	1681389683.699
7	123.5	17.9937	1681389684.203
7	124.0	18.0634	1681389684.695
7	124.5	18.1380	1681389685.199
7	125.0	18.2066	1681389685.703
7	125.5	18.2897	1681389686.195
7	126.0	18.3556	1681389686.699
7	126.5	18.4238	1681389687.203
7	127.0	18.4878	1681389687.695
7	127.5	18.5114	1681389688.199
7	128.0	18.5383	1681389688.703
7	128.5	18.5444	1681389689.195
7	129.0	18.5813	1681389689.699
7	129.5	18.6245	1681389690.203
7	130.0	18.6513	1681389690.695
7	130.5	18.6860	1681389691.199
7	131.0	18.6908	1681389691.703
7	131.5	18.7271	1681389692.195
7	132.0	18.7753	1681389692.699
7	132.5	18.8115	1681389693.203
7	133.0	18.8063	1681389693.695
7	133.5	18.8195	1681389694.199
7	134.0	18.7993	1681389694.703
7	134.5	18.8006	1681389695.195
7	135.0	18.7940	1681389695.699
7	135.5	18.7730	1681389696.203
7	136.0	18.7151	1681389696.695
7	136.5	18.6304	1681389697.199
7	137.0	18.5805	1681389697.703
7	137.5	18.6248	1681389698.195
7	138.0	18.6965	1681389698.699
7	138.5	18.7613	1681389699.203
7	139.0	18.8212	1681389699.695
7	139.5	18.8912	1681389700.199
7	140.0	18.9517	1681389700.703
7	140.5	19.0168	1681389701.195
7	141.0	18.9960	1681389701.699
7	141.5	18.9130	1681389702.203
7	142.0	18.8493	1681389702.695
7	142.5	18.8696	1681389703.199
7	143.0	18.9219	1681389703.703
7	143.5	19.0015	1681389704.195
7	144.0	19.0893	1681389704.698
7	144.5	19.1393	1681389705.202
7	145.0	19.1744	1681389705.695
7	145.5	19.2282	1681389706.198
7	146.0	19.2666	1681389706.702
7	146.5	19.2844	1681389707.194
7	147.0	19.3151	1681389707.698
7	147.5	19.2726	1681389708.202
7	148.0	19.2746	1681389708.694
7	148.5	19.2322	1681389709.198
7	149.0	19.2588	1681389709.702
7	149.5	19.3248	1681389710.194
7	150.0	19.3673	1681389710.698
7	150.5	19.2692	1681389711.202
7	151.0	19.1639	1681389711.695
7	151.5	19.1469	1681389712.198
7	152.0	19.1813	1681389712.702
7	152.5	19.2257	1681389713.194
7	153.0	19.2629	1681389713.699
7	153.5	19.3140	1681389714.202
7	154.0	19.3549	1681389714.694
7	154.5	19.3840	1681389715.198
7	155.0	19.4177	1681389715.702
7	155.5	19.4765	1681389716.194
7	156.0	19.5307	1681389716.698
7	156.5	19.5763	1681389717.202
7	157.0	19.5659	1681389717.694
7	157.5	19.5875	1681389718.198
7	158.0	19.6372	1681389718.702
7	158.5	19.6929	1681389719.194
7	159.0	19.7360	1681389719.698
7	159.5	19.7732	1681389720.202
7	160.0	19.7558	1681389720.694
7	160.5	19.7587	1681389721.198
7	161.0	19.7412	1681389721.702
7	161.5	19.7527	1681389722.194
7	162.0	19.7711	1681389722.698
7	162.5	19.7750	1681389723.202
7	163.0	19.7352	1681389723.694
7	163.5	19.7268	1681389724.198
7	164.0	19.7616	1681389724.702
7	164.5	19.8074	1681389725.194
7	165.0	19.8300	1681389725.698
7	165.5	19.8324	1681389726.202
7	166.0	19.8462	1681389726.694
7	166.5	19.7513	1681389727.198
7	167.0	19.5955	1681389727.702
7	167.5	19.4644	1681389728.194
7	168.0	19.3933	1681389728.698
7	168.5	19.3560	1681389729.202
7	169.0	19.3842	1681389729.694
7	169.5	19.4343	1681389730.198
7	170.0	19.4666	1681389730.702
7	170.5	19.5155	1681389731.194
7	171.0	19.5215	1681389731.698
7	171.5	19.4676	1681389732.201
7	172.0	19.3915	1681389732.694
7	172.5	19.3914	1681389733.197
7	173.0	19.3457	1681389733.701
7	173.5	19.3046	1681389734.193
7	174.0	19.1655	1681389734.697
7	174.5	19.0262	1681389735.201
7	175.0	18.8999	1681389735.693
7	175.5	18.7900	1681389736.197
7	176.0	18.7211	1681389736.701
7	176.5	18.7564	1681389737.193
7	177.0	18.8506	1681389737.697
7	177.5	18.9567	1681389738.201
7	178.0	19.0537	1681389738.693
7	178.5	19.1004	1681389739.197
7	179.0	19.0924	1681389739.701
7	179.5	19.0230	1681389740.193
7	180.0	18.9181	1681389740.697
7	180.5	18.8687	1681389741.201
7	181.0	18.7867	1681389741.693
7	181.5	18.7133	1681389742.197
7	182.0	18.6514	1681389742.701
7	182.5	18.6098	1681389743.193
7	183.0	18.6872	1681389743.697
7	183.5	18.6741	1681389744.201
7	184.0	18.6356	1681389744.693
7	184.5	18.6020	1681389745.197
7	185.0	18.6111	1681389745.701
7	185.5	18.6944	1681389746.193
7	186.0	18.7848	1681389746.697
7	186.5	18.8760	1681389747.201
7	187.0	18.8430	1681389747.693
7	187.5	18.7775	1681389748.197
7	188.0	18.6906	1681389748.701
7	188.5	18.6420	1681389749.193
7	189.0	18.6102	1681389749.697
7	189.5	18.5717	1681389750.201
7	190.0	18.5138	1681389750.693
7	190.5	18.4710	1681389751.197
7	191.0	18.4432	1681389751.701
7	191.5	18.4266	1681389752.193
7	192.0	18.3967	1681389752.697
7	192.5	18.3502	1681389753.201
7	193.0	18.2603	1681389753.693
7	193.5	18.2611	1681389754.197
7	194.0	18.2494	1681389754.701
7	194.5	18.2410	1681389755.193
7	195.0	18.2272	1681389755.697
7	195.5	18.2211	1681389756.201
7	196.0	18.2130	1681389756.693
7	196.5	18.1928	1681389757.197
7	197.0	18.1799	1681389757.700
7	197.5	18.1409	1681389758.193
7	198.0	18.1200	1681389758.697
7	198.5	18.1077	1681389759.201
7	199.0	18.1062	1681389759.693
7	199.5	18.1310	1681389760.197
7	200.0	18.1630	1681389760.701
7	200.5	18.1863	1681389761.192
7	201.0	18.2293	1681389761.696
7	201.5	18.1991	1681389762.201
7	202.0	18.1963	1681389762.692
7	202.5	18.1762	1681389763.196
7	203.0	18.0952	1681389763.700
7	203.5	18.0815	1681389764.204
7	204.0	18.0708	1681389764.696
7	204.5	18.0342	1681389765.200
7	205.0	18.0968	1681389765.692
7	205.5	18.1667	1681389766.196
7	206.0	18.1853	1681389766.700
7	206.5	18.1512	1681389767.204
7	207.0	18.1619	1681389767.696
7	207.5	18.1194	1681389768.200
7	208.0	17.9922	1681389768.692
7	208.5	17.8933	1681389769.196
7	209.0	17.8123	1681389769.700
7	209.5	17.8580	1681389770.204
7	210.0	17.9534	1681389770.696
7	210.5	18.0337	1681389771.200
7	211.0	18.0828	1681389771.692
7	211.5	18.1091	1681389772.196
7	212.0	17.9601	1681389772.700
7	212.5	17.9152	1681389773.204
7	213.0	17.8643	1681389773.696
7	213.5	17.8486	1681389774.200
7	214.0	17.9005	1681389774.692
7	214.5	17.9454	1681389775.196
7	215.0	18.0062	1681389775.700
7	215.5	18.0609	1681389776.204
7	216.0	18.1056	1681389776.696
7	216.5	18.1598	1681389777.200
7	217.0	18.1726	1681389777.692
7	217.5	18.2116	1681389778.196
7	218.0	18.2291	1681389778.700
7	218.5	18.2562	1681389779.204
7	219.0	18.2910	1681389779.696
7	219.5	18.3129	1681389780.200
7	220.0	18.3255	1681389780.692
7	220.5	18.3466	1681389781.196
7	221.0	18.3963	1681389781.700
7	221.5	18.4387	1681389782.204
7	222.0	18.5024	1681389782.696
7	222.5	18.5503	1681389783.200
7	223.0	18.5975	1681389783.692
7	223.5	18.6501	1681389784.196
7	224.0	18.6749	1681389784.700
7	224.5	18.6126	1681389785.203
7	225.0	18.4720	1681389785.696
7	225.5	18.4185	1681389786.199
7	226.0	18.3255	1681389786.703
7	226.5	18.2449	1681389787.196
7	227.0	18.1879	1681389787.700
7	227.5	18.2452	1681389788.203
7	228.0	18.1443	1681389788.695
7	228.5	18.0131	1681389789.199
7	229.0	17.9097	1681389789.703
7	229.5	17.8725	1681389790.195
7	230.0	17.8040	1681389790.699
7	230.5	17.6964	1681389791.203
7	231.0	17.6029	1681389791.695
7	231.5	17.5390	1681389792.199
7	232.0	17.4916	1681389792.703
7	232.5	17.4550	1681389793.195
7	233.0	17.4256	1681389793.699
7	233.5	17.4034	1681389794.203
7	234.0	17.3886	1681389794.695
7	234.5	17.3988	1681389795.199
7	235.0	17.3910	1681389795.703
7	235.5	17.3877	1681389796.195
7	236.0	17.3879	1681389796.699
7	236.5	17.3934	1681389797.203
7	237.0	17.3983	1681389797.695
7	237.5	17.4065	1681389798.199
7	238.0	17.4263	1681389798.703
7	238.5	17.4290	1681389799.195
7	239.0	17.4558	1681389799.699
7	239.5	17.4441	1681389800.203
7	240.0	17.4197	1681389800.695
7	240.5	17.4097	1681389801.199
7	241.0	17.3938	1681389801.703
7	241.5	17.3869	1681389802.195
7	242.0	17.3848	1681389802.699
7	242.5	17.3836	1681389803.203
7	243.0	17.3870	1681389803.695
7	243.5	17.3965	1681389804.199
7	244.0	17.4451	1681389804.703
7	244.5	17.4811	1681389805.195
7	245.0	17.4566	1681389805.699
7	245.5	17.4441	1681389806.203
7	246.0	17.4348	1681389806.695
7	246.5	17.4463	1681389807.199
7	247.0	17.4682	1681389807.703
7	247.5	17.4739	1681389808.195
7	248.0	17.4614	1681389808.699
7	248.5	17.4431	1681389809.203
7	249.0	17.4209	1681389809.695
7	249.5	17.4028	1681389810.199
7	250.0	17.3898	1681389810.703
7	250.5	17.3830	1681389811.195
7	251.0	17.3816	1681389811.699
7	251.5	17.3841	1681389812.202
7	252.0	17.3851	1681389812.695
7	252.5	17.3942	1681389813.198
7	253.0	17.4554	1681389813.702
7	253.5	17.4633	1681389814.194
7	254.0	17.5131	1681389814.698
7	254.5	17.5043	1681389815.202
7	255.0	17.4707	1681389815.694
7	255.5	17.4488	1681389816.198
7	256.0	17.4555	1681389816.702
7	256.5	17.4841	1681389817.194
7	257.0	17.5311	1681389817.698
7	257.5	17.5600	1681389818.202
7	258.0	17.5803	1681389818.694
7	258.5	17.5538	1681389819.198
7	259.0	17.5216	1681389819.702
7	259.5	17.4973	1681389820.194
7	260.0	17.4848	1681389820.698
7	260.5	17.4731	1681389821.202
7	261.0	17.4589	1681389821.694
7	261.5	17.4639	1681389822.198
7	262.0	17.4946	1681389822.702
7	262.5	17.4979	1681389823.194
7	263.0	17.5185	1681389823.699
7	263.5	17.5304	1681389824.202
7	264.0	17.5489	1681389824.694
7	264.5	17.5452	1681389825.198
7	265.0	17.5584	1681389825.702
7	265.5	17.5651	1681389826.194
7	266.0	17.5295	1681389826.698
7	266.5	17.5658	1681389827.202
7	267.0	17.5740	1681389827.694
7	267.5	17.5729	1681389828.198
7	268.0	17.5766	1681389828.702
7	268.5	17.5951	1681389829.194
7	269.0	17.6099	1681389829.698
7	269.5	17.6533	1681389830.202
7	270.0	17.7183	1681389830.694
7	270.5	17.7044	1681389831.198
7	271.0	17.6925	1681389831.702
7	271.5	17.6523	1681389832.194
7	272.0	17.6156	1681389832.698
7	272.5	17.5891	1681389833.202
7	273.0	17.5783	1681389833.694
7	273.5	17.5597	1681389834.198
7	274.0	17.5399	1681389834.702
7	274.5	17.5219	1681389835.194
7	275.0	17.5281	1681389835.698
7	275.5	17.5711	1681389836.201
7	276.0	17.6055	1681389836.694
7	276.5	17.6196	1681389837.197
7	277.0	17.6479	1681389837.701
7	277.5	17.6749	1681389838.194
7	278.0	17.7200	1681389838.697
7	278.5	17.7769	1681389839.201
7	279.0	17.7785	1681389839.693
7	279.5	17.8444	1681389840.197
7	280.0	17.7845	1681389840.701
7	280.5	17.7681	1681389841.193
7	281.0	17.7087	1681389841.697
7	281.5	17.6808	1681389842.201
7	282.0	17.6702	1681389842.693
7	282.5	17.6341	1681389843.197
7	283.0	17.5838	1681389843.701
7	283.5	17.5544	1681389844.193
7	284.0	17.5469	1681389844.697
7	284.5	17.6036	1681389845.201
7	285.0	17.6171	1681389845.693
7	285.5	17.6155	1681389846.197
7	286.0	17.6430	1681389846.701
7	286.5	17.6669	1681389847.193
7	287.0	17.6529	1681389847.697
7	287.5	17.6182	1681389848.201
7	288.0	17.6142	1681389848.693
7	288.5	17.6251	1681389849.197
7	289.0	17.6344	1681389849.701
7	289.5	17.6883	1681389850.193
7	290.0	17.7728	1681389850.697
7	290.5	17.8075	1681389851.201
7	291.0	17.8226	1681389851.693
7	291.5	17.8340	1681389852.197
7	292.0	17.7716	1681389852.701
7	292.5	17.7095	1681389853.193
7	293.0	17.6604	1681389853.697
7	293.5	17.6417	1681389854.201
7	294.0	17.6653	1681389854.693
7	294.5	17.7346	1681389855.197
7	295.0	17.7904	1681389855.701
7	295.5	17.8110	1681389856.193
7	296.0	17.8349	1681389856.697
7	296.5	17.8517	1681389857.201
7	297.0	17.8294	1681389857.693
7	297.5	17.7846	1681389858.197
7	298.0	17.7283	1681389858.701
7	298.5	17.7480	1681389859.193
7	299.0	17.8102	1681389859.697
7	299.5	17.8171	1681389860.201
7	300.0	17.8355	1681389860.693
7	300.5	17.8317	1681389861.197
7	301.0	17.8392	1681389861.701
7	301.5	17.8352	1681389862.193
7	302.0	17.7948	1681389862.697
7	302.5	17.7860	1681389863.201
7	303.0	17.8136	1681389863.693
7	303.5	17.8255	1681389864.197
7	304.0	17.7645	1681389864.700
7	304.5	17.7136	1681389865.204
7	305.0	17.7345	1681389865.696
7	305.5	17.8168	1681389866.201
7	306.0	17.8306	1681389866.692
7	306.5	17.8499	1681389867.196
7	307.0	17.9223	1681389867.700
7	307.5	18.0037	1681389868.204
7	308.0	18.0265	1681389868.696
7	308.5	17.9989	1681389869.200
7	309.0	17.9246	1681389869.692
7	309.5	17.8804	1681389870.196
7	310.0	17.8338	1681389870.700
7	310.5	17.7525	1681389871.204
7	311.0	17.7029	1681389871.696
7	311.5	17.6374	1681389872.200
7	312.0	17.6144	1681389872.692
7	312.5	17.5936	1681389873.196
7	313.0	17.5989	1681389873.700
7	313.5	17.6282	1681389874.204
7	314.0	17.6579	1681389874.696
7	314.5	17.6734	1681389875.200
7	315.0	17.6806	1681389875.692
7	315.5	17.6755	1681389876.196
7	316.0	17.6430	1681389876.700
7	316.5	17.6059	1681389877.204
7	317.0	17.5795	1681389877.697
7	317.5	17.5771	1681389878.200
7	318.0	17.6127	1681389878.692
7	318.5	17.6350	1681389879.196
7	319.0	17.5917	1681389879.700
7	319.5	17.6043	1681389880.204
7	320.0	17.6029	1681389880.696
7	320.5	17.6075	1681389881.200
7	321.0	17.6683	1681389881.692
7	321.5	17.7097	1681389882.196
7	322.0	17.7118	1681389882.700
7	322.5	17.6708	1681389883.204
7	323.0	17.6459	1681389883.696
7	323.5	17.6344	1681389884.200
7	324.0	17.5895	1681389884.692
7	324.5	17.5533	1681389885.196
7	325.0	17.5391	1681389885.700
7	325.5	17.5497	1681389886.204
7	326.0	17.5823	1681389886.696
7	326.5	17.6103	1681389887.200
7	327.0	17.6834	1681389887.703
7	327.5	17.6975	1681389888.196
7	328.0	17.7089	1681389888.700
7	328.5	17.6935	1681389889.203
7	329.0	17.6497	1681389889.696
7	329.5	17.6272	1681389890.199
7	330.0	17.5850	1681389890.703
7	330.5	17.5506	1681389891.195
7	331.0	17.5246	1681389891.699
7	331.5	17.5002	1681389892.203
7	332.0	17.4970	1681389892.696
7	332.5	17.4968	1681389893.199
7	333.0	17.4892	1681389893.703
7	333.5	17.4917	1681389894.195
7	334.0	17.5506	1681389894.699
7	334.5	17.5994	1681389895.203
7	335.0	17.6417	1681389895.695
7	335.5	17.5939	1681389896.199
7	336.0	17.5523	1681389896.703
7	336.5	17.5205	1681389897.195
7	337.0	17.5071	1681389897.699
7	337.5	17.5280	1681389898.203
7	338.0	17.5773	1681389898.695
7	338.5	17.6196	1681389899.199
7	339.0	17.6395	1681389899.703
7	339.5	17.6725	1681389900.195
7	340.0	17.6549	1681389900.700
7	340.5	17.6382	1681389901.203
7	341.0	17.6051	1681389901.695
7	341.5	17.5879	1681389902.199
7	342.0	17.6057	1681389902.703
7	342.5	17.6584	1681389903.195
7	343.0	17.7154	1681389903.699
7	343.5	17.7259	1681389904.203
7	344.0	17.7153	1681389904.695
7	344.5	17.6836	1681389905.199
7	345.0	17.6684	1681389905.703
7	345.5	17.6664	1681389906.195
7	346.0	17.6451	1681389906.699
7	346.5	17.6399	1681389907.203
7	347.0	17.6128	1681389907.695
7	347.5	17.6047	1681389908.199
7	348.0	17.6063	1681389908.703
7	348.5	17.6458	1681389909.195
7	349.0	17.6710	1681389909.699
7	349.5	17.6825	1681389910.203
7	350.0	17.6914	1681389910.695
7	350.5	17.7359	1681389911.199
7	351.0	17.7374	1681389911.703
7	351.5	17.7704	1681389912.195
7	352.0	17.7021	1681389912.699
7	352.5	17.6645	1681389913.203
7	353.0	17.6615	1681389913.695
7	353.5	17.6348	1681389914.199
7	354.0	17.6139	1681389914.703
7	354.5	17.5706	1681389915.195
7	355.0	17.5443	1681389915.699
7	355.5	17.5364	1681389916.203
7	356.0	17.5489	1681389916.695
7	356.5	17.5568	1681389917.198
7	357.0	17.5619	1681389917.702
7	357.5	17.5588	1681389918.194
7	358.0	17.5675	1681389918.699
7	358.5	17.5412	1681389919.202
7	359.0	17.5468	1681389919.694
7	359.5	17.5434	1681389920.198
7	360.0	17.5675	1681389920.702
7	360.5	17.5637	1681389921.194
7	361.0	17.5487	1681389921.698
7	361.5	17.5315	1681389922.202
7	362.0	17.5117	1681389922.694
7	362.5	17.4942	1681389923.198
7	363.0	17.4823	1681389923.702
7	363.5	17.4776	1681389924.194
7	364.0	17.4756	1681389924.698
7	364.5	17.4656	1681389925.202
7	365.0	17.4513	1681389925.694
7	365.5	17.4434	1681389926.198
7	366.0	17.4540	1681389926.702
7	366.5	17.4813	1681389927.194
7	367.0	17.4736	1681389927.698
7	367.5	17.4503	1681389928.202
7	368.0	17.4250	1681389928.694
7	368.5	17.4062	1681389929.198
7	369.0	17.4020	1681389929.702
7	369.5	17.4033	1681389930.194
7	370.0	17.4212	1681389930.698
7	370.5	17.4053	1681389931.202
7	371.0	17.3991	1681389931.694
7	371.5	17.3871	1681389932.198
7	372.0	17.3728	1681389932.702
7	372.5	17.3572	1681389933.194
7	373.0	17.3538	1681389933.698
7	373.5	17.3526	1681389934.202
7	374.0	17.3642	1681389934.694
7	374.5	17.3756	1681389935.198
7	375.0	17.3703	1681389935.702
7	375.5	17.3713	1681389936.194
7	376.0	17.3647	1681389936.698
7	376.5	17.3757	1681389937.202
7	377.0	17.4053	1681389937.694
7	377.5	17.4103	1681389938.198
7	378.0	17.4140	1681389938.702
7	378.5	17.3991	1681389939.194
7	379.0	17.3822	1681389939.698
7	379.5	17.3705	1681389940.202
7	380.0	17.3796	1681389940.694
7	380.5	17.3883	1681389941.198
7	381.0	17.3806	1681389941.701
7	381.5	17.4005	1681389942.194
7	382.0	17.3960	1681389942.698
7	382.5	17.3920	1681389943.201
7	383.0	17.4023	1681389943.694
7	383.5	17.4166	1681389944.197
7	384.0	17.4270	1681389944.702
7	384.5	17.4146	1681389945.194
7	385.0	17.4005	1681389945.697
7	385.5	17.4247	1681389946.201
7	386.0	17.4333	1681389946.693
7	386.5	17.4359	1681389947.197
7	387.0	17.4263	1681389947.701
7	387.5	17.4241	1681389948.194
7	388.0	17.4298	1681389948.697
7	388.5	17.4393	1681389949.201
7	389.0	17.4230	1681389949.693
7	389.5	17.3946	1681389950.197
7	390.0	17.3837	1681389950.701
7	390.5	17.3922	1681389951.193
7	391.0	17.4027	1681389951.697
7	391.5	17.4158	1681389952.201
7	392.0	17.4462	1681389952.693
7	392.5	17.4926	1681389953.197
7	393.0	17.5342	1681389953.701
7	393.5	17.5578	1681389954.193
7	394.0	17.5460	1681389954.697
7	394.5	17.5119	1681389955.201
7	395.0	17.4872	1681389955.693
7	395.5	17.4633	1681389956.197
7	396.0	17.4470	1681389956.701
7	396.5	17.4205	1681389957.193
7	397.0	17.3991	1681389957.697
7	397.5	17.3800	1681389958.201
7	398.0	17.3899	1681389958.693
7	398.5	17.3923	1681389959.197
7	399.0	17.4080	1681389959.701
7	399.5	17.4206	1681389960.193
7	400.0	17.4087	1681389960.697
7	400.5	17.4128	1681389961.201
7	401.0	17.4300	1681389961.693
7	401.5	17.4491	1681389962.197
7	402.0	17.4305	1681389962.701
7	402.5	17.4094	1681389963.193
7	403.0	17.3905	1681389963.697
7	403.5	17.3786	1681389964.201
7	404.0	17.3618	1681389964.693
7	404.5	17.3519	1681389965.197
7	405.0	17.3525	1681389965.701
7	405.5	17.3632	1681389966.193
7	406.0	17.3985	1681389966.697
7	406.5	17.4147	1681389967.201
7	407.0	17.4152	1681389967.693
7	407.5	17.4356	1681389968.197
7	408.0	17.4489	1681389968.700
7	408.5	17.4549	1681389969.204
7	409.0	17.4754	1681389969.696
7	409.5	17.5053	1681389970.200
7	410.0	17.5235	1681389970.693
7	410.5	17.5153	1681389971.196
7	411.0	17.5063	1681389971.701
7	411.5	17.5211	1681389972.204
7	412.0	17.5411	1681389972.696
7	412.5	17.5596	1681389973.200
7	413.0	17.5699	1681389973.693
7	413.5	17.5928	1681389974.196
7	414.0	17.6053	1681389974.700
7	414.5	17.6226	1681389975.204
7	415.0	17.6280	1681389975.696
7	415.5	17.6263	1681389976.200
7	416.0	17.6295	1681389976.692
7	416.5	17.6343	1681389977.196
7	417.0	17.6346	1681389977.700
7	417.5	17.6162	1681389978.204
7	418.0	17.6033	1681389978.696
7	418.5	17.5959	1681389979.200
7	419.0	17.6081	1681389979.692
7	419.5	17.6247	1681389980.196
7	420.0	17.7324	1681389980.700
7	420.5	17.7670	1681389981.204
7	421.0	17.8231	1681389981.696
7	421.5	17.8034	1681389982.200
7	422.0	17.7651	1681389982.692
7	422.5	17.7410	1681389983.196
7	423.0	17.7180	1681389983.700
7	423.5	17.7049	1681389984.204
7	424.0	17.7231	1681389984.696
7	424.5	17.7096	1681389985.200
7	425.0	17.7298	1681389985.692
7	425.5	17.7294	1681389986.196
7	426.0	17.7244	1681389986.700
7	426.5	17.7218	1681389987.204
7	427.0	17.7716	1681389987.696
7	427.5	17.7833	1681389988.200
7	428.0	17.8144	1681389988.692
7	428.5	17.8340	1681389989.196
7	429.0	17.8499	1681389989.700
7	429.5	17.8486	1681389990.204
7	430.0	17.8369	1681389990.696
7	430.5	17.8407	1681389991.200
7	431.0	17.8271	1681389991.704
7	431.5	17.8137	1681389992.196
7	432.0	17.7804	1681389992.700
7	432.5	17.7526	1681389993.204
7	433.0	17.7403	1681389993.696
7	433.5	17.7302	1681389994.200
7	434.0	17.7374	1681389994.703
7	434.5	17.7468	1681389995.196
7	435.0	17.7506	1681389995.700
7	435.5	17.7597	1681389996.203
7	436.0	17.7964	1681389996.695
7	436.5	17.7934	1681389997.199
7	437.0	17.7836	1681389997.703
7	437.5	17.7830	1681389998.195
7	438.0	17.8204	1681389998.699
7	438.5	17.8636	1681389999.203
7	439.0	17.8927	1681389999.696
7	439.5	17.9273	1681390000.199
7	440.0	17.9512	1681390000.703
7	440.5	17.9486	1681390001.195
7	441.0	17.9460	1681390001.699
7	441.5	17.9446	1681390002.203
7	442.0	17.9765	1681390002.695
7	442.5	18.0076	1681390003.199
7	443.0	18.0138	1681390003.703
7	443.5	18.0109	1681390004.195
7	444.0	18.0001	1681390004.699
7	444.5	17.9852	1681390005.203
7	445.0	17.9856	1681390005.695
7	445.5	18.0125	1681390006.199
7	446.0	18.0239	1681390006.703
7	446.5	18.0158	1681390007.195
7	447.0	18.0130	1681390007.699
7	447.5	17.9919	1681390008.203
7	448.0	17.9707	1681390008.695
7	448.5	17.9403	1681390009.199
7	449.0	17.8812	1681390009.703
7	449.5	17.8337	1681390010.195
7	450.0	17.8259	1681390010.699
7	450.5	17.8300	1681390011.203
7	451.0	17.7939	1681390011.695
7	451.5	17.7927	1681390012.199
7	452.0	17.8335	1681390012.703
7	452.5	17.8979	1681390013.195
7	453.0	17.9903	1681390013.699
7	453.5	18.0048	1681390014.203
7	454.0	17.9559	1681390014.695
7	454.5	17.9222	1681390015.199
7	455.0	17.9971	1681390015.703
7	455.5	18.0795	1681390016.195
7	456.0	18.1159	1681390016.699
7	456.5	18.1573	1681390017.203
7	457.0	18.2189	1681390017.695
7	457.5	18.2776	1681390018.199
7	458.0	18.3501	1681390018.703
7	458.5	18.4546	1681390019.195
7	459.0	18.5834	1681390019.699
7	459.5	18.7014	1681390020.202
7	460.0	18.7016	1681390020.695
7	460.5	18.6301	1681390021.198
7	461.0	18.5620	1681390021.702
7	461.5	18.4880	1681390022.195
7	462.0	18.4140	1681390022.699
7	462.5	18.3779	1681390023.203
7	463.0	18.3628	1681390023.694
7	463.5	18.3654	1681390024.198
7	464.0	18.3525	1681390024.702
7	464.5	18.2944	1681390025.194
7	465.0	18.2633	1681390025.698
7	465.5	18.2883	1681390026.202
7	466.0	18.3743	1681390026.694
7	466.5	18.5057	1681390027.198
7	467.0	18.6454	1681390027.702
7	467.5	18.6987	1681390028.194
7	468.0	18.6549	1681390028.698
7	468.5	18.6630	1681390029.202
7	469.0	18.7311	1681390029.694
7	469.5	18.7926	1681390030.198
7	470.0	18.7668	1681390030.702
7	470.5	18.7292	1681390031.194
7	471.0	18.7685	1681390031.698
7	471.5	18.7836	1681390032.202
7	472.0	18.8019	1681390032.694
7	472.5	18.8241	1681390033.198
7	473.0	18.8229	1681390033.702
7	473.5	18.8535	1681390034.194
7	474.0	18.8382	1681390034.698
7	474.5	18.8504	1681390035.202
7	475.0	18.8830	1681390035.694
7	475.5	18.9412	1681390036.198
7	476.0	18.9791	1681390036.702
7	476.5	18.9714	1681390037.194
7	477.0	19.0253	1681390037.698
7	477.5	18.9977	1681390038.202
7	478.0	19.0202	1681390038.694
7	478.5	19.0544	1681390039.198
7	479.0	19.0108	1681390039.702
7	479.5	19.0141	1681390040.194
7	480.0	19.0142	1681390040.698
7	480.5	19.0473	1681390041.202
7	481.0	19.0899	1681390041.694
7	481.5	19.1465	1681390042.198
7	482.0	19.1281	1681390042.702
7	482.5	19.1114	1681390043.194
7	483.0	19.0918	1681390043.698
7	483.5	19.0290	1681390044.202
7	484.0	18.9817	1681390044.694
7	484.5	18.9545	1681390045.198
7	485.0	18.9370	1681390045.702
7	485.5	18.8967	1681390046.194
7	486.0	18.9223	1681390046.698
7	486.5	18.8861	1681390047.202
7	487.0	18.9299	1681390047.694
7	487.5	18.9739	1681390048.197
7	488.0	18.9836	1681390048.701
7	488.5	18.9298	1681390049.194
7	489.0	18.9795	1681390049.697
7	489.5	19.0223	1681390050.201
7	490.0	19.0298	1681390050.694
7	490.5	19.0614	1681390051.197
7	491.0	19.0782	1681390051.701
7	491.5	19.0870	1681390052.193
7	492.0	19.0791	1681390052.697
7	492.5	18.9399	1681390053.201
7	493.0	18.8085	1681390053.693
7	493.5	18.7404	1681390054.197
7	494.0	18.6844	1681390054.701
7	494.5	18.6570	1681390055.193
7	495.0	18.6382	1681390055.697
7	495.5	18.6178	1681390056.201
7	496.0	18.6131	1681390056.693
7	496.5	18.7242	1681390057.197
7	497.0	18.7680	1681390057.701
7	497.5	18.8059	1681390058.193
7	498.0	18.8039	1681390058.697
7	498.5	18.8730	1681390059.201
7	499.0	18.9595	1681390059.693
7	499.5	19.0405	1681390060.197
7	500.0	19.0416	1681390060.701
7	500.5	19.0921	1681390061.193
7	501.0	19.0361	1681390061.697
7	501.5	19.0026	1681390062.201
7	502.0	18.9723	1681390062.693
7	502.5	18.9143	1681390063.197
7	503.0	18.9172	1681390063.701
7	503.5	18.9670	1681390064.193
7	504.0	19.0202	1681390064.697
7	504.5	19.0649	1681390065.201
7	505.0	19.0814	1681390065.693
7	505.5	19.1352	1681390066.197
7	506.0	19.1427	1681390066.701
7	506.5	19.1706	1681390067.193
7	507.0	19.1468	1681390067.697
7	507.5	19.1720	1681390068.201
7	508.0	19.1783	1681390068.693
7	508.5	19.2009	1681390069.197
7	509.0	19.1081	1681390069.701
7	509.5	18.9715	1681390070.193
7	510.0	18.8574	1681390070.697
7	510.5	18.8599	1681390071.201
7	511.0	18.7784	1681390071.693
7	511.5	18.6973	1681390072.197
7	512.0	18.6743	1681390072.701
7	512.5	18.7652	1681390073.204
7	513.0	18.7738	1681390073.697
7	513.5	18.7813	1681390074.201
7	514.0	18.7668	1681390074.693
7	514.5	18.7795	1681390075.197
7	515.0	18.7572	1681390075.700
7	515.5	18.7410	1681390076.204
7	516.0	18.7224	1681390076.696
7	516.5	18.7137	1681390077.200
7	517.0	18.7910	1681390077.693
7	517.5	18.8022	1681390078.196
7	518.0	18.7682	1681390078.700
7	518.5	18.7324	1681390079.204
7	519.0	18.7383	1681390079.696
7	519.5	18.7443	1681390080.200
7	520.0	18.7274	1681390080.693
7	520.5	18.7320	1681390081.196
7	521.0	18.7097	1681390081.700
7	521.5	18.6079	1681390082.204
7	522.0	18.4945	1681390082.696
7	522.5	18.4055	1681390083.200
7	523.0	18.4068	1681390083.692
7	523.5	18.3988	1681390084.196
7	524.0	18.3195	1681390084.700
7	524.5	18.2309	1681390085.204
7	525.0	18.1411	1681390085.696
7	525.5	18.1417	1681390086.200
7	526.0	18.0885	1681390086.692
7	526.5	18.0270	1681390087.196
7	527.0	18.0576	1681390087.700
7	527.5	18.1068	1681390088.204
7	528.0	18.1621	1681390088.696
7	528.5	18.1699	1681390089.200
7	529.0	18.2124	1681390089.692
7	529.5	18.1348	1681390090.196
7	530.0	18.0725	1681390090.700
7	530.5	18.0670	1681390091.204
7	531.0	18.0605	1681390091.696
7	531.5	18.0545	1681390092.200
7	532.0	18.0892	1681390092.704
7	532.5	18.1731	1681390093.196
7	533.0	18.1773	1681390093.700
7	533.5	18.1247	1681390094.204
7	534.0	18.1168	1681390094.696
7	534.5	18.1531	1681390095.200
7	535.0	18.1551	1681390095.704
7	535.5	18.1051	1681390096.196
7	536.0	18.0976	1681390096.700
7	536.5	18.1113	1681390097.204
7	537.0	18.1152	1681390097.696
7	537.5	18.1793	1681390098.200
7	538.0	18.1943	1681390098.703
7	538.5	18.1514	1681390099.196
7	539.0	18.1390	1681390099.700
7	539.5	18.1374	1681390100.203
7	540.0	18.1208	1681390100.696
7	540.5	18.1107	1681390101.199
7	541.0	18.1036	1681390101.703
7	541.5	18.1177	1681390102.196
7	542.0	18.1875	1681390102.699
7	542.5	18.2082	1681390103.203
7	543.0	18.2047	1681390103.696
7	543.5	18.2532	1681390104.199
7	544.0	18.2068	1681390104.703
7	544.5	18.1978	1681390105.195
7	545.0	18.1655	1681390105.699
7	545.5	18.1637	1681390106.203
7	546.0	18.1831	1681390106.695
7	546.5	18.1640	1681390107.199
7	547.0	18.1203	1681390107.703
7	547.5	18.1809	1681390108.196
7	548.0	18.2451	1681390108.699
7	548.5	18.3339	1681390109.203
7	549.0	18.4028	1681390109.695
7	549.5	18.4776	1681390110.199
7	550.0	18.5798	1681390110.703
7	550.5	18.6135	1681390111.195
7	551.0	18.5906	1681390111.699
7	551.5	18.6359	1681390112.203
7	552.0	18.5696	1681390112.695
7	552.5	18.5420	1681390113.199
7	553.0	18.4975	1681390113.703
7	553.5	18.4336	1681390114.195
7	554.0	18.4810	1681390114.699
7	554.5	18.5358	1681390115.203
7	555.0	18.4962	1681390115.695
7	555.5	18.5159	1681390116.199
7	556.0	18.5064	1681390116.703
7	556.5	18.5234	1681390117.195
7	557.0	18.4936	1681390117.699
7	557.5	18.4689	1681390118.203
7	558.0	18.4805	1681390118.695
7	558.5	18.4502	1681390119.199
7	559.0	18.5157	1681390119.703
7	559.5	18.4525	1681390120.195
7	560.0	18.3379	1681390120.699
7	560.5	18.3367	1681390121.203
7	561.0	18.4177	1681390121.695
7	561.5	18.4224	1681390122.199
7	562.0	18.3101	1681390122.703
7	562.5	18.2418	1681390123.195
7	563.0	18.2470	1681390123.699
7	563.5	18.2236	1681390124.203
7	564.0	18.2793	1681390124.695
7	564.5	18.2711	1681390125.199
7	565.0	18.2119	1681390125.703
7	565.5	18.1778	1681390126.195
7	566.0	18.1706	1681390126.699
7	566.5	18.1761	1681390127.203
7	567.0	18.2018	1681390127.695
7	567.5	18.1427	1681390128.198
7	568.0	18.0485	1681390128.703
7	568.5	18.0356	1681390129.194
7	569.0	17.9398	1681390129.699
7	569.5	17.8802	1681390130.202
7	570.0	17.8334	1681390130.694
7	570.5	17.7548	1681390131.198
7	571.0	17.7447	1681390131.702
7	571.5	17.7370	1681390132.194
7	572.0	17.6932	1681390132.698
7	572.5	17.7406	1681390133.202
7	573.0	17.7480	1681390133.694
7	573.5	17.7074	1681390134.198
7	574.0	17.6777	1681390134.702
7	574.5	17.7037	1681390135.194
7	575.0	17.7630	1681390135.698
7	575.5	17.8028	1681390136.202
7	576.0	17.8192	1681390136.694
7	576.5	17.8321	1681390137.198
7	577.0	17.8861	1681390137.702
7	577.5	17.8635	1681390138.194
7	578.0	17.8656	1681390138.698
7	578.5	17.8118	1681390139.202
7	579.0	17.7876	1681390139.694
7	579.5	17.7637	1681390140.198
7	580.0	17.7218	1681390140.702
7	580.5	17.7070	1681390141.194
7	581.0	17.7120	1681390141.698
7	581.5	17.7744	1681390142.202
7	582.0	17.8015	1681390142.694
7	582.5	17.8527	1681390143.198
7	583.0	17.9133	1681390143.702
7	583.5	17.9490	1681390144.194
7	584.0	18.0239	1681390144.698
7	584.5	18.0353	1681390145.202
7	585.0	18.0613	1681390145.694
7	585.5	18.0995	1681390146.198
7	586.0	18.0465	1681390146.702
7	586.5	18.0156	1681390147.194
7	587.0	18.0393	1681390147.698
7	587.5	18.0953	1681390148.202
7	588.0	18.1075	1681390148.694
7	588.5	18.0693	1681390149.198
7	589.0	18.1104	1681390149.702
7	589.5	18.1033	1681390150.194
7	590.0	18.1642	1681390150.698
7	590.5	18.1982	1681390151.201
7	591.0	18.2118	1681390151.694
7	591.5	18.2466	1681390152.198
7	592.0	18.2960	1681390152.701
7	592.5	18.3591	1681390153.194
7	593.0	18.4108	1681390153.698
7	593.5	18.4108	1681390154.201
7	594.0	18.4114	1681390154.694
7	594.5	18.4274	1681390155.197
7	595.0	18.4841	1681390155.701
7	595.5	18.4316	1681390156.193
7	596.0	18.3962	1681390156.698
7	596.5	18.4873	1681390157.201
7	597.0	18.5701	1681390157.693
7	597.5	18.5844	1681390158.197
7	598.0	18.5729	1681390158.701
7	598.5	18.5065	1681390159.193
7	599.0	18.4946	1681390159.697
7	599.5	18.5234	1681390160.202
7	600.0	18.5104	1681390160.693
7	600.5	18.5333	1681390161.197
7	601.0	18.5186	1681390161.701
7	601.5	18.5094	1681390162.193
7	602.0	18.5614	1681390162.697
7	602.5	18.5661	1681390163.201
7	603.0	18.4999	1681390163.693
7	603.5	18.4517	1681390164.197
7	604.0	18.4408	1681390164.701
7	604.5	18.5163	1681390165.193
7	605.0	18.5921	1681390165.697
7	605.5	18.5997	1681390166.201
7	606.0	18.6488	1681390166.693
7	606.5	18.6542	1681390167.197
7	607.0	18.5548	1681390167.701
7	607.5	18.4550	1681390168.193
7	608.0	18.4034	1681390168.697
7	608.5	18.3019	1681390169.201
7	609.0	18.2393	1681390169.693
7	609.5	18.1977	1681390170.197
7	610.0	18.1750	1681390170.701
7	610.5	18.2360	1681390171.193
7	611.0	18.3315	1681390171.697
7	611.5	18.3082	1681390172.201
7	612.0	18.3753	1681390172.693
7	612.5	18.4137	1681390173.197
7	613.0	18.4084	1681390173.701
7	613.5	18.3920	1681390174.193
7	614.0	18.3497	1681390174.697
7	614.5	18.3279	1681390175.201
7	615.0	18.3295	1681390175.693
7	615.5	18.4056	1681390176.197
7	616.0	18.4407	1681390176.701
7	616.5	18.5243	1681390177.205
7	617.0	18.5657	1681390177.697
7	617.5	18.6044	1681390178.201
7	618.0	18.5920	1681390178.693
7	618.5	18.6096	1681390179.197
7	619.0	18.6840	1681390179.700
7	619.5	18.6406	1681390180.204
7	620.0	18.5644	1681390180.696
7	620.5	18.5357	1681390181.201
7	621.0	18.4606	1681390181.693
7	621.5	18.4721	1681390182.196
7	622.0	18.4520	1681390182.700
7	622.5	18.4594	1681390183.204
7	623.0	18.5530	1681390183.696
7	623.5	18.5262	1681390184.200
7	624.0	18.4921	1681390184.692
7	624.5	18.4988	1681390185.196
7	625.0	18.5445	1681390185.700
7	625.5	18.5987	1681390186.204
7	626.0	18.5830	1681390186.696
7	626.5	18.5267	1681390187.200
7	627.0	18.5412	1681390187.692
7	627.5	18.5933	1681390188.196
7	628.0	18.5659	1681390188.700
7	628.5	18.5650	1681390189.204
7	629.0	18.5231	1681390189.696
7	629.5	18.4902	1681390190.200
7	630.0	18.4896	1681390190.692
7	630.5	18.5263	1681390191.196
7	631.0	18.5088	1681390191.700
7	631.5	18.4711	1681390192.204
7	632.0	18.4326	1681390192.696
7	632.5	18.4285	1681390193.200
7	633.0	18.4926	1681390193.692
7	633.5	18.4559	1681390194.196
7	634.0	18.3880	1681390194.700
7	634.5	18.3299	1681390195.204
7	635.0	18.3271	1681390195.696
7	635.5	18.4044	1681390196.200
7	636.0	18.4310	1681390196.704
7	636.5	18.4915	1681390197.196
7	637.0	18.5936	1681390197.700
7	637.5	18.5459	1681390198.204
7	638.0	18.4166	1681390198.696
7	638.5	18.2780	1681390199.200
7	639.0	18.1606	1681390199.704
7	639.5	18.0583	1681390200.197
7	640.0	17.9910	1681390200.700
7	640.5	17.9840	1681390201.204
7	641.0	17.9529	1681390201.696
7	641.5	17.9381	1681390202.200
7	642.0	17.8842	1681390202.703
7	642.5	17.8807	1681390203.196
7	643.0	17.9334	1681390203.700
7	643.5	17.9913	1681390204.204
7	644.0	17.9258	1681390204.696
7	644.5	17.8573	1681390205.200
7	645.0	17.8679	1681390205.704
7	645.5	17.8630	1681390206.196
7	646.0	17.8790	1681390206.699
7	646.5	17.9335	1681390207.204
7	647.0	18.0037	1681390207.695
7	647.5	18.0235	1681390208.199
7	648.0	17.9472	1681390208.703
7	648.5	17.9614	1681390209.195
7	649.0	17.9442	1681390209.699
7	649.5	17.9894	1681390210.203
7	650.0	18.0067	1681390210.695
7	650.5	17.9982	1681390211.199
7	651.0	17.9810	1681390211.703
7	651.5	17.9097	1681390212.196
7	652.0	17.9026	1681390212.699
7	652.5	17.9471	1681390213.203
7	653.0	18.0104	1681390213.695
7	653.5	18.0684	1681390214.199
7	654.0	18.0791	1681390214.703
7	654.5	18.0605	1681390215.195
7	655.0	18.0799	1681390215.699
7	655.5	18.1139	1681390216.203
7	656.0	18.1206	1681390216.695
7	656.5	18.1715	1681390217.199
7	657.0	18.1871	1681390217.703
7	657.5	18.1126	1681390218.195
7	658.0	18.0671	1681390218.699
7	658.5	18.0811	1681390219.203
7	659.0	18.1203	1681390219.695
7	659.5	18.1549	1681390220.199
7	660.0	18.1853	1681390220.703
7	660.5	18.2027	1681390221.195
7	661.0	18.2232	1681390221.699
7	661.5	18.2523	1681390222.203
7	662.0	18.2932	1681390222.695
7	662.5	18.2621	1681390223.199
7	663.0	18.2272	1681390223.703
7	663.5	18.1857	1681390224.195
7	664.0	18.1720	1681390224.699
7	664.5	18.2442	1681390225.203
7	665.0	18.3371	1681390225.695
7	665.5	18.4505	1681390226.199
7	666.0	18.4562	1681390226.703
7	666.5	18.4270	1681390227.195
7	667.0	18.4402	1681390227.699
7	667.5	18.5012	1681390228.203
7	668.0	18.5979	1681390228.695
7	668.5	18.6767	1681390229.199
7	669.0	18.6439	1681390229.702
7	669.5	18.6543	1681390230.195
7	670.0	18.6598	1681390230.699
7	670.5	18.7488	1681390231.202
7	671.0	18.8233	1681390231.695
7	671.5	18.8712	1681390232.198
7	672.0	18.8708	1681390232.702
7	672.5	18.8073	1681390233.194
7	673.0	18.7027	1681390233.699
7	673.5	18.6672	1681390234.203
7	674.0	18.7395	1681390234.695
7	674.5	18.7764	1681390235.198
7	675.0	18.7905	1681390235.702
7	675.5	18.8605	1681390236.194
7	676.0	18.7839	1681390236.698
7	676.5	18.6579	1681390237.202
7	677.0	18.6044	1681390237.694
7	677.5	18.6677	1681390238.198
7	678.0	18.5737	1681390238.702
7	678.5	18.4963	1681390239.194
7	679.0	18.4617	1681390239.698
7	679.5	18.4259	1681390240.202
7	680.0	18.4501	1681390240.694
7	680.5	18.5490	1681390241.198
7	681.0	18.6620	1681390241.702
7	681.5	18.7570	1681390242.194
7	682.0	18.8181	1681390242.698
7	682.5	18.9037	1681390243.202
7	683.0	18.9603	1681390243.694
7	683.5	18.9251	1681390244.198
7	684.0	18.8863	1681390244.702
7	684.5	18.8591	1681390245.194
7	685.0	18.8556	1681390245.698
7	685.5	18.9194	1681390246.202
7	686.0	18.9750	1681390246.694
7	686.5	19.0293	1681390247.198
7	687.0	18.9803	1681390247.702
7	687.5	18.9215	1681390248.194
7	688.0	18.8978	1681390248.698
7	688.5	18.9880	1681390249.202
7	689.0	19.0795	1681390249.694
7	689.5	19.1379	1681390250.198
7	690.0	19.1454	1681390250.702
7	690.5	19.1601	1681390251.194
7	691.0	19.1922	1681390251.698
7	691.5	19.2152	1681390252.202
7	692.0	19.2469	1681390252.694
7	692.5	19.2580	1681390253.198
7	693.0	19.2067	1681390253.702
7	693.5	19.0688	1681390254.194
7	694.0	18.9286	1681390254.698
7	694.5	18.8656	1681390255.202
7	695.0	18.7615	1681390255.694
7	695.5	18.6809	1681390256.198
7	696.0	18.6234	1681390256.702
7	696.5	18.6305	1681390257.194
7	697.0	18.7293	1681390257.698
7	697.5	18.8170	1681390258.202
7	698.0	18.8680	1681390258.694
7	698.5	18.9213	1681390259.197
7	699.0	18.8819	1681390259.701
7	699.5	18.7849	1681390260.193
7	700.0	18.7204	1681390260.697
7	700.5	18.7861	1681390261.202
7	701.0	18.8459	1681390261.693
7	701.5	18.9357	1681390262.197
7	702.0	19.0121	1681390262.701
7	702.5	18.9796	1681390263.193
7	703.0	18.9402	1681390263.697
7	703.5	18.9202	1681390264.201
7	704.0	18.9180	1681390264.693
7	704.5	18.9715	1681390265.197
7	705.0	19.0267	1681390265.702
7	705.5	19.1019	1681390266.193
7	706.0	19.0786	1681390266.697
7	706.5	19.1228	1681390267.201
7	707.0	19.2120	1681390267.693
7	707.5	19.2622	1681390268.197
7	708.0	19.2864	1681390268.701
7	708.5	19.2813	1681390269.193
7	709.0	19.1658	1681390269.697
7	709.5	19.1710	1681390270.201
7	710.0	19.1449	1681390270.693
7	710.5	19.1848	1681390271.197
7	711.0	19.1377	1681390271.701
7	711.5	19.0858	1681390272.193
7	712.0	19.0618	1681390272.697
7	712.5	18.9871	1681390273.201
7	713.0	19.0043	1681390273.693
7	713.5	19.0205	1681390274.197
7	714.0	19.0469	1681390274.701
7	714.5	19.0435	1681390275.193
7	715.0	18.9415	1681390275.697
7	715.5	18.8212	1681390276.201
7	716.0	18.7432	1681390276.693
7	716.5	18.7133	1681390277.197
7	717.0	18.8041	1681390277.701
7	717.5	18.8901	1681390278.205
7	718.0	18.9189	1681390278.697
7	718.5	18.9588	1681390279.201
7	719.0	18.9631	1681390279.693
7	719.5	18.9088	1681390280.197
7	720.0	18.8410	1681390280.701
7	720.5	18.8553	1681390281.205
7	721.0	18.9180	1681390281.697
7	721.5	18.9744	1681390282.201
7	722.0	18.9273	1681390282.693
7	722.5	18.9505	1681390283.197
7	723.0	19.0136	1681390283.700
7	723.5	19.0459	1681390284.204
7	724.0	19.0543	1681390284.697
7	724.5	19.0722	1681390285.201
7	725.0	19.1044	1681390285.693
7	725.5	19.1289	1681390286.196
7	726.0	19.1481	1681390286.701
7	726.5	19.1345	1681390287.205
7	727.0	19.0383	1681390287.697
7	727.5	19.0004	1681390288.201
7	728.0	18.9688	1681390288.693
7	728.5	18.9255	1681390289.196
7	729.0	18.8786	1681390289.700
7	729.5	18.8367	1681390290.204
7	730.0	18.8986	1681390290.696
7	730.5	18.9753	1681390291.200
7	731.0	19.0457	1681390291.692
7	731.5	19.0955	1681390292.196
7	732.0	19.1217	1681390292.700
7	732.5	19.1200	1681390293.204
7	733.0	19.1170	1681390293.696
7	733.5	19.1617	1681390294.200
7	734.0	19.2135	1681390294.692
7	734.5	19.2194	1681390295.196
7	735.0	19.2406	1681390295.700
7	735.5	19.1964	1681390296.204
7	736.0	19.0453	1681390296.696
7	736.5	18.9132	1681390297.200
7	737.0	18.8837	1681390297.692
7	737.5	18.8855	1681390298.196
7	738.0	18.8148	1681390298.700
7	738.5	18.7804	1681390299.204
7	739.0	18.7902	1681390299.696
7	739.5	18.7776	1681390300.200
7	740.0	18.8035	1681390300.704
7	740.5	18.8004	1681390301.196
7	741.0	18.8259	1681390301.700
7	741.5	18.8509	1681390302.204
7	742.0	18.8470	1681390302.696
7	742.5	18.8158	1681390303.200
7	743.0	18.7626	1681390303.704
7	743.5	18.7992	1681390304.196
7	744.0	18.7883	1681390304.700
7	744.5	18.7889	1681390305.204
7	745.0	18.6985	1681390305.696
7	745.5	18.6685	1681390306.200
7	746.0	18.7384	1681390306.704
7	746.5	18.8178	1681390307.196
7	747.0	18.9211	1681390307.700
7	747.5	18.9704	1681390308.204
7	748.0	18.9406	1681390308.696
7	748.5	18.8764	1681390309.200
7	749.0	18.9240	1681390309.703
7	749.5	18.9540	1681390310.195
7	750.0	19.0057	1681390310.699
7	750.5	19.0536	1681390311.203
7	751.0	19.1337	1681390311.696
7	751.5	19.1827	1681390312.200
7	752.0	19.1606	1681390312.703
7	752.5	19.1619	1681390313.195
7	753.0	19.2175	1681390313.699
7	753.5	19.2304	1681390314.203
7	754.0	19.2420	1681390314.695
7	754.5	19.2838	1681390315.199
7	755.0	19.2959	1681390315.703
7	755.5	19.3103	1681390316.196
7	756.0	19.3393	1681390316.699
7	756.5	19.2935	1681390317.203
7	757.0	19.1718	1681390317.695
7	757.5	19.0358	1681390318.199
7	758.0	18.9168	1681390318.703
7	758.5	18.8714	1681390319.195
7	759.0	18.9264	1681390319.699
7	759.5	18.9945	1681390320.203
7	760.0	18.9429	1681390320.695
7	760.5	18.9394	1681390321.199
7	761.0	18.9754	1681390321.703
7	761.5	18.8638	1681390322.195
7	762.0	18.7767	1681390322.699
7	762.5	18.8229	1681390323.203
7	763.0	18.8929	1681390323.695
7	763.5	18.9941	1681390324.199
7	764.0	19.0379	1681390324.703
7	764.5	19.0932	1681390325.195
7	765.0	19.0997	1681390325.699
7	765.5	19.0101	1681390326.203
7	766.0	18.9584	1681390326.695
7	766.5	19.0330	1681390327.199
7	767.0	19.0469	1681390327.703
7	767.5	19.0549	1681390328.195
7	768.0	19.0771	1681390328.699
7	768.5	19.0223	1681390329.203
7	769.0	18.9427	1681390329.695
7	769.5	18.9860	1681390330.199
7	770.0	19.0589	1681390330.703
7	770.5	19.0998	1681390331.195
7	771.0	19.1189	1681390331.699
7	771.5	19.1291	1681390332.203
7	772.0	19.0023	1681390332.695
7	772.5	18.8666	1681390333.199
7	773.0	18.7862	1681390333.703
7	773.5	18.7766	1681390334.195
7	774.0	18.8465	1681390334.699
7	774.5	18.9422	1681390335.203
7	775.0	19.0185	1681390335.695
7	775.5	19.1033	1681390336.199
7	776.0	19.1789	1681390336.702
7	776.5	19.2648	1681390337.195
7	777.0	19.3233	1681390337.699
7	777.5	19.3394	1681390338.202
7	778.0	19.3664	1681390338.694
7	778.5	19.3183	1681390339.198
7	779.0	19.2194	1681390339.702
7	779.5	19.1557	1681390340.194
7	780.0	19.1991	1681390340.698
7	780.5	19.2195	1681390341.202
7	781.0	19.2501	1681390341.694
7	781.5	19.2488	1681390342.198
7	782.0	19.2622	1681390342.702
7	782.5	19.1758	1681390343.195
7	783.0	19.1146	1681390343.698
7	783.5	19.1103	1681390344.202
7	784.0	19.1350	1681390344.694
7	784.5	19.1368	1681390345.198
7	785.0	19.0073	1681390345.702
7	785.5	18.8903	1681390346.194
7	786.0	18.8593	1681390346.698
7	786.5	18.9348	1681390347.202
7	787.0	18.9889	1681390347.694
7	787.5	18.9805	1681390348.198
7	788.0	18.9742	1681390348.702
7	788.5	19.0210	1681390349.194
7	789.0	18.9835	1681390349.699
7	789.5	18.9438	1681390350.202
7	790.0	18.9477	1681390350.694
7	790.5	18.9757	1681390351.198
7	791.0	19.0163	1681390351.702
7	791.5	19.0212	1681390352.194
7	792.0	18.9226	1681390352.698
7	792.5	18.8452	1681390353.202
7	793.0	18.7718	1681390353.694
7	793.5	18.8665	1681390354.198
7	794.0	18.9572	1681390354.702
7	794.5	19.0193	1681390355.194
7	795.0	19.0407	1681390355.698
7	795.5	18.9291	1681390356.202
7	796.0	18.8216	1681390356.694
7	796.5	18.7202	1681390357.198
7	797.0	18.7152	1681390357.702
7	797.5	18.7632	1681390358.194
7	798.0	18.8196	1681390358.698
7	798.5	18.8289	1681390359.202
7	799.0	18.8844	1681390359.694
7	799.5	18.9220	1681390360.198
7	800.0	18.8833	1681390360.702
7	800.5	18.8302	1681390361.194
7	801.0	18.8948	1681390361.698
7	801.5	18.9714	1681390362.201
7	802.0	19.0353	1681390362.694
7	802.5	19.0671	1681390363.198
7	803.0	19.1322	1681390363.701
7	803.5	19.1956	1681390364.194
7	804.0	19.2030	1681390364.698
7	804.5	19.2083	1681390365.201
7	805.0	19.1548	1681390365.694
7	805.5	18.9993	1681390366.197
7	806.0	18.9447	1681390366.701
7	806.5	18.9196	1681390367.193
7	807.0	18.9992	1681390367.697
7	807.5	19.0105	1681390368.201
7	808.0	19.0280	1681390368.693
7	808.5	19.0806	1681390369.197
7	809.0	19.1488	1681390369.701
7	809.5	19.1766	1681390370.193
7	810.0	19.2124	1681390370.697
7	810.5	19.1661	1681390371.201
7	811.0	19.0817	1681390371.694
7	811.5	19.0280	1681390372.197
7	812.0	18.9969	1681390372.701
7	812.5	19.0348	1681390373.193
7	813.0	19.0928	1681390373.697
7	813.5	19.1634	1681390374.201
7	814.0	19.2024	1681390374.693
7	814.5	19.2690	1681390375.197
7	815.0	19.2563	1681390375.701
7	815.5	19.2142	1681390376.193
7	816.0	19.2441	1681390376.697
7	816.5	19.2859	1681390377.201
7	817.0	19.3203	1681390377.693
7	817.5	19.3619	1681390378.197
7	818.0	19.3266	1681390378.701
7	818.5	19.3767	1681390379.193
7	819.0	19.3177	1681390379.697
7	819.5	19.1404	1681390380.201
7	820.0	19.1197	1681390380.693
7	820.5	19.0255	1681390381.197
7	821.0	18.9537	1681390381.701
7	821.5	18.9171	1681390382.205
7	822.0	18.8179	1681390382.697
7	822.5	18.7654	1681390383.201
7	823.0	18.7417	1681390383.693
7	823.5	18.7175	1681390384.197
7	824.0	18.7007	1681390384.701
7	824.5	18.6975	1681390385.205
7	825.0	18.6669	1681390385.697
7	825.5	18.6151	1681390386.201
7	826.0	18.6168	1681390386.693
7	826.5	18.5899	1681390387.197
7	827.0	18.6700	1681390387.701
7	827.5	18.7139	1681390388.204
7	828.0	18.7191	1681390388.697
7	828.5	18.6772	1681390389.200
7	829.0	18.6538	1681390389.693
7	829.5	18.7165	1681390390.196
7	830.0	18.7797	1681390390.700
7	830.5	18.8537	1681390391.204
7	831.0	18.9350	1681390391.696
7	831.5	18.9615	1681390392.200
7	832.0	18.9517	1681390392.693
7	832.5	18.9540	1681390393.196
7	833.0	18.9372	1681390393.700
7	833.5	18.9238	1681390394.205
7	834.0	18.8514	1681390394.696
7	834.5	18.7634	1681390395.200
7	835.0	18.7515	1681390395.692
7	835.5	18.7353	1681390396.196
7	836.0	18.7483	1681390396.700
7	836.5	18.7543	1681390397.204
7	837.0	18.7888	1681390397.696
7	837.5	18.8158	1681390398.200
7	838.0	18.8321	1681390398.692
7	838.5	18.8135	1681390399.196
7	839.0	18.7169	1681390399.700
7	839.5	18.6884	1681390400.204
7	840.0	18.0989	1681390400.696
7	840.5	18.0741	1681390401.200
7	841.0	18.0571	1681390401.704
7	841.5	18.0956	1681390402.196
7	842.0	18.0552	1681390402.700
7	842.5	18.0361	1681390403.204
7	843.0	18.0312	1681390403.696
7	843.5	18.0235	1681390404.200
7	844.0	18.0167	1681390404.704
7	844.5	18.0151	1681390405.196
7	845.0	18.0083	1681390405.700
7	845.5	17.9967	1681390406.204
7	846.0	17.9921	1681390406.696
7	846.5	17.9806	1681390407.200
7	847.0	17.9803	1681390407.704
7	847.5	17.9811	1681390408.196
7	848.0	17.9797	1681390408.700
7	848.5	17.9749	1681390409.204
7	849.0	17.9737	1681390409.696
7	849.5	17.9716	1681390410.200
7	850.0	17.9663	1681390410.704
7	850.5	17.9614	1681390411.196
7	851.0	17.9607	1681390411.700
7	851.5	17.9573	1681390412.204
7	852.0	17.9570	1681390412.696
7	852.5	17.9561	1681390413.200
7	853.0	17.9555	1681390413.703
7	853.5	17.9557	1681390414.196
7	854.0	17.9515	1681390414.700
7	854.5	17.9529	1681390415.203
7	855.0	17.9539	1681390415.696
7	855.5	17.9542	1681390416.199
7	856.0	17.9527	1681390416.703
7	856.5	17.9513	1681390417.196
7	857.0	17.9536	1681390417.699
7	857.5	17.9492	1681390418.203
7	858.0	17.9509	1681390418.696
7	858.5	17.9507	1681390419.199
7	859.0	17.9508	1681390419.703
7	859.5	17.9445	1681390420.195
7	860.0	17.9411	1681390420.699
7	860.5	17.9440	1681390421.203
7	861.0	17.9427	1681390421.695
7	861.5	17.9427	1681390422.199
7	862.0	17.9425	1681390422.703
7	862.5	17.9433	1681390423.195
7	863.0	17.9431	1681390423.699
7	863.5	17.9426	1681390424.203
7	864.0	17.9430	1681390424.695
7	864.5	17.9402	1681390425.199
7	865.0	17.9454	1681390425.703
7	865.5	17.9425	1681390426.195
7	866.0	17.9422	1681390426.699
7	866.5	17.9418	1681390427.203
7	867.0	17.9445	1681390427.695
7	867.5	17.9441	1681390428.199
7	868.0	17.9405	1681390428.703
7	868.5	17.9387	1681390429.195
7	869.0	17.9380	1681390429.699
7	869.5	17.9377	1681390430.203
7	870.0	17.9364	1681390430.695
7	870.5	17.9355	1681390431.199
7	871.0	17.9361	1681390431.703
7	871.5	17.9372	1681390432.195
7	872.0	17.9397	1681390432.699
7	872.5	17.9370	1681390433.203
7	873.0	17.9365	1681390433.695
7	873.5	17.9370	1681390434.199
7	874.0	17.9362	1681390434.703
7	874.5	17.9362	1681390435.195
7	875.0	17.9369	1681390435.699
7	875.5	17.9367	1681390436.203
7	876.0	17.9367	1681390436.695
7	876.5	17.9365	1681390437.199
7	877.0	17.9389	1681390437.703
7	877.5	17.9375	1681390438.195
7	878.0	17.9367	1681390438.699
7	878.5	17.9359	1681390439.203
7	879.0	17.9377	1681390439.695
7	879.5	17.9369	1681390440.199
7	880.0	17.9375	1681390440.702
7	880.5	17.9363	1681390441.195
7	881.0	17.9362	1681390441.698
7	881.5	17.9377	1681390442.202
7	882.0	17.9375	1681390442.694
7	882.5	17.9405	1681390443.198
7	883.0	17.9370	1681390443.702
7	883.5	17.9374	1681390444.194
7	884.0	17.9375	1681390444.698
7	884.5	17.9368	1681390445.202
7	885.0	17.9376	1681390445.695
7	885.5	17.9382	1681390446.198
7	886.0	17.9383	1681390446.702
7	886.5	17.9370	1681390447.194
7	887.0	17.9373	1681390447.698
7	887.5	17.9377	1681390448.202
7	888.0	17.9371	1681390448.694
7	888.5	17.9400	1681390449.198
7	889.0	17.9387	1681390449.702
7	889.5	17.9389	1681390450.194
7	890.0	17.9393	1681390450.698
7	890.5	17.9392	1681390451.202
7	891.0	17.9394	1681390451.694
7	891.5	17.9395	1681390452.198
7	892.0	17.9402	1681390452.702
7	892.5	17.9402	1681390453.194
7	893.0	17.9409	1681390453.698
7	893.5	17.9412	1681390454.202
7	894.0	17.9411	1681390454.694
7	894.5	17.9419	1681390455.198
7	895.0	17.9449	1681390455.702
7	895.5	17.9441	1681390456.194
7	896.0	17.9434	1681390456.698
7	896.5	17.9440	1681390457.202
7	897.0	17.9414	1681390457.694
7	897.5	17.9415	1681390458.198
7	898.0	17.9409	1681390458.702
7	898.5	17.9416	1681390459.194
7	899.0	17.9434	1681390459.698
7	899.5	17.9436	1681390460.202
7	900.0	17.9422	1681390460.694
7	900.5	17.9437	1681390461.198
7	901.0	17.9455	1681390461.702
7	901.5	17.9446	1681390462.194
7	902.0	17.9434	1681390462.698
7	902.5	17.9448	1681390463.202
7	903.0	17.9431	1681390463.694
7	903.5	17.9512	1681390464.198
7	904.0	17.9515	1681390464.702
7	904.5	17.9486	1681390465.194
7	905.0	17.9439	1681390465.698
7	905.5	17.9445	1681390466.202
7	906.0	17.9494	1681390466.694
7	906.5	17.9511	1681390467.198
7	907.0	17.9506	1681390467.701
7	907.5	17.9489	1681390468.194
7	908.0	17.9498	1681390468.698
7	908.5	17.9508	1681390469.201
7	909.0	17.9480	1681390469.693
7	909.5	17.9533	1681390470.197
7	910.0	17.9506	1681390470.701
7	910.5	17.9504	1681390471.194
7	911.0	17.9490	1681390471.697
7	911.5	17.9476	1681390472.201
7	912.0	17.9467	1681390472.693
7	912.5	17.9480	1681390473.197
7	913.0	17.9475	1681390473.701
7	913.5	17.9487	1681390474.193
7	914.0	17.9471	1681390474.697
7	914.5	17.9494	1681390475.201
7	915.0	17.9483	1681390475.693
7	915.5	17.9510	1681390476.197
7	916.0	17.9513	1681390476.701
7	916.5	17.9516	1681390477.193
7	917.0	17.9513	1681390477.697
7	917.5	17.9525	1681390478.201
7	918.0	17.9530	1681390478.693
7	918.5	17.9533	1681390479.197
7	919.0	17.9539	1681390479.701
7	919.5	17.9496	1681390480.193
7	920.0	17.9497	1681390480.697
7	920.5	17.9499	1681390481.201
7	921.0	17.9500	1681390481.693
7	921.5	17.9518	1681390482.197
7	922.0	17.9509	1681390482.701
7	922.5	17.9502	1681390483.193
7	923.0	17.9519	1681390483.697
7	923.5	17.9511	1681390484.201
7	924.0	17.9446	1681390484.693
7	924.5	17.9516	1681390485.197
7	925.0	17.9504	1681390485.701
7	925.5	17.9505	1681390486.205
7	926.0	17.9515	1681390486.697
7	926.5	17.9520	1681390487.201
7	927.0	17.9535	1681390487.693
7	927.5	17.9518	1681390488.197
7	928.0	17.9506	1681390488.701
7	928.5	17.9486	1681390489.205
7	929.0	17.9486	1681390489.697
7	929.5	17.9437	1681390490.201
7	930.0	17.9491	1681390490.693
7	930.5	17.9482	1681390491.197
7	931.0	17.9512	1681390491.701
7	931.5	17.9503	1681390492.204
7	932.0	17.9480	1681390492.697
7	932.5	17.9494	1681390493.201
7	933.0	17.9465	1681390493.693
7	933.5	17.9465	1681390494.197
7	934.0	17.9428	1681390494.701
7	934.5	17.9474	1681390495.204
7	935.0	17.9503	1681390495.696
7	935.5	17.9445	1681390496.200
7	936.0	17.9473	1681390496.693
7	936.5	17.9409	1681390497.196
7	937.0	17.9479	1681390497.700
7	937.5	17.9515	1681390498.204
7	938.0	17.9449	1681390498.696
7	938.5	17.9482	1681390499.200
7	939.0	17.9449	1681390499.693
7	939.5	17.9440	1681390500.196
7	940.0	17.9447	1681390500.700
7	940.5	17.9453	1681390501.204
7	941.0	17.9459	1681390501.696
7	941.5	17.9465	1681390502.200
7	942.0	17.9457	1681390502.692
7	942.5	17.9519	1681390503.196
7	943.0	17.9487	1681390503.700
7	943.5	17.9466	1681390504.204
7	944.0	17.9450	1681390504.696
7	944.5	17.9458	1681390505.200
7	945.0	17.9469	1681390505.704
7	945.5	17.9447	1681390506.196
7	946.0	17.9477	1681390506.700
7	946.5	17.9519	1681390507.204
7	947.0	17.9523	1681390507.696
7	947.5	17.9529	1681390508.200
7	948.0	17.9544	1681390508.704
7	948.5	17.9515	1681390509.196
7	949.0	17.9512	1681390509.700
7	949.5	17.9440	1681390510.204
7	950.0	17.9488	1681390510.696
7	950.5	17.9462	1681390511.200
7	951.0	17.9453	1681390511.704
7	951.5	17.9454	1681390512.196
7	952.0	17.9437	1681390512.700
7	952.5	17.9466	1681390513.204
7	953.0	17.9562	1681390513.696
7	953.5	17.9561	1681390514.200
7	954.0	17.9465	1681390514.704
7	954.5	17.9530	1681390515.196
7	955.0	17.9519	1681390515.700
7	955.5	17.9510	1681390516.204
7	956.0	17.9506	1681390516.696
7	956.5	17.9483	1681390517.200
7	957.0	17.9477	1681390517.704
7	957.5	17.9451	1681390518.196
7	958.0	17.9486	1681390518.700
7	958.5	17.9477	1681390519.204
7	959.0	17.9474	1681390519.696
7	959.5	17.9486	1681390520.200
7	960.0	17.9453	1681390520.703
7	960.5	17.9445	1681390521.196
7	961.0	17.9446	1681390521.700
7	961.5	17.9468	1681390522.203
7	962.0	17.9468	1681390522.695
7	962.5	17.9453	1681390523.199
7	963.0	17.9454	1681390523.703
7	963.5	17.9478	1681390524.195
7	964.0	17.9473	1681390524.699
7	964.5	17.9496	1681390525.203
7	965.0	17.9509	1681390525.695
7	965.5	17.9509	1681390526.199
7	966.0	17.9510	1681390526.703
7	966.5	17.9522	1681390527.195
7	967.0	17.9513	1681390527.699
7	967.5	17.9518	1681390528.203
7	968.0	17.9545	1681390528.695
7	968.5	17.9546	1681390529.199
7	969.0	17.9552	1681390529.703
7	969.5	17.9550	1681390530.195
7	970.0	17.9518	1681390530.699
7	970.5	17.9506	1681390531.203
7	971.0	17.9581	1681390531.695
7	971.5	17.9552	1681390532.199
7	972.0	17.9527	1681390532.703
7	972.5	17.9550	1681390533.195
7	973.0	17.9556	1681390533.699
7	973.5	17.9604	1681390534.203
7	974.0	17.9578	1681390534.695
7	974.5	17.9587	1681390535.199
7	975.0	17.9543	1681390535.703
7	975.5	17.9552	1681390536.195
7	976.0	17.9585	1681390536.699
7	976.5	17.9585	1681390537.203
7	977.0	17.9497	1681390537.695
7	977.5	17.9506	1681390538.199
7	978.0	17.9589	1681390538.703
7	978.5	17.9541	1681390539.195
7	979.0	17.9581	1681390539.699
7	979.5	17.9591	1681390540.203
7	980.0	17.9525	1681390540.695
7	980.5	17.9493	1681390541.199
7	981.0	17.9493	1681390541.703
7	981.5	17.9508	1681390542.195
7	982.0	17.9510	1681390542.699
7	982.5	17.9454	1681390543.203
7	983.0	17.9483	1681390543.695
7	983.5	17.9476	1681390544.199
7	984.0	17.9453	1681390544.702
7	984.5	17.9442	1681390545.195
7	985.0	17.9422	1681390545.699
7	985.5	17.9370	1681390546.202
7	986.0	17.9413	1681390546.695
7	986.5	17.9482	1681390547.199
7	987.0	17.9420	1681390547.702
7	987.5	17.9529	1681390548.195
7	988.0	17.9553	1681390548.698
7	988.5	17.9550	1681390549.202
7	989.0	17.9646	1681390549.694
7	989.5	17.9641	1681390550.198
7	990.0	17.9608	1681390550.702
7	990.5	17.9490	1681390551.194
7	991.0	17.9380	1681390551.698
7	991.5	17.9410	1681390552.202
7	992.0	17.9544	1681390552.694
7	992.5	17.9573	1681390553.198
7	993.0	17.9559	1681390553.702
7	993.5	17.9479	1681390554.194
7	994.0	17.9494	1681390554.698
7	994.5	17.9496	1681390555.202
7	995.0	17.9490	1681390555.694
7	995.5	17.9457	1681390556.198
7	996.0	17.9386	1681390556.702
7	996.5	17.9428	1681390557.194
7	997.0	17.9419	1681390557.698
7	997.5	17.9453	1681390558.202
7	998.0	17.9423	1681390558.694
7	998.5	17.9401	1681390559.198
7	999.0	17.9447	1681390559.702
7	999.5	17.9358	1681390560.194
7	1000.0	17.9430	1681390560.698
7	1000.5	17.9421	1681390561.202
7	1001.0	17.9385	1681390561.694
7	1001.5	17.9414	1681390562.198
7	1002.0	17.9416	1681390562.702
7	1002.5	17.9575	1681390563.206
7	1003.0	17.9551	1681390563.698
7	1003.5	17.9593	1681390564.202
7	1004.0	17.9606	1681390564.694
7	1004.5	17.9538	1681390565.198
7	1005.0	17.9574	1681390565.702
7	1005.5	17.9590	1681390566.206
7	1006.0	17.9562	1681390566.698
7	1006.5	17.9578	1681390567.202
7	1007.0	17.9546	1681390567.694
7	1007.5	17.9556	1681390568.198
7	1008.0	17.9538	1681390568.702
7	1008.5	17.9526	1681390569.206
7	1009.0	17.9529	1681390569.698
7	1009.5	17.9513	1681390570.202
7	1010.0	17.9516	1681390570.694
7	1010.5	17.9505	1681390571.198
7	1011.0	17.9513	1681390571.701
7	1011.5	17.9516	1681390572.205
7	1012.0	17.9496	1681390572.697
7	1012.5	17.9558	1681390573.201
7	1013.0	17.9598	1681390573.694
7	1013.5	17.9509	1681390574.197
7	1014.0	17.9529	1681390574.701
7	1014.5	17.9642	1681390575.205
7	1015.0	17.9632	1681390575.697
7	1015.5	17.9578	1681390576.201
7	1016.0	17.9540	1681390576.694
7	1016.5	17.9526	1681390577.197
7	1017.0	17.9510	1681390577.701
7	1017.5	17.9518	1681390578.205
7	1018.0	17.9495	1681390578.697
7	1018.5	17.9539	1681390579.201
7	1019.0	17.9491	1681390579.705
7	1019.5	17.9567	1681390580.197
7	1020.0	17.9492	1681390580.701
7	1020.5	17.9511	1681390581.205
7	1021.0	17.9474	1681390581.697
7	1021.5	17.9498	1681390582.201
7	1022.0	17.9480	1681390582.705
7	1022.5	17.9433	1681390583.197
7	1023.0	17.9422	1681390583.701
7	1023.5	17.9513	1681390584.205
7	1024.0	17.9525	1681390584.697
7	1024.5	17.9454	1681390585.201
7	1025.0	17.9497	1681390585.705
7	1025.5	17.9441	1681390586.197
7	1026.0	17.9485	1681390586.701
7	1026.5	17.9530	1681390587.205
7	1027.0	17.9548	1681390587.697
7	1027.5	17.9512	1681390588.201
7	1028.0	17.9449	1681390588.705
7	1028.5	17.9417	1681390589.197
7	1029.0	17.9368	1681390589.701
7	1029.5	17.9550	1681390590.205
7	1030.0	17.9498	1681390590.697
7	1030.5	17.9444	1681390591.201
7	1031.0	17.9447	1681390591.705
7	1031.5	17.9375	1681390592.197
7	1032.0	17.9498	1681390592.701
7	1032.5	17.9520	1681390593.205
7	1033.0	17.9495	1681390593.697
7	1033.5	17.9434	1681390594.201
7	1034.0	17.9445	1681390594.705
7	1034.5	17.9479	1681390595.197
7	1035.0	17.9358	1681390595.701
7	1035.5	17.9512	1681390596.205
7	1036.0	17.9488	1681390596.697
7	1036.5	17.9501	1681390597.201
7	1037.0	17.9511	1681390597.704
7	1037.5	17.9510	1681390598.197
7	1038.0	17.9479	1681390598.701
7	1038.5	17.9459	1681390599.204
7	1039.0	17.9465	1681390599.697
7	1039.5	17.9499	1681390600.200
7	1040.0	17.9496	1681390600.704
7	1040.5	17.9503	1681390601.196
7	1041.0	17.9475	1681390601.700
7	1041.5	17.9455	1681390602.204
7	1042.0	17.9451	1681390602.696
7	1042.5	17.9458	1681390603.200
7	1043.0	17.9449	1681390603.704
7	1043.5	17.9444	1681390604.196
7	1044.0	17.9443	1681390604.700
7	1044.5	17.9408	1681390605.204
7	1045.0	17.9390	1681390605.697
7	1045.5	17.9385	1681390606.200
7	1046.0	17.9389	1681390606.704
7	1046.5	17.9414	1681390607.196
7	1047.0	17.9432	1681390607.700
7	1047.5	17.9448	1681390608.204
7	1048.0	17.9390	1681390608.696
7	1048.5	17.9364	1681390609.200
7	1049.0	17.9381	1681390609.704
7	1049.5	17.9468	1681390610.196
7	1050.0	17.9455	1681390610.700
7	1050.5	17.9419	1681390611.204
7	1051.0	17.9449	1681390611.696
7	1051.5	17.9472	1681390612.200
7	1052.0	17.9428	1681390612.704
7	1052.5	17.9449	1681390613.196
7	1053.0	17.9422	1681390613.700
7	1053.5	17.9466	1681390614.204
7	1054.0	17.9467	1681390614.696
7	1054.5	17.9444	1681390615.200
7	1055.0	17.9463	1681390615.704
7	1055.5	17.9484	1681390616.196
7	1056.0	17.9470	1681390616.700
7	1056.5	17.9570	1681390617.204
7	1057.0	17.9429	1681390617.696
7	1057.5	17.9505	1681390618.200
7	1058.0	17.9455	1681390618.704
7	1058.5	17.9427	1681390619.196
7	1059.0	17.9446	1681390619.700
7	1059.5	17.9479	1681390620.204
7	1060.0	17.9496	1681390620.696
7	1060.5	17.9506	1681390621.200
7	1061.0	17.9453	1681390621.704
7	1061.5	17.9516	1681390622.196
7	1062.0	17.9586	1681390622.700
7	1062.5	17.9542	1681390623.204
7	1063.0	17.9465	1681390623.696
7	1063.5	17.9567	1681390624.200
7	1064.0	17.9572	1681390624.704
7	1064.5	17.9550	1681390625.196
7	1065.0	17.9472	1681390625.700
7	1065.5	17.9567	1681390626.203
7	1066.0	17.9555	1681390626.696
7	1066.5	17.9519	1681390627.199
7	1067.0	17.9513	1681390627.703
7	1067.5	17.9550	1681390628.196
7	1068.0	17.9588	1681390628.700
7	1068.5	17.9593	1681390629.203
7	1069.0	17.9537	1681390629.695
7	1069.5	17.9512	1681390630.199
7	1070.0	17.9491	1681390630.703
7	1070.5	17.9527	1681390631.195
7	1071.0	17.9554	1681390631.699
7	1071.5	17.9552	1681390632.203
7	1072.0	17.9621	1681390632.695
7	1072.5	17.9570	1681390633.199
7	1073.0	17.9589	1681390633.703
7	1073.5	17.9564	1681390634.195
7	1074.0	17.9574	1681390634.699
7	1074.5	17.9534	1681390635.203
7	1075.0	17.9593	1681390635.695
7	1075.5	17.9589	1681390636.199
7	1076.0	17.9563	1681390636.703
7	1076.5	17.9559	1681390637.195
7	1077.0	17.9533	1681390637.699
7	1077.5	17.9515	1681390638.203
7	1078.0	17.9443	1681390638.695
7	1078.5	17.9468	1681390639.199
7	1079.0	17.9501	1681390639.703
7	1079.5	17.9458	1681390640.195
7	1080.0	17.9552	1681390640.699
7	1080.5	17.9550	1681390641.203
7	1081.0	17.9553	1681390641.695
7	1081.5	17.9493	1681390642.199
7	1082.0	17.9439	1681390642.703
7	1082.5	17.9415	1681390643.195
7	1083.0	17.9443	1681390643.699
7	1083.5	17.9455	1681390644.203
7	1084.0	17.9436	1681390644.695
7	1084.5	17.9422	1681390645.199
7	1085.0	17.9410	1681390645.703
7	1085.5	17.9413	1681390646.195
7	1086.0	17.9459	1681390646.699
7	1086.5	17.9461	1681390647.203
7	1087.0	17.9435	1681390647.695
7	1087.5	17.9424	1681390648.199
7	1088.0	17.9411	1681390648.703
7	1088.5	17.9422	1681390649.195
7	1089.0	17.9409	1681390649.699
7	1089.5	17.9498	1681390650.203
7	1090.0	17.9492	1681390650.695
7	1090.5	17.9468	1681390651.199
7	1091.0	17.9483	1681390651.702
7	1091.5	17.9445	1681390652.195
7	1092.0	17.9429	1681390652.698
7	1092.5	17.9447	1681390653.202
7	1093.0	17.9469	1681390653.695
7	1093.5	17.9424	1681390654.198
7	1094.0	17.9435	1681390654.702
7	1094.5	17.9441	1681390655.194
7	1095.0	17.9433	1681390655.699
7	1095.5	17.9461	1681390656.202
7	1096.0	17.9462	1681390656.694
7	1096.5	17.9514	1681390657.198
7	1097.0	17.9462	1681390657.702
7	1097.5	17.9469	1681390658.194
7	1098.0	17.9415	1681390658.698
7	1098.5	17.9415	1681390659.202
7	1099.0	17.9469	1681390659.694
7	1099.5	17.9476	1681390660.198
7	1100.0	17.9423	1681390660.702
7	1100.5	17.9416	1681390661.194
7	1101.0	17.9412	1681390661.698
7	1101.5	17.9443	1681390662.202
7	1102.0	17.9460	1681390662.694
7	1102.5	17.9424	1681390663.198
7	1103.0	17.9477	1681390663.702
7	1103.5	17.9458	1681390664.194
7	1104.0	17.9424	1681390664.698
7	1104.5	17.9397	1681390665.202
7	1105.0	17.9393	1681390665.694
7	1105.5	17.9392	1681390666.198
7	1106.0	17.9397	1681390666.702
7	1106.5	17.9402	1681390667.206
7	1107.0	17.9396	1681390667.698
7	1107.5	17.9387	1681390668.202
7	1108.0	17.9376	1681390668.694
7	1108.5	17.9380	1681390669.198
7	1109.0	17.9393	1681390669.702
7	1109.5	17.9446	1681390670.206
7	1110.0	17.9428	1681390670.698
7	1110.5	17.9414	1681390671.202
7	1111.0	17.9401	1681390671.694
7	1111.5	17.9397	1681390672.198
7	1112.0	17.9444	1681390672.702
7	1112.5	17.9447	1681390673.206
7	1113.0	17.9450	1681390673.698
7	1113.5	17.9543	1681390674.202
7	1114.0	17.9439	1681390674.694
7	1114.5	17.9428	1681390675.198
7	1115.0	17.9433	1681390675.702
7	1115.5	17.9436	1681390676.206
7	1116.0	17.9423	1681390676.698
7	1116.5	17.9426	1681390677.202
7	1117.0	17.9410	1681390677.694
7	1117.5	17.9401	1681390678.198
7	1118.0	17.9400	1681390678.702
7	1118.5	17.9408	1681390679.205
7	1119.0	17.9430	1681390679.698
7	1119.5	17.9417	1681390680.201
7	1120.0	17.9436	1681390680.694
7	1120.5	17.9408	1681390681.197
7	1121.0	17.9403	1681390681.701
7	1121.5	17.9404	1681390682.205
7	1122.0	17.9426	1681390682.697
7	1122.5	17.9426	1681390683.201
7	1123.0	17.9443	1681390683.693
7	1123.5	17.9422	1681390684.197
7	1124.0	17.9404	1681390684.701
7	1124.5	17.9416	1681390685.205
7	1125.0	17.9406	1681390685.697
7	1125.5	17.9408	1681390686.201
7	1126.0	17.9406	1681390686.705
7	1126.5	17.9401	1681390687.197
7	1127.0	17.9414	1681390687.701
7	1127.5	17.9390	1681390688.205
7	1128.0	17.9396	1681390688.697
7	1128.5	17.9419	1681390689.201
7	1129.0	17.9479	1681390689.705
7	1129.5	17.9473	1681390690.197
7	1130.0	17.9480	1681390690.701
7	1130.5	17.9476	1681390691.205
7	1131.0	17.9451	1681390691.697
7	1131.5	17.9444	1681390692.201
7	1132.0	17.9436	1681390692.705
7	1132.5	17.9452	1681390693.197
7	1133.0	17.9441	1681390693.701
7	1133.5	17.9429	1681390694.205
7	1134.0	17.9430	1681390694.697
7	1134.5	17.9447	1681390695.201
7	1135.0	17.9435	1681390695.705
7	1135.5	17.9450	1681390696.197
7	1136.0	17.9439	1681390696.701
7	1136.5	17.9423	1681390697.205
7	1137.0	17.9435	1681390697.697
7	1137.5	17.9451	1681390698.201
7	1138.0	17.9539	1681390698.705
7	1138.5	17.9509	1681390699.197
7	1139.0	17.9488	1681390699.701
7	1139.5	17.9484	1681390700.205
7	1140.0	17.9512	1681390700.697
7	1140.5	17.9498	1681390701.201
7	1141.0	17.9468	1681390701.705
7	1141.5	17.9522	1681390702.197
7	1142.0	17.9519	1681390702.701
7	1142.5	17.9500	1681390703.204
7	1143.0	17.9477	1681390703.697
7	1143.5	17.9494	1681390704.200
7	1144.0	17.9499	1681390704.704
7	1144.5	17.9571	1681390705.197
7	1145.0	17.9522	1681390705.700
7	1145.5	17.9516	1681390706.204
7	1146.0	17.9500	1681390706.696
7	1146.5	17.9512	1681390707.200
7	1147.0	17.9512	1681390707.705
7	1147.5	17.9448	1681390708.196
7	1148.0	17.9509	1681390708.700
7	1148.5	17.9513	1681390709.204
7	1149.0	17.9515	1681390709.696
7	1149.5	17.9531	1681390710.200
7	1150.0	17.9534	1681390710.704
7	1150.5	17.9500	1681390711.196
7	1151.0	17.9494	1681390711.700
7	1151.5	17.9476	1681390712.204
7	1152.0	17.9469	1681390712.696
7	1152.5	17.9489	1681390713.200
7	1153.0	17.9469	1681390713.704
7	1153.5	17.9451	1681390714.196
7	1154.0	17.9441	1681390714.700
7	1154.5	17.9452	1681390715.204
7	1155.0	17.9461	1681390715.696
7	1155.5	17.9449	1681390716.200
7	1156.0	17.9424	1681390716.704
7	1156.5	17.9443	1681390717.196
7	1157.0	17.9444	1681390717.700
7	1157.5	17.9429	1681390718.204
7	1158.0	17.9337	1681390718.696
7	1158.5	17.9315	1681390719.200
7	1159.0	17.9347	1681390719.704
7	1159.5	17.9423	1681390720.196
7	1160.0	17.9471	1681390720.700
7	1160.5	17.9470	1681390721.204
7	1161.0	17.9506	1681390721.696
7	1161.5	17.9488	1681390722.200
7	1162.0	17.9492	1681390722.704
7	1162.5	17.9470	1681390723.196
7	1163.0	17.9484	1681390723.700
7	1163.5	17.9487	1681390724.204
7	1164.0	17.9485	1681390724.696
7	1164.5	17.9478	1681390725.200
7	1165.0	17.9447	1681390725.704
7	1165.5	17.9475	1681390726.196
7	1166.0	17.9483	1681390726.700
7	1166.5	17.9415	1681390727.204
7	1167.0	17.9403	1681390727.696
7	1167.5	17.9410	1681390728.200
7	1168.0	17.9406	1681390728.704
7	1168.5	17.9413	1681390729.196
7	1169.0	17.9454	1681390729.700
7	1169.5	17.9387	1681390730.204
7	1170.0	17.9474	1681390730.696
7	1170.5	17.9349	1681390731.200
7	1171.0	17.9344	1681390731.703
7	1171.5	17.9361	1681390732.195
7	1172.0	17.9374	1681390732.699
7	1172.5	17.9361	1681390733.203
7	1173.0	17.9364	1681390733.695
7	1173.5	17.9360	1681390734.199
7	1174.0	17.9365	1681390734.703
7	1174.5	17.9353	1681390735.195
7	1175.0	17.9350	1681390735.699
7	1175.5	17.9344	1681390736.203
7	1176.0	17.9351	1681390736.695
7	1176.5	17.9340	1681390737.199
7	1177.0	17.9346	1681390737.704
7	1177.5	17.9342	1681390738.195
7	1178.0	17.9353	1681390738.699
7	1178.5	17.9379	1681390739.203
7	1179.0	17.9482	1681390739.695
7	1179.5	17.9484	1681390740.199
7	1180.0	17.9471	1681390740.703
7	1180.5	17.9467	1681390741.195
7	1181.0	17.9476	1681390741.699
7	1181.5	17.9472	1681390742.203
7	1182.0	17.9476	1681390742.695
7	1182.5	17.9402	1681390743.199
7	1183.0	17.9473	1681390743.703
7	1183.5	17.9464	1681390744.195
7	1184.0	17.9467	1681390744.699
7	1184.5	17.9433	1681390745.203
7	1185.0	17.9435	1681390745.695
7	1185.5	17.9412	1681390746.199
7	1186.0	17.9398	1681390746.703
7	1186.5	17.9356	1681390747.195
7	1187.0	17.9338	1681390747.699
7	1187.5	17.9368	1681390748.203
7	1188.0	17.9348	1681390748.695
7	1188.5	17.9361	1681390749.199
7	1189.0	17.9345	1681390749.703
7	1189.5	17.9314	1681390750.195
7	1190.0	17.9385	1681390750.699
7	1190.5	17.9457	1681390751.203
7	1191.0	17.9393	1681390751.695
7	1191.5	17.9351	1681390752.199
7	1192.0	17.9388	1681390752.703
7	1192.5	17.9351	1681390753.195
7	1193.0	17.9283	1681390753.699
7	1193.5	17.9337	1681390754.203
7	1194.0	17.9459	1681390754.695
7	1194.5	17.9436	1681390755.199
7	1195.0	17.9400	1681390755.702
7	1195.5	17.9350	1681390756.195
7	1196.0	17.9357	1681390756.699
7	1196.5	17.9342	1681390757.202
7	1197.0	17.9375	1681390757.695
7	1197.5	17.9395	1681390758.198
7	1198.0	17.9409	1681390758.703
7	1198.5	17.9387	1681390759.195
7	1199.0	17.9393	1681390759.698
7	1199.5	17.9453	1681390760.202
7	1200.0	17.9444	1681390760.695
7	1200.5	17.9475	1681390761.198
7	1201.0	17.9393	1681390761.702
7	1201.5	17.9423	1681390762.194
7	1202.0	17.9509	1681390762.698
7	1202.5	17.9524	1681390763.202
7	1203.0	17.9494	1681390763.694
7	1203.5	17.9420	1681390764.198
7	1204.0	17.9454	1681390764.702
7	1204.5	17.9521	1681390765.194
7	1205.0	17.9499	1681390765.698
7	1205.5	17.9449	1681390766.202
7	1206.0	17.9415	1681390766.694
7	1206.5	17.9433	1681390767.198
7	1207.0	17.9458	1681390767.703
7	1207.5	17.9484	1681390768.194
7	1208.0	17.9464	1681390768.698
7	1208.5	17.9307	1681390769.202
7	1209.0	17.9325	1681390769.694
7	1209.5	17.9364	1681390770.198
7	1210.0	17.9345	1681390770.702
7	1210.5	17.9422	1681390771.206
7	1211.0	17.9431	1681390771.698
7	1211.5	17.9424	1681390772.202
7	1212.0	17.9422	1681390772.694
7	1212.5	17.9387	1681390773.198
7	1213.0	17.9387	1681390773.702
7	1213.5	17.9418	1681390774.206
7	1214.0	17.9354	1681390774.698
7	1214.5	17.9404	1681390775.202
7	1215.0	17.9364	1681390775.694
7	1215.5	17.9392	1681390776.198
7	1216.0	17.9346	1681390776.702
7	1216.5	17.9362	1681390777.206
7	1217.0	17.9341	1681390777.698
7	1217.5	17.9350	1681390778.202
7	1218.0	17.9344	1681390778.694
7	1218.5	17.9314	1681390779.198
7	1219.0	17.9332	1681390779.702
7	1219.5	17.9343	1681390780.206
7	1220.0	17.9314	1681390780.698
7	1220.5	17.9333	1681390781.202
7	1221.0	17.9321	1681390781.694
7	1221.5	17.9357	1681390782.198
7	1222.0	17.9375	1681390782.701
7	1222.5	17.9416	1681390783.205
7	1223.0	17.9422	1681390783.698
7	1223.5	17.9323	1681390784.201
7	1224.0	17.9412	1681390784.694
7	1224.5	17.9418	1681390785.197
7	1225.0	17.9382	1681390785.701
7	1225.5	17.9408	1681390786.205
7	1226.0	17.9407	1681390786.697
7	1226.5	17.9360	1681390787.201
7	1227.0	17.9357	1681390787.693
7	1227.5	17.9307	1681390788.197
7	1228.0	17.9330	1681390788.701
7	1228.5	17.9332	1681390789.205
7	1229.0	17.9267	1681390789.697
7	1229.5	17.9225	1681390790.201
7	1230.0	17.9219	1681390790.705
7	1230.5	17.9395	1681390791.197
7	1231.0	17.9401	1681390791.701
7	1231.5	17.9423	1681390792.205
7	1232.0	17.9379	1681390792.697
7	1232.5	17.9381	1681390793.201
7	1233.0	17.9353	1681390793.705
7	1233.5	17.9363	1681390794.197
7	1234.0	17.9357	1681390794.701
7	1234.5	17.9366	1681390795.205
7	1235.0	17.9379	1681390795.697
7	1235.5	17.9369	1681390796.201
7	1236.0	17.9375	1681390796.705
7	1236.5	17.9364	1681390797.197
7	1237.0	17.9310	1681390797.701
7	1237.5	17.9335	1681390798.205
7	1238.0	17.9374	1681390798.697
7	1238.5	17.9350	1681390799.201
7	1239.0	17.9330	1681390799.705
7	1239.5	17.9338	1681390800.197
7	1240.0	17.9342	1681390800.701
7	1240.5	17.9318	1681390801.205
7	1241.0	17.9323	1681390801.697
7	1241.5	17.9332	1681390802.201
7	1242.0	17.9332	1681390802.705
7	1242.5	17.9331	1681390803.197
7	1243.0	17.9320	1681390803.701
7	1243.5	17.9350	1681390804.205
7	1244.0	17.9352	1681390804.697
7	1244.5	17.9359	1681390805.201
7	1245.0	17.9352	1681390805.705
7	1245.5	17.9340	1681390806.197
7	1246.0	17.9318	1681390806.701
7	1246.5	17.9372	1681390807.204
7	1247.0	17.9322	1681390807.697
7	1247.5	17.9288	1681390808.201
7	1248.0	17.9305	1681390808.705
7	1248.5	17.9344	1681390809.197
7	1249.0	17.9388	1681390809.700
7	1249.5	17.9313	1681390810.204
7	1250.0	17.9344	1681390810.697
7	1250.5	17.9274	1681390811.200
7	1251.0	17.9296	1681390811.704
7	1251.5	17.9279	1681390812.196
7	1252.0	17.9304	1681390812.700
7	1252.5	17.9294	1681390813.204
7	1253.0	17.9288	1681390813.696
7	1253.5	17.9313	1681390814.200
7	1254.0	17.9318	1681390814.704
7	1254.5	17.9352	1681390815.196
7	1255.0	17.9301	1681390815.700
7	1255.5	17.9314	1681390816.204
7	1256.0	17.9308	1681390816.696
7	1256.5	17.9308	1681390817.200
7	1257.0	17.9309	1681390817.704
7	1257.5	17.9329	1681390818.196
7	1258.0	17.9311	1681390818.700
7	1258.5	17.9311	1681390819.204
7	1259.0	17.9292	1681390819.696
7	1259.5	17.9346	1681390820.200
7	1260.0	17.9311	1681390820.704
7	1260.5	17.9323	1681390821.196
7	1261.0	17.9342	1681390821.700
7	1261.5	17.9287	1681390822.204
7	1262.0	17.9325	1681390822.696
7	1262.5	17.9355	1681390823.200
7	1263.0	17.9263	1681390823.704
