# Log Ver: CODA_2T 0.0.1 Prog Ver: 0.0.1 Sensor: 212717 Depth 0 2023-04-13 12:39:17 UTC 
# id model = RBRcoda3, version = 1.059, serial = 212717, fwtype = 107, flavour = rt
# reldepth stime temp time
6	0.5	18.1071	1681389561.172
6	1.0	18.0858	1681389561.676
6	1.5	18.0427	1681389562.179
6	2.0	17.9956	1681389562.673
6	2.5	17.9528	1681389563.177
6	3.0	17.9252	1681389563.680
6	3.5	17.8475	1681389564.172
6	4.0	17.8167	1681389564.676
6	4.5	17.7698	1681389565.181
6	5.0	17.7144	1681389565.672
6	5.5	17.6640	1681389566.177
6	6.0	17.6269	1681389566.679
6	6.5	17.5869	1681389567.172
6	7.0	17.5678	1681389567.675
6	7.5	17.5726	1681389568.179
6	8.0	17.6258	1681389568.671
6	8.5	17.6045	1681389569.175
6	9.0	17.6156	1681389569.679
6	9.5	17.6016	1681389570.171
6	10.0	17.6620	1681389570.675
6	10.5	17.7035	1681389571.179
6	11.0	17.7195	1681389571.671
6	11.5	17.6879	1681389572.175
6	12.0	17.6791	1681389572.679
6	12.5	17.6599	1681389573.172
6	13.0	17.6211	1681389573.675
6	13.5	17.5941	1681389574.179
6	14.0	17.5632	1681389574.671
6	14.5	17.5383	1681389575.175
6	15.0	17.5141	1681389575.679
6	15.5	17.4972	1681389576.172
6	16.0	17.4889	1681389576.675
6	16.5	17.4919	1681389577.179
6	17.0	17.4985	1681389577.672
6	17.5	17.4953	1681389578.175
6	18.0	17.5496	1681389578.679
6	18.5	17.5767	1681389579.171
6	19.0	17.5851	1681389579.675
6	19.5	17.5738	1681389580.179
6	20.0	17.5456	1681389580.671
6	20.5	17.5249	1681389581.175
6	21.0	17.4987	1681389581.679
6	21.5	17.4888	1681389582.171
6	22.0	17.4757	1681389582.676
6	22.5	17.4712	1681389583.179
6	23.0	17.4800	1681389583.671
6	23.5	17.4871	1681389584.175
6	24.0	17.5531	1681389584.679
6	24.5	17.5535	1681389585.171
6	25.0	17.5747	1681389585.675
6	25.5	17.6555	1681389586.179
6	26.0	17.6495	1681389586.672
6	26.5	17.6486	1681389587.175
6	27.0	17.6285	1681389587.679
6	27.5	17.6086	1681389588.171
6	28.0	17.5848	1681389588.675
6	28.5	17.5664	1681389589.179
6	29.0	17.5670	1681389589.671
6	29.5	17.5706	1681389590.176
6	30.0	17.5473	1681389590.678
6	30.5	17.5084	1681389591.171
6	31.0	17.5192	1681389591.675
6	31.5	17.5258	1681389592.178
6	32.0	17.5241	1681389592.671
6	32.5	17.5323	1681389593.175
6	33.0	17.5148	1681389593.680
6	33.5	17.4981	1681389594.171
6	34.0	17.4879	1681389594.674
6	34.5	17.4791	1681389595.178
6	35.0	17.4568	1681389595.671
6	35.5	17.4464	1681389596.174
6	36.0	17.4446	1681389596.678
6	36.5	17.4300	1681389597.182
6	37.0	17.4267	1681389597.674
6	37.5	17.4229	1681389598.178
6	38.0	17.4511	1681389598.670
6	38.5	17.4812	1681389599.174
6	39.0	17.4775	1681389599.678
6	39.5	17.4738	1681389600.183
6	40.0	17.4813	1681389600.674
6	40.5	17.4985	1681389601.178
6	41.0	17.5374	1681389601.671
6	41.5	17.5690	1681389602.174
6	42.0	17.5865	1681389602.678
6	42.5	17.5539	1681389603.182
6	43.0	17.5132	1681389603.674
6	43.5	17.5015	1681389604.178
6	44.0	17.5223	1681389604.670
6	44.5	17.5419	1681389605.174
6	45.0	17.5571	1681389605.678
6	45.5	17.5441	1681389606.182
6	46.0	17.5195	1681389606.674
6	46.5	17.5047	1681389607.179
6	47.0	17.5022	1681389607.670
6	47.5	17.5050	1681389608.175
6	48.0	17.5101	1681389608.678
6	48.5	17.5136	1681389609.182
6	49.0	17.5438	1681389609.674
6	49.5	17.5679	1681389610.178
6	50.0	17.5567	1681389610.670
6	50.5	17.5383	1681389611.175
6	51.0	17.5363	1681389611.678
6	51.5	17.5570	1681389612.182
6	52.0	17.5831	1681389612.675
6	52.5	17.6623	1681389613.178
6	53.0	17.6740	1681389613.670
6	53.5	17.6510	1681389614.174
6	54.0	17.6381	1681389614.677
6	54.5	17.6514	1681389615.181
6	55.0	17.6795	1681389615.673
6	55.5	17.6799	1681389616.177
6	56.0	17.6574	1681389616.682
6	56.5	17.6435	1681389617.173
6	57.0	17.6424	1681389617.677
6	57.5	17.6675	1681389618.181
6	58.0	17.6958	1681389618.673
6	58.5	17.7187	1681389619.177
6	59.0	17.7494	1681389619.683
6	59.5	17.7744	1681389620.173
6	60.0	17.7949	1681389620.677
6	60.5	17.8047	1681389621.181
6	61.0	17.8091	1681389621.673
6	61.5	17.7282	1681389622.177
6	62.0	17.6835	1681389622.681
6	62.5	17.6605	1681389623.173
6	63.0	17.7316	1681389623.677
6	63.5	17.7499	1681389624.181
6	64.0	17.7470	1681389624.673
6	64.5	17.8228	1681389625.177
6	65.0	17.8561	1681389625.681
6	65.5	17.9230	1681389626.173
6	66.0	17.9898	1681389626.677
6	66.5	17.9953	1681389627.181
6	67.0	17.9484	1681389627.673
6	67.5	17.8990	1681389628.178
6	68.0	17.8584	1681389628.681
6	68.5	17.8048	1681389629.173
6	69.0	17.7764	1681389629.677
6	69.5	17.7618	1681389630.181
6	70.0	17.7309	1681389630.673
6	70.5	17.7070	1681389631.177
6	71.0	17.6650	1681389631.681
6	71.5	17.6279	1681389632.173
6	72.0	17.6151	1681389632.677
6	72.5	17.6174	1681389633.183
6	73.0	17.6325	1681389633.673
6	73.5	17.6416	1681389634.178
6	74.0	17.6487	1681389634.682
6	74.5	17.6048	1681389635.173
6	75.0	17.5835	1681389635.677
6	75.5	17.5885	1681389636.181
6	76.0	17.5679	1681389636.673
6	76.5	17.5626	1681389637.177
6	77.0	17.5624	1681389637.681
6	77.5	17.5190	1681389638.173
6	78.0	17.4997	1681389638.677
6	78.5	17.5018	1681389639.181
6	79.0	17.5125	1681389639.674
6	79.5	17.5208	1681389640.177
6	80.0	17.5409	1681389640.681
6	80.5	17.5356	1681389641.173
6	81.0	17.5548	1681389641.676
6	81.5	17.5466	1681389642.180
6	82.0	17.5781	1681389642.672
6	82.5	17.5701	1681389643.176
6	83.0	17.5629	1681389643.681
6	83.5	17.5472	1681389644.173
6	84.0	17.5561	1681389644.676
6	84.5	17.5906	1681389645.180
6	85.0	17.5930	1681389645.672
6	85.5	17.5731	1681389646.176
6	86.0	17.5566	1681389646.680
6	86.5	17.5632	1681389647.172
6	87.0	17.5455	1681389647.676
6	87.5	17.5504	1681389648.180
6	88.0	17.5571	1681389648.672
6	88.5	17.5560	1681389649.176
6	89.0	17.5695	1681389649.680
6	89.5	17.6204	1681389650.173
6	90.0	17.6550	1681389650.676
6	90.5	17.6510	1681389651.180
6	91.0	17.6486	1681389651.673
6	91.5	17.6410	1681389652.176
6	92.0	17.6551	1681389652.680
6	92.5	17.6622	1681389653.173
6	93.0	17.7032	1681389653.676
6	93.5	17.6922	1681389654.180
6	94.0	17.7046	1681389654.672
6	94.5	17.6820	1681389655.176
6	95.0	17.6548	1681389655.680
6	95.5	17.6315	1681389656.172
6	96.0	17.6672	1681389656.676
6	96.5	17.7493	1681389657.180
6	97.0	17.8035	1681389657.673
6	97.5	17.8753	1681389658.176
6	98.0	17.8840	1681389658.680
6	98.5	17.8423	1681389659.173
6	99.0	17.8016	1681389659.676
6	99.5	17.7652	1681389660.180
6	100.0	17.7373	1681389660.672
6	100.5	17.7050	1681389661.176
6	101.0	17.6965	1681389661.680
6	101.5	17.7589	1681389662.172
6	102.0	17.7967	1681389662.676
6	102.5	17.8552	1681389663.180
6	103.0	17.9025	1681389663.672
6	103.5	17.9946	1681389664.176
6	104.0	18.0276	1681389664.680
6	104.5	18.0647	1681389665.183
6	105.0	17.9946	1681389665.676
6	105.5	17.9258	1681389666.180
6	106.0	17.8742	1681389666.673
6	106.5	17.8334	1681389667.176
6	107.0	17.7851	1681389667.679
6	107.5	17.7995	1681389668.184
6	108.0	17.8869	1681389668.675
6	108.5	17.9622	1681389669.179
6	109.0	17.9354	1681389669.671
6	109.5	17.8698	1681389670.175
6	110.0	17.8217	1681389670.679
6	110.5	17.7686	1681389671.184
6	111.0	17.7262	1681389671.675
6	111.5	17.7090	1681389672.179
6	112.0	17.6816	1681389672.672
6	112.5	17.6457	1681389673.175
6	113.0	17.6392	1681389673.679
6	113.5	17.6824	1681389674.183
6	114.0	17.7179	1681389674.675
6	114.5	17.7799	1681389675.179
6	115.0	17.8289	1681389675.671
6	115.5	17.8346	1681389676.175
6	116.0	17.7818	1681389676.679
6	116.5	17.7342	1681389677.183
6	117.0	17.7163	1681389677.675
6	117.5	17.7669	1681389678.179
6	118.0	17.8028	1681389678.671
6	118.5	17.8698	1681389679.175
6	119.0	17.9734	1681389679.679
6	119.5	18.0483	1681389680.183
6	120.0	18.1568	1681389680.675
6	120.5	18.1418	1681389681.179
6	121.0	18.0751	1681389681.683
6	121.5	17.9992	1681389682.175
6	122.0	17.9286	1681389682.679
6	122.5	17.8729	1681389683.183
6	123.0	17.8445	1681389683.675
6	123.5	17.8613	1681389684.179
6	124.0	17.9566	1681389684.683
6	124.5	18.0423	1681389685.175
6	125.0	18.1237	1681389685.679
6	125.5	18.1934	1681389686.183
6	126.0	18.2671	1681389686.675
6	126.5	18.3335	1681389687.179
6	127.0	18.3585	1681389687.682
6	127.5	18.4140	1681389688.175
6	128.0	18.4492	1681389688.679
6	128.5	18.4673	1681389689.182
6	129.0	18.5115	1681389689.675
6	129.5	18.5622	1681389690.179
6	130.0	18.5960	1681389690.682
6	130.5	18.6281	1681389691.175
6	131.0	18.6471	1681389691.678
6	131.5	18.6453	1681389692.182
6	132.0	18.6885	1681389692.675
6	132.5	18.7196	1681389693.178
6	133.0	18.6971	1681389693.682
6	133.5	18.6885	1681389694.174
6	134.0	18.6728	1681389694.678
6	134.5	18.6384	1681389695.182
6	135.0	18.6361	1681389695.674
6	135.5	18.6187	1681389696.178
6	136.0	18.5413	1681389696.683
6	136.5	18.4478	1681389697.174
6	137.0	18.3611	1681389697.678
6	137.5	18.3754	1681389698.182
6	138.0	18.4322	1681389698.674
6	138.5	18.4720	1681389699.178
6	139.0	18.5248	1681389699.682
6	139.5	18.5757	1681389700.174
6	140.0	18.5926	1681389700.678
6	140.5	18.5608	1681389701.182
6	141.0	18.4905	1681389701.674
6	141.5	18.3665	1681389702.179
6	142.0	18.3267	1681389702.682
6	142.5	18.2631	1681389703.174
6	143.0	18.2598	1681389703.678
6	143.5	18.3204	1681389704.182
6	144.0	18.3920	1681389704.674
6	144.5	18.4684	1681389705.178
6	145.0	18.5107	1681389705.682
6	145.5	18.4976	1681389706.174
6	146.0	18.5290	1681389706.678
6	146.5	18.5117	1681389707.182
6	147.0	18.4752	1681389707.674
6	147.5	18.3928	1681389708.178
6	148.0	18.3634	1681389708.682
6	148.5	18.2928	1681389709.174
6	149.0	18.2982	1681389709.678
6	149.5	18.3806	1681389710.182
6	150.0	18.4555	1681389710.674
6	150.5	18.5272	1681389711.178
6	151.0	18.6042	1681389711.682
6	151.5	18.6718	1681389712.174
6	152.0	18.7260	1681389712.678
6	152.5	18.7840	1681389713.182
6	153.0	18.8139	1681389713.674
6	153.5	18.8592	1681389714.178
6	154.0	18.8929	1681389714.681
6	154.5	18.9016	1681389715.174
6	155.0	18.9166	1681389715.677
6	155.5	18.9440	1681389716.181
6	156.0	18.9860	1681389716.674
6	156.5	19.0203	1681389717.177
6	157.0	19.0729	1681389717.681
6	157.5	19.1230	1681389718.174
6	158.0	19.1761	1681389718.677
6	158.5	19.2355	1681389719.181
6	159.0	19.2941	1681389719.673
6	159.5	19.3482	1681389720.177
6	160.0	19.4152	1681389720.682
6	160.5	19.4871	1681389721.173
6	161.0	19.5440	1681389721.677
6	161.5	19.5803	1681389722.181
6	162.0	19.6166	1681389722.673
6	162.5	19.6581	1681389723.177
6	163.0	19.6644	1681389723.681
6	163.5	19.6846	1681389724.173
6	164.0	19.6905	1681389724.678
6	164.5	19.7082	1681389725.181
6	165.0	19.7156	1681389725.673
6	165.5	19.7183	1681389726.177
6	166.0	19.7128	1681389726.681
6	166.5	19.7585	1681389727.173
6	167.0	19.8174	1681389727.677
6	167.5	19.8598	1681389728.181
6	168.0	19.8923	1681389728.673
6	168.5	19.9358	1681389729.177
6	169.0	19.9460	1681389729.681
6	169.5	19.9687	1681389730.173
6	170.0	19.9899	1681389730.677
6	170.5	20.0192	1681389731.181
6	171.0	20.0470	1681389731.673
6	171.5	20.0822	1681389732.177
6	172.0	20.1302	1681389732.681
6	172.5	20.1747	1681389733.173
6	173.0	20.1810	1681389733.677
6	173.5	20.2026	1681389734.181
6	174.0	20.2521	1681389734.673
6	174.5	20.2956	1681389735.177
6	175.0	20.2972	1681389735.681
6	175.5	20.2614	1681389736.173
6	176.0	20.2513	1681389736.677
6	176.5	20.2210	1681389737.181
6	177.0	20.2112	1681389737.673
6	177.5	20.1809	1681389738.177
6	178.0	20.1847	1681389738.681
6	178.5	20.2083	1681389739.173
6	179.0	20.2622	1681389739.677
6	179.5	20.3326	1681389740.181
6	180.0	20.3857	1681389740.673
6	180.5	20.3888	1681389741.176
6	181.0	20.3208	1681389741.680
6	181.5	20.2558	1681389742.173
6	182.0	20.2377	1681389742.676
6	182.5	20.2559	1681389743.180
6	183.0	20.2488	1681389743.672
6	183.5	20.2451	1681389744.176
6	184.0	20.2895	1681389744.680
6	184.5	20.3499	1681389745.172
6	185.0	20.4155	1681389745.676
6	185.5	20.4470	1681389746.180
6	186.0	20.4559	1681389746.672
6	186.5	20.4616	1681389747.176
6	187.0	20.4951	1681389747.680
6	187.5	20.4201	1681389748.172
6	188.0	20.3308	1681389748.676
6	188.5	20.2280	1681389749.180
6	189.0	20.1998	1681389749.672
6	189.5	20.2333	1681389750.176
6	190.0	20.2957	1681389750.680
6	190.5	20.3443	1681389751.172
6	191.0	20.3961	1681389751.677
6	191.5	20.3439	1681389752.180
6	192.0	20.2230	1681389752.672
6	192.5	20.0765	1681389753.176
6	193.0	19.9960	1681389753.680
6	193.5	19.9925	1681389754.172
6	194.0	19.9511	1681389754.676
6	194.5	19.9542	1681389755.180
6	195.0	20.0169	1681389755.672
6	195.5	20.0498	1681389756.176
6	196.0	19.9658	1681389756.680
6	196.5	19.8650	1681389757.184
6	197.0	19.8047	1681389757.676
6	197.5	19.6793	1681389758.180
6	198.0	19.6504	1681389758.672
6	198.5	19.6761	1681389759.176
6	199.0	19.6318	1681389759.680
6	199.5	19.6684	1681389760.184
6	200.0	19.6180	1681389760.676
6	200.5	19.5692	1681389761.180
6	201.0	19.4557	1681389761.672
6	201.5	19.3559	1681389762.176
6	202.0	19.3028	1681389762.680
6	202.5	19.2304	1681389763.184
6	203.0	19.1529	1681389763.676
6	203.5	19.1080	1681389764.180
6	204.0	19.0864	1681389764.672
6	204.5	19.0574	1681389765.176
6	205.0	19.0072	1681389765.680
6	205.5	18.9701	1681389766.183
6	206.0	18.9671	1681389766.675
6	206.5	18.9802	1681389767.179
6	207.0	18.9853	1681389767.672
6	207.5	18.9799	1681389768.175
6	208.0	18.9763	1681389768.679
6	208.5	18.9549	1681389769.184
6	209.0	18.8986	1681389769.676
6	209.5	18.8537	1681389770.179
6	210.0	18.8195	1681389770.671
6	210.5	18.8235	1681389771.175
6	211.0	18.8196	1681389771.680
6	211.5	18.8151	1681389772.183
6	212.0	18.8003	1681389772.675
6	212.5	18.7821	1681389773.179
6	213.0	18.7755	1681389773.671
6	213.5	18.7851	1681389774.175
6	214.0	18.7715	1681389774.679
6	214.5	18.8854	1681389775.183
6	215.0	19.0063	1681389775.675
6	215.5	19.1206	1681389776.179
6	216.0	19.1920	1681389776.683
6	216.5	19.2772	1681389777.175
6	217.0	19.3808	1681389777.679
6	217.5	19.4645	1681389778.183
6	218.0	19.5419	1681389778.675
6	218.5	19.6176	1681389779.179
6	219.0	19.6680	1681389779.683
6	219.5	19.6979	1681389780.175
6	220.0	19.7671	1681389780.679
6	220.5	19.8578	1681389781.183
6	221.0	19.9101	1681389781.675
6	221.5	19.9968	1681389782.179
6	222.0	20.0367	1681389782.683
6	222.5	20.0922	1681389783.175
6	223.0	20.1521	1681389783.679
6	223.5	20.1736	1681389784.183
6	224.0	20.1890	1681389784.675
6	224.5	20.1072	1681389785.179
6	225.0	20.0245	1681389785.683
6	225.5	19.9591	1681389786.175
6	226.0	19.8413	1681389786.679
6	226.5	19.7537	1681389787.183
6	227.0	19.6891	1681389787.675
6	227.5	19.6365	1681389788.179
6	228.0	19.6164	1681389788.683
6	228.5	19.6141	1681389789.175
6	229.0	19.5811	1681389789.679
6	229.5	19.5398	1681389790.182
6	230.0	19.4979	1681389790.675
6	230.5	19.4760	1681389791.179
6	231.0	19.4655	1681389791.682
6	231.5	19.4725	1681389792.174
6	232.0	19.4321	1681389792.678
6	232.5	19.4151	1681389793.182
6	233.0	19.3868	1681389793.675
6	233.5	19.3219	1681389794.178
6	234.0	19.3219	1681389794.682
6	234.5	19.3408	1681389795.174
6	235.0	19.2928	1681389795.678
6	235.5	19.2515	1681389796.182
6	236.0	19.2151	1681389796.674
6	236.5	19.2543	1681389797.178
6	237.0	19.1949	1681389797.682
6	237.5	19.1626	1681389798.174
6	238.0	19.1709	1681389798.678
6	238.5	19.2083	1681389799.182
6	239.0	19.1988	1681389799.674
6	239.5	19.2072	1681389800.178
6	240.0	19.2406	1681389800.682
6	240.5	19.2196	1681389801.174
6	241.0	19.1862	1681389801.678
6	241.5	19.1157	1681389802.182
6	242.0	19.1000	1681389802.674
6	242.5	19.0724	1681389803.178
6	243.0	19.0780	1681389803.682
6	243.5	19.0889	1681389804.174
6	244.0	19.1780	1681389804.678
6	244.5	19.2002	1681389805.182
6	245.0	19.1713	1681389805.674
6	245.5	19.1137	1681389806.178
6	246.0	19.0702	1681389806.682
6	246.5	19.0826	1681389807.174
6	247.0	19.0902	1681389807.678
6	247.5	19.0858	1681389808.182
6	248.0	19.0712	1681389808.674
6	248.5	18.9894	1681389809.178
6	249.0	18.9005	1681389809.682
6	249.5	18.8697	1681389810.174
6	250.0	18.8650	1681389810.678
6	250.5	18.8724	1681389811.182
6	251.0	18.7924	1681389811.674
6	251.5	18.7311	1681389812.178
6	252.0	18.6942	1681389812.682
6	252.5	18.7016	1681389813.174
6	253.0	18.7605	1681389813.678
6	253.5	18.8036	1681389814.182
6	254.0	18.7942	1681389814.674
6	254.5	18.7137	1681389815.178
6	255.0	18.6088	1681389815.682
6	255.5	18.5337	1681389816.174
6	256.0	18.5307	1681389816.678
6	256.5	18.5505	1681389817.181
6	257.0	18.5963	1681389817.674
6	257.5	18.6613	1681389818.177
6	258.0	18.6893	1681389818.681
6	258.5	18.6247	1681389819.173
6	259.0	18.6680	1681389819.677
6	259.5	18.6525	1681389820.182
6	260.0	18.6419	1681389820.673
6	260.5	18.5949	1681389821.177
6	261.0	18.5820	1681389821.682
6	261.5	18.6214	1681389822.173
6	262.0	18.6785	1681389822.677
6	262.5	18.7103	1681389823.181
6	263.0	18.6601	1681389823.673
6	263.5	18.6448	1681389824.177
6	264.0	18.5368	1681389824.681
6	264.5	18.4799	1681389825.173
6	265.0	18.4641	1681389825.677
6	265.5	18.4473	1681389826.181
6	266.0	18.3624	1681389826.673
6	266.5	18.4552	1681389827.177
6	267.0	18.5504	1681389827.681
6	267.5	18.5493	1681389828.173
6	268.0	18.5307	1681389828.677
6	268.5	18.5708	1681389829.181
6	269.0	18.6081	1681389829.673
6	269.5	18.6353	1681389830.177
6	270.0	18.6075	1681389830.681
6	270.5	18.6094	1681389831.173
6	271.0	18.5485	1681389831.677
6	271.5	18.4401	1681389832.181
6	272.0	18.3861	1681389832.673
6	272.5	18.3400	1681389833.177
6	273.0	18.2548	1681389833.681
6	273.5	18.1867	1681389834.173
6	274.0	18.1646	1681389834.677
6	274.5	18.1333	1681389835.181
6	275.0	18.1359	1681389835.673
6	275.5	18.1897	1681389836.177
6	276.0	18.2542	1681389836.681
6	276.5	18.2628	1681389837.173
6	277.0	18.2846	1681389837.677
6	277.5	18.2726	1681389838.181
6	278.0	18.3208	1681389838.673
6	278.5	18.3332	1681389839.177
6	279.0	18.2736	1681389839.681
6	279.5	18.2855	1681389840.173
6	280.0	18.2149	1681389840.677
6	280.5	18.1888	1681389841.180
6	281.0	18.1090	1681389841.673
6	281.5	18.1123	1681389842.177
6	282.0	18.1415	1681389842.681
6	282.5	18.1628	1681389843.173
6	283.0	18.1399	1681389843.676
6	283.5	18.1453	1681389844.180
6	284.0	18.1706	1681389844.672
6	284.5	18.2157	1681389845.176
6	285.0	18.2366	1681389845.681
6	285.5	18.2391	1681389846.172
6	286.0	18.2391	1681389846.676
6	286.5	18.2235	1681389847.180
6	287.0	18.2399	1681389847.672
6	287.5	18.2614	1681389848.176
6	288.0	18.2801	1681389848.680
6	288.5	18.2912	1681389849.172
6	289.0	18.2418	1681389849.676
6	289.5	18.1991	1681389850.180
6	290.0	18.2210	1681389850.672
6	290.5	18.2357	1681389851.176
6	291.0	18.2704	1681389851.680
6	291.5	18.2710	1681389852.172
6	292.0	18.2128	1681389852.676
6	292.5	18.1568	1681389853.180
6	293.0	18.1242	1681389853.672
6	293.5	18.0909	1681389854.176
6	294.0	18.0995	1681389854.680
6	294.5	18.1086	1681389855.184
6	295.0	18.0744	1681389855.676
6	295.5	18.0756	1681389856.180
6	296.0	18.1093	1681389856.672
6	296.5	18.1457	1681389857.176
6	297.0	18.1645	1681389857.680
6	297.5	18.1246	1681389858.184
6	298.0	18.1216	1681389858.676
6	298.5	18.1078	1681389859.180
6	299.0	18.0789	1681389859.672
6	299.5	18.0699	1681389860.176
6	300.0	18.0710	1681389860.680
6	300.5	18.0403	1681389861.184
6	301.0	17.9827	1681389861.676
6	301.5	17.9470	1681389862.180
6	302.0	17.8986	1681389862.672
6	302.5	17.8588	1681389863.176
6	303.0	17.8936	1681389863.679
6	303.5	17.9397	1681389864.183
6	304.0	17.8984	1681389864.676
6	304.5	17.8960	1681389865.179
6	305.0	17.9302	1681389865.672
6	305.5	17.9682	1681389866.176
6	306.0	17.9577	1681389866.679
6	306.5	17.9730	1681389867.183
6	307.0	17.9833	1681389867.675
6	307.5	18.0098	1681389868.179
6	308.0	18.0150	1681389868.672
6	308.5	18.0082	1681389869.175
6	309.0	17.9353	1681389869.680
6	309.5	17.9444	1681389870.183
6	310.0	17.9470	1681389870.675
6	310.5	17.9653	1681389871.180
6	311.0	17.9604	1681389871.683
6	311.5	17.9515	1681389872.175
6	312.0	17.9654	1681389872.679
6	312.5	17.9820	1681389873.183
6	313.0	17.9789	1681389873.675
6	313.5	17.9818	1681389874.179
6	314.0	17.9779	1681389874.683
6	314.5	17.9869	1681389875.176
6	315.0	17.9891	1681389875.679
6	315.5	17.9682	1681389876.183
6	316.0	17.9702	1681389876.675
6	316.5	17.9677	1681389877.179
6	317.0	17.9602	1681389877.683
6	317.5	17.9888	1681389878.175
6	318.0	17.9941	1681389878.679
6	318.5	17.9856	1681389879.183
6	319.0	18.0037	1681389879.675
6	319.5	18.0515	1681389880.179
6	320.0	18.0659	1681389880.683
6	320.5	18.0969	1681389881.175
6	321.0	18.1413	1681389881.679
6	321.5	18.1694	1681389882.183
6	322.0	18.1742	1681389882.675
6	322.5	18.0786	1681389883.179
6	323.0	18.0379	1681389883.683
6	323.5	18.0935	1681389884.175
6	324.0	18.1173	1681389884.679
6	324.5	18.0904	1681389885.183
6	325.0	18.1120	1681389885.675
6	325.5	18.1132	1681389886.179
6	326.0	18.1079	1681389886.683
6	326.5	18.1286	1681389887.175
6	327.0	18.1510	1681389887.679
6	327.5	18.1448	1681389888.183
6	328.0	18.1248	1681389888.675
6	328.5	18.1223	1681389889.179
6	329.0	18.1283	1681389889.682
6	329.5	18.0569	1681389890.175
6	330.0	18.0636	1681389890.678
6	330.5	18.0271	1681389891.182
6	331.0	18.0025	1681389891.675
6	331.5	18.0525	1681389892.178
6	332.0	18.0989	1681389892.682
6	332.5	18.1101	1681389893.174
6	333.0	18.1108	1681389893.678
6	333.5	18.0878	1681389894.182
6	334.0	18.1513	1681389894.674
6	334.5	18.1467	1681389895.178
6	335.0	18.1437	1681389895.682
6	335.5	18.1439	1681389896.174
6	336.0	18.1531	1681389896.678
6	336.5	18.1512	1681389897.182
6	337.0	18.1535	1681389897.674
6	337.5	18.1438	1681389898.178
6	338.0	18.1684	1681389898.682
6	338.5	18.2363	1681389899.174
6	339.0	18.3004	1681389899.678
6	339.5	18.3382	1681389900.182
6	340.0	18.3557	1681389900.674
6	340.5	18.3469	1681389901.178
6	341.0	18.3754	1681389901.682
6	341.5	18.3607	1681389902.174
6	342.0	18.3671	1681389902.678
6	342.5	18.3696	1681389903.182
6	343.0	18.3895	1681389903.674
6	343.5	18.4000	1681389904.178
6	344.0	18.3829	1681389904.682
6	344.5	18.3976	1681389905.174
6	345.0	18.4117	1681389905.678
6	345.5	18.4219	1681389906.182
6	346.0	18.4467	1681389906.674
6	346.5	18.4677	1681389907.178
6	347.0	18.4853	1681389907.682
6	347.5	18.4687	1681389908.174
6	348.0	18.4663	1681389908.678
6	348.5	18.4941	1681389909.182
6	349.0	18.5318	1681389909.674
6	349.5	18.5522	1681389910.178
6	350.0	18.5853	1681389910.682
6	350.5	18.5872	1681389911.174
6	351.0	18.6520	1681389911.678
6	351.5	18.6676	1681389912.182
6	352.0	18.6326	1681389912.674
6	352.5	18.5346	1681389913.178
6	353.0	18.5102	1681389913.682
6	353.5	18.5487	1681389914.174
6	354.0	18.5429	1681389914.678
6	354.5	18.5224	1681389915.181
6	355.0	18.5384	1681389915.674
6	355.5	18.5249	1681389916.177
6	356.0	18.5187	1681389916.681
6	356.5	18.5290	1681389917.173
6	357.0	18.5421	1681389917.677
6	357.5	18.5624	1681389918.181
6	358.0	18.5274	1681389918.674
6	358.5	18.5381	1681389919.177
6	359.0	18.5149	1681389919.681
6	359.5	18.4971	1681389920.173
6	360.0	18.5022	1681389920.677
6	360.5	18.5024	1681389921.181
6	361.0	18.4328	1681389921.673
6	361.5	18.4259	1681389922.177
6	362.0	18.3489	1681389922.681
6	362.5	18.3439	1681389923.174
6	363.0	18.3494	1681389923.677
6	363.5	18.4034	1681389924.181
6	364.0	18.4395	1681389924.673
6	364.5	18.4689	1681389925.177
6	365.0	18.5040	1681389925.681
6	365.5	18.5018	1681389926.173
6	366.0	18.4698	1681389926.677
6	366.5	18.5108	1681389927.181
6	367.0	18.5308	1681389927.673
6	367.5	18.5895	1681389928.177
6	368.0	18.5828	1681389928.681
6	368.5	18.6088	1681389929.173
6	369.0	18.6251	1681389929.677
6	369.5	18.6356	1681389930.181
6	370.0	18.6029	1681389930.673
6	370.5	18.5428	1681389931.177
6	371.0	18.5305	1681389931.681
6	371.5	18.4945	1681389932.173
6	372.0	18.4611	1681389932.677
6	372.5	18.4494	1681389933.181
6	373.0	18.4404	1681389933.673
6	373.5	18.4718	1681389934.177
6	374.0	18.5162	1681389934.681
6	374.5	18.5230	1681389935.173
6	375.0	18.5283	1681389935.677
6	375.5	18.4912	1681389936.181
6	376.0	18.4815	1681389936.673
6	376.5	18.4971	1681389937.177
6	377.0	18.5173	1681389937.681
6	377.5	18.5128	1681389938.173
6	378.0	18.5364	1681389938.677
6	378.5	18.4990	1681389939.181
6	379.0	18.5369	1681389939.673
6	379.5	18.5630	1681389940.177
6	380.0	18.5872	1681389940.681
6	380.5	18.5898	1681389941.173
6	381.0	18.5669	1681389941.676
6	381.5	18.5536	1681389942.180
6	382.0	18.5404	1681389942.673
6	382.5	18.5289	1681389943.176
6	383.0	18.5582	1681389943.680
6	383.5	18.5594	1681389944.172
6	384.0	18.5214	1681389944.676
6	384.5	18.5463	1681389945.180
6	385.0	18.4760	1681389945.673
6	385.5	18.4670	1681389946.176
6	386.0	18.4890	1681389946.680
6	386.5	18.5007	1681389947.172
6	387.0	18.5320	1681389947.676
6	387.5	18.5936	1681389948.180
6	388.0	18.6645	1681389948.672
6	388.5	18.6916	1681389949.176
6	389.0	18.7302	1681389949.680
6	389.5	18.7724	1681389950.184
6	390.0	18.7739	1681389950.676
6	390.5	18.7673	1681389951.180
6	391.0	18.7170	1681389951.672
6	391.5	18.6374	1681389952.176
6	392.0	18.6372	1681389952.680
6	392.5	18.6282	1681389953.184
6	393.0	18.7013	1681389953.676
6	393.5	18.7530	1681389954.180
6	394.0	18.7385	1681389954.672
6	394.5	18.6797	1681389955.176
6	395.0	18.5991	1681389955.680
6	395.5	18.6175	1681389956.184
6	396.0	18.6744	1681389956.676
6	396.5	18.7366	1681389957.180
6	397.0	18.7561	1681389957.672
6	397.5	18.6815	1681389958.176
6	398.0	18.6243	1681389958.680
6	398.5	18.5772	1681389959.184
6	399.0	18.5843	1681389959.676
6	399.5	18.5909	1681389960.180
6	400.0	18.6354	1681389960.672
6	400.5	18.6997	1681389961.176
6	401.0	18.7227	1681389961.680
6	401.5	18.7393	1681389962.183
6	402.0	18.6577	1681389962.676
6	402.5	18.6137	1681389963.180
6	403.0	18.6129	1681389963.672
6	403.5	18.5575	1681389964.176
6	404.0	18.5546	1681389964.680
6	404.5	18.5501	1681389965.183
6	405.0	18.5558	1681389965.676
6	405.5	18.6419	1681389966.179
6	406.0	18.7327	1681389966.672
6	406.5	18.8318	1681389967.175
6	407.0	18.8980	1681389967.679
6	407.5	18.9277	1681389968.183
6	408.0	18.8819	1681389968.676
6	408.5	18.7979	1681389969.179
6	409.0	18.8394	1681389969.683
6	409.5	18.8653	1681389970.175
6	410.0	18.8769	1681389970.679
6	410.5	18.9141	1681389971.183
6	411.0	18.9482	1681389971.676
6	411.5	19.0315	1681389972.179
6	412.0	19.0990	1681389972.683
6	412.5	19.1550	1681389973.175
6	413.0	19.2185	1681389973.679
6	413.5	19.2687	1681389974.183
6	414.0	19.3194	1681389974.675
6	414.5	19.3789	1681389975.179
6	415.0	19.4185	1681389975.683
6	415.5	19.4187	1681389976.175
6	416.0	19.4214	1681389976.679
6	416.5	19.3587	1681389977.183
6	417.0	19.3171	1681389977.675
6	417.5	19.2821	1681389978.179
6	418.0	19.2940	1681389978.683
6	418.5	19.3434	1681389979.175
6	419.0	19.3681	1681389979.679
6	419.5	19.4155	1681389980.183
6	420.0	19.4318	1681389980.675
6	420.5	19.4507	1681389981.179
6	421.0	19.5114	1681389981.683
6	421.5	19.5363	1681389982.175
6	422.0	19.4346	1681389982.679
6	422.5	19.3581	1681389983.183
6	423.0	19.2975	1681389983.675
6	423.5	19.2641	1681389984.179
6	424.0	19.2374	1681389984.683
6	424.5	19.2624	1681389985.175
6	425.0	19.3190	1681389985.679
6	425.5	19.3749	1681389986.183
6	426.0	19.4155	1681389986.675
6	426.5	19.4631	1681389987.179
6	427.0	19.5062	1681389987.682
6	427.5	19.5417	1681389988.175
6	428.0	19.5409	1681389988.679
6	428.5	19.5601	1681389989.182
6	429.0	19.5694	1681389989.675
6	429.5	19.5663	1681389990.179
6	430.0	19.4651	1681389990.682
6	430.5	19.3991	1681389991.175
6	431.0	19.2785	1681389991.678
6	431.5	19.2907	1681389992.182
6	432.0	19.3508	1681389992.674
6	432.5	19.3946	1681389993.178
6	433.0	19.4402	1681389993.682
6	433.5	19.4970	1681389994.174
6	434.0	19.5470	1681389994.678
6	434.5	19.5905	1681389995.182
6	435.0	19.6223	1681389995.674
6	435.5	19.5554	1681389996.178
6	436.0	19.4289	1681389996.682
6	436.5	19.3981	1681389997.174
6	437.0	19.3144	1681389997.678
6	437.5	19.2908	1681389998.182
6	438.0	19.3611	1681389998.674
6	438.5	19.4429	1681389999.178
6	439.0	19.5167	1681389999.682
6	439.5	19.5768	1681390000.174
6	440.0	19.6126	1681390000.678
6	440.5	19.6391	1681390001.182
6	441.0	19.5419	1681390001.674
6	441.5	19.4585	1681390002.178
6	442.0	19.3786	1681390002.682
6	442.5	19.3192	1681390003.174
6	443.0	19.2881	1681390003.678
6	443.5	19.2969	1681390004.182
6	444.0	19.2178	1681390004.674
6	444.5	19.1418	1681390005.178
6	445.0	19.0485	1681390005.682
6	445.5	18.9983	1681390006.174
6	446.0	18.9712	1681390006.678
6	446.5	18.9997	1681390007.182
6	447.0	19.0901	1681390007.674
6	447.5	19.1444	1681390008.178
6	448.0	19.1080	1681390008.682
6	448.5	19.0045	1681390009.174
6	449.0	18.8431	1681390009.678
6	449.5	18.6755	1681390010.182
6	450.0	18.5208	1681390010.674
6	450.5	18.4093	1681390011.178
6	451.0	18.3773	1681390011.682
6	451.5	18.3846	1681390012.174
6	452.0	18.4155	1681390012.678
6	452.5	18.5486	1681390013.181
6	453.0	18.6783	1681390013.674
6	453.5	18.7863	1681390014.178
6	454.0	18.7822	1681390014.681
6	454.5	18.6503	1681390015.174
6	455.0	18.6025	1681390015.678
6	455.5	18.6174	1681390016.181
6	456.0	18.5816	1681390016.673
6	456.5	18.5529	1681390017.177
6	457.0	18.5788	1681390017.681
6	457.5	18.6109	1681390018.173
6	458.0	18.6457	1681390018.677
6	458.5	18.6871	1681390019.181
6	459.0	18.7312	1681390019.673
6	459.5	18.7776	1681390020.177
6	460.0	18.8181	1681390020.681
6	460.5	18.7451	1681390021.173
6	461.0	18.7012	1681390021.677
6	461.5	18.6323	1681390022.181
6	462.0	18.5681	1681390022.673
6	462.5	18.5496	1681390023.177
6	463.0	18.5357	1681390023.681
6	463.5	18.5412	1681390024.173
6	464.0	18.5042	1681390024.677
6	464.5	18.4554	1681390025.181
6	465.0	18.4342	1681390025.673
6	465.5	18.4540	1681390026.177
6	466.0	18.5140	1681390026.681
6	466.5	18.5625	1681390027.173
6	467.0	18.6272	1681390027.677
6	467.5	18.6409	1681390028.181
6	468.0	18.5933	1681390028.673
6	468.5	18.6425	1681390029.177
6	469.0	18.6641	1681390029.681
6	469.5	18.6771	1681390030.173
6	470.0	18.6164	1681390030.677
6	470.5	18.5856	1681390031.181
6	471.0	18.6535	1681390031.673
6	471.5	18.6325	1681390032.177
6	472.0	18.6120	1681390032.681
6	472.5	18.6195	1681390033.173
6	473.0	18.6169	1681390033.677
6	473.5	18.6251	1681390034.181
6	474.0	18.6083	1681390034.673
6	474.5	18.6674	1681390035.177
6	475.0	18.7264	1681390035.681
6	475.5	18.7505	1681390036.173
6	476.0	18.7588	1681390036.677
6	476.5	18.7727	1681390037.181
6	477.0	18.8140	1681390037.673
6	477.5	18.7909	1681390038.177
6	478.0	18.8205	1681390038.680
6	478.5	18.8333	1681390039.173
6	479.0	18.8338	1681390039.676
6	479.5	18.8614	1681390040.180
6	480.0	18.8878	1681390040.673
6	480.5	18.9068	1681390041.176
6	481.0	18.9127	1681390041.680
6	481.5	18.9318	1681390042.172
6	482.0	18.9050	1681390042.676
6	482.5	18.8951	1681390043.180
6	483.0	18.8913	1681390043.672
6	483.5	18.8517	1681390044.176
6	484.0	18.8697	1681390044.680
6	484.5	18.8423	1681390045.184
6	485.0	18.7580	1681390045.676
6	485.5	18.6892	1681390046.180
6	486.0	18.7025	1681390046.672
6	486.5	18.7464	1681390047.176
6	487.0	18.7850	1681390047.680
6	487.5	18.8084	1681390048.184
6	488.0	18.8459	1681390048.676
6	488.5	18.8528	1681390049.180
6	489.0	18.8825	1681390049.672
6	489.5	18.9088	1681390050.176
6	490.0	18.9544	1681390050.680
6	490.5	18.9197	1681390051.184
6	491.0	18.8797	1681390051.676
6	491.5	18.8457	1681390052.180
6	492.0	18.7868	1681390052.672
6	492.5	18.7083	1681390053.176
6	493.0	18.7578	1681390053.680
6	493.5	18.7973	1681390054.184
6	494.0	18.7728	1681390054.676
6	494.5	18.7889	1681390055.180
6	495.0	18.7840	1681390055.672
6	495.5	18.7743	1681390056.176
6	496.0	18.8857	1681390056.680
6	496.5	18.9837	1681390057.184
6	497.0	19.0763	1681390057.676
6	497.5	19.1842	1681390058.180
6	498.0	19.3128	1681390058.672
6	498.5	19.4146	1681390059.176
6	499.0	19.4993	1681390059.680
6	499.5	19.5333	1681390060.184
6	500.0	19.4245	1681390060.676
6	500.5	19.4277	1681390061.180
6	501.0	19.4440	1681390061.672
6	501.5	19.5325	1681390062.176
6	502.0	19.6220	1681390062.680
6	502.5	19.6291	1681390063.183
6	503.0	19.7171	1681390063.676
6	503.5	19.7761	1681390064.179
6	504.0	19.8180	1681390064.683
6	504.5	19.8287	1681390065.175
6	505.0	19.8096	1681390065.679
6	505.5	19.8133	1681390066.183
6	506.0	19.7933	1681390066.675
6	506.5	19.7497	1681390067.179
6	507.0	19.7919	1681390067.683
6	507.5	19.7382	1681390068.175
6	508.0	19.7484	1681390068.679
6	508.5	19.7104	1681390069.183
6	509.0	19.7733	1681390069.675
6	509.5	19.6811	1681390070.179
6	510.0	19.6660	1681390070.683
6	510.5	19.7259	1681390071.175
6	511.0	19.7054	1681390071.679
6	511.5	19.5905	1681390072.183
6	512.0	19.6194	1681390072.675
6	512.5	19.6500	1681390073.179
6	513.0	19.6215	1681390073.683
6	513.5	19.6330	1681390074.175
6	514.0	19.6927	1681390074.679
6	514.5	19.6891	1681390075.183
6	515.0	19.6656	1681390075.675
6	515.5	19.5039	1681390076.179
6	516.0	19.4465	1681390076.683
6	516.5	19.5055	1681390077.175
6	517.0	19.4391	1681390077.679
6	517.5	19.3476	1681390078.183
6	518.0	19.3019	1681390078.675
6	518.5	19.3383	1681390079.179
6	519.0	19.3068	1681390079.683
6	519.5	19.3056	1681390080.175
6	520.0	19.2919	1681390080.679
6	520.5	19.3455	1681390081.183
6	521.0	19.3402	1681390081.675
6	521.5	19.3707	1681390082.179
6	522.0	19.4025	1681390082.683
6	522.5	19.4103	1681390083.175
6	523.0	19.4139	1681390083.679
6	523.5	19.4267	1681390084.183
6	524.0	19.4009	1681390084.675
6	524.5	19.3707	1681390085.179
6	525.0	19.2602	1681390085.683
6	525.5	19.3028	1681390086.175
6	526.0	19.3172	1681390086.679
6	526.5	19.3298	1681390087.183
6	527.0	19.3941	1681390087.675
6	527.5	19.3980	1681390088.179
6	528.0	19.4068	1681390088.682
6	528.5	19.4682	1681390089.175
6	529.0	19.4948	1681390089.678
6	529.5	19.4686	1681390090.182
6	530.0	19.3550	1681390090.674
6	530.5	19.3677	1681390091.179
6	531.0	19.3947	1681390091.682
6	531.5	19.4168	1681390092.174
6	532.0	19.3969	1681390092.678
6	532.5	19.3763	1681390093.182
6	533.0	19.3779	1681390093.674
6	533.5	19.4183	1681390094.178
6	534.0	19.4083	1681390094.682
6	534.5	19.4689	1681390095.174
6	535.0	19.4782	1681390095.678
6	535.5	19.5212	1681390096.182
6	536.0	19.5406	1681390096.674
6	536.5	19.5495	1681390097.178
6	537.0	19.5704	1681390097.682
6	537.5	19.6360	1681390098.174
6	538.0	19.6653	1681390098.678
6	538.5	19.5978	1681390099.182
6	539.0	19.5066	1681390099.674
6	539.5	19.4201	1681390100.178
6	540.0	19.4465	1681390100.682
6	540.5	19.4817	1681390101.174
6	541.0	19.4346	1681390101.678
6	541.5	19.3576	1681390102.182
6	542.0	19.4058	1681390102.674
6	542.5	19.3256	1681390103.178
6	543.0	19.1952	1681390103.682
6	543.5	19.2431	1681390104.174
6	544.0	19.2408	1681390104.678
6	544.5	19.2806	1681390105.182
6	545.0	19.2462	1681390105.674
6	545.5	19.1373	1681390106.178
6	546.0	19.1303	1681390106.682
6	546.5	19.1086	1681390107.174
6	547.0	19.0992	1681390107.678
6	547.5	19.1632	1681390108.182
6	548.0	19.1748	1681390108.674
6	548.5	19.1983	1681390109.178
6	549.0	19.2165	1681390109.682
6	549.5	19.2797	1681390110.174
6	550.0	19.3388	1681390110.678
6	550.5	19.3679	1681390111.182
6	551.0	19.3515	1681390111.674
6	551.5	19.3152	1681390112.178
6	552.0	19.1267	1681390112.682
6	552.5	19.0988	1681390113.174
6	553.0	19.1373	1681390113.678
6	553.5	19.1658	1681390114.181
6	554.0	19.1475	1681390114.674
6	554.5	19.0889	1681390115.177
6	555.0	18.9897	1681390115.681
6	555.5	18.9132	1681390116.174
6	556.0	18.8865	1681390116.677
6	556.5	18.8388	1681390117.181
6	557.0	18.7702	1681390117.673
6	557.5	18.7027	1681390118.177
6	558.0	18.6881	1681390118.681
6	558.5	18.7241	1681390119.173
6	559.0	18.7030	1681390119.677
6	559.5	18.5704	1681390120.181
6	560.0	18.4363	1681390120.673
6	560.5	18.4968	1681390121.177
6	561.0	18.5126	1681390121.681
6	561.5	18.4725	1681390122.173
6	562.0	18.3704	1681390122.677
6	562.5	18.3300	1681390123.181
6	563.0	18.3591	1681390123.673
6	563.5	18.3650	1681390124.177
6	564.0	18.3765	1681390124.681
6	564.5	18.3172	1681390125.173
6	565.0	18.2210	1681390125.677
6	565.5	18.1546	1681390126.181
6	566.0	18.1846	1681390126.673
6	566.5	18.2212	1681390127.177
6	567.0	18.2485	1681390127.681
6	567.5	18.1575	1681390128.173
6	568.0	18.0860	1681390128.677
6	568.5	18.1005	1681390129.181
6	569.0	18.0214	1681390129.673
6	569.5	17.9899	1681390130.177
6	570.0	17.9624	1681390130.681
6	570.5	17.8769	1681390131.173
6	571.0	17.9052	1681390131.677
6	571.5	17.9820	1681390132.181
6	572.0	18.0201	1681390132.673
6	572.5	18.0445	1681390133.177
6	573.0	17.9915	1681390133.681
6	573.5	17.9377	1681390134.173
6	574.0	17.9270	1681390134.677
6	574.5	17.9887	1681390135.181
6	575.0	18.0083	1681390135.673
6	575.5	18.0013	1681390136.177
6	576.0	17.9880	1681390136.681
6	576.5	18.0347	1681390137.173
6	577.0	18.0091	1681390137.677
6	577.5	18.0674	1681390138.181
6	578.0	18.1099	1681390138.673
6	578.5	18.0137	1681390139.177
6	579.0	17.9832	1681390139.681
6	579.5	17.9189	1681390140.184
6	580.0	17.8707	1681390140.676
6	580.5	17.8568	1681390141.180
6	581.0	17.8369	1681390141.673
6	581.5	17.9071	1681390142.176
6	582.0	17.9731	1681390142.680
6	582.5	18.0334	1681390143.184
6	583.0	18.1114	1681390143.676
6	583.5	18.1698	1681390144.180
6	584.0	18.1657	1681390144.672
6	584.5	18.1661	1681390145.176
6	585.0	18.2118	1681390145.680
6	585.5	18.1360	1681390146.184
6	586.0	18.1097	1681390146.676
6	586.5	18.0108	1681390147.180
6	587.0	18.0894	1681390147.672
6	587.5	18.1169	1681390148.176
6	588.0	18.0851	1681390148.680
6	588.5	18.1027	1681390149.184
6	589.0	18.1394	1681390149.676
6	589.5	18.1934	1681390150.180
6	590.0	18.2414	1681390150.672
6	590.5	18.3060	1681390151.176
6	591.0	18.3566	1681390151.680
6	591.5	18.4276	1681390152.184
6	592.0	18.4995	1681390152.676
6	592.5	18.5987	1681390153.180
6	593.0	18.6498	1681390153.672
6	593.5	18.5824	1681390154.176
6	594.0	18.6249	1681390154.680
6	594.5	18.6817	1681390155.184
6	595.0	18.7187	1681390155.676
6	595.5	18.7556	1681390156.180
6	596.0	18.8040	1681390156.672
6	596.5	18.8574	1681390157.176
6	597.0	18.9174	1681390157.680
6	597.5	18.8840	1681390158.184
6	598.0	18.9031	1681390158.676
6	598.5	18.9833	1681390159.180
6	599.0	19.0640	1681390159.684
6	599.5	19.1326	1681390160.176
6	600.0	19.1837	1681390160.680
6	600.5	19.1140	1681390161.183
6	601.0	19.0695	1681390161.676
6	601.5	19.0751	1681390162.180
6	602.0	19.1077	1681390162.683
6	602.5	19.1219	1681390163.176
6	603.0	19.1617	1681390163.680
6	603.5	19.2344	1681390164.183
6	604.0	19.2568	1681390164.676
6	604.5	19.3432	1681390165.179
6	605.0	19.3844	1681390165.683
6	605.5	19.4149	1681390166.175
6	606.0	19.5090	1681390166.679
6	606.5	19.4342	1681390167.184
6	607.0	19.2421	1681390167.675
6	607.5	19.0920	1681390168.179
6	608.0	18.9956	1681390168.683
6	608.5	19.0587	1681390169.175
6	609.0	19.1222	1681390169.679
6	609.5	19.1687	1681390170.183
6	610.0	19.1485	1681390170.675
6	610.5	19.1744	1681390171.179
6	611.0	19.2128	1681390171.683
6	611.5	19.2097	1681390172.175
6	612.0	19.2583	1681390172.679
6	612.5	19.2399	1681390173.183
6	613.0	19.1996	1681390173.675
6	613.5	19.2361	1681390174.179
6	614.0	19.3400	1681390174.683
6	614.5	19.3325	1681390175.175
6	615.0	19.3409	1681390175.679
6	615.5	19.4151	1681390176.183
6	616.0	19.3617	1681390176.675
6	616.5	19.3839	1681390177.179
6	617.0	19.4278	1681390177.683
6	617.5	19.5005	1681390178.175
6	618.0	19.5582	1681390178.679
6	618.5	19.5588	1681390179.183
6	619.0	19.5336	1681390179.675
6	619.5	19.5360	1681390180.179
6	620.0	19.3960	1681390180.683
6	620.5	19.3724	1681390181.175
6	621.0	19.4152	1681390181.679
6	621.5	19.3481	1681390182.183
6	622.0	19.2569	1681390182.675
6	622.5	19.2146	1681390183.179
6	623.0	19.3164	1681390183.683
6	623.5	19.3919	1681390184.175
6	624.0	19.3428	1681390184.679
6	624.5	19.4078	1681390185.182
6	625.0	19.3905	1681390185.675
6	625.5	19.3770	1681390186.179
6	626.0	19.3894	1681390186.683
6	626.5	19.3852	1681390187.175
6	627.0	19.3588	1681390187.679
6	627.5	19.3553	1681390188.182
6	628.0	19.2248	1681390188.675
6	628.5	19.0935	1681390189.178
6	629.0	19.1191	1681390189.683
6	629.5	19.1428	1681390190.175
6	630.0	19.1564	1681390190.678
6	630.5	19.1032	1681390191.182
6	631.0	19.0326	1681390191.674
6	631.5	18.9227	1681390192.178
6	632.0	18.9575	1681390192.682
6	632.5	18.9900	1681390193.174
6	633.0	18.9808	1681390193.678
6	633.5	18.8720	1681390194.182
6	634.0	18.7109	1681390194.675
6	634.5	18.6208	1681390195.178
6	635.0	18.6986	1681390195.682
6	635.5	18.7867	1681390196.174
6	636.0	18.8813	1681390196.678
6	636.5	18.9634	1681390197.182
6	637.0	19.0660	1681390197.674
6	637.5	19.1447	1681390198.178
6	638.0	19.0929	1681390198.682
6	638.5	19.1259	1681390199.174
6	639.0	19.0365	1681390199.678
6	639.5	18.9924	1681390200.182
6	640.0	19.0395	1681390200.674
6	640.5	19.0815	1681390201.178
6	641.0	19.0494	1681390201.682
6	641.5	19.0607	1681390202.174
6	642.0	19.0313	1681390202.678
6	642.5	18.9143	1681390203.182
6	643.0	18.9003	1681390203.674
6	643.5	18.8018	1681390204.178
6	644.0	18.7045	1681390204.682
6	644.5	18.6407	1681390205.174
6	645.0	18.5431	1681390205.678
6	645.5	18.4805	1681390206.182
6	646.0	18.4611	1681390206.674
6	646.5	18.4960	1681390207.178
6	647.0	18.5647	1681390207.682
6	647.5	18.5733	1681390208.174
6	648.0	18.4652	1681390208.678
6	648.5	18.4057	1681390209.182
6	649.0	18.3423	1681390209.674
6	649.5	18.2923	1681390210.178
6	650.0	18.2784	1681390210.682
6	650.5	18.2380	1681390211.174
6	651.0	18.2211	1681390211.678
6	651.5	18.1697	1681390212.181
6	652.0	18.1338	1681390212.674
6	652.5	18.2197	1681390213.177
6	653.0	18.2997	1681390213.681
6	653.5	18.3694	1681390214.174
6	654.0	18.3168	1681390214.677
6	654.5	18.2764	1681390215.181
6	655.0	18.2998	1681390215.673
6	655.5	18.3515	1681390216.178
6	656.0	18.3715	1681390216.681
6	656.5	18.4059	1681390217.173
6	657.0	18.3644	1681390217.678
6	657.5	18.3000	1681390218.182
6	658.0	18.2785	1681390218.673
6	658.5	18.2318	1681390219.177
6	659.0	18.1707	1681390219.681
6	659.5	18.2151	1681390220.173
6	660.0	18.2666	1681390220.678
6	660.5	18.3093	1681390221.181
6	661.0	18.3069	1681390221.674
6	661.5	18.2932	1681390222.177
6	662.0	18.2356	1681390222.681
6	662.5	18.2122	1681390223.174
6	663.0	18.2177	1681390223.677
6	663.5	18.1980	1681390224.181
6	664.0	18.1436	1681390224.673
6	664.5	18.1969	1681390225.177
6	665.0	18.2860	1681390225.681
6	665.5	18.3344	1681390226.173
6	666.0	18.2998	1681390226.677
6	666.5	18.2410	1681390227.181
6	667.0	18.2397	1681390227.673
6	667.5	18.2703	1681390228.177
6	668.0	18.3940	1681390228.681
6	668.5	18.5797	1681390229.173
6	669.0	18.7418	1681390229.677
6	669.5	18.8663	1681390230.181
6	670.0	18.9884	1681390230.673
6	670.5	19.1272	1681390231.177
6	671.0	19.2618	1681390231.681
6	671.5	19.3660	1681390232.173
6	672.0	19.4501	1681390232.677
6	672.5	19.4265	1681390233.181
6	673.0	19.4282	1681390233.673
6	673.5	19.4384	1681390234.177
6	674.0	19.5347	1681390234.681
6	674.5	19.4297	1681390235.173
6	675.0	19.4406	1681390235.677
6	675.5	19.5089	1681390236.180
6	676.0	19.4520	1681390236.673
6	676.5	19.3560	1681390237.177
6	677.0	19.4122	1681390237.680
6	677.5	19.4939	1681390238.184
6	678.0	19.4993	1681390238.677
6	678.5	19.3897	1681390239.180
6	679.0	19.3086	1681390239.673
6	679.5	19.2417	1681390240.177
6	680.0	19.3143	1681390240.680
6	680.5	19.3875	1681390241.184
6	681.0	19.5046	1681390241.677
6	681.5	19.5941	1681390242.180
6	682.0	19.6853	1681390242.672
6	682.5	19.7791	1681390243.176
6	683.0	19.8769	1681390243.680
6	683.5	19.9546	1681390244.184
6	684.0	19.9090	1681390244.676
6	684.5	19.9523	1681390245.180
6	685.0	20.0298	1681390245.672
6	685.5	20.0963	1681390246.176
6	686.0	20.1517	1681390246.680
6	686.5	20.2084	1681390247.184
6	687.0	20.2753	1681390247.676
6	687.5	20.1636	1681390248.180
6	688.0	20.1195	1681390248.672
6	688.5	20.2059	1681390249.176
6	689.0	20.2800	1681390249.680
6	689.5	20.3136	1681390250.184
6	690.0	20.3111	1681390250.676
6	690.5	20.3294	1681390251.180
6	691.0	20.3129	1681390251.672
6	691.5	20.3650	1681390252.176
6	692.0	20.4150	1681390252.680
6	692.5	20.3755	1681390253.184
6	693.0	20.3765	1681390253.676
6	693.5	20.3566	1681390254.180
6	694.0	20.2858	1681390254.672
6	694.5	20.2418	1681390255.176
6	695.0	20.0522	1681390255.680
6	695.5	19.9057	1681390256.184
6	696.0	19.7830	1681390256.676
6	696.5	19.7529	1681390257.180
6	697.0	19.7737	1681390257.684
6	697.5	19.8389	1681390258.176
6	698.0	19.8986	1681390258.680
6	698.5	19.9314	1681390259.184
6	699.0	19.8682	1681390259.676
6	699.5	19.7843	1681390260.180
6	700.0	19.8150	1681390260.684
6	700.5	19.8701	1681390261.176
6	701.0	19.8607	1681390261.680
6	701.5	19.9031	1681390262.183
6	702.0	19.9725	1681390262.676
6	702.5	19.9405	1681390263.179
6	703.0	19.8497	1681390263.684
6	703.5	19.8009	1681390264.175
6	704.0	19.7983	1681390264.679
6	704.5	19.8782	1681390265.183
6	705.0	19.9708	1681390265.675
6	705.5	20.0305	1681390266.179
6	706.0	20.0954	1681390266.683
6	706.5	20.1644	1681390267.175
6	707.0	20.2470	1681390267.679
6	707.5	20.2998	1681390268.183
6	708.0	20.3527	1681390268.675
6	708.5	20.3783	1681390269.179
6	709.0	20.3271	1681390269.683
6	709.5	20.3610	1681390270.175
6	710.0	20.3894	1681390270.679
6	710.5	20.4443	1681390271.183
6	711.0	20.3705	1681390271.675
6	711.5	20.3026	1681390272.179
6	712.0	20.1937	1681390272.683
6	712.5	20.1056	1681390273.175
6	713.0	20.0577	1681390273.679
6	713.5	19.9659	1681390274.183
6	714.0	19.8384	1681390274.675
6	714.5	19.8654	1681390275.179
6	715.0	19.7463	1681390275.683
6	715.5	19.6122	1681390276.175
6	716.0	19.5412	1681390276.679
6	716.5	19.6042	1681390277.183
6	717.0	19.6888	1681390277.675
6	717.5	19.7426	1681390278.179
6	718.0	19.8212	1681390278.683
6	718.5	19.9055	1681390279.175
6	719.0	19.9025	1681390279.679
6	719.5	19.8590	1681390280.183
6	720.0	19.8750	1681390280.675
6	720.5	19.9104	1681390281.179
6	721.0	19.9798	1681390281.683
6	721.5	20.0589	1681390282.175
6	722.0	20.0221	1681390282.679
6	722.5	20.1139	1681390283.183
6	723.0	20.1853	1681390283.675
6	723.5	20.2368	1681390284.179
6	724.0	20.2616	1681390284.683
6	724.5	20.2294	1681390285.175
6	725.0	20.2832	1681390285.679
6	725.5	20.3056	1681390286.183
6	726.0	20.2522	1681390286.675
6	726.5	20.2650	1681390287.178
6	727.0	20.2176	1681390287.683
6	727.5	20.2192	1681390288.175
6	728.0	20.2286	1681390288.678
6	728.5	20.2615	1681390289.182
6	729.0	20.1795	1681390289.674
6	729.5	20.1231	1681390290.178
6	730.0	20.1944	1681390290.682
6	730.5	20.2586	1681390291.174
6	731.0	20.2367	1681390291.678
6	731.5	20.2287	1681390292.182
6	732.0	20.1527	1681390292.674
6	732.5	20.0133	1681390293.178
6	733.0	19.8690	1681390293.682
6	733.5	19.9051	1681390294.175
6	734.0	19.9858	1681390294.678
6	734.5	20.0115	1681390295.182
6	735.0	20.0514	1681390295.674
6	735.5	20.0782	1681390296.178
6	736.0	19.9862	1681390296.682
6	736.5	19.9094	1681390297.174
6	737.0	19.8294	1681390297.678
6	737.5	19.7336	1681390298.182
6	738.0	19.6249	1681390298.674
6	738.5	19.6054	1681390299.178
6	739.0	19.5662	1681390299.682
6	739.5	19.5257	1681390300.174
6	740.0	19.4949	1681390300.678
6	740.5	19.6162	1681390301.182
6	741.0	19.6628	1681390301.674
6	741.5	19.6809	1681390302.178
6	742.0	19.7412	1681390302.682
6	742.5	19.6508	1681390303.174
6	743.0	19.5826	1681390303.678
6	743.5	19.5851	1681390304.182
6	744.0	19.6107	1681390304.674
6	744.5	19.6275	1681390305.178
6	745.0	19.6130	1681390305.682
6	745.5	19.6699	1681390306.174
6	746.0	19.7602	1681390306.678
6	746.5	19.7372	1681390307.182
6	747.0	19.6759	1681390307.674
6	747.5	19.6044	1681390308.178
6	748.0	19.5377	1681390308.682
6	748.5	19.5415	1681390309.174
6	749.0	19.6229	1681390309.678
6	749.5	19.5563	1681390310.182
6	750.0	19.5808	1681390310.674
6	750.5	19.6850	1681390311.178
6	751.0	19.7663	1681390311.682
6	751.5	19.8487	1681390312.174
6	752.0	19.9345	1681390312.677
6	752.5	20.0066	1681390313.181
6	753.0	20.0975	1681390313.673
6	753.5	20.1723	1681390314.177
6	754.0	20.1810	1681390314.681
6	754.5	20.2157	1681390315.174
6	755.0	20.1866	1681390315.678
6	755.5	20.1426	1681390316.181
6	756.0	20.0538	1681390316.673
6	756.5	20.0193	1681390317.177
6	757.0	19.8651	1681390317.681
6	757.5	19.7510	1681390318.173
6	758.0	19.6441	1681390318.678
6	758.5	19.7181	1681390319.181
6	759.0	19.8011	1681390319.673
6	759.5	19.8839	1681390320.177
6	760.0	19.7920	1681390320.682
6	760.5	19.7501	1681390321.173
6	761.0	19.6884	1681390321.677
6	761.5	19.5989	1681390322.181
6	762.0	19.5970	1681390322.673
6	762.5	19.7032	1681390323.177
6	763.0	19.7480	1681390323.681
6	763.5	19.7721	1681390324.173
6	764.0	19.7323	1681390324.678
6	764.5	19.7887	1681390325.181
6	765.0	19.7609	1681390325.673
6	765.5	19.6859	1681390326.177
6	766.0	19.6637	1681390326.681
6	766.5	19.7245	1681390327.173
6	767.0	19.6851	1681390327.677
6	767.5	19.7373	1681390328.181
6	768.0	19.7352	1681390328.673
6	768.5	19.7443	1681390329.177
6	769.0	19.7564	1681390329.681
6	769.5	19.7858	1681390330.173
6	770.0	19.8099	1681390330.677
6	770.5	19.8259	1681390331.181
6	771.0	19.8164	1681390331.673
6	771.5	19.7923	1681390332.177
6	772.0	19.8292	1681390332.681
6	772.5	19.6830	1681390333.184
6	773.0	19.6032	1681390333.677
6	773.5	19.5676	1681390334.181
6	774.0	19.6700	1681390334.673
6	774.5	19.7496	1681390335.177
6	775.0	19.8329	1681390335.680
6	775.5	19.9138	1681390336.184
6	776.0	20.0054	1681390336.677
6	776.5	20.0818	1681390337.181
6	777.0	20.1698	1681390337.673
6	777.5	20.2323	1681390338.177
6	778.0	20.2891	1681390338.681
6	778.5	20.3609	1681390339.184
6	779.0	20.3489	1681390339.677
6	779.5	20.2998	1681390340.180
6	780.0	20.3021	1681390340.684
6	780.5	20.3229	1681390341.176
6	781.0	20.3579	1681390341.680
6	781.5	20.3921	1681390342.184
6	782.0	20.4194	1681390342.676
6	782.5	20.3712	1681390343.180
6	783.0	20.3911	1681390343.673
6	783.5	20.4342	1681390344.176
6	784.0	20.4824	1681390344.680
6	784.5	20.5375	1681390345.184
6	785.0	20.4098	1681390345.676
6	785.5	20.2757	1681390346.180
6	786.0	20.3042	1681390346.672
6	786.5	20.3763	1681390347.176
6	787.0	20.2204	1681390347.680
6	787.5	20.1273	1681390348.184
6	788.0	20.1207	1681390348.676
6	788.5	20.1900	1681390349.180
6	789.0	20.1018	1681390349.684
6	789.5	19.9486	1681390350.177
6	790.0	19.9727	1681390350.680
6	790.5	19.8912	1681390351.184
6	791.0	19.8723	1681390351.676
6	791.5	19.9299	1681390352.180
6	792.0	19.8363	1681390352.684
6	792.5	19.7283	1681390353.176
6	793.0	19.6792	1681390353.680
6	793.5	19.7645	1681390354.184
6	794.0	19.8332	1681390354.676
6	794.5	19.9006	1681390355.180
6	795.0	19.9449	1681390355.684
6	795.5	19.9695	1681390356.176
6	796.0	19.8521	1681390356.680
6	796.5	19.7548	1681390357.184
6	797.0	19.7950	1681390357.676
6	797.5	19.8820	1681390358.180
6	798.0	19.9288	1681390358.683
6	798.5	19.9728	1681390359.176
6	799.0	20.0403	1681390359.679
6	799.5	20.0668	1681390360.183
6	800.0	20.0805	1681390360.676
6	800.5	20.1218	1681390361.179
6	801.0	20.1491	1681390361.683
6	801.5	20.1145	1681390362.176
6	802.0	20.0653	1681390362.679
6	802.5	19.9676	1681390363.183
6	803.0	20.0155	1681390363.675
6	803.5	20.0773	1681390364.179
6	804.0	20.1392	1681390364.683
6	804.5	20.1788	1681390365.175
6	805.0	20.0983	1681390365.679
6	805.5	19.9221	1681390366.183
6	806.0	19.8602	1681390366.675
6	806.5	19.8091	1681390367.179
6	807.0	19.8643	1681390367.683
6	807.5	19.7540	1681390368.175
6	808.0	19.6255	1681390368.679
6	808.5	19.6073	1681390369.183
6	809.0	19.6988	1681390369.675
6	809.5	19.7861	1681390370.179
6	810.0	19.8623	1681390370.683
6	810.5	19.8550	1681390371.175
6	811.0	19.7809	1681390371.679
6	811.5	19.6937	1681390372.183
6	812.0	19.7190	1681390372.676
6	812.5	19.8297	1681390373.179
6	813.0	19.9015	1681390373.683
6	813.5	19.9451	1681390374.175
6	814.0	20.0234	1681390374.679
6	814.5	19.9940	1681390375.183
6	815.0	19.8768	1681390375.675
6	815.5	19.7877	1681390376.179
6	816.0	19.7400	1681390376.683
6	816.5	19.7899	1681390377.175
6	817.0	19.8146	1681390377.679
6	817.5	19.8371	1681390378.183
6	818.0	19.8839	1681390378.675
6	818.5	19.9552	1681390379.179
6	819.0	19.9233	1681390379.683
6	819.5	19.8637	1681390380.175
6	820.0	19.8710	1681390380.679
6	820.5	19.9234	1681390381.183
6	821.0	19.9902	1681390381.675
6	821.5	19.9712	1681390382.179
6	822.0	19.8861	1681390382.683
6	822.5	19.9302	1681390383.175
6	823.0	19.9470	1681390383.679
6	823.5	19.8698	1681390384.182
6	824.0	19.9104	1681390384.675
6	824.5	19.8358	1681390385.178
6	825.0	19.7180	1681390385.682
6	825.5	19.6417	1681390386.175
6	826.0	19.7048	1681390386.678
6	826.5	19.6913	1681390387.182
6	827.0	19.6692	1681390387.675
6	827.5	19.5826	1681390388.178
6	828.0	19.4178	1681390388.682
6	828.5	19.2490	1681390389.174
6	829.0	19.2018	1681390389.678
6	829.5	19.2386	1681390390.182
6	830.0	19.2336	1681390390.675
6	830.5	19.2655	1681390391.178
6	831.0	19.3501	1681390391.682
6	831.5	19.3571	1681390392.174
6	832.0	19.3493	1681390392.678
6	832.5	19.3618	1681390393.182
6	833.0	19.3621	1681390393.674
6	833.5	19.3115	1681390394.178
6	834.0	19.1972	1681390394.682
6	834.5	19.1082	1681390395.174
6	835.0	19.0083	1681390395.678
6	835.5	18.9631	1681390396.182
6	836.0	18.9197	1681390396.674
6	836.5	18.9408	1681390397.178
6	837.0	18.9328	1681390397.682
6	837.5	18.9631	1681390398.174
6	838.0	18.9712	1681390398.678
6	838.5	18.8891	1681390399.182
6	839.0	18.8092	1681390399.674
6	839.5	18.7380	1681390400.178
6	840.0	18.7177	1681390400.682
6	840.5	18.7208	1681390401.174
6	841.0	18.7616	1681390401.678
6	841.5	18.1056	1681390402.182
6	842.0	18.0942	1681390402.674
6	842.5	18.0563	1681390403.178
6	843.0	18.0464	1681390403.682
6	843.5	18.0265	1681390404.174
6	844.0	18.0277	1681390404.678
6	844.5	18.0256	1681390405.182
6	845.0	18.0267	1681390405.674
6	845.5	18.0253	1681390406.178
6	846.0	18.0227	1681390406.682
6	846.5	18.0120	1681390407.174
6	847.0	18.0051	1681390407.678
6	847.5	18.0014	1681390408.182
6	848.0	18.0001	1681390408.674
6	848.5	17.9909	1681390409.178
6	849.0	17.9857	1681390409.681
6	849.5	17.9829	1681390410.174
6	850.0	17.9808	1681390410.678
6	850.5	17.9716	1681390411.181
6	851.0	17.9715	1681390411.674
6	851.5	17.9667	1681390412.177
6	852.0	17.9668	1681390412.681
6	852.5	17.9650	1681390413.173
6	853.0	17.9661	1681390413.678
6	853.5	17.9669	1681390414.181
6	854.0	17.9668	1681390414.673
6	854.5	17.9650	1681390415.177
6	855.0	17.9653	1681390415.681
6	855.5	17.9636	1681390416.173
6	856.0	17.9648	1681390416.677
6	856.5	17.9639	1681390417.181
6	857.0	17.9633	1681390417.673
6	857.5	17.9619	1681390418.177
6	858.0	17.9608	1681390418.681
6	858.5	17.9602	1681390419.173
6	859.0	17.9611	1681390419.677
6	859.5	17.9577	1681390420.181
6	860.0	17.9547	1681390420.674
6	860.5	17.9494	1681390421.177
6	861.0	17.9494	1681390421.681
6	861.5	17.9529	1681390422.173
6	862.0	17.9527	1681390422.677
6	862.5	17.9554	1681390423.181
6	863.0	17.9545	1681390423.673
6	863.5	17.9538	1681390424.177
6	864.0	17.9517	1681390424.681
6	864.5	17.9538	1681390425.173
6	865.0	17.9548	1681390425.677
6	865.5	17.9529	1681390426.181
6	866.0	17.9510	1681390426.673
6	866.5	17.9500	1681390427.177
6	867.0	17.9542	1681390427.681
6	867.5	17.9541	1681390428.185
6	868.0	17.9503	1681390428.677
6	868.5	17.9511	1681390429.181
6	869.0	17.9482	1681390429.673
6	869.5	17.9496	1681390430.177
6	870.0	17.9469	1681390430.681
6	870.5	17.9468	1681390431.185
6	871.0	17.9467	1681390431.677
6	871.5	17.9536	1681390432.181
6	872.0	17.9482	1681390432.673
6	872.5	17.9491	1681390433.177
6	873.0	17.9430	1681390433.681
6	873.5	17.9456	1681390434.184
6	874.0	17.9506	1681390434.677
6	874.5	17.9468	1681390435.180
6	875.0	17.9469	1681390435.673
6	875.5	17.9464	1681390436.176
6	876.0	17.9469	1681390436.680
6	876.5	17.9469	1681390437.184
6	877.0	17.9534	1681390437.676
6	877.5	17.9513	1681390438.180
6	878.0	17.9434	1681390438.672
6	878.5	17.9448	1681390439.176
6	879.0	17.9384	1681390439.680
6	879.5	17.9406	1681390440.184
6	880.0	17.9443	1681390440.676
6	880.5	17.9485	1681390441.180
6	881.0	17.9557	1681390441.672
6	881.5	17.9482	1681390442.176
6	882.0	17.9538	1681390442.680
6	882.5	17.9613	1681390443.184
6	883.0	17.9625	1681390443.676
6	883.5	17.9487	1681390444.180
6	884.0	17.9554	1681390444.672
6	884.5	17.9465	1681390445.176
6	885.0	17.9470	1681390445.680
6	885.5	17.9431	1681390446.184
6	886.0	17.9452	1681390446.676
6	886.5	17.9472	1681390447.180
6	887.0	17.9477	1681390447.684
6	887.5	17.9489	1681390448.176
6	888.0	17.9443	1681390448.680
6	888.5	17.9542	1681390449.184
6	889.0	17.9569	1681390449.676
6	889.5	17.9571	1681390450.180
6	890.0	17.9563	1681390450.684
6	890.5	17.9541	1681390451.176
6	891.0	17.9483	1681390451.680
6	891.5	17.9536	1681390452.184
6	892.0	17.9462	1681390452.676
6	892.5	17.9473	1681390453.180
6	893.0	17.9466	1681390453.684
6	893.5	17.9495	1681390454.176
6	894.0	17.9555	1681390454.680
6	894.5	17.9548	1681390455.184
6	895.0	17.9530	1681390455.676
6	895.5	17.9525	1681390456.180
6	896.0	17.9545	1681390456.684
6	896.5	17.9509	1681390457.176
6	897.0	17.9547	1681390457.680
6	897.5	17.9541	1681390458.184
6	898.0	17.9524	1681390458.676
6	898.5	17.9559	1681390459.179
6	899.0	17.9526	1681390459.683
6	899.5	17.9509	1681390460.175
6	900.0	17.9537	1681390460.679
6	900.5	17.9532	1681390461.183
6	901.0	17.9562	1681390461.675
6	901.5	17.9558	1681390462.179
6	902.0	17.9521	1681390462.683
6	902.5	17.9590	1681390463.175
6	903.0	17.9540	1681390463.679
6	903.5	17.9588	1681390464.183
6	904.0	17.9603	1681390464.675
6	904.5	17.9585	1681390465.179
6	905.0	17.9579	1681390465.683
6	905.5	17.9556	1681390466.175
6	906.0	17.9570	1681390466.679
6	906.5	17.9624	1681390467.183
6	907.0	17.9632	1681390467.675
6	907.5	17.9564	1681390468.179
6	908.0	17.9602	1681390468.683
6	908.5	17.9571	1681390469.175
6	909.0	17.9539	1681390469.679
6	909.5	17.9592	1681390470.183
6	910.0	17.9613	1681390470.675
6	910.5	17.9549	1681390471.179
6	911.0	17.9569	1681390471.683
6	911.5	17.9581	1681390472.175
6	912.0	17.9556	1681390472.679
6	912.5	17.9556	1681390473.183
6	913.0	17.9531	1681390473.675
6	913.5	17.9538	1681390474.179
6	914.0	17.9587	1681390474.683
6	914.5	17.9590	1681390475.175
6	915.0	17.9565	1681390475.679
6	915.5	17.9569	1681390476.183
6	916.0	17.9564	1681390476.675
6	916.5	17.9686	1681390477.179
6	917.0	17.9673	1681390477.683
6	917.5	17.9655	1681390478.175
6	918.0	17.9565	1681390478.679
6	918.5	17.9603	1681390479.183
6	919.0	17.9576	1681390479.675
6	919.5	17.9579	1681390480.179
6	920.0	17.9528	1681390480.683
6	920.5	17.9531	1681390481.175
6	921.0	17.9570	1681390481.679
6	921.5	17.9621	1681390482.183
6	922.0	17.9629	1681390482.675
6	922.5	17.9593	1681390483.179
6	923.0	17.9571	1681390483.682
6	923.5	17.9525	1681390484.175
6	924.0	17.9518	1681390484.678
6	924.5	17.9583	1681390485.183
6	925.0	17.9603	1681390485.674
6	925.5	17.9616	1681390486.178
6	926.0	17.9610	1681390486.682
6	926.5	17.9634	1681390487.174
6	927.0	17.9628	1681390487.678
6	927.5	17.9642	1681390488.182
6	928.0	17.9576	1681390488.674
6	928.5	17.9597	1681390489.178
6	929.0	17.9599	1681390489.682
6	929.5	17.9591	1681390490.174
6	930.0	17.9627	1681390490.678
6	930.5	17.9594	1681390491.182
6	931.0	17.9568	1681390491.674
6	931.5	17.9620	1681390492.178
6	932.0	17.9567	1681390492.682
6	932.5	17.9604	1681390493.174
6	933.0	17.9584	1681390493.678
6	933.5	17.9582	1681390494.182
6	934.0	17.9523	1681390494.674
6	934.5	17.9623	1681390495.178
6	935.0	17.9571	1681390495.682
6	935.5	17.9560	1681390496.174
6	936.0	17.9574	1681390496.678
6	936.5	17.9567	1681390497.182
6	937.0	17.9538	1681390497.674
6	937.5	17.9645	1681390498.178
6	938.0	17.9575	1681390498.682
6	938.5	17.9606	1681390499.174
6	939.0	17.9568	1681390499.678
6	939.5	17.9541	1681390500.182
6	940.0	17.9547	1681390500.674
6	940.5	17.9577	1681390501.178
6	941.0	17.9543	1681390501.682
6	941.5	17.9523	1681390502.174
6	942.0	17.9597	1681390502.678
6	942.5	17.9583	1681390503.182
6	943.0	17.9556	1681390503.674
6	943.5	17.9554	1681390504.178
6	944.0	17.9611	1681390504.682
6	944.5	17.9544	1681390505.174
6	945.0	17.9549	1681390505.678
6	945.5	17.9604	1681390506.182
6	946.0	17.9582	1681390506.674
6	946.5	17.9606	1681390507.178
6	947.0	17.9639	1681390507.682
6	947.5	17.9631	1681390508.174
6	948.0	17.9657	1681390508.678
6	948.5	17.9653	1681390509.181
6	949.0	17.9607	1681390509.674
6	949.5	17.9611	1681390510.177
6	950.0	17.9591	1681390510.681
6	950.5	17.9567	1681390511.173
6	951.0	17.9560	1681390511.677
6	951.5	17.9579	1681390512.181
6	952.0	17.9559	1681390512.673
6	952.5	17.9618	1681390513.177
6	953.0	17.9640	1681390513.681
6	953.5	17.9690	1681390514.173
6	954.0	17.9631	1681390514.677
6	954.5	17.9652	1681390515.181
6	955.0	17.9639	1681390515.673
6	955.5	17.9630	1681390516.177
6	956.0	17.9604	1681390516.681
6	956.5	17.9618	1681390517.173
6	957.0	17.9602	1681390517.677
6	957.5	17.9621	1681390518.181
6	958.0	17.9573	1681390518.673
6	958.5	17.9571	1681390519.177
6	959.0	17.9547	1681390519.681
6	959.5	17.9608	1681390520.173
6	960.0	17.9627	1681390520.677
6	960.5	17.9583	1681390521.181
6	961.0	17.9589	1681390521.673
6	961.5	17.9615	1681390522.177
6	962.0	17.9574	1681390522.681
6	962.5	17.9640	1681390523.185
6	963.0	17.9617	1681390523.677
6	963.5	17.9569	1681390524.181
6	964.0	17.9601	1681390524.673
6	964.5	17.9608	1681390525.177
6	965.0	17.9566	1681390525.681
6	965.5	17.9571	1681390526.185
6	966.0	17.9564	1681390526.677
6	966.5	17.9575	1681390527.181
6	967.0	17.9529	1681390527.673
6	967.5	17.9570	1681390528.177
6	968.0	17.9509	1681390528.681
6	968.5	17.9539	1681390529.185
6	969.0	17.9548	1681390529.677
6	969.5	17.9592	1681390530.181
6	970.0	17.9567	1681390530.673
6	970.5	17.9556	1681390531.177
6	971.0	17.9549	1681390531.681
6	971.5	17.9554	1681390532.184
6	972.0	17.9575	1681390532.677
6	972.5	17.9632	1681390533.181
6	973.0	17.9620	1681390533.673
6	973.5	17.9606	1681390534.177
6	974.0	17.9628	1681390534.680
6	974.5	17.9664	1681390535.184
6	975.0	17.9656	1681390535.677
6	975.5	17.9676	1681390536.180
6	976.0	17.9637	1681390536.672
6	976.5	17.9630	1681390537.176
6	977.0	17.9693	1681390537.680
6	977.5	17.9669	1681390538.184
6	978.0	17.9653	1681390538.676
6	978.5	17.9642	1681390539.180
6	979.0	17.9612	1681390539.672
6	979.5	17.9676	1681390540.176
6	980.0	17.9669	1681390540.680
6	980.5	17.9611	1681390541.184
6	981.0	17.9670	1681390541.676
6	981.5	17.9606	1681390542.180
6	982.0	17.9586	1681390542.684
6	982.5	17.9521	1681390543.176
6	983.0	17.9579	1681390543.680
6	983.5	17.9593	1681390544.184
6	984.0	17.9488	1681390544.676
6	984.5	17.9510	1681390545.180
6	985.0	17.9501	1681390545.684
6	985.5	17.9458	1681390546.176
6	986.0	17.9603	1681390546.680
6	986.5	17.9687	1681390547.184
6	987.0	17.9648	1681390547.676
6	987.5	17.9608	1681390548.180
6	988.0	17.9699	1681390548.684
6	988.5	17.9731	1681390549.176
6	989.0	17.9788	1681390549.680
6	989.5	17.9721	1681390550.184
6	990.0	17.9684	1681390550.676
6	990.5	17.9695	1681390551.180
6	991.0	17.9653	1681390551.684
6	991.5	17.9651	1681390552.176
6	992.0	17.9699	1681390552.680
6	992.5	17.9634	1681390553.184
6	993.0	17.9675	1681390553.676
6	993.5	17.9563	1681390554.180
6	994.0	17.9521	1681390554.684
6	994.5	17.9541	1681390555.176
6	995.0	17.9510	1681390555.680
6	995.5	17.9533	1681390556.183
6	996.0	17.9512	1681390556.676
6	996.5	17.9512	1681390557.179
6	997.0	17.9540	1681390557.684
6	997.5	17.9551	1681390558.175
6	998.0	17.9481	1681390558.679
6	998.5	17.9482	1681390559.183
6	999.0	17.9615	1681390559.675
6	999.5	17.9682	1681390560.179
6	1000.0	17.9782	1681390560.683
6	1000.5	17.9743	1681390561.175
6	1001.0	17.9746	1681390561.679
6	1001.5	17.9741	1681390562.183
6	1002.0	17.9734	1681390562.676
6	1002.5	17.9731	1681390563.179
6	1003.0	17.9697	1681390563.683
6	1003.5	17.9746	1681390564.175
6	1004.0	17.9707	1681390564.679
6	1004.5	17.9696	1681390565.183
6	1005.0	17.9689	1681390565.675
6	1005.5	17.9660	1681390566.179
6	1006.0	17.9659	1681390566.683
6	1006.5	17.9683	1681390567.175
6	1007.0	17.9689	1681390567.679
6	1007.5	17.9679	1681390568.183
6	1008.0	17.9665	1681390568.675
6	1008.5	17.9748	1681390569.179
6	1009.0	17.9787	1681390569.683
6	1009.5	17.9771	1681390570.175
6	1010.0	17.9768	1681390570.679
6	1010.5	17.9766	1681390571.183
6	1011.0	17.9716	1681390571.675
6	1011.5	17.9676	1681390572.179
6	1012.0	17.9717	1681390572.683
6	1012.5	17.9722	1681390573.175
6	1013.0	17.9726	1681390573.679
6	1013.5	17.9639	1681390574.183
6	1014.0	17.9703	1681390574.675
6	1014.5	17.9739	1681390575.179
6	1015.0	17.9727	1681390575.683
6	1015.5	17.9672	1681390576.175
6	1016.0	17.9659	1681390576.679
6	1016.5	17.9650	1681390577.183
6	1017.0	17.9620	1681390577.675
6	1017.5	17.9599	1681390578.179
6	1018.0	17.9592	1681390578.683
6	1018.5	17.9624	1681390579.175
6	1019.0	17.9640	1681390579.679
6	1019.5	17.9647	1681390580.183
6	1020.0	17.9622	1681390580.675
6	1020.5	17.9589	1681390581.179
6	1021.0	17.9559	1681390581.682
6	1021.5	17.9617	1681390582.175
6	1022.0	17.9606	1681390582.679
6	1022.5	17.9535	1681390583.182
6	1023.0	17.9613	1681390583.675
6	1023.5	17.9678	1681390584.178
6	1024.0	17.9618	1681390584.682
6	1024.5	17.9644	1681390585.175
6	1025.0	17.9650	1681390585.678
6	1025.5	17.9615	1681390586.182
6	1026.0	17.9644	1681390586.674
6	1026.5	17.9630	1681390587.178
6	1027.0	17.9608	1681390587.682
6	1027.5	17.9621	1681390588.174
6	1028.0	17.9588	1681390588.678
6	1028.5	17.9618	1681390589.182
6	1029.0	17.9634	1681390589.674
6	1029.5	17.9606	1681390590.178
6	1030.0	17.9597	1681390590.682
6	1030.5	17.9549	1681390591.174
6	1031.0	17.9570	1681390591.678
6	1031.5	17.9553	1681390592.182
6	1032.0	17.9603	1681390592.674
6	1032.5	17.9565	1681390593.178
6	1033.0	17.9534	1681390593.682
6	1033.5	17.9530	1681390594.186
6	1034.0	17.9558	1681390594.678
6	1034.5	17.9499	1681390595.182
6	1035.0	17.9455	1681390595.674
6	1035.5	17.9520	1681390596.178
6	1036.0	17.9598	1681390596.682
6	1036.5	17.9563	1681390597.186
6	1037.0	17.9566	1681390597.678
6	1037.5	17.9578	1681390598.182
6	1038.0	17.9505	1681390598.674
6	1038.5	17.9507	1681390599.178
6	1039.0	17.9552	1681390599.682
6	1039.5	17.9553	1681390600.186
6	1040.0	17.9556	1681390600.678
6	1040.5	17.9575	1681390601.182
6	1041.0	17.9563	1681390601.674
6	1041.5	17.9532	1681390602.178
6	1042.0	17.9581	1681390602.682
6	1042.5	17.9618	1681390603.186
6	1043.0	17.9529	1681390603.678
6	1043.5	17.9529	1681390604.182
6	1044.0	17.9538	1681390604.674
6	1044.5	17.9538	1681390605.178
6	1045.0	17.9504	1681390605.682
6	1045.5	17.9490	1681390606.185
6	1046.0	17.9484	1681390606.678
6	1046.5	17.9434	1681390607.181
6	1047.0	17.9565	1681390607.674
6	1047.5	17.9611	1681390608.177
6	1048.0	17.9579	1681390608.681
6	1048.5	17.9538	1681390609.185
6	1049.0	17.9575	1681390609.677
6	1049.5	17.9615	1681390610.181
6	1050.0	17.9534	1681390610.674
6	1050.5	17.9611	1681390611.177
6	1051.0	17.9580	1681390611.681
6	1051.5	17.9557	1681390612.185
6	1052.0	17.9630	1681390612.677
6	1052.5	17.9620	1681390613.181
6	1053.0	17.9613	1681390613.685
6	1053.5	17.9605	1681390614.177
6	1054.0	17.9612	1681390614.681
6	1054.5	17.9637	1681390615.185
6	1055.0	17.9624	1681390615.677
6	1055.5	17.9560	1681390616.181
6	1056.0	17.9655	1681390616.685
6	1056.5	17.9674	1681390617.177
6	1057.0	17.9705	1681390617.681
6	1057.5	17.9690	1681390618.185
6	1058.0	17.9670	1681390618.677
6	1058.5	17.9541	1681390619.181
6	1059.0	17.9437	1681390619.685
6	1059.5	17.9456	1681390620.177
6	1060.0	17.9637	1681390620.681
6	1060.5	17.9621	1681390621.185
6	1061.0	17.9664	1681390621.677
6	1061.5	17.9715	1681390622.181
6	1062.0	17.9727	1681390622.685
6	1062.5	17.9650	1681390623.177
6	1063.0	17.9657	1681390623.681
6	1063.5	17.9652	1681390624.185
6	1064.0	17.9634	1681390624.677
6	1064.5	17.9594	1681390625.181
6	1065.0	17.9684	1681390625.685
6	1065.5	17.9688	1681390626.177
6	1066.0	17.9686	1681390626.681
6	1066.5	17.9626	1681390627.185
6	1067.0	17.9645	1681390627.677
6	1067.5	17.9595	1681390628.181
6	1068.0	17.9614	1681390628.685
6	1068.5	17.9716	1681390629.177
6	1069.0	17.9671	1681390629.681
6	1069.5	17.9656	1681390630.185
6	1070.0	17.9634	1681390630.677
6	1070.5	17.9643	1681390631.180
6	1071.0	17.9664	1681390631.684
6	1071.5	17.9665	1681390632.177
6	1072.0	17.9687	1681390632.680
6	1072.5	17.9643	1681390633.184
6	1073.0	17.9675	1681390633.677
6	1073.5	17.9639	1681390634.180
6	1074.0	17.9671	1681390634.684
6	1074.5	17.9665	1681390635.176
6	1075.0	17.9689	1681390635.680
6	1075.5	17.9705	1681390636.184
6	1076.0	17.9670	1681390636.676
6	1076.5	17.9647	1681390637.180
6	1077.0	17.9626	1681390637.684
6	1077.5	17.9658	1681390638.176
6	1078.0	17.9650	1681390638.680
6	1078.5	17.9629	1681390639.184
6	1079.0	17.9634	1681390639.676
6	1079.5	17.9691	1681390640.180
6	1080.0	17.9591	1681390640.684
6	1080.5	17.9607	1681390641.176
6	1081.0	17.9587	1681390641.680
6	1081.5	17.9559	1681390642.184
6	1082.0	17.9626	1681390642.676
6	1082.5	17.9593	1681390643.180
6	1083.0	17.9593	1681390643.684
6	1083.5	17.9559	1681390644.176
6	1084.0	17.9603	1681390644.680
6	1084.5	17.9586	1681390645.184
6	1085.0	17.9520	1681390645.676
6	1085.5	17.9582	1681390646.180
6	1086.0	17.9570	1681390646.684
6	1086.5	17.9567	1681390647.176
6	1087.0	17.9519	1681390647.680
6	1087.5	17.9483	1681390648.184
6	1088.0	17.9516	1681390648.676
6	1088.5	17.9502	1681390649.180
6	1089.0	17.9641	1681390649.684
6	1089.5	17.9574	1681390650.176
6	1090.0	17.9527	1681390650.680
6	1090.5	17.9611	1681390651.184
6	1091.0	17.9579	1681390651.676
6	1091.5	17.9527	1681390652.180
6	1092.0	17.9568	1681390652.684
6	1092.5	17.9571	1681390653.176
6	1093.0	17.9548	1681390653.680
6	1093.5	17.9577	1681390654.184
6	1094.0	17.9559	1681390654.676
6	1094.5	17.9552	1681390655.180
6	1095.0	17.9565	1681390655.684
6	1095.5	17.9682	1681390656.176
6	1096.0	17.9612	1681390656.680
6	1096.5	17.9666	1681390657.183
6	1097.0	17.9608	1681390657.675
6	1097.5	17.9615	1681390658.179
6	1098.0	17.9503	1681390658.683
6	1098.5	17.9521	1681390659.175
6	1099.0	17.9648	1681390659.679
6	1099.5	17.9616	1681390660.183
6	1100.0	17.9606	1681390660.675
6	1100.5	17.9589	1681390661.179
6	1101.0	17.9581	1681390661.683
6	1101.5	17.9568	1681390662.175
6	1102.0	17.9626	1681390662.679
6	1102.5	17.9652	1681390663.183
6	1103.0	17.9616	1681390663.675
6	1103.5	17.9578	1681390664.179
6	1104.0	17.9569	1681390664.683
6	1104.5	17.9498	1681390665.175
6	1105.0	17.9550	1681390665.679
6	1105.5	17.9559	1681390666.183
6	1106.0	17.9528	1681390666.675
6	1106.5	17.9492	1681390667.179
6	1107.0	17.9496	1681390667.683
6	1107.5	17.9502	1681390668.175
6	1108.0	17.9510	1681390668.679
6	1108.5	17.9530	1681390669.183
6	1109.0	17.9542	1681390669.675
6	1109.5	17.9564	1681390670.179
6	1110.0	17.9528	1681390670.683
6	1110.5	17.9542	1681390671.175
6	1111.0	17.9515	1681390671.679
6	1111.5	17.9523	1681390672.183
6	1112.0	17.9530	1681390672.675
6	1112.5	17.9521	1681390673.179
6	1113.0	17.9572	1681390673.683
6	1113.5	17.9561	1681390674.175
6	1114.0	17.9526	1681390674.679
6	1114.5	17.9526	1681390675.183
6	1115.0	17.9547	1681390675.675
6	1115.5	17.9538	1681390676.179
6	1116.0	17.9527	1681390676.683
6	1116.5	17.9493	1681390677.175
6	1117.0	17.9515	1681390677.679
6	1117.5	17.9479	1681390678.183
6	1118.0	17.9472	1681390678.675
6	1118.5	17.9485	1681390679.179
6	1119.0	17.9541	1681390679.683
6	1119.5	17.9564	1681390680.175
6	1120.0	17.9538	1681390680.679
6	1120.5	17.9486	1681390681.183
6	1121.0	17.9509	1681390681.675
6	1121.5	17.9489	1681390682.178
6	1122.0	17.9477	1681390682.682
6	1122.5	17.9548	1681390683.174
6	1123.0	17.9489	1681390683.678
6	1123.5	17.9510	1681390684.182
6	1124.0	17.9476	1681390684.674
6	1124.5	17.9480	1681390685.178
6	1125.0	17.9438	1681390685.682
6	1125.5	17.9459	1681390686.174
6	1126.0	17.9506	1681390686.678
6	1126.5	17.9483	1681390687.182
6	1127.0	17.9504	1681390687.674
6	1127.5	17.9516	1681390688.178
6	1128.0	17.9494	1681390688.682
6	1128.5	17.9514	1681390689.186
6	1129.0	17.9579	1681390689.678
6	1129.5	17.9533	1681390690.182
6	1130.0	17.9542	1681390690.674
6	1130.5	17.9533	1681390691.178
6	1131.0	17.9528	1681390691.682
6	1131.5	17.9536	1681390692.187
6	1132.0	17.9473	1681390692.678
6	1132.5	17.9502	1681390693.182
6	1133.0	17.9492	1681390693.674
6	1133.5	17.9581	1681390694.178
6	1134.0	17.9544	1681390694.682
6	1134.5	17.9528	1681390695.186
6	1135.0	17.9607	1681390695.678
6	1135.5	17.9545	1681390696.182
6	1136.0	17.9708	1681390696.674
6	1136.5	17.9695	1681390697.178
6	1137.0	17.9575	1681390697.682
6	1137.5	17.9672	1681390698.186
6	1138.0	17.9692	1681390698.678
6	1138.5	17.9653	1681390699.182
6	1139.0	17.9598	1681390699.674
6	1139.5	17.9592	1681390700.178
6	1140.0	17.9577	1681390700.682
6	1140.5	17.9572	1681390701.186
6	1141.0	17.9554	1681390701.678
6	1141.5	17.9631	1681390702.182
6	1142.0	17.9706	1681390702.674
6	1142.5	17.9664	1681390703.178
6	1143.0	17.9647	1681390703.682
6	1143.5	17.9626	1681390704.186
6	1144.0	17.9653	1681390704.678
6	1144.5	17.9813	1681390705.182
6	1145.0	17.9675	1681390705.674
6	1145.5	17.9602	1681390706.178
6	1146.0	17.9565	1681390706.681
6	1146.5	17.9621	1681390707.185
6	1147.0	17.9636	1681390707.677
6	1147.5	17.9622	1681390708.181
6	1148.0	17.9626	1681390708.685
6	1148.5	17.9588	1681390709.177
6	1149.0	17.9606	1681390709.681
6	1149.5	17.9643	1681390710.185
6	1150.0	17.9619	1681390710.677
6	1150.5	17.9616	1681390711.181
6	1151.0	17.9606	1681390711.685
6	1151.5	17.9609	1681390712.177
6	1152.0	17.9579	1681390712.681
6	1152.5	17.9575	1681390713.185
6	1153.0	17.9631	1681390713.677
6	1153.5	17.9587	1681390714.181
6	1154.0	17.9566	1681390714.685
6	1154.5	17.9635	1681390715.177
6	1155.0	17.9613	1681390715.681
6	1155.5	17.9589	1681390716.185
6	1156.0	17.9569	1681390716.677
6	1156.5	17.9549	1681390717.181
6	1157.0	17.9572	1681390717.685
6	1157.5	17.9546	1681390718.177
6	1158.0	17.9467	1681390718.681
6	1158.5	17.9519	1681390719.185
6	1159.0	17.9512	1681390719.677
6	1159.5	17.9569	1681390720.181
6	1160.0	17.9579	1681390720.685
6	1160.5	17.9548	1681390721.177
6	1161.0	17.9523	1681390721.681
6	1161.5	17.9561	1681390722.185
6	1162.0	17.9598	1681390722.677
6	1162.5	17.9545	1681390723.181
6	1163.0	17.9572	1681390723.685
6	1163.5	17.9581	1681390724.177
6	1164.0	17.9538	1681390724.681
6	1164.5	17.9581	1681390725.185
6	1165.0	17.9550	1681390725.677
6	1165.5	17.9559	1681390726.181
6	1166.0	17.9594	1681390726.685
6	1166.5	17.9561	1681390727.177
6	1167.0	17.9486	1681390727.681
6	1167.5	17.9518	1681390728.185
6	1168.0	17.9561	1681390728.677
6	1168.5	17.9581	1681390729.181
6	1169.0	17.9597	1681390729.684
6	1169.5	17.9585	1681390730.177
6	1170.0	17.9510	1681390730.681
6	1170.5	17.9436	1681390731.184
6	1171.0	17.9372	1681390731.677
6	1171.5	17.9482	1681390732.180
6	1172.0	17.9491	1681390732.684
6	1172.5	17.9444	1681390733.176
6	1173.0	17.9450	1681390733.680
6	1173.5	17.9430	1681390734.184
6	1174.0	17.9424	1681390734.676
6	1174.5	17.9489	1681390735.180
6	1175.0	17.9509	1681390735.684
6	1175.5	17.9535	1681390736.176
6	1176.0	17.9537	1681390736.680
6	1176.5	17.9482	1681390737.184
6	1177.0	17.9477	1681390737.676
6	1177.5	17.9549	1681390738.180
6	1178.0	17.9511	1681390738.684
6	1178.5	17.9543	1681390739.176
6	1179.0	17.9570	1681390739.680
6	1179.5	17.9534	1681390740.184
6	1180.0	17.9484	1681390740.676
6	1180.5	17.9523	1681390741.180
6	1181.0	17.9522	1681390741.684
6	1181.5	17.9518	1681390742.176
6	1182.0	17.9470	1681390742.680
6	1182.5	17.9490	1681390743.184
6	1183.0	17.9469	1681390743.676
6	1183.5	17.9493	1681390744.180
6	1184.0	17.9479	1681390744.684
6	1184.5	17.9521	1681390745.176
6	1185.0	17.9498	1681390745.680
6	1185.5	17.9573	1681390746.184
6	1186.0	17.9477	1681390746.676
6	1186.5	17.9464	1681390747.180
6	1187.0	17.9440	1681390747.684
6	1187.5	17.9498	1681390748.176
6	1188.0	17.9473	1681390748.680
6	1188.5	17.9498	1681390749.184
6	1189.0	17.9545	1681390749.676
6	1189.5	17.9567	1681390750.180
6	1190.0	17.9605	1681390750.684
6	1190.5	17.9567	1681390751.176
6	1191.0	17.9440	1681390751.680
6	1191.5	17.9494	1681390752.184
6	1192.0	17.9546	1681390752.676
6	1192.5	17.9614	1681390753.180
6	1193.0	17.9567	1681390753.684
6	1193.5	17.9575	1681390754.176
6	1194.0	17.9600	1681390754.680
6	1194.5	17.9585	1681390755.183
6	1195.0	17.9628	1681390755.676
6	1195.5	17.9613	1681390756.180
6	1196.0	17.9572	1681390756.683
6	1196.5	17.9544	1681390757.176
6	1197.0	17.9553	1681390757.679
6	1197.5	17.9498	1681390758.183
6	1198.0	17.9549	1681390758.675
6	1198.5	17.9512	1681390759.179
6	1199.0	17.9633	1681390759.683
6	1199.5	17.9542	1681390760.175
6	1200.0	17.9542	1681390760.679
6	1200.5	17.9507	1681390761.183
6	1201.0	17.9461	1681390761.675
6	1201.5	17.9563	1681390762.179
6	1202.0	17.9614	1681390762.683
6	1202.5	17.9589	1681390763.175
6	1203.0	17.9572	1681390763.679
6	1203.5	17.9572	1681390764.183
6	1204.0	17.9582	1681390764.675
6	1204.5	17.9617	1681390765.179
6	1205.0	17.9566	1681390765.683
6	1205.5	17.9552	1681390766.175
6	1206.0	17.9559	1681390766.679
6	1206.5	17.9550	1681390767.183
6	1207.0	17.9551	1681390767.675
6	1207.5	17.9589	1681390768.179
6	1208.0	17.9534	1681390768.683
6	1208.5	17.9522	1681390769.175
6	1209.0	17.9510	1681390769.679
6	1209.5	17.9498	1681390770.183
6	1210.0	17.9468	1681390770.675
6	1210.5	17.9513	1681390771.179
6	1211.0	17.9449	1681390771.683
6	1211.5	17.9416	1681390772.175
6	1212.0	17.9524	1681390772.679
6	1212.5	17.9585	1681390773.183
6	1213.0	17.9571	1681390773.675
6	1213.5	17.9546	1681390774.179
6	1214.0	17.9518	1681390774.683
6	1214.5	17.9540	1681390775.175
6	1215.0	17.9556	1681390775.679
6	1215.5	17.9467	1681390776.183
6	1216.0	17.9537	1681390776.675
6	1216.5	17.9493	1681390777.179
6	1217.0	17.9473	1681390777.682
6	1217.5	17.9426	1681390778.175
6	1218.0	17.9396	1681390778.679
6	1218.5	17.9447	1681390779.182
6	1219.0	17.9460	1681390779.675
6	1219.5	17.9478	1681390780.179
6	1220.0	17.9433	1681390780.682
6	1220.5	17.9487	1681390781.175
6	1221.0	17.9443	1681390781.679
6	1221.5	17.9514	1681390782.182
6	1222.0	17.9512	1681390782.674
6	1222.5	17.9493	1681390783.178
6	1223.0	17.9492	1681390783.682
6	1223.5	17.9447	1681390784.186
6	1224.0	17.9516	1681390784.678
6	1224.5	17.9574	1681390785.182
6	1225.0	17.9500	1681390785.674
6	1225.5	17.9487	1681390786.178
6	1226.0	17.9483	1681390786.682
6	1226.5	17.9487	1681390787.186
6	1227.0	17.9440	1681390787.678
6	1227.5	17.9451	1681390788.182
6	1228.0	17.9451	1681390788.674
6	1228.5	17.9399	1681390789.178
6	1229.0	17.9393	1681390789.682
6	1229.5	17.9381	1681390790.186
6	1230.0	17.9447	1681390790.678
6	1230.5	17.9460	1681390791.182
6	1231.0	17.9537	1681390791.674
6	1231.5	17.9576	1681390792.178
6	1232.0	17.9424	1681390792.682
6	1232.5	17.9472	1681390793.186
6	1233.0	17.9431	1681390793.678
6	1233.5	17.9502	1681390794.182
6	1234.0	17.9481	1681390794.674
6	1234.5	17.9475	1681390795.178
6	1235.0	17.9476	1681390795.682
6	1235.5	17.9410	1681390796.186
6	1236.0	17.9398	1681390796.678
6	1236.5	17.9435	1681390797.182
6	1237.0	17.9404	1681390797.674
6	1237.5	17.9444	1681390798.178
6	1238.0	17.9440	1681390798.682
6	1238.5	17.9448	1681390799.186
6	1239.0	17.9443	1681390799.678
6	1239.5	17.9475	1681390800.182
6	1240.0	17.9443	1681390800.674
6	1240.5	17.9440	1681390801.178
6	1241.0	17.9404	1681390801.682
6	1241.5	17.9490	1681390802.186
6	1242.0	17.9534	1681390802.678
6	1242.5	17.9509	1681390803.181
6	1243.0	17.9465	1681390803.674
6	1243.5	17.9453	1681390804.178
6	1244.0	17.9451	1681390804.681
6	1244.5	17.9454	1681390805.185
6	1245.0	17.9459	1681390805.677
6	1245.5	17.9405	1681390806.181
6	1246.0	17.9463	1681390806.685
6	1246.5	17.9438	1681390807.177
6	1247.0	17.9460	1681390807.681
6	1247.5	17.9455	1681390808.185
6	1248.0	17.9422	1681390808.677
6	1248.5	17.9412	1681390809.181
6	1249.0	17.9430	1681390809.685
6	1249.5	17.9525	1681390810.177
6	1250.0	17.9529	1681390810.681
6	1250.5	17.9480	1681390811.185
6	1251.0	17.9468	1681390811.677
6	1251.5	17.9450	1681390812.181
6	1252.0	17.9488	1681390812.685
6	1252.5	17.9491	1681390813.177
6	1253.0	17.9444	1681390813.681
6	1253.5	17.9410	1681390814.185
6	1254.0	17.9432	1681390814.677
6	1254.5	17.9456	1681390815.181
6	1255.0	17.9393	1681390815.685
6	1255.5	17.9460	1681390816.177
6	1256.0	17.9476	1681390816.681
6	1256.5	17.9469	1681390817.185
6	1257.0	17.9469	1681390817.677
6	1257.5	17.9421	1681390818.181
6	1258.0	17.9456	1681390818.685
6	1258.5	17.9452	1681390819.177
6	1259.0	17.9536	1681390819.681
6	1259.5	17.9439	1681390820.185
6	1260.0	17.9410	1681390820.677
6	1260.5	17.9396	1681390821.181
6	1261.0	17.9453	1681390821.685
6	1261.5	17.9406	1681390822.177
6	1262.0	17.9353	1681390822.681
6	1262.5	17.9487	1681390823.185
6	1263.0	17.9410	1681390823.677
