# Log Ver: CODA_2T 0.0.1 Prog Ver: 0.0.1 Sensor: 212719 Depth 0 2023-04-13 12:39:17 UTC 
# id model = RBRcoda3, version = 1.059, serial = 212719, fwtype = 107, flavour = rt
# reldepth stime temp time
8	0.5	19.2433	1681389561.184
8	1.0	19.2677	1681389561.688
8	1.5	19.2846	1681389562.192
8	2.0	19.2742	1681389562.684
8	2.5	19.2567	1681389563.188
8	3.0	19.2254	1681389563.692
8	3.5	19.2133	1681389564.184
8	4.0	19.2126	1681389564.688
8	4.5	19.2197	1681389565.192
8	5.0	19.2447	1681389565.685
8	5.5	19.3000	1681389566.188
8	6.0	19.3230	1681389566.692
8	6.5	19.3636	1681389567.184
8	7.0	19.4043	1681389567.689
8	7.5	19.4031	1681389568.192
8	8.0	19.3905	1681389568.685
8	8.5	19.2873	1681389569.188
8	9.0	19.1351	1681389569.692
8	9.5	19.0736	1681389570.184
8	10.0	19.0837	1681389570.688
8	10.5	19.1216	1681389571.192
8	11.0	19.1503	1681389571.685
8	11.5	19.1838	1681389572.188
8	12.0	19.2110	1681389572.692
8	12.5	19.2410	1681389573.185
8	13.0	19.2654	1681389573.687
8	13.5	19.3107	1681389574.191
8	14.0	19.3241	1681389574.683
8	14.5	19.3399	1681389575.187
8	15.0	19.3813	1681389575.692
8	15.5	19.4230	1681389576.183
8	16.0	19.4649	1681389576.687
8	16.5	19.5018	1681389577.191
8	17.0	19.5146	1681389577.683
8	17.5	19.5054	1681389578.187
8	18.0	19.5107	1681389578.691
8	18.5	19.5254	1681389579.183
8	19.0	19.5360	1681389579.688
8	19.5	19.5737	1681389580.191
8	20.0	19.5748	1681389580.684
8	20.5	19.5849	1681389581.187
8	21.0	19.6161	1681389581.691
8	21.5	19.6468	1681389582.184
8	22.0	19.6938	1681389582.687
8	22.5	19.7158	1681389583.191
8	23.0	19.7378	1681389583.683
8	23.5	19.7660	1681389584.187
8	24.0	19.6958	1681389584.691
8	24.5	19.5914	1681389585.184
8	25.0	19.5015	1681389585.688
8	25.5	19.5083	1681389586.191
8	26.0	19.5142	1681389586.683
8	26.5	19.5493	1681389587.187
8	27.0	19.5888	1681389587.691
8	27.5	19.5996	1681389588.184
8	28.0	19.6362	1681389588.687
8	28.5	19.5228	1681389589.191
8	29.0	19.4629	1681389589.683
8	29.5	19.3608	1681389590.187
8	30.0	19.3715	1681389590.691
8	30.5	19.3241	1681389591.184
8	31.0	19.1743	1681389591.687
8	31.5	19.0552	1681389592.191
8	32.0	19.0783	1681389592.683
8	32.5	19.1089	1681389593.187
8	33.0	19.1573	1681389593.691
8	33.5	19.1037	1681389594.184
8	34.0	18.9919	1681389594.687
8	34.5	18.8624	1681389595.191
8	35.0	18.7735	1681389595.683
8	35.5	18.7862	1681389596.187
8	36.0	18.8651	1681389596.691
8	36.5	18.9530	1681389597.183
8	37.0	19.0175	1681389597.687
8	37.5	19.0878	1681389598.191
8	38.0	19.1481	1681389598.683
8	38.5	19.2113	1681389599.186
8	39.0	19.2838	1681389599.690
8	39.5	19.3590	1681389600.183
8	40.0	19.4168	1681389600.687
8	40.5	19.4124	1681389601.191
8	41.0	19.3991	1681389601.683
8	41.5	19.4248	1681389602.186
8	42.0	19.4544	1681389602.690
8	42.5	19.3644	1681389603.183
8	43.0	19.2065	1681389603.687
8	43.5	19.2578	1681389604.190
8	44.0	19.3068	1681389604.682
8	44.5	19.3597	1681389605.187
8	45.0	19.4035	1681389605.691
8	45.5	19.4366	1681389606.194
8	46.0	19.4810	1681389606.687
8	46.5	19.5304	1681389607.190
8	47.0	19.5395	1681389607.683
8	47.5	19.4530	1681389608.187
8	48.0	19.4058	1681389608.690
8	48.5	19.3044	1681389609.194
8	49.0	19.2147	1681389609.687
8	49.5	19.1188	1681389610.190
8	50.0	19.0351	1681389610.683
8	50.5	18.9242	1681389611.186
8	51.0	18.8815	1681389611.690
8	51.5	18.9051	1681389612.194
8	52.0	18.9847	1681389612.686
8	52.5	19.0329	1681389613.190
8	53.0	19.1201	1681389613.683
8	53.5	19.1443	1681389614.186
8	54.0	19.1576	1681389614.690
8	54.5	19.0612	1681389615.194
8	55.0	18.9626	1681389615.686
8	55.5	18.8754	1681389616.190
8	56.0	18.7670	1681389616.682
8	56.5	18.7088	1681389617.186
8	57.0	18.6799	1681389617.690
8	57.5	18.7533	1681389618.194
8	58.0	18.7980	1681389618.687
8	58.5	18.7937	1681389619.190
8	59.0	18.8366	1681389619.682
8	59.5	18.8535	1681389620.186
8	60.0	18.8725	1681389620.690
8	60.5	18.8737	1681389621.194
8	61.0	18.7697	1681389621.686
8	61.5	18.6800	1681389622.190
8	62.0	18.6312	1681389622.682
8	62.5	18.7418	1681389623.186
8	63.0	18.8387	1681389623.690
8	63.5	18.8871	1681389624.194
8	64.0	18.9491	1681389624.687
8	64.5	18.9859	1681389625.190
8	65.0	18.8850	1681389625.682
8	65.5	18.7817	1681389626.185
8	66.0	18.6980	1681389626.690
8	66.5	18.6115	1681389627.193
8	67.0	18.5547	1681389627.685
8	67.5	18.6579	1681389628.189
8	68.0	18.7440	1681389628.693
8	68.5	18.7357	1681389629.186
8	69.0	18.7525	1681389629.690
8	69.5	18.7999	1681389630.193
8	70.0	18.9246	1681389630.686
8	70.5	19.0193	1681389631.189
8	71.0	19.0159	1681389631.693
8	71.5	19.1010	1681389632.185
8	72.0	19.1966	1681389632.690
8	72.5	19.1881	1681389633.193
8	73.0	19.2374	1681389633.685
8	73.5	19.2882	1681389634.189
8	74.0	19.2815	1681389634.693
8	74.5	19.2310	1681389635.185
8	75.0	19.2353	1681389635.690
8	75.5	19.2708	1681389636.193
8	76.0	19.1459	1681389636.685
8	76.5	19.0806	1681389637.189
8	77.0	18.9566	1681389637.693
8	77.5	18.8548	1681389638.185
8	78.0	18.8892	1681389638.689
8	78.5	18.9886	1681389639.193
8	79.0	19.0706	1681389639.686
8	79.5	19.1316	1681389640.189
8	80.0	19.2213	1681389640.693
8	80.5	19.2410	1681389641.185
8	81.0	19.1140	1681389641.689
8	81.5	19.1461	1681389642.193
8	82.0	19.2377	1681389642.685
8	82.5	19.3042	1681389643.189
8	83.0	19.3433	1681389643.693
8	83.5	19.3267	1681389644.185
8	84.0	19.2166	1681389644.689
8	84.5	19.1310	1681389645.193
8	85.0	19.0113	1681389645.685
8	85.5	18.9059	1681389646.189
8	86.0	18.8508	1681389646.694
8	86.5	18.7770	1681389647.185
8	87.0	18.7785	1681389647.689
8	87.5	18.7643	1681389648.193
8	88.0	18.7678	1681389648.685
8	88.5	18.6883	1681389649.189
8	89.0	18.6269	1681389649.693
8	89.5	18.5660	1681389650.185
8	90.0	18.5145	1681389650.688
8	90.5	18.4722	1681389651.193
8	91.0	18.4587	1681389651.685
8	91.5	18.4343	1681389652.190
8	92.0	18.3647	1681389652.692
8	92.5	18.3212	1681389653.185
8	93.0	18.2784	1681389653.688
8	93.5	18.2600	1681389654.192
8	94.0	18.2283	1681389654.684
8	94.5	18.1981	1681389655.188
8	95.0	18.1698	1681389655.692
8	95.5	18.1463	1681389656.184
8	96.0	18.1399	1681389656.688
8	96.5	18.1266	1681389657.192
8	97.0	18.1127	1681389657.685
8	97.5	18.0937	1681389658.188
8	98.0	18.0910	1681389658.692
8	98.5	18.0794	1681389659.184
8	99.0	18.1160	1681389659.688
8	99.5	18.2295	1681389660.192
8	100.0	18.3149	1681389660.685
8	100.5	18.3297	1681389661.188
8	101.0	18.3545	1681389661.692
8	101.5	18.3736	1681389662.184
8	102.0	18.3649	1681389662.688
8	102.5	18.3537	1681389663.192
8	103.0	18.3301	1681389663.685
8	103.5	18.3087	1681389664.188
8	104.0	18.2599	1681389664.692
8	104.5	18.2293	1681389665.184
8	105.0	18.2187	1681389665.688
8	105.5	18.3106	1681389666.192
8	106.0	18.4259	1681389666.684
8	106.5	18.3554	1681389667.188
8	107.0	18.2885	1681389667.692
8	107.5	18.2430	1681389668.185
8	108.0	18.2130	1681389668.688
8	108.5	18.1987	1681389669.192
8	109.0	18.1503	1681389669.684
8	109.5	18.0994	1681389670.188
8	110.0	18.1110	1681389670.692
8	110.5	18.0896	1681389671.184
8	111.0	18.0679	1681389671.688
8	111.5	18.0323	1681389672.192
8	112.0	17.9940	1681389672.684
8	112.5	17.9574	1681389673.188
8	113.0	17.9184	1681389673.692
8	113.5	17.8998	1681389674.184
8	114.0	17.8808	1681389674.688
8	114.5	17.8662	1681389675.192
8	115.0	17.8582	1681389675.684
8	115.5	17.8204	1681389676.188
8	116.0	17.7791	1681389676.692
8	116.5	17.7500	1681389677.196
8	117.0	17.7304	1681389677.688
8	117.5	17.7193	1681389678.192
8	118.0	17.7266	1681389678.684
8	118.5	17.7325	1681389679.188
8	119.0	17.7275	1681389679.691
8	119.5	17.7070	1681389680.195
8	120.0	17.6830	1681389680.688
8	120.5	17.6734	1681389681.191
8	121.0	17.6886	1681389681.684
8	121.5	17.7772	1681389682.188
8	122.0	17.8691	1681389682.691
8	122.5	17.8918	1681389683.195
8	123.0	17.8563	1681389683.687
8	123.5	17.8293	1681389684.191
8	124.0	17.7937	1681389684.684
8	124.5	17.7617	1681389685.188
8	125.0	17.7300	1681389685.691
8	125.5	17.7109	1681389686.195
8	126.0	17.6931	1681389686.687
8	126.5	17.6821	1681389687.191
8	127.0	17.6666	1681389687.683
8	127.5	17.6508	1681389688.187
8	128.0	17.6407	1681389688.691
8	128.5	17.6387	1681389689.195
8	129.0	17.6321	1681389689.687
8	129.5	17.6304	1681389690.191
8	130.0	17.6285	1681389690.684
8	130.5	17.6348	1681389691.187
8	131.0	17.6495	1681389691.691
8	131.5	17.6472	1681389692.195
8	132.0	17.6438	1681389692.687
8	132.5	17.6453	1681389693.191
8	133.0	17.6496	1681389693.683
8	133.5	17.6533	1681389694.187
8	134.0	17.6646	1681389694.691
8	134.5	17.6841	1681389695.195
8	135.0	17.7020	1681389695.687
8	135.5	17.7258	1681389696.191
8	136.0	17.7248	1681389696.695
8	136.5	17.7056	1681389697.187
8	137.0	17.7118	1681389697.691
8	137.5	17.6965	1681389698.195
8	138.0	17.6708	1681389698.687
8	138.5	17.6512	1681389699.191
8	139.0	17.6395	1681389699.695
8	139.5	17.6148	1681389700.187
8	140.0	17.5905	1681389700.691
8	140.5	17.5808	1681389701.195
8	141.0	17.5515	1681389701.687
8	141.5	17.5630	1681389702.191
8	142.0	17.5426	1681389702.694
8	142.5	17.5469	1681389703.187
8	143.0	17.5541	1681389703.691
8	143.5	17.5575	1681389704.194
8	144.0	17.5673	1681389704.687
8	144.5	17.5707	1681389705.190
8	145.0	17.5481	1681389705.694
8	145.5	17.5336	1681389706.187
8	146.0	17.5152	1681389706.690
8	146.5	17.5050	1681389707.194
8	147.0	17.4999	1681389707.687
8	147.5	17.5144	1681389708.190
8	148.0	17.5225	1681389708.694
8	148.5	17.5325	1681389709.186
8	149.0	17.5537	1681389709.690
8	149.5	17.5659	1681389710.194
8	150.0	17.5544	1681389710.687
8	150.5	17.5425	1681389711.190
8	151.0	17.5531	1681389711.694
8	151.5	17.5498	1681389712.187
8	152.0	17.5508	1681389712.690
8	152.5	17.5488	1681389713.194
8	153.0	17.5589	1681389713.686
8	153.5	17.5629	1681389714.190
8	154.0	17.5573	1681389714.694
8	154.5	17.5373	1681389715.186
8	155.0	17.5181	1681389715.690
8	155.5	17.5136	1681389716.195
8	156.0	17.4989	1681389716.686
8	156.5	17.4833	1681389717.190
8	157.0	17.4780	1681389717.694
8	157.5	17.4765	1681389718.186
8	158.0	17.4806	1681389718.690
8	158.5	17.4850	1681389719.194
8	159.0	17.5044	1681389719.686
8	159.5	17.4998	1681389720.190
8	160.0	17.5216	1681389720.694
8	160.5	17.5177	1681389721.186
8	161.0	17.5053	1681389721.690
8	161.5	17.4979	1681389722.194
8	162.0	17.5093	1681389722.686
8	162.5	17.4995	1681389723.190
8	163.0	17.4855	1681389723.694
8	163.5	17.4781	1681389724.186
8	164.0	17.4594	1681389724.690
8	164.5	17.4770	1681389725.194
8	165.0	17.4593	1681389725.686
8	165.5	17.4444	1681389726.190
8	166.0	17.4335	1681389726.694
8	166.5	17.4266	1681389727.186
8	167.0	17.4337	1681389727.690
8	167.5	17.4437	1681389728.194
8	168.0	17.4669	1681389728.686
8	168.5	17.4794	1681389729.190
8	169.0	17.4590	1681389729.693
8	169.5	17.4509	1681389730.186
8	170.0	17.4480	1681389730.690
8	170.5	17.4505	1681389731.193
8	171.0	17.4526	1681389731.686
8	171.5	17.4603	1681389732.189
8	172.0	17.4809	1681389732.693
8	172.5	17.4863	1681389733.186
8	173.0	17.4900	1681389733.690
8	173.5	17.5020	1681389734.193
8	174.0	17.5050	1681389734.686
8	174.5	17.6237	1681389735.189
8	175.0	17.7268	1681389735.693
8	175.5	17.7994	1681389736.185
8	176.0	17.7656	1681389736.689
8	176.5	17.7347	1681389737.193
8	177.0	17.6932	1681389737.685
8	177.5	17.6536	1681389738.189
8	178.0	17.6153	1681389738.693
8	178.5	17.6029	1681389739.185
8	179.0	17.5925	1681389739.689
8	179.5	17.6163	1681389740.193
8	180.0	17.7249	1681389740.685
8	180.5	17.7851	1681389741.189
8	181.0	17.8721	1681389741.693
8	181.5	17.9593	1681389742.185
8	182.0	18.0449	1681389742.689
8	182.5	18.0462	1681389743.193
8	183.0	17.9827	1681389743.685
8	183.5	17.9348	1681389744.189
8	184.0	17.9053	1681389744.693
8	184.5	17.9093	1681389745.185
8	185.0	17.8857	1681389745.689
8	185.5	17.8534	1681389746.193
8	186.0	17.8160	1681389746.685
8	186.5	17.7958	1681389747.189
8	187.0	17.8524	1681389747.693
8	187.5	17.9463	1681389748.186
8	188.0	18.0108	1681389748.689
8	188.5	18.1036	1681389749.193
8	189.0	18.1585	1681389749.685
8	189.5	18.1297	1681389750.189
8	190.0	18.0994	1681389750.693
8	190.5	18.1638	1681389751.185
8	191.0	18.2448	1681389751.689
8	191.5	18.3057	1681389752.193
8	192.0	18.3715	1681389752.685
8	192.5	18.4235	1681389753.189
8	193.0	18.4703	1681389753.693
8	193.5	18.5026	1681389754.185
8	194.0	18.4856	1681389754.689
8	194.5	18.3772	1681389755.192
8	195.0	18.3560	1681389755.685
8	195.5	18.3852	1681389756.189
8	196.0	18.4406	1681389756.693
8	196.5	18.4890	1681389757.185
8	197.0	18.5509	1681389757.689
8	197.5	18.5798	1681389758.192
8	198.0	18.5600	1681389758.685
8	198.5	18.5755	1681389759.190
8	199.0	18.6076	1681389759.692
8	199.5	18.5520	1681389760.185
8	200.0	18.4989	1681389760.688
8	200.5	18.4184	1681389761.192
8	201.0	18.3292	1681389761.684
8	201.5	18.3403	1681389762.188
8	202.0	18.3812	1681389762.692
8	202.5	18.4362	1681389763.185
8	203.0	18.4913	1681389763.688
8	203.5	18.5569	1681389764.192
8	204.0	18.6097	1681389764.684
8	204.5	18.6507	1681389765.188
8	205.0	18.7061	1681389765.692
8	205.5	18.7583	1681389766.184
8	206.0	18.7739	1681389766.688
8	206.5	18.7905	1681389767.192
8	207.0	18.8224	1681389767.685
8	207.5	18.8639	1681389768.188
8	208.0	18.9080	1681389768.692
8	208.5	18.9380	1681389769.184
8	209.0	18.9537	1681389769.688
8	209.5	18.9562	1681389770.192
8	210.0	18.9780	1681389770.684
8	210.5	18.9893	1681389771.189
8	211.0	18.9844	1681389771.692
8	211.5	18.9899	1681389772.184
8	212.0	19.0005	1681389772.688
8	212.5	19.0139	1681389773.192
8	213.0	19.0146	1681389773.684
8	213.5	19.0267	1681389774.188
8	214.0	19.0349	1681389774.692
8	214.5	19.0290	1681389775.184
8	215.0	19.0340	1681389775.688
8	215.5	19.0611	1681389776.192
8	216.0	19.0782	1681389776.684
8	216.5	19.0896	1681389777.188
8	217.0	19.0955	1681389777.692
8	217.5	19.0766	1681389778.196
8	218.0	19.0469	1681389778.688
8	218.5	18.9848	1681389779.192
8	219.0	18.8750	1681389779.684
8	219.5	18.8058	1681389780.188
8	220.0	18.7816	1681389780.692
8	220.5	18.7882	1681389781.196
8	221.0	18.8146	1681389781.688
8	221.5	18.8527	1681389782.192
8	222.0	18.8933	1681389782.685
8	222.5	18.9299	1681389783.188
8	223.0	18.9465	1681389783.692
8	223.5	18.9677	1681389784.196
8	224.0	18.9731	1681389784.688
8	224.5	18.9837	1681389785.192
8	225.0	18.9822	1681389785.684
8	225.5	18.9946	1681389786.187
8	226.0	19.0312	1681389786.691
8	226.5	19.0699	1681389787.195
8	227.0	19.1095	1681389787.688
8	227.5	19.1431	1681389788.191
8	228.0	19.1498	1681389788.684
8	228.5	19.1809	1681389789.187
8	229.0	19.2290	1681389789.691
8	229.5	19.2716	1681389790.195
8	230.0	19.3064	1681389790.687
8	230.5	19.3132	1681389791.191
8	231.0	19.3262	1681389791.684
8	231.5	19.3483	1681389792.187
8	232.0	19.3707	1681389792.691
8	232.5	19.3812	1681389793.195
8	233.0	19.3938	1681389793.687
8	233.5	19.4101	1681389794.191
8	234.0	19.3972	1681389794.684
8	234.5	19.3989	1681389795.187
8	235.0	19.3960	1681389795.691
8	235.5	19.3952	1681389796.195
8	236.0	19.4120	1681389796.687
8	236.5	19.4314	1681389797.191
8	237.0	19.4528	1681389797.695
8	237.5	19.5232	1681389798.187
8	238.0	19.5789	1681389798.691
8	238.5	19.6171	1681389799.195
8	239.0	19.6338	1681389799.687
8	239.5	19.6441	1681389800.191
8	240.0	19.6178	1681389800.695
8	240.5	19.6062	1681389801.187
8	241.0	19.5991	1681389801.691
8	241.5	19.6133	1681389802.195
8	242.0	19.6323	1681389802.687
8	242.5	19.6489	1681389803.191
8	243.0	19.6919	1681389803.695
8	243.5	19.7156	1681389804.187
8	244.0	19.7558	1681389804.691
8	244.5	19.7503	1681389805.195
8	245.0	19.7774	1681389805.687
8	245.5	19.8245	1681389806.191
8	246.0	19.8360	1681389806.695
8	246.5	19.8843	1681389807.187
8	247.0	19.9243	1681389807.691
8	247.5	19.9455	1681389808.194
8	248.0	19.9705	1681389808.687
8	248.5	19.9657	1681389809.191
8	249.0	19.9410	1681389809.694
8	249.5	19.9143	1681389810.187
8	250.0	19.8837	1681389810.691
8	250.5	19.8701	1681389811.194
8	251.0	19.8961	1681389811.687
8	251.5	19.9371	1681389812.190
8	252.0	19.9567	1681389812.694
8	252.5	19.9921	1681389813.187
8	253.0	20.0057	1681389813.691
8	253.5	20.0220	1681389814.194
8	254.0	19.9379	1681389814.686
8	254.5	19.9451	1681389815.190
8	255.0	19.9589	1681389815.694
8	255.5	19.9642	1681389816.186
8	256.0	19.9665	1681389816.690
8	256.5	19.8955	1681389817.194
8	257.0	19.8138	1681389817.686
8	257.5	19.8326	1681389818.190
8	258.0	19.8537	1681389818.694
8	258.5	19.8509	1681389819.186
8	259.0	19.8454	1681389819.691
8	259.5	19.8460	1681389820.194
8	260.0	19.8517	1681389820.686
8	260.5	19.8793	1681389821.190
8	261.0	19.9192	1681389821.694
8	261.5	19.9478	1681389822.186
8	262.0	19.9462	1681389822.690
8	262.5	19.9519	1681389823.194
8	263.0	19.9433	1681389823.686
8	263.5	19.8859	1681389824.190
8	264.0	19.8521	1681389824.694
8	264.5	19.8835	1681389825.186
8	265.0	19.9021	1681389825.690
8	265.5	19.9183	1681389826.194
8	266.0	19.9489	1681389826.686
8	266.5	19.9686	1681389827.190
8	267.0	20.0003	1681389827.694
8	267.5	20.0043	1681389828.186
8	268.0	20.0270	1681389828.690
8	268.5	20.0351	1681389829.194
8	269.0	20.0010	1681389829.686
8	269.5	19.8851	1681389830.190
8	270.0	19.7658	1681389830.694
8	270.5	19.7296	1681389831.186
8	271.0	19.6525	1681389831.690
8	271.5	19.5979	1681389832.194
8	272.0	19.5732	1681389832.686
8	272.5	19.5902	1681389833.190
8	273.0	19.6482	1681389833.694
8	273.5	19.7065	1681389834.186
8	274.0	19.7445	1681389834.690
8	274.5	19.7887	1681389835.194
8	275.0	19.8235	1681389835.686
8	275.5	19.8686	1681389836.190
8	276.0	19.9153	1681389836.693
8	276.5	19.9623	1681389837.186
8	277.0	19.9969	1681389837.689
8	277.5	20.0102	1681389838.193
8	278.0	19.9467	1681389838.686
8	278.5	19.7526	1681389839.189
8	279.0	19.6176	1681389839.693
8	279.5	19.4906	1681389840.186
8	280.0	19.5159	1681389840.689
8	280.5	19.5553	1681389841.193
8	281.0	19.6008	1681389841.685
8	281.5	19.6300	1681389842.189
8	282.0	19.6660	1681389842.693
8	282.5	19.6839	1681389843.186
8	283.0	19.7073	1681389843.689
8	283.5	19.7478	1681389844.193
8	284.0	19.7894	1681389844.685
8	284.5	19.8109	1681389845.189
8	285.0	19.8510	1681389845.693
8	285.5	19.8646	1681389846.185
8	286.0	19.8478	1681389846.689
8	286.5	19.8446	1681389847.193
8	287.0	19.8087	1681389847.685
8	287.5	19.8102	1681389848.189
8	288.0	19.8200	1681389848.693
8	288.5	19.8376	1681389849.185
8	289.0	19.8541	1681389849.689
8	289.5	19.8313	1681389850.193
8	290.0	19.7433	1681389850.685
8	290.5	19.7012	1681389851.189
8	291.0	19.7095	1681389851.693
8	291.5	19.7202	1681389852.185
8	292.0	19.7189	1681389852.689
8	292.5	19.6967	1681389853.193
8	293.0	19.7124	1681389853.685
8	293.5	19.7456	1681389854.189
8	294.0	19.7395	1681389854.693
8	294.5	19.7252	1681389855.186
8	295.0	19.7247	1681389855.689
8	295.5	19.7490	1681389856.193
8	296.0	19.7453	1681389856.685
8	296.5	19.7445	1681389857.189
8	297.0	19.7788	1681389857.693
8	297.5	19.7872	1681389858.185
8	298.0	19.6367	1681389858.689
8	298.5	19.5612	1681389859.193
8	299.0	19.5461	1681389859.685
8	299.5	19.5789	1681389860.189
8	300.0	19.6400	1681389860.693
8	300.5	19.6662	1681389861.185
8	301.0	19.7108	1681389861.689
8	301.5	19.7511	1681389862.193
8	302.0	19.7883	1681389862.685
8	302.5	19.7710	1681389863.189
8	303.0	19.8030	1681389863.692
8	303.5	19.8274	1681389864.185
8	304.0	19.8395	1681389864.688
8	304.5	19.8465	1681389865.192
8	305.0	19.8121	1681389865.685
8	305.5	19.7405	1681389866.188
8	306.0	19.6929	1681389866.692
8	306.5	19.7264	1681389867.184
8	307.0	19.7542	1681389867.689
8	307.5	19.7607	1681389868.192
8	308.0	19.7345	1681389868.684
8	308.5	19.7737	1681389869.188
8	309.0	19.8122	1681389869.692
8	309.5	19.8293	1681389870.185
8	310.0	19.8318	1681389870.688
8	310.5	19.8102	1681389871.192
8	311.0	19.8201	1681389871.684
8	311.5	19.8339	1681389872.188
8	312.0	19.8557	1681389872.692
8	312.5	19.8783	1681389873.184
8	313.0	19.8754	1681389873.688
8	313.5	19.8385	1681389874.192
8	314.0	19.7953	1681389874.684
8	314.5	19.6740	1681389875.188
8	315.0	19.6092	1681389875.692
8	315.5	19.5933	1681389876.184
8	316.0	19.5897	1681389876.688
8	316.5	19.5977	1681389877.192
8	317.0	19.6011	1681389877.684
8	317.5	19.6234	1681389878.188
8	318.0	19.6480	1681389878.692
8	318.5	19.6219	1681389879.184
8	319.0	19.6559	1681389879.688
8	319.5	19.6882	1681389880.192
8	320.0	19.7142	1681389880.684
8	320.5	19.7410	1681389881.188
8	321.0	19.7301	1681389881.692
8	321.5	19.7028	1681389882.196
8	322.0	19.6815	1681389882.688
8	322.5	19.6915	1681389883.192
8	323.0	19.7282	1681389883.684
8	323.5	19.7345	1681389884.188
8	324.0	19.7570	1681389884.692
8	324.5	19.7832	1681389885.196
8	325.0	19.8077	1681389885.688
8	325.5	19.8410	1681389886.192
8	326.0	19.8703	1681389886.684
8	326.5	19.8923	1681389887.188
8	327.0	19.8697	1681389887.692
8	327.5	19.8603	1681389888.195
8	328.0	19.7844	1681389888.688
8	328.5	19.7352	1681389889.191
8	329.0	19.7498	1681389889.684
8	329.5	19.7634	1681389890.188
8	330.0	19.7394	1681389890.691
8	330.5	19.7106	1681389891.196
8	331.0	19.6845	1681389891.687
8	331.5	19.6572	1681389892.191
8	332.0	19.6542	1681389892.684
8	332.5	19.6696	1681389893.188
8	333.0	19.6673	1681389893.692
8	333.5	19.6827	1681389894.195
8	334.0	19.6871	1681389894.687
8	334.5	19.6810	1681389895.191
8	335.0	19.6646	1681389895.683
8	335.5	19.6297	1681389896.187
8	336.0	19.6020	1681389896.691
8	336.5	19.5735	1681389897.195
8	337.0	19.5669	1681389897.687
8	337.5	19.5793	1681389898.191
8	338.0	19.6110	1681389898.683
8	338.5	19.6419	1681389899.187
8	339.0	19.6900	1681389899.691
8	339.5	19.7357	1681389900.195
8	340.0	19.7575	1681389900.687
8	340.5	19.7793	1681389901.191
8	341.0	19.7520	1681389901.695
8	341.5	19.7547	1681389902.187
8	342.0	19.7398	1681389902.691
8	342.5	19.7022	1681389903.195
8	343.0	19.6497	1681389903.687
8	343.5	19.6651	1681389904.191
8	344.0	19.6879	1681389904.695
8	344.5	19.6946	1681389905.187
8	345.0	19.7069	1681389905.691
8	345.5	19.7168	1681389906.195
8	346.0	19.7227	1681389906.687
8	346.5	19.7392	1681389907.191
8	347.0	19.7103	1681389907.695
8	347.5	19.6878	1681389908.187
8	348.0	19.6927	1681389908.691
8	348.5	19.7330	1681389909.195
8	349.0	19.7439	1681389909.687
8	349.5	19.7385	1681389910.191
8	350.0	19.7345	1681389910.695
8	350.5	19.7249	1681389911.187
8	351.0	19.6653	1681389911.691
8	351.5	19.6560	1681389912.195
8	352.0	19.6867	1681389912.687
8	352.5	19.7283	1681389913.191
8	353.0	19.7602	1681389913.695
8	353.5	19.7987	1681389914.187
8	354.0	19.7973	1681389914.691
8	354.5	19.8032	1681389915.195
8	355.0	19.7963	1681389915.687
8	355.5	19.7929	1681389916.191
8	356.0	19.7710	1681389916.694
8	356.5	19.7355	1681389917.186
8	357.0	19.7163	1681389917.690
8	357.5	19.7028	1681389918.194
8	358.0	19.7303	1681389918.686
8	358.5	19.7321	1681389919.191
8	359.0	19.7207	1681389919.694
8	359.5	19.6988	1681389920.186
8	360.0	19.7071	1681389920.690
8	360.5	19.6946	1681389921.194
8	361.0	19.6686	1681389921.686
8	361.5	19.6572	1681389922.190
8	362.0	19.6409	1681389922.694
8	362.5	19.6510	1681389923.186
8	363.0	19.6694	1681389923.690
8	363.5	19.6980	1681389924.194
8	364.0	19.7095	1681389924.686
8	364.5	19.7187	1681389925.190
8	365.0	19.7246	1681389925.694
8	365.5	19.7017	1681389926.186
8	366.0	19.7043	1681389926.690
8	366.5	19.7197	1681389927.194
8	367.0	19.7114	1681389927.686
8	367.5	19.6987	1681389928.190
8	368.0	19.6789	1681389928.694
8	368.5	19.6768	1681389929.186
8	369.0	19.7007	1681389929.690
8	369.5	19.7201	1681389930.194
8	370.0	19.7334	1681389930.686
8	370.5	19.7206	1681389931.190
8	371.0	19.6912	1681389931.694
8	371.5	19.6586	1681389932.186
8	372.0	19.6480	1681389932.690
8	372.5	19.6477	1681389933.194
8	373.0	19.6274	1681389933.686
8	373.5	19.6161	1681389934.190
8	374.0	19.6150	1681389934.694
8	374.5	19.6343	1681389935.186
8	375.0	19.6282	1681389935.690
8	375.5	19.6340	1681389936.194
8	376.0	19.6218	1681389936.686
8	376.5	19.6229	1681389937.190
8	377.0	19.6112	1681389937.694
8	377.5	19.5938	1681389938.186
8	378.0	19.5523	1681389938.690
8	378.5	19.5522	1681389939.194
8	379.0	19.5366	1681389939.686
8	379.5	19.4890	1681389940.190
8	380.0	19.4563	1681389940.694
8	380.5	19.4326	1681389941.186
8	381.0	19.4092	1681389941.690
8	381.5	19.4083	1681389942.193
8	382.0	19.4083	1681389942.686
8	382.5	19.3758	1681389943.190
8	383.0	19.3512	1681389943.693
8	383.5	19.3202	1681389944.186
8	384.0	19.3257	1681389944.689
8	384.5	19.2980	1681389945.193
8	385.0	19.2749	1681389945.686
8	385.5	19.2825	1681389946.189
8	386.0	19.2684	1681389946.693
8	386.5	19.2711	1681389947.185
8	387.0	19.2845	1681389947.689
8	387.5	19.2858	1681389948.193
8	388.0	19.2892	1681389948.685
8	388.5	19.2753	1681389949.189
8	389.0	19.2400	1681389949.693
8	389.5	19.2101	1681389950.185
8	390.0	19.1995	1681389950.689
8	390.5	19.1837	1681389951.193
8	391.0	19.1752	1681389951.685
8	391.5	19.1868	1681389952.189
8	392.0	19.2066	1681389952.693
8	392.5	19.2196	1681389953.185
8	393.0	19.2446	1681389953.689
8	393.5	19.2349	1681389954.193
8	394.0	19.2073	1681389954.685
8	394.5	19.1721	1681389955.189
8	395.0	19.1389	1681389955.693
8	395.5	19.0902	1681389956.185
8	396.0	19.0249	1681389956.689
8	396.5	18.9591	1681389957.193
8	397.0	18.9247	1681389957.685
8	397.5	18.8978	1681389958.189
8	398.0	18.9037	1681389958.693
8	398.5	18.9074	1681389959.185
8	399.0	18.9502	1681389959.689
8	399.5	18.9580	1681389960.193
8	400.0	18.9206	1681389960.685
8	400.5	18.8879	1681389961.189
8	401.0	18.8687	1681389961.693
8	401.5	18.8566	1681389962.185
8	402.0	18.8319	1681389962.689
8	402.5	18.8152	1681389963.193
8	403.0	18.7988	1681389963.685
8	403.5	18.7743	1681389964.189
8	404.0	18.7431	1681389964.693
8	404.5	18.7235	1681389965.185
8	405.0	18.7125	1681389965.689
8	405.5	18.6694	1681389966.193
8	406.0	18.5604	1681389966.685
8	406.5	18.4911	1681389967.189
8	407.0	18.4778	1681389967.693
8	407.5	18.4992	1681389968.185
8	408.0	18.5224	1681389968.688
8	408.5	18.5141	1681389969.192
8	409.0	18.5276	1681389969.685
8	409.5	18.5267	1681389970.188
8	410.0	18.5355	1681389970.692
8	410.5	18.5216	1681389971.185
8	411.0	18.4519	1681389971.688
8	411.5	18.3555	1681389972.192
8	412.0	18.2906	1681389972.684
8	412.5	18.2297	1681389973.188
8	413.0	18.2192	1681389973.692
8	413.5	18.1736	1681389974.184
8	414.0	18.1135	1681389974.688
8	414.5	18.1354	1681389975.192
8	415.0	18.1397	1681389975.684
8	415.5	18.1694	1681389976.188
8	416.0	18.2022	1681389976.692
8	416.5	18.2373	1681389977.184
8	417.0	18.2645	1681389977.688
8	417.5	18.2741	1681389978.192
8	418.0	18.2681	1681389978.684
8	418.5	18.2324	1681389979.188
8	419.0	18.1656	1681389979.692
8	419.5	18.0822	1681389980.184
8	420.0	17.9537	1681389980.688
8	420.5	17.9361	1681389981.192
8	421.0	17.8888	1681389981.684
8	421.5	17.8532	1681389982.188
8	422.0	17.8879	1681389982.692
8	422.5	17.9252	1681389983.196
8	423.0	17.9737	1681389983.688
8	423.5	18.0200	1681389984.192
8	424.0	18.0731	1681389984.684
8	424.5	18.0864	1681389985.188
8	425.0	18.0773	1681389985.692
8	425.5	18.0659	1681389986.196
8	426.0	18.0528	1681389986.688
8	426.5	18.0589	1681389987.192
8	427.0	17.9978	1681389987.684
8	427.5	17.9737	1681389988.188
8	428.0	17.9916	1681389988.692
8	428.5	18.0377	1681389989.196
8	429.0	18.0762	1681389989.688
8	429.5	18.0952	1681389990.192
8	430.0	18.1359	1681389990.684
8	430.5	18.1839	1681389991.188
8	431.0	18.2094	1681389991.692
8	431.5	18.2114	1681389992.196
8	432.0	18.2161	1681389992.688
8	432.5	18.1828	1681389993.192
8	433.0	18.0965	1681389993.684
8	433.5	18.0185	1681389994.188
8	434.0	17.9563	1681389994.692
8	434.5	17.9185	1681389995.195
8	435.0	17.9459	1681389995.688
8	435.5	17.9850	1681389996.192
8	436.0	18.0408	1681389996.684
8	436.5	18.0773	1681389997.188
8	437.0	18.1085	1681389997.691
8	437.5	18.1414	1681389998.195
8	438.0	18.1340	1681389998.688
8	438.5	18.1247	1681389999.191
8	439.0	18.1721	1681389999.684
8	439.5	18.2148	1681390000.187
8	440.0	18.2436	1681390000.691
8	440.5	18.2765	1681390001.195
8	441.0	18.3073	1681390001.687
8	441.5	18.3185	1681390002.191
8	442.0	18.3504	1681390002.684
8	442.5	18.3996	1681390003.187
8	443.0	18.4106	1681390003.691
8	443.5	18.4421	1681390004.195
8	444.0	18.4657	1681390004.687
8	444.5	18.4814	1681390005.191
8	445.0	18.5031	1681390005.695
8	445.5	18.5293	1681390006.187
8	446.0	18.5672	1681390006.691
8	446.5	18.5824	1681390007.195
8	447.0	18.6004	1681390007.687
8	447.5	18.6083	1681390008.191
8	448.0	18.7141	1681390008.695
8	448.5	18.8425	1681390009.187
8	449.0	18.9455	1681390009.691
8	449.5	18.9344	1681390010.195
8	450.0	18.8050	1681390010.687
8	450.5	18.6804	1681390011.191
8	451.0	18.6464	1681390011.695
8	451.5	18.6612	1681390012.187
8	452.0	18.6783	1681390012.691
8	452.5	18.6092	1681390013.195
8	453.0	18.5054	1681390013.687
8	453.5	18.4693	1681390014.191
8	454.0	18.5409	1681390014.695
8	454.5	18.6322	1681390015.187
8	455.0	18.5079	1681390015.691
8	455.5	18.3554	1681390016.195
8	456.0	18.2007	1681390016.687
8	456.5	18.0804	1681390017.191
8	457.0	18.0411	1681390017.695
8	457.5	18.0282	1681390018.187
8	458.0	17.9932	1681390018.691
8	458.5	17.9395	1681390019.195
8	459.0	17.8882	1681390019.687
8	459.5	17.8260	1681390020.191
8	460.0	17.7896	1681390020.694
8	460.5	17.8224	1681390021.187
8	461.0	17.8767	1681390021.691
8	461.5	17.9383	1681390022.194
8	462.0	17.9847	1681390022.687
8	462.5	18.0532	1681390023.190
8	463.0	18.1200	1681390023.694
8	463.5	18.1813	1681390024.187
8	464.0	18.2666	1681390024.690
8	464.5	18.3102	1681390025.194
8	465.0	18.3564	1681390025.686
8	465.5	18.4057	1681390026.190
8	466.0	18.4581	1681390026.694
8	466.5	18.4326	1681390027.186
8	467.0	18.4027	1681390027.690
8	467.5	18.4509	1681390028.194
8	468.0	18.4952	1681390028.686
8	468.5	18.5218	1681390029.190
8	469.0	18.4968	1681390029.694
8	469.5	18.4638	1681390030.186
8	470.0	18.4137	1681390030.690
8	470.5	18.3609	1681390031.194
8	471.0	18.3324	1681390031.686
8	471.5	18.2970	1681390032.190
8	472.0	18.2868	1681390032.694
8	472.5	18.2345	1681390033.186
8	473.0	18.2240	1681390033.690
8	473.5	18.2135	1681390034.194
8	474.0	18.2467	1681390034.686
8	474.5	18.2975	1681390035.190
8	475.0	18.3540	1681390035.694
8	475.5	18.3839	1681390036.186
8	476.0	18.4162	1681390036.690
8	476.5	18.3991	1681390037.194
8	477.0	18.3905	1681390037.686
8	477.5	18.3628	1681390038.190
8	478.0	18.3942	1681390038.694
8	478.5	18.4403	1681390039.186
8	479.0	18.5081	1681390039.690
8	479.5	18.5604	1681390040.194
8	480.0	18.5812	1681390040.686
8	480.5	18.6030	1681390041.190
8	481.0	18.5782	1681390041.694
8	481.5	18.5456	1681390042.186
8	482.0	18.5159	1681390042.690
8	482.5	18.5403	1681390043.194
8	483.0	18.5317	1681390043.686
8	483.5	18.5739	1681390044.190
8	484.0	18.6283	1681390044.694
8	484.5	18.6720	1681390045.186
8	485.0	18.7330	1681390045.690
8	485.5	18.7650	1681390046.194
8	486.0	18.7174	1681390046.686
8	486.5	18.6037	1681390047.190
8	487.0	18.5714	1681390047.693
8	487.5	18.6015	1681390048.186
8	488.0	18.6662	1681390048.689
8	488.5	18.7377	1681390049.193
8	489.0	18.7913	1681390049.686
8	489.5	18.8379	1681390050.189
8	490.0	18.8316	1681390050.693
8	490.5	18.8225	1681390051.185
8	491.0	18.7942	1681390051.689
8	491.5	18.7815	1681390052.193
8	492.0	18.7316	1681390052.685
8	492.5	18.7500	1681390053.189
8	493.0	18.7922	1681390053.693
8	493.5	18.7824	1681390054.185
8	494.0	18.8321	1681390054.689
8	494.5	18.8421	1681390055.193
8	495.0	18.7570	1681390055.685
8	495.5	18.7811	1681390056.189
8	496.0	18.7443	1681390056.693
8	496.5	18.6359	1681390057.185
8	497.0	18.6084	1681390057.689
8	497.5	18.5691	1681390058.193
8	498.0	18.5582	1681390058.685
8	498.5	18.4935	1681390059.189
8	499.0	18.4393	1681390059.693
8	499.5	18.3250	1681390060.185
8	500.0	18.2475	1681390060.689
8	500.5	18.1773	1681390061.193
8	501.0	18.1157	1681390061.685
8	501.5	18.0816	1681390062.189
8	502.0	18.0731	1681390062.693
8	502.5	18.1272	1681390063.185
8	503.0	18.1389	1681390063.689
8	503.5	18.1420	1681390064.193
8	504.0	18.0640	1681390064.685
8	504.5	17.9864	1681390065.189
8	505.0	17.9781	1681390065.693
8	505.5	17.9494	1681390066.185
8	506.0	17.9041	1681390066.689
8	506.5	17.8539	1681390067.193
8	507.0	17.8158	1681390067.685
8	507.5	17.7642	1681390068.189
8	508.0	17.7448	1681390068.693
8	508.5	17.8013	1681390069.185
8	509.0	17.8448	1681390069.689
8	509.5	17.9669	1681390070.193
8	510.0	17.9796	1681390070.685
8	510.5	17.9735	1681390071.189
8	511.0	18.0518	1681390071.693
8	511.5	18.1472	1681390072.185
8	512.0	18.1708	1681390072.689
8	512.5	18.0993	1681390073.193
8	513.0	18.0613	1681390073.685
8	513.5	18.0701	1681390074.189
8	514.0	18.0874	1681390074.692
8	514.5	18.0610	1681390075.185
8	515.0	18.0574	1681390075.689
8	515.5	18.0971	1681390076.192
8	516.0	18.1591	1681390076.685
8	516.5	18.1852	1681390077.188
8	517.0	18.1236	1681390077.692
8	517.5	18.0879	1681390078.184
8	518.0	18.0798	1681390078.688
8	518.5	17.9950	1681390079.192
8	519.0	17.9207	1681390079.684
8	519.5	17.8993	1681390080.188
8	520.0	17.8739	1681390080.692
8	520.5	17.8185	1681390081.184
8	521.0	17.7770	1681390081.688
8	521.5	17.8262	1681390082.192
8	522.0	17.8457	1681390082.684
8	522.5	17.8591	1681390083.188
8	523.0	17.8701	1681390083.692
8	523.5	17.8384	1681390084.184
8	524.0	17.8400	1681390084.688
8	524.5	17.9026	1681390085.192
8	525.0	17.9879	1681390085.685
8	525.5	17.9346	1681390086.188
8	526.0	17.8913	1681390086.692
8	526.5	17.9805	1681390087.196
8	527.0	17.9592	1681390087.688
8	527.5	17.8959	1681390088.192
8	528.0	17.8769	1681390088.684
8	528.5	17.8661	1681390089.188
8	529.0	17.8365	1681390089.692
8	529.5	17.9034	1681390090.196
8	530.0	17.9953	1681390090.688
8	530.5	18.0385	1681390091.192
8	531.0	18.0667	1681390091.684
8	531.5	18.0035	1681390092.188
8	532.0	17.9459	1681390092.692
8	532.5	17.8710	1681390093.196
8	533.0	17.8265	1681390093.688
8	533.5	17.8496	1681390094.192
8	534.0	17.9494	1681390094.684
8	534.5	17.9772	1681390095.188
8	535.0	17.9168	1681390095.692
8	535.5	17.9134	1681390096.196
8	536.0	17.9484	1681390096.688
8	536.5	17.9681	1681390097.192
8	537.0	18.0152	1681390097.684
8	537.5	18.0177	1681390098.188
8	538.0	17.9975	1681390098.692
8	538.5	18.0708	1681390099.195
8	539.0	18.1498	1681390099.688
8	539.5	18.2019	1681390100.192
8	540.0	18.2767	1681390100.695
8	540.5	18.2347	1681390101.188
8	541.0	18.2919	1681390101.691
8	541.5	18.3506	1681390102.195
8	542.0	18.2847	1681390102.688
8	542.5	18.2260	1681390103.191
8	543.0	18.1419	1681390103.683
8	543.5	18.1060	1681390104.187
8	544.0	18.1952	1681390104.691
8	544.5	18.2397	1681390105.195
8	545.0	18.3066	1681390105.687
8	545.5	18.3820	1681390106.192
8	546.0	18.4276	1681390106.696
8	546.5	18.4942	1681390107.187
8	547.0	18.4873	1681390107.691
8	547.5	18.3571	1681390108.195
8	548.0	18.2831	1681390108.687
8	548.5	18.2379	1681390109.191
8	549.0	18.2009	1681390109.695
8	549.5	18.1532	1681390110.187
8	550.0	18.1175	1681390110.691
8	550.5	18.0957	1681390111.195
8	551.0	18.1741	1681390111.687
8	551.5	18.1597	1681390112.191
8	552.0	18.1140	1681390112.695
8	552.5	18.0691	1681390113.187
8	553.0	18.1279	1681390113.691
8	553.5	18.1926	1681390114.195
8	554.0	18.1307	1681390114.687
8	554.5	18.0379	1681390115.191
8	555.0	18.0137	1681390115.695
8	555.5	17.9361	1681390116.187
8	556.0	17.8746	1681390116.691
8	556.5	17.8364	1681390117.195
8	557.0	17.8220	1681390117.687
8	557.5	17.7834	1681390118.191
8	558.0	17.7941	1681390118.695
8	558.5	17.8728	1681390119.187
8	559.0	17.8306	1681390119.691
8	559.5	17.7964	1681390120.195
8	560.0	17.8030	1681390120.687
8	560.5	17.8461	1681390121.191
8	561.0	17.7936	1681390121.695
8	561.5	17.8024	1681390122.187
8	562.0	17.9053	1681390122.691
8	562.5	17.9811	1681390123.195
8	563.0	18.1079	1681390123.687
8	563.5	18.1380	1681390124.191
8	564.0	18.0899	1681390124.694
8	564.5	17.9803	1681390125.187
8	565.0	17.9041	1681390125.691
8	565.5	17.8356	1681390126.194
8	566.0	17.8147	1681390126.687
8	566.5	17.8250	1681390127.191
8	567.0	17.8573	1681390127.694
8	567.5	17.8176	1681390128.187
8	568.0	17.8030	1681390128.690
8	568.5	17.8681	1681390129.194
8	569.0	17.8519	1681390129.686
8	569.5	17.9079	1681390130.190
8	570.0	17.9532	1681390130.694
8	570.5	17.8368	1681390131.186
8	571.0	17.8149	1681390131.690
8	571.5	17.8028	1681390132.194
8	572.0	17.6270	1681390132.687
8	572.5	17.4850	1681390133.190
8	573.0	17.4141	1681390133.694
8	573.5	17.3341	1681390134.186
8	574.0	17.2937	1681390134.690
8	574.5	17.2929	1681390135.194
8	575.0	17.2909	1681390135.686
8	575.5	17.2658	1681390136.190
8	576.0	17.2511	1681390136.694
8	576.5	17.2415	1681390137.186
8	577.0	17.1493	1681390137.690
8	577.5	17.1846	1681390138.194
8	578.0	17.2095	1681390138.686
8	578.5	17.1910	1681390139.190
8	579.0	17.2683	1681390139.694
8	579.5	17.3127	1681390140.186
8	580.0	17.3229	1681390140.690
8	580.5	17.2942	1681390141.194
8	581.0	17.2424	1681390141.686
8	581.5	17.2274	1681390142.190
8	582.0	17.1816	1681390142.694
8	582.5	17.1937	1681390143.186
8	583.0	17.1914	1681390143.690
8	583.5	17.2061	1681390144.194
8	584.0	17.2619	1681390144.686
8	584.5	17.2702	1681390145.190
8	585.0	17.3347	1681390145.694
8	585.5	17.3284	1681390146.186
8	586.0	17.3529	1681390146.690
8	586.5	17.3596	1681390147.194
8	587.0	17.3655	1681390147.686
8	587.5	17.3474	1681390148.190
8	588.0	17.2751	1681390148.694
8	588.5	17.3522	1681390149.186
8	589.0	17.2505	1681390149.690
8	589.5	17.1809	1681390150.194
8	590.0	17.1449	1681390150.686
8	590.5	17.1815	1681390151.190
8	591.0	17.1573	1681390151.693
8	591.5	17.1531	1681390152.186
8	592.0	17.1822	1681390152.690
8	592.5	17.2550	1681390153.194
8	593.0	17.3373	1681390153.686
8	593.5	17.3283	1681390154.189
8	594.0	17.3704	1681390154.693
8	594.5	17.4828	1681390155.186
8	595.0	17.3904	1681390155.690
8	595.5	17.3699	1681390156.193
8	596.0	17.3603	1681390156.685
8	596.5	17.3287	1681390157.189
8	597.0	17.3205	1681390157.693
8	597.5	17.2749	1681390158.185
8	598.0	17.2526	1681390158.689
8	598.5	17.3326	1681390159.193
8	599.0	17.3129	1681390159.685
8	599.5	17.2743	1681390160.189
8	600.0	17.2488	1681390160.693
8	600.5	17.2250	1681390161.185
8	601.0	17.1823	1681390161.689
8	601.5	17.2280	1681390162.193
8	602.0	17.1952	1681390162.685
8	602.5	17.1846	1681390163.189
8	603.0	17.2452	1681390163.693
8	603.5	17.2518	1681390164.185
8	604.0	17.3126	1681390164.689
8	604.5	17.3522	1681390165.194
8	605.0	17.3274	1681390165.685
8	605.5	17.3631	1681390166.189
8	606.0	17.3619	1681390166.693
8	606.5	17.2707	1681390167.185
8	607.0	17.2840	1681390167.689
8	607.5	17.3454	1681390168.193
8	608.0	17.3261	1681390168.685
8	608.5	17.3996	1681390169.189
8	609.0	17.4386	1681390169.693
8	609.5	17.3771	1681390170.185
8	610.0	17.2779	1681390170.689
8	610.5	17.3006	1681390171.193
8	611.0	17.2464	1681390171.685
8	611.5	17.2917	1681390172.189
8	612.0	17.4176	1681390172.693
8	612.5	17.3352	1681390173.185
8	613.0	17.3855	1681390173.689
8	613.5	17.4449	1681390174.193
8	614.0	17.3985	1681390174.685
8	614.5	17.4599	1681390175.189
8	615.0	17.5248	1681390175.693
8	615.5	17.4515	1681390176.185
8	616.0	17.4054	1681390176.689
8	616.5	17.3793	1681390177.193
8	617.0	17.4062	1681390177.685
8	617.5	17.4366	1681390178.189
8	618.0	17.4227	1681390178.693
8	618.5	17.4924	1681390179.185
8	619.0	17.4397	1681390179.689
8	619.5	17.4101	1681390180.192
8	620.0	17.5084	1681390180.685
8	620.5	17.5534	1681390181.188
8	621.0	17.6100	1681390181.692
8	621.5	17.5500	1681390182.185
8	622.0	17.4838	1681390182.688
8	622.5	17.4924	1681390183.192
8	623.0	17.4753	1681390183.684
8	623.5	17.5026	1681390184.188
8	624.0	17.5678	1681390184.693
8	624.5	17.4535	1681390185.184
8	625.0	17.4536	1681390185.688
8	625.5	17.4048	1681390186.192
8	626.0	17.4156	1681390186.684
8	626.5	17.3733	1681390187.188
8	627.0	17.2913	1681390187.692
8	627.5	17.2560	1681390188.196
8	628.0	17.2465	1681390188.688
8	628.5	17.2274	1681390189.192
8	629.0	17.2156	1681390189.684
8	629.5	17.2681	1681390190.188
8	630.0	17.2625	1681390190.692
8	630.5	17.2147	1681390191.196
8	631.0	17.2296	1681390191.689
8	631.5	17.2309	1681390192.192
8	632.0	17.2451	1681390192.684
8	632.5	17.3209	1681390193.188
8	633.0	17.3042	1681390193.692
8	633.5	17.3435	1681390194.196
8	634.0	17.3325	1681390194.688
8	634.5	17.3841	1681390195.192
8	635.0	17.4132	1681390195.684
8	635.5	17.4402	1681390196.188
8	636.0	17.4240	1681390196.692
8	636.5	17.4220	1681390197.196
8	637.0	17.3872	1681390197.688
8	637.5	17.4438	1681390198.192
8	638.0	17.4945	1681390198.684
8	638.5	17.5423	1681390199.188
8	639.0	17.6619	1681390199.692
8	639.5	17.8016	1681390200.196
8	640.0	17.8863	1681390200.688
8	640.5	17.9126	1681390201.192
8	641.0	17.9824	1681390201.684
8	641.5	18.0644	1681390202.188
8	642.0	18.1631	1681390202.692
8	642.5	18.0831	1681390203.195
8	643.0	18.1018	1681390203.688
8	643.5	18.2057	1681390204.192
8	644.0	18.3154	1681390204.684
8	644.5	18.3910	1681390205.188
8	645.0	18.4009	1681390205.691
8	645.5	18.4413	1681390206.195
8	646.0	18.4180	1681390206.688
8	646.5	18.4091	1681390207.192
8	647.0	18.4098	1681390207.695
8	647.5	18.4116	1681390208.187
8	648.0	18.3600	1681390208.691
8	648.5	18.4951	1681390209.196
8	649.0	18.4651	1681390209.687
8	649.5	18.4693	1681390210.191
8	650.0	18.4183	1681390210.695
8	650.5	18.3255	1681390211.188
8	651.0	18.1957	1681390211.691
8	651.5	18.2224	1681390212.195
8	652.0	18.3207	1681390212.688
8	652.5	18.3545	1681390213.191
8	653.0	18.3654	1681390213.695
8	653.5	18.3403	1681390214.187
8	654.0	18.3623	1681390214.691
8	654.5	18.4616	1681390215.195
8	655.0	18.4870	1681390215.687
8	655.5	18.5025	1681390216.191
8	656.0	18.5552	1681390216.695
8	656.5	18.5475	1681390217.187
8	657.0	18.4115	1681390217.691
8	657.5	18.4614	1681390218.195
8	658.0	18.5054	1681390218.687
8	658.5	18.3945	1681390219.191
8	659.0	18.2657	1681390219.695
8	659.5	18.1418	1681390220.187
8	660.0	18.0772	1681390220.691
8	660.5	18.0519	1681390221.195
8	661.0	18.0019	1681390221.687
8	661.5	17.9306	1681390222.191
8	662.0	17.8699	1681390222.695
8	662.5	17.9006	1681390223.187
8	663.0	17.9706	1681390223.691
8	663.5	17.9477	1681390224.195
8	664.0	17.8892	1681390224.687
8	664.5	17.8635	1681390225.191
8	665.0	17.8526	1681390225.695
8	665.5	17.7584	1681390226.187
8	666.0	17.7435	1681390226.691
8	666.5	17.8020	1681390227.195
8	667.0	17.8473	1681390227.687
8	667.5	17.7595	1681390228.191
8	668.0	17.7627	1681390228.695
8	668.5	17.7723	1681390229.187
8	669.0	17.7436	1681390229.691
8	669.5	17.7222	1681390230.194
8	670.0	17.7016	1681390230.687
8	670.5	17.6738	1681390231.190
8	671.0	17.6221	1681390231.694
8	671.5	17.5901	1681390232.186
8	672.0	17.5644	1681390232.690
8	672.5	17.5484	1681390233.194
8	673.0	17.6483	1681390233.687
8	673.5	17.6753	1681390234.190
8	674.0	17.6763	1681390234.694
8	674.5	17.6145	1681390235.187
8	675.0	17.5358	1681390235.690
8	675.5	17.5308	1681390236.194
8	676.0	17.5977	1681390236.686
8	676.5	17.6499	1681390237.190
8	677.0	17.6443	1681390237.694
8	677.5	17.5697	1681390238.186
8	678.0	17.5716	1681390238.690
8	678.5	17.6761	1681390239.194
8	679.0	17.7231	1681390239.686
8	679.5	17.7675	1681390240.190
8	680.0	17.6992	1681390240.695
8	680.5	17.6846	1681390241.186
8	681.0	17.7105	1681390241.690
8	681.5	17.7222	1681390242.194
8	682.0	17.7015	1681390242.686
8	682.5	17.6932	1681390243.190
8	683.0	17.6205	1681390243.694
8	683.5	17.6051	1681390244.186
8	684.0	17.6622	1681390244.690
8	684.5	17.6108	1681390245.194
8	685.0	17.5881	1681390245.686
8	685.5	17.5769	1681390246.190
8	686.0	17.6065	1681390246.694
8	686.5	17.6462	1681390247.187
8	687.0	17.6422	1681390247.690
8	687.5	17.7029	1681390248.194
8	688.0	17.6611	1681390248.686
8	688.5	17.6581	1681390249.190
8	689.0	17.6536	1681390249.694
8	689.5	17.6478	1681390250.186
8	690.0	17.6384	1681390250.690
8	690.5	17.5967	1681390251.194
8	691.0	17.5914	1681390251.686
8	691.5	17.5627	1681390252.190
8	692.0	17.5672	1681390252.694
8	692.5	17.5844	1681390253.186
8	693.0	17.6189	1681390253.690
8	693.5	17.6079	1681390254.194
8	694.0	17.6211	1681390254.686
8	694.5	17.6128	1681390255.190
8	695.0	17.6916	1681390255.694
8	695.5	17.7631	1681390256.186
8	696.0	17.8223	1681390256.690
8	696.5	17.8017	1681390257.193
8	697.0	17.7785	1681390257.686
8	697.5	17.6987	1681390258.190
8	698.0	17.6593	1681390258.693
8	698.5	17.6678	1681390259.185
8	699.0	17.6718	1681390259.689
8	699.5	17.7301	1681390260.193
8	700.0	17.7615	1681390260.685
8	700.5	17.7425	1681390261.189
8	701.0	17.7138	1681390261.693
8	701.5	17.7352	1681390262.185
8	702.0	17.7677	1681390262.689
8	702.5	17.8306	1681390263.193
8	703.0	17.8794	1681390263.685
8	703.5	17.8901	1681390264.189
8	704.0	17.8964	1681390264.693
8	704.5	17.8701	1681390265.185
8	705.0	17.8259	1681390265.689
8	705.5	17.7641	1681390266.193
8	706.0	17.7526	1681390266.685
8	706.5	17.7289	1681390267.189
8	707.0	17.7659	1681390267.693
8	707.5	17.7609	1681390268.185
8	708.0	17.7596	1681390268.689
8	708.5	17.7027	1681390269.193
8	709.0	17.7283	1681390269.685
8	709.5	17.6794	1681390270.189
8	710.0	17.6015	1681390270.693
8	710.5	17.6118	1681390271.185
8	711.0	17.7129	1681390271.689
8	711.5	17.7293	1681390272.193
8	712.0	17.7361	1681390272.685
8	712.5	18.0695	1681390273.189
8	713.0	17.7462	1681390273.693
8	713.5	17.3488	1681390274.186
8	714.0	17.1573	1681390274.689
8	714.5	17.1124	1681390275.193
8	715.0	17.2034	1681390275.686
8	715.5	17.1718	1681390276.189
8	716.0	17.0426	1681390276.693
8	716.5	17.0541	1681390277.185
8	717.0	17.0356	1681390277.689
8	717.5	16.9630	1681390278.193
8	718.0	16.8758	1681390278.685
8	718.5	16.8400	1681390279.189
8	719.0	16.8819	1681390279.693
8	719.5	16.8974	1681390280.185
8	720.0	16.8418	1681390280.689
8	720.5	16.8070	1681390281.193
8	721.0	16.8534	1681390281.685
8	721.5	16.8774	1681390282.189
8	722.0	16.9445	1681390282.692
8	722.5	16.9807	1681390283.185
8	723.0	16.9559	1681390283.689
8	723.5	16.9672	1681390284.192
8	724.0	16.9713	1681390284.685
8	724.5	16.9778	1681390285.188
8	725.0	16.9914	1681390285.692
8	725.5	16.9351	1681390286.185
8	726.0	16.9037	1681390286.688
8	726.5	16.9328	1681390287.192
8	727.0	16.9368	1681390287.684
8	727.5	17.0069	1681390288.188
8	728.0	17.0112	1681390288.692
8	728.5	17.0652	1681390289.196
8	729.0	17.0955	1681390289.688
8	729.5	17.0659	1681390290.192
8	730.0	17.0354	1681390290.684
8	730.5	17.0102	1681390291.188
8	731.0	17.0207	1681390291.692
8	731.5	17.0258	1681390292.196
8	732.0	16.9482	1681390292.688
8	732.5	16.9500	1681390293.192
8	733.0	16.9689	1681390293.684
8	733.5	17.0098	1681390294.188
8	734.0	16.9962	1681390294.692
8	734.5	16.9599	1681390295.196
8	735.0	16.9233	1681390295.688
8	735.5	16.9297	1681390296.192
8	736.0	17.0371	1681390296.684
8	736.5	17.0787	1681390297.188
8	737.0	16.9892	1681390297.692
8	737.5	17.0141	1681390298.196
8	738.0	17.0936	1681390298.688
8	738.5	17.1337	1681390299.192
8	739.0	17.1809	1681390299.684
8	739.5	17.1481	1681390300.188
8	740.0	17.1438	1681390300.692
8	740.5	17.1694	1681390301.196
8	741.0	17.1592	1681390301.688
8	741.5	17.0582	1681390302.192
8	742.0	17.0820	1681390302.696
8	742.5	17.1613	1681390303.188
8	743.0	17.1808	1681390303.692
8	743.5	17.1088	1681390304.196
8	744.0	17.0829	1681390304.688
8	744.5	17.0812	1681390305.192
8	745.0	17.1197	1681390305.684
8	745.5	17.1763	1681390306.188
8	746.0	17.1104	1681390306.692
8	746.5	17.0887	1681390307.196
8	747.0	17.0945	1681390307.688
8	747.5	17.1183	1681390308.192
8	748.0	17.1476	1681390308.684
8	748.5	17.2045	1681390309.188
8	749.0	17.1641	1681390309.691
8	749.5	17.0801	1681390310.195
8	750.0	17.0611	1681390310.688
8	750.5	17.0546	1681390311.191
8	751.0	17.0990	1681390311.695
8	751.5	17.0972	1681390312.187
8	752.0	17.1076	1681390312.691
8	752.5	17.1116	1681390313.195
8	753.0	17.0932	1681390313.687
8	753.5	17.0720	1681390314.191
8	754.0	17.1059	1681390314.695
8	754.5	17.0643	1681390315.187
8	755.0	17.0580	1681390315.691
8	755.5	17.0909	1681390316.195
8	756.0	17.0645	1681390316.687
8	756.5	17.0839	1681390317.191
8	757.0	17.2000	1681390317.695
8	757.5	17.2904	1681390318.187
8	758.0	17.3334	1681390318.691
8	758.5	17.3584	1681390319.195
8	759.0	17.3231	1681390319.687
8	759.5	17.2984	1681390320.191
8	760.0	17.3009	1681390320.695
8	760.5	17.2949	1681390321.187
8	761.0	17.3271	1681390321.691
8	761.5	17.3992	1681390322.195
8	762.0	17.3524	1681390322.687
8	762.5	17.3090	1681390323.191
8	763.0	17.3175	1681390323.695
8	763.5	18.0197	1681390324.187
8	764.0	17.7750	1681390324.691
8	764.5	17.6035	1681390325.195
8	765.0	17.4838	1681390325.687
8	765.5	17.4603	1681390326.191
8	766.0	17.2982	1681390326.695
8	766.5	17.1203	1681390327.187
8	767.0	17.0862	1681390327.691
8	767.5	17.0717	1681390328.195
8	768.0	17.0659	1681390328.687
8	768.5	17.0386	1681390329.191
8	769.0	17.0470	1681390329.695
8	769.5	16.9772	1681390330.187
8	770.0	16.8788	1681390330.691
8	770.5	16.8714	1681390331.195
8	771.0	16.8250	1681390331.687
8	771.5	16.7653	1681390332.191
8	772.0	16.7631	1681390332.695
8	772.5	16.8694	1681390333.187
8	773.0	16.9304	1681390333.691
8	773.5	16.9982	1681390334.195
8	774.0	16.9278	1681390334.687
8	774.5	16.9056	1681390335.191
8	775.0	16.9204	1681390335.694
8	775.5	16.9385	1681390336.187
8	776.0	16.9505	1681390336.690
8	776.5	16.9808	1681390337.194
8	777.0	16.9301	1681390337.687
8	777.5	16.9304	1681390338.190
8	778.0	16.8681	1681390338.694
8	778.5	16.8947	1681390339.186
8	779.0	16.9844	1681390339.690
8	779.5	17.0090	1681390340.194
8	780.0	16.9883	1681390340.686
8	780.5	16.9709	1681390341.190
8	781.0	16.8852	1681390341.694
8	781.5	16.8533	1681390342.186
8	782.0	16.8353	1681390342.690
8	782.5	16.8208	1681390343.194
8	783.0	16.7773	1681390343.686
8	783.5	16.7054	1681390344.190
8	784.0	16.6901	1681390344.694
8	784.5	16.7322	1681390345.186
8	785.0	16.8372	1681390345.690
8	785.5	16.9178	1681390346.194
8	786.0	16.9042	1681390346.686
8	786.5	16.9385	1681390347.190
8	787.0	16.8945	1681390347.694
8	787.5	16.8599	1681390348.186
8	788.0	16.8049	1681390348.690
8	788.5	16.8389	1681390349.194
8	789.0	16.9285	1681390349.686
8	789.5	17.7276	1681390350.190
8	790.0	17.4742	1681390350.694
8	790.5	17.2742	1681390351.186
8	791.0	17.1350	1681390351.690
8	791.5	17.1254	1681390352.194
8	792.0	17.1601	1681390352.687
8	792.5	17.1899	1681390353.190
8	793.0	17.0994	1681390353.694
8	793.5	17.0354	1681390354.186
8	794.0	16.9899	1681390354.690
8	794.5	16.8959	1681390355.194
8	795.0	16.8413	1681390355.686
8	795.5	16.8320	1681390356.190
8	796.0	16.8795	1681390356.694
8	796.5	16.9091	1681390357.186
8	797.0	16.8014	1681390357.690
8	797.5	16.8153	1681390358.194
8	798.0	16.7741	1681390358.686
8	798.5	16.7271	1681390359.190
8	799.0	16.7356	1681390359.694
8	799.5	16.7703	1681390360.186
8	800.0	16.7586	1681390360.690
8	800.5	16.7655	1681390361.193
8	801.0	16.7968	1681390361.686
8	801.5	16.8419	1681390362.190
8	802.0	16.8391	1681390362.694
8	802.5	16.8267	1681390363.186
8	803.0	16.8636	1681390363.689
8	803.5	16.8926	1681390364.193
8	804.0	16.8904	1681390364.686
8	804.5	16.9105	1681390365.189
8	805.0	17.0054	1681390365.693
8	805.5	17.0812	1681390366.185
8	806.0	17.1528	1681390366.689
8	806.5	17.2283	1681390367.193
8	807.0	17.1777	1681390367.686
8	807.5	17.0885	1681390368.189
8	808.0	17.0287	1681390368.693
8	808.5	17.0246	1681390369.185
8	809.0	17.0699	1681390369.689
8	809.5	17.0745	1681390370.193
8	810.0	17.0681	1681390370.685
8	810.5	17.1014	1681390371.189
8	811.0	17.1958	1681390371.693
8	811.5	17.2493	1681390372.185
8	812.0	17.3008	1681390372.689
8	812.5	17.3419	1681390373.193
8	813.0	17.3098	1681390373.685
8	813.5	17.3238	1681390374.189
8	814.0	17.3092	1681390374.693
8	814.5	17.3001	1681390375.185
8	815.0	17.2919	1681390375.689
8	815.5	17.2701	1681390376.193
8	816.0	17.2693	1681390376.685
8	816.5	17.2608	1681390377.189
8	817.0	17.2671	1681390377.693
8	817.5	17.2575	1681390378.185
8	818.0	17.2689	1681390378.689
8	818.5	17.2977	1681390379.193
8	819.0	17.3504	1681390379.685
8	819.5	17.3561	1681390380.189
8	820.0	17.4057	1681390380.693
8	820.5	17.4544	1681390381.185
8	821.0	17.5053	1681390381.689
8	821.5	17.5635	1681390382.193
8	822.0	17.6135	1681390382.685
8	822.5	17.6194	1681390383.189
8	823.0	17.6830	1681390383.693
8	823.5	17.6725	1681390384.185
8	824.0	17.6506	1681390384.689
8	824.5	17.6681	1681390385.193
8	825.0	17.7132	1681390385.685
8	825.5	17.7295	1681390386.189
8	826.0	17.7487	1681390386.693
8	826.5	17.6908	1681390387.185
8	827.0	17.6095	1681390387.689
8	827.5	17.6400	1681390388.193
8	828.0	17.7319	1681390388.685
8	828.5	17.7206	1681390389.189
8	829.0	17.7225	1681390389.692
8	829.5	17.7163	1681390390.185
8	830.0	17.7294	1681390390.688
8	830.5	17.7510	1681390391.192
8	831.0	17.7928	1681390391.684
8	831.5	17.8408	1681390392.189
8	832.0	17.8118	1681390392.692
8	832.5	17.7663	1681390393.185
8	833.0	17.7401	1681390393.688
8	833.5	17.7596	1681390394.192
8	834.0	17.7771	1681390394.685
8	834.5	17.7540	1681390395.188
8	835.0	17.7458	1681390395.692
8	835.5	17.7730	1681390396.196
8	836.0	17.8383	1681390396.688
8	836.5	17.8568	1681390397.192
8	837.0	17.8153	1681390397.684
8	837.5	17.8014	1681390398.188
8	838.0	17.8064	1681390398.692
8	838.5	17.7654	1681390399.196
8	839.0	17.6961	1681390399.688
8	839.5	17.6810	1681390400.192
8	840.0	18.0935	1681390400.696
8	840.5	18.0987	1681390401.188
8	841.0	18.1030	1681390401.692
8	841.5	18.0809	1681390402.196
8	842.0	18.0396	1681390402.688
8	842.5	18.0299	1681390403.192
8	843.0	18.0260	1681390403.684
8	843.5	18.0019	1681390404.188
8	844.0	17.9896	1681390404.692
8	844.5	17.9862	1681390405.196
8	845.0	17.9831	1681390405.688
8	845.5	17.9792	1681390406.192
8	846.0	17.9783	1681390406.684
8	846.5	17.9721	1681390407.188
8	847.0	17.9730	1681390407.692
8	847.5	17.9721	1681390408.196
8	848.0	17.9743	1681390408.688
8	848.5	17.9705	1681390409.192
8	849.0	17.9644	1681390409.684
8	849.5	17.9624	1681390410.188
8	850.0	17.9629	1681390410.692
8	850.5	17.9591	1681390411.196
8	851.0	17.9556	1681390411.688
8	851.5	17.9542	1681390412.192
8	852.0	17.9508	1681390412.695
8	852.5	17.9470	1681390413.188
8	853.0	17.9490	1681390413.692
8	853.5	17.9511	1681390414.195
8	854.0	17.9500	1681390414.688
8	854.5	17.9481	1681390415.191
8	855.0	17.9497	1681390415.695
8	855.5	17.9483	1681390416.188
8	856.0	17.9460	1681390416.691
8	856.5	17.9408	1681390417.195
8	857.0	17.9445	1681390417.687
8	857.5	17.9427	1681390418.191
8	858.0	17.9412	1681390418.695
8	858.5	17.9377	1681390419.187
8	859.0	17.9383	1681390419.691
8	859.5	17.9397	1681390420.195
8	860.0	17.9388	1681390420.687
8	860.5	17.9385	1681390421.191
8	861.0	17.9376	1681390421.695
8	861.5	17.9379	1681390422.187
8	862.0	17.9380	1681390422.691
8	862.5	17.9376	1681390423.195
8	863.0	17.9386	1681390423.687
8	863.5	17.9378	1681390424.191
8	864.0	17.9384	1681390424.695
8	864.5	17.9401	1681390425.187
8	865.0	17.9387	1681390425.691
8	865.5	17.9391	1681390426.195
8	866.0	17.9379	1681390426.687
8	866.5	17.9378	1681390427.191
8	867.0	17.9404	1681390427.695
8	867.5	17.9376	1681390428.187
8	868.0	17.9368	1681390428.691
8	868.5	17.9391	1681390429.195
8	869.0	17.9374	1681390429.687
8	869.5	17.9377	1681390430.191
8	870.0	17.9375	1681390430.695
8	870.5	17.9388	1681390431.187
8	871.0	17.9386	1681390431.691
8	871.5	17.9382	1681390432.195
8	872.0	17.9400	1681390432.687
8	872.5	17.9389	1681390433.191
8	873.0	17.9388	1681390433.695
8	873.5	17.9381	1681390434.187
8	874.0	17.9364	1681390434.691
8	874.5	17.9399	1681390435.195
8	875.0	17.9386	1681390435.687
8	875.5	17.9366	1681390436.191
8	876.0	17.9380	1681390436.695
8	876.5	17.9386	1681390437.187
8	877.0	17.9386	1681390437.691
8	877.5	17.9385	1681390438.195
8	878.0	17.9385	1681390438.687
8	878.5	17.9377	1681390439.191
8	879.0	17.9387	1681390439.695
8	879.5	17.9370	1681390440.187
8	880.0	17.9379	1681390440.690
8	880.5	17.9398	1681390441.194
8	881.0	17.9383	1681390441.686
8	881.5	17.9395	1681390442.190
8	882.0	17.9373	1681390442.694
8	882.5	17.9389	1681390443.187
8	883.0	17.9382	1681390443.690
8	883.5	17.9384	1681390444.194
8	884.0	17.9386	1681390444.687
8	884.5	17.9393	1681390445.190
8	885.0	17.9376	1681390445.694
8	885.5	17.9368	1681390446.187
8	886.0	17.9388	1681390446.690
8	886.5	17.9384	1681390447.194
8	887.0	17.9381	1681390447.686
8	887.5	17.9418	1681390448.190
8	888.0	17.9392	1681390448.694
8	888.5	17.9391	1681390449.186
8	889.0	17.9422	1681390449.690
8	889.5	17.9400	1681390450.194
8	890.0	17.9409	1681390450.686
8	890.5	17.9391	1681390451.190
8	891.0	17.9380	1681390451.694
8	891.5	17.9393	1681390452.186
8	892.0	17.9373	1681390452.690
8	892.5	17.9367	1681390453.194
8	893.0	17.9376	1681390453.686
8	893.5	17.9381	1681390454.190
8	894.0	17.9389	1681390454.694
8	894.5	17.9399	1681390455.186
8	895.0	17.9396	1681390455.690
8	895.5	17.9404	1681390456.194
8	896.0	17.9392	1681390456.686
8	896.5	17.9415	1681390457.190
8	897.0	17.9410	1681390457.694
8	897.5	17.9402	1681390458.186
8	898.0	17.9415	1681390458.690
8	898.5	17.9418	1681390459.194
8	899.0	17.9406	1681390459.686
8	899.5	17.9399	1681390460.190
8	900.0	17.9405	1681390460.694
8	900.5	17.9410	1681390461.186
8	901.0	17.9397	1681390461.690
8	901.5	17.9417	1681390462.194
8	902.0	17.9423	1681390462.686
8	902.5	17.9424	1681390463.190
8	903.0	17.9439	1681390463.694
8	903.5	17.9440	1681390464.186
8	904.0	17.9418	1681390464.690
8	904.5	17.9409	1681390465.194
8	905.0	17.9405	1681390465.686
8	905.5	17.9388	1681390466.190
8	906.0	17.9418	1681390466.693
8	906.5	17.9429	1681390467.186
8	907.0	17.9458	1681390467.690
8	907.5	17.9443	1681390468.194
8	908.0	17.9419	1681390468.686
8	908.5	17.9416	1681390469.189
8	909.0	17.9408	1681390469.693
8	909.5	17.9469	1681390470.185
8	910.0	17.9445	1681390470.689
8	910.5	17.9417	1681390471.193
8	911.0	17.9404	1681390471.686
8	911.5	17.9398	1681390472.189
8	912.0	17.9400	1681390472.693
8	912.5	17.9406	1681390473.185
8	913.0	17.9412	1681390473.689
8	913.5	17.9391	1681390474.193
8	914.0	17.9396	1681390474.685
8	914.5	17.9389	1681390475.189
8	915.0	17.9401	1681390475.693
8	915.5	17.9411	1681390476.185
8	916.0	17.9406	1681390476.689
8	916.5	17.9458	1681390477.193
8	917.0	17.9451	1681390477.685
8	917.5	17.9494	1681390478.189
8	918.0	17.9473	1681390478.693
8	918.5	17.9482	1681390479.185
8	919.0	17.9475	1681390479.689
8	919.5	17.9461	1681390480.193
8	920.0	17.9449	1681390480.685
8	920.5	17.9453	1681390481.189
8	921.0	17.9413	1681390481.693
8	921.5	17.9454	1681390482.185
8	922.0	17.9460	1681390482.689
8	922.5	17.9448	1681390483.193
8	923.0	17.9410	1681390483.685
8	923.5	17.9399	1681390484.189
8	924.0	17.9408	1681390484.693
8	924.5	17.9424	1681390485.185
8	925.0	17.9452	1681390485.689
8	925.5	17.9461	1681390486.193
8	926.0	17.9469	1681390486.685
8	926.5	17.9476	1681390487.189
8	927.0	17.9471	1681390487.693
8	927.5	17.9432	1681390488.185
8	928.0	17.9401	1681390488.689
8	928.5	17.9379	1681390489.193
8	929.0	17.9393	1681390489.685
8	929.5	17.9402	1681390490.189
8	930.0	17.9404	1681390490.693
8	930.5	17.9399	1681390491.185
8	931.0	17.9399	1681390491.689
8	931.5	17.9426	1681390492.193
8	932.0	17.9411	1681390492.685
8	932.5	17.9394	1681390493.189
8	933.0	17.9401	1681390493.692
8	933.5	17.9399	1681390494.185
8	934.0	17.9409	1681390494.688
8	934.5	17.9406	1681390495.192
8	935.0	17.9431	1681390495.685
8	935.5	17.9415	1681390496.188
8	936.0	17.9418	1681390496.692
8	936.5	17.9418	1681390497.196
8	937.0	17.9399	1681390497.688
8	937.5	17.9431	1681390498.192
8	938.0	17.9418	1681390498.684
8	938.5	17.9427	1681390499.188
8	939.0	17.9418	1681390499.692
8	939.5	17.9423	1681390500.196
8	940.0	17.9425	1681390500.688
8	940.5	17.9426	1681390501.192
8	941.0	17.9401	1681390501.684
8	941.5	17.9428	1681390502.188
8	942.0	17.9430	1681390502.692
8	942.5	17.9440	1681390503.196
8	943.0	17.9430	1681390503.688
8	943.5	17.9445	1681390504.192
8	944.0	17.9439	1681390504.684
8	944.5	17.9423	1681390505.188
8	945.0	17.9448	1681390505.692
8	945.5	17.9434	1681390506.196
8	946.0	17.9430	1681390506.688
8	946.5	17.9427	1681390507.192
8	947.0	17.9419	1681390507.684
8	947.5	17.9434	1681390508.188
8	948.0	17.9446	1681390508.692
8	948.5	17.9468	1681390509.196
8	949.0	17.9459	1681390509.688
8	949.5	17.9470	1681390510.192
8	950.0	17.9485	1681390510.684
8	950.5	17.9444	1681390511.188
8	951.0	17.9483	1681390511.692
8	951.5	17.9479	1681390512.196
8	952.0	17.9500	1681390512.688
8	952.5	17.9494	1681390513.192
8	953.0	17.9447	1681390513.684
8	953.5	17.9490	1681390514.188
8	954.0	17.9447	1681390514.692
8	954.5	17.9467	1681390515.196
8	955.0	17.9456	1681390515.688
8	955.5	17.9460	1681390516.192
8	956.0	17.9484	1681390516.684
8	956.5	17.9493	1681390517.188
8	957.0	17.9498	1681390517.692
8	957.5	17.9498	1681390518.196
8	958.0	17.9510	1681390518.688
8	958.5	17.9485	1681390519.192
8	959.0	17.9527	1681390519.696
8	959.5	17.9499	1681390520.188
8	960.0	17.9505	1681390520.691
8	960.5	17.9517	1681390521.195
8	961.0	17.9528	1681390521.687
8	961.5	17.9513	1681390522.191
8	962.0	17.9513	1681390522.695
8	962.5	17.9521	1681390523.187
8	963.0	17.9535	1681390523.691
8	963.5	17.9525	1681390524.195
8	964.0	17.9537	1681390524.688
8	964.5	17.9525	1681390525.191
8	965.0	17.9518	1681390525.695
8	965.5	17.9534	1681390526.187
8	966.0	17.9532	1681390526.691
8	966.5	17.9539	1681390527.195
8	967.0	17.9541	1681390527.687
8	967.5	17.9530	1681390528.191
8	968.0	17.9575	1681390528.695
8	968.5	17.9518	1681390529.187
8	969.0	17.9491	1681390529.691
8	969.5	17.9514	1681390530.195
8	970.0	17.9508	1681390530.687
8	970.5	17.9518	1681390531.191
8	971.0	17.9501	1681390531.695
8	971.5	17.9499	1681390532.187
8	972.0	17.9524	1681390532.691
8	972.5	17.9511	1681390533.195
8	973.0	17.9509	1681390533.687
8	973.5	17.9558	1681390534.191
8	974.0	17.9512	1681390534.695
8	974.5	17.9518	1681390535.187
8	975.0	17.9490	1681390535.691
8	975.5	17.9517	1681390536.195
8	976.0	17.9537	1681390536.687
8	976.5	17.9540	1681390537.191
8	977.0	17.9497	1681390537.695
8	977.5	17.9488	1681390538.187
8	978.0	17.9497	1681390538.691
8	978.5	17.9507	1681390539.195
8	979.0	17.9490	1681390539.687
8	979.5	17.9511	1681390540.191
8	980.0	17.9537	1681390540.695
8	980.5	17.9465	1681390541.187
8	981.0	17.9472	1681390541.691
8	981.5	17.9463	1681390542.195
8	982.0	17.9465	1681390542.687
8	982.5	17.9479	1681390543.191
8	983.0	17.9466	1681390543.695
8	983.5	17.9436	1681390544.187
8	984.0	17.9461	1681390544.691
8	984.5	17.9469	1681390545.194
8	985.0	17.9385	1681390545.687
8	985.5	17.9388	1681390546.191
8	986.0	17.9408	1681390546.694
8	986.5	17.9366	1681390547.187
8	987.0	17.9341	1681390547.691
8	987.5	17.9365	1681390548.194
8	988.0	17.9375	1681390548.687
8	988.5	17.9382	1681390549.190
8	989.0	17.9367	1681390549.694
8	989.5	17.9401	1681390550.186
8	990.0	17.9412	1681390550.690
8	990.5	17.9361	1681390551.194
8	991.0	17.9359	1681390551.686
8	991.5	17.9348	1681390552.190
8	992.0	17.9381	1681390552.694
8	992.5	17.9475	1681390553.186
8	993.0	17.9512	1681390553.690
8	993.5	17.9467	1681390554.194
8	994.0	17.9428	1681390554.686
8	994.5	17.9416	1681390555.190
8	995.0	17.9418	1681390555.694
8	995.5	17.9314	1681390556.186
8	996.0	17.9393	1681390556.690
8	996.5	17.9364	1681390557.194
8	997.0	17.9266	1681390557.686
8	997.5	17.9388	1681390558.190
8	998.0	17.9358	1681390558.694
8	998.5	17.9334	1681390559.186
8	999.0	17.9346	1681390559.690
8	999.5	17.9348	1681390560.194
8	1000.0	17.9320	1681390560.686
8	1000.5	17.9317	1681390561.190
8	1001.0	17.9272	1681390561.694
8	1001.5	17.9307	1681390562.186
8	1002.0	17.9292	1681390562.690
8	1002.5	17.9469	1681390563.194
8	1003.0	17.9397	1681390563.686
8	1003.5	17.9356	1681390564.190
8	1004.0	17.9370	1681390564.694
8	1004.5	17.9407	1681390565.186
8	1005.0	17.9383	1681390565.690
8	1005.5	17.9445	1681390566.194
8	1006.0	17.9409	1681390566.686
8	1006.5	17.9454	1681390567.190
8	1007.0	17.9396	1681390567.694
8	1007.5	17.9392	1681390568.186
8	1008.0	17.9438	1681390568.690
8	1008.5	17.9517	1681390569.194
8	1009.0	17.9412	1681390569.686
8	1009.5	17.9464	1681390570.190
8	1010.0	17.9430	1681390570.694
8	1010.5	17.9412	1681390571.186
8	1011.0	17.9398	1681390571.690
8	1011.5	17.9455	1681390572.193
8	1012.0	17.9493	1681390572.686
8	1012.5	17.9506	1681390573.189
8	1013.0	17.9478	1681390573.693
8	1013.5	17.9427	1681390574.197
8	1014.0	17.9463	1681390574.690
8	1014.5	17.9472	1681390575.193
8	1015.0	17.9505	1681390575.686
8	1015.5	17.9577	1681390576.189
8	1016.0	17.9581	1681390576.693
8	1016.5	17.9476	1681390577.197
8	1017.0	17.9473	1681390577.689
8	1017.5	17.9496	1681390578.193
8	1018.0	17.9444	1681390578.685
8	1018.5	17.9507	1681390579.189
8	1019.0	17.9497	1681390579.693
8	1019.5	17.9473	1681390580.197
8	1020.0	17.9436	1681390580.689
8	1020.5	17.9429	1681390581.193
8	1021.0	17.9423	1681390581.685
8	1021.5	17.9443	1681390582.189
8	1022.0	17.9433	1681390582.693
8	1022.5	17.9442	1681390583.197
8	1023.0	17.9435	1681390583.689
8	1023.5	17.9369	1681390584.193
8	1024.0	17.9316	1681390584.685
8	1024.5	17.9385	1681390585.189
8	1025.0	17.9326	1681390585.693
8	1025.5	17.9357	1681390586.197
8	1026.0	17.9427	1681390586.689
8	1026.5	17.9408	1681390587.193
8	1027.0	17.9372	1681390587.685
8	1027.5	17.9376	1681390588.189
8	1028.0	17.9326	1681390588.693
8	1028.5	17.9309	1681390589.197
8	1029.0	17.9363	1681390589.689
8	1029.5	17.9355	1681390590.193
8	1030.0	17.9339	1681390590.685
8	1030.5	17.9328	1681390591.189
8	1031.0	17.9351	1681390591.693
8	1031.5	17.9346	1681390592.197
8	1032.0	17.9344	1681390592.689
8	1032.5	17.9373	1681390593.193
8	1033.0	17.9395	1681390593.697
8	1033.5	17.9353	1681390594.189
8	1034.0	17.9332	1681390594.693
8	1034.5	17.9326	1681390595.197
8	1035.0	17.9325	1681390595.689
8	1035.5	17.9336	1681390596.193
8	1036.0	17.9477	1681390596.696
8	1036.5	17.9460	1681390597.189
8	1037.0	17.9377	1681390597.693
8	1037.5	17.9464	1681390598.196
8	1038.0	17.9475	1681390598.689
8	1038.5	17.9460	1681390599.193
8	1039.0	17.9473	1681390599.696
8	1039.5	17.9439	1681390600.189
8	1040.0	17.9354	1681390600.692
8	1040.5	17.9377	1681390601.196
8	1041.0	17.9376	1681390601.688
8	1041.5	17.9382	1681390602.192
8	1042.0	17.9456	1681390602.696
8	1042.5	17.9354	1681390603.188
8	1043.0	17.9434	1681390603.692
8	1043.5	17.9408	1681390604.196
8	1044.0	17.9340	1681390604.688
8	1044.5	17.9324	1681390605.192
8	1045.0	17.9310	1681390605.696
8	1045.5	17.9347	1681390606.188
8	1046.0	17.9346	1681390606.692
8	1046.5	17.9378	1681390607.196
8	1047.0	17.9371	1681390607.688
8	1047.5	17.9372	1681390608.192
8	1048.0	17.9355	1681390608.696
8	1048.5	17.9309	1681390609.188
8	1049.0	17.9383	1681390609.692
8	1049.5	17.9384	1681390610.196
8	1050.0	17.9379	1681390610.688
8	1050.5	17.9403	1681390611.192
8	1051.0	17.9349	1681390611.696
8	1051.5	17.9357	1681390612.188
8	1052.0	17.9352	1681390612.692
8	1052.5	17.9309	1681390613.196
8	1053.0	17.9346	1681390613.688
8	1053.5	17.9390	1681390614.192
8	1054.0	17.9424	1681390614.696
8	1054.5	17.9451	1681390615.188
8	1055.0	17.9390	1681390615.692
8	1055.5	17.9394	1681390616.196
8	1056.0	17.9489	1681390616.688
8	1056.5	17.9431	1681390617.192
8	1057.0	17.9457	1681390617.696
8	1057.5	17.9407	1681390618.188
8	1058.0	17.9439	1681390618.692
8	1058.5	17.9359	1681390619.196
8	1059.0	17.9335	1681390619.688
8	1059.5	17.9338	1681390620.192
8	1060.0	17.9429	1681390620.696
8	1060.5	17.9411	1681390621.188
8	1061.0	17.9433	1681390621.692
8	1061.5	17.9499	1681390622.196
8	1062.0	17.9455	1681390622.688
8	1062.5	17.9392	1681390623.192
8	1063.0	17.9369	1681390623.695
8	1063.5	17.9391	1681390624.188
8	1064.0	17.9330	1681390624.692
8	1064.5	17.9337	1681390625.195
8	1065.0	17.9398	1681390625.688
8	1065.5	17.9397	1681390626.191
8	1066.0	17.9356	1681390626.696
8	1066.5	17.9358	1681390627.188
8	1067.0	17.9353	1681390627.692
8	1067.5	17.9392	1681390628.195
8	1068.0	17.9529	1681390628.688
8	1068.5	17.9512	1681390629.191
8	1069.0	17.9509	1681390629.695
8	1069.5	17.9424	1681390630.187
8	1070.0	17.9374	1681390630.691
8	1070.5	17.9370	1681390631.195
8	1071.0	17.9392	1681390631.687
8	1071.5	17.9550	1681390632.191
8	1072.0	17.9588	1681390632.695
8	1072.5	17.9443	1681390633.187
8	1073.0	17.9438	1681390633.691
8	1073.5	17.9378	1681390634.195
8	1074.0	17.9389	1681390634.687
8	1074.5	17.9386	1681390635.191
8	1075.0	17.9412	1681390635.695
8	1075.5	17.9396	1681390636.187
8	1076.0	17.9420	1681390636.691
8	1076.5	17.9422	1681390637.195
8	1077.0	17.9329	1681390637.687
8	1077.5	17.9316	1681390638.191
8	1078.0	17.9303	1681390638.695
8	1078.5	17.9333	1681390639.187
8	1079.0	17.9321	1681390639.691
8	1079.5	17.9315	1681390640.195
8	1080.0	17.9392	1681390640.687
8	1080.5	17.9326	1681390641.191
8	1081.0	17.9317	1681390641.695
8	1081.5	17.9327	1681390642.187
8	1082.0	17.9309	1681390642.691
8	1082.5	17.9376	1681390643.195
8	1083.0	17.9334	1681390643.687
8	1083.5	17.9350	1681390644.191
8	1084.0	17.9321	1681390644.695
8	1084.5	17.9358	1681390645.187
8	1085.0	17.9360	1681390645.691
8	1085.5	17.9333	1681390646.195
8	1086.0	17.9325	1681390646.687
8	1086.5	17.9438	1681390647.191
8	1087.0	17.9383	1681390647.695
8	1087.5	17.9338	1681390648.187
8	1088.0	17.9343	1681390648.691
8	1088.5	17.9388	1681390649.195
8	1089.0	17.9447	1681390649.687
8	1089.5	17.9439	1681390650.191
8	1090.0	17.9449	1681390650.695
8	1090.5	17.9423	1681390651.187
8	1091.0	17.9378	1681390651.690
8	1091.5	17.9377	1681390652.194
8	1092.0	17.9388	1681390652.687
8	1092.5	17.9337	1681390653.191
8	1093.0	17.9372	1681390653.694
8	1093.5	17.9367	1681390654.186
8	1094.0	17.9433	1681390654.690
8	1094.5	17.9405	1681390655.194
8	1095.0	17.9361	1681390655.686
8	1095.5	17.9463	1681390656.190
8	1096.0	17.9418	1681390656.694
8	1096.5	17.9408	1681390657.186
8	1097.0	17.9391	1681390657.690
8	1097.5	17.9353	1681390658.194
8	1098.0	17.9317	1681390658.686
8	1098.5	17.9366	1681390659.190
8	1099.0	17.9378	1681390659.694
8	1099.5	17.9390	1681390660.186
8	1100.0	17.9411	1681390660.690
8	1100.5	17.9405	1681390661.194
8	1101.0	17.9368	1681390661.686
8	1101.5	17.9399	1681390662.190
8	1102.0	17.9390	1681390662.694
8	1102.5	17.9414	1681390663.186
8	1103.0	17.9396	1681390663.690
8	1103.5	17.9400	1681390664.194
8	1104.0	17.9371	1681390664.686
8	1104.5	17.9387	1681390665.190
8	1105.0	17.9343	1681390665.694
8	1105.5	17.9371	1681390666.186
8	1106.0	17.9373	1681390666.690
8	1106.5	17.9365	1681390667.194
8	1107.0	17.9344	1681390667.686
8	1107.5	17.9364	1681390668.190
8	1108.0	17.9364	1681390668.694
8	1108.5	17.9364	1681390669.186
8	1109.0	17.9385	1681390669.690
8	1109.5	17.9367	1681390670.194
8	1110.0	17.9341	1681390670.686
8	1110.5	17.9376	1681390671.190
8	1111.0	17.9366	1681390671.694
8	1111.5	17.9364	1681390672.186
8	1112.0	17.9389	1681390672.690
8	1112.5	17.9391	1681390673.194
8	1113.0	17.9372	1681390673.686
8	1113.5	17.9392	1681390674.190
8	1114.0	17.9402	1681390674.694
8	1114.5	17.9378	1681390675.186
8	1115.0	17.9391	1681390675.690
8	1115.5	17.9362	1681390676.193
8	1116.0	17.9375	1681390676.686
8	1116.5	17.9396	1681390677.190
8	1117.0	17.9364	1681390677.693
8	1117.5	17.9377	1681390678.197
8	1118.0	17.9401	1681390678.690
8	1118.5	17.9407	1681390679.194
8	1119.0	17.9378	1681390679.686
8	1119.5	17.9388	1681390680.190
8	1120.0	17.9361	1681390680.693
8	1120.5	17.9363	1681390681.197
8	1121.0	17.9364	1681390681.689
8	1121.5	17.9363	1681390682.193
8	1122.0	17.9367	1681390682.685
8	1122.5	17.9371	1681390683.189
8	1123.0	17.9377	1681390683.693
8	1123.5	17.9400	1681390684.197
8	1124.0	17.9364	1681390684.689
8	1124.5	17.9359	1681390685.193
8	1125.0	17.9361	1681390685.685
8	1125.5	17.9382	1681390686.189
8	1126.0	17.9371	1681390686.693
8	1126.5	17.9349	1681390687.197
8	1127.0	17.9382	1681390687.689
8	1127.5	17.9384	1681390688.193
8	1128.0	17.9379	1681390688.685
8	1128.5	17.9407	1681390689.189
8	1129.0	17.9411	1681390689.693
8	1129.5	17.9417	1681390690.197
8	1130.0	17.9458	1681390690.689
8	1130.5	17.9441	1681390691.193
8	1131.0	17.9406	1681390691.685
8	1131.5	17.9408	1681390692.189
8	1132.0	17.9406	1681390692.693
8	1132.5	17.9368	1681390693.197
8	1133.0	17.9353	1681390693.689
8	1133.5	17.9451	1681390694.193
8	1134.0	17.9422	1681390694.685
8	1134.5	17.9392	1681390695.189
8	1135.0	17.9410	1681390695.693
8	1135.5	17.9396	1681390696.197
8	1136.0	17.9472	1681390696.689
8	1136.5	17.9453	1681390697.193
8	1137.0	17.9400	1681390697.685
8	1137.5	17.9410	1681390698.189
8	1138.0	17.9407	1681390698.693
8	1138.5	17.9412	1681390699.197
8	1139.0	17.9411	1681390699.689
8	1139.5	17.9420	1681390700.193
8	1140.0	17.9430	1681390700.697
8	1140.5	17.9420	1681390701.189
8	1141.0	17.9400	1681390701.693
8	1141.5	17.9408	1681390702.197
8	1142.0	17.9465	1681390702.689
8	1142.5	17.9441	1681390703.192
8	1143.0	17.9435	1681390703.696
8	1143.5	17.9411	1681390704.189
8	1144.0	17.9449	1681390704.692
8	1144.5	17.9486	1681390705.196
8	1145.0	17.9458	1681390705.688
8	1145.5	17.9436	1681390706.192
8	1146.0	17.9450	1681390706.696
8	1146.5	17.9462	1681390707.188
8	1147.0	17.9456	1681390707.692
8	1147.5	17.9444	1681390708.196
8	1148.0	17.9492	1681390708.688
8	1148.5	17.9448	1681390709.192
8	1149.0	17.9480	1681390709.696
8	1149.5	17.9511	1681390710.188
8	1150.0	17.9491	1681390710.692
8	1150.5	17.9475	1681390711.196
8	1151.0	17.9489	1681390711.688
8	1151.5	17.9471	1681390712.192
8	1152.0	17.9457	1681390712.696
8	1152.5	17.9491	1681390713.188
8	1153.0	17.9445	1681390713.692
8	1153.5	17.9433	1681390714.196
8	1154.0	17.9444	1681390714.688
8	1154.5	17.9408	1681390715.192
8	1155.0	17.9401	1681390715.696
8	1155.5	17.9379	1681390716.188
8	1156.0	17.9377	1681390716.692
8	1156.5	17.9406	1681390717.196
8	1157.0	17.9394	1681390717.688
8	1157.5	17.9367	1681390718.192
8	1158.0	17.9347	1681390718.696
8	1158.5	17.9349	1681390719.188
8	1159.0	17.9336	1681390719.692
8	1159.5	17.9379	1681390720.196
8	1160.0	17.9456	1681390720.688
8	1160.5	17.9361	1681390721.192
8	1161.0	17.9455	1681390721.696
8	1161.5	17.9455	1681390722.188
8	1162.0	17.9427	1681390722.692
8	1162.5	17.9336	1681390723.196
8	1163.0	17.9406	1681390723.688
8	1163.5	17.9422	1681390724.192
8	1164.0	17.9451	1681390724.696
8	1164.5	17.9435	1681390725.188
8	1165.0	17.9404	1681390725.692
8	1165.5	17.9450	1681390726.196
8	1166.0	17.9449	1681390726.688
8	1166.5	17.9441	1681390727.192
8	1167.0	17.9436	1681390727.696
8	1167.5	17.9403	1681390728.188
8	1168.0	17.9421	1681390728.692
8	1168.5	17.9407	1681390729.196
8	1169.0	17.9394	1681390729.688
8	1169.5	17.9366	1681390730.192
8	1170.0	17.9398	1681390730.696
8	1170.5	17.9370	1681390731.188
8	1171.0	17.9382	1681390731.692
8	1171.5	17.9351	1681390732.195
8	1172.0	17.9397	1681390732.688
8	1172.5	17.9365	1681390733.191
8	1173.0	17.9368	1681390733.695
8	1173.5	17.9375	1681390734.187
8	1174.0	17.9367	1681390734.691
8	1174.5	17.9354	1681390735.195
8	1175.0	17.9355	1681390735.687
8	1175.5	17.9349	1681390736.191
8	1176.0	17.9350	1681390736.695
8	1176.5	17.9337	1681390737.187
8	1177.0	17.9370	1681390737.691
8	1177.5	17.9377	1681390738.195
8	1178.0	17.9357	1681390738.687
8	1178.5	17.9353	1681390739.191
8	1179.0	17.9393	1681390739.695
8	1179.5	17.9459	1681390740.187
8	1180.0	17.9448	1681390740.691
8	1180.5	17.9463	1681390741.195
8	1181.0	17.9473	1681390741.687
8	1181.5	17.9426	1681390742.191
8	1182.0	17.9432	1681390742.695
8	1182.5	17.9409	1681390743.187
8	1183.0	17.9415	1681390743.691
8	1183.5	17.9406	1681390744.195
8	1184.0	17.9410	1681390744.687
8	1184.5	17.9415	1681390745.191
8	1185.0	17.9410	1681390745.695
8	1185.5	17.9346	1681390746.187
8	1186.0	17.9318	1681390746.691
8	1186.5	17.9349	1681390747.195
8	1187.0	17.9339	1681390747.687
8	1187.5	17.9331	1681390748.191
8	1188.0	17.9359	1681390748.695
8	1188.5	17.9342	1681390749.187
8	1189.0	17.9336	1681390749.691
8	1189.5	17.9332	1681390750.195
8	1190.0	17.9313	1681390750.687
8	1190.5	17.9294	1681390751.191
8	1191.0	17.9388	1681390751.695
8	1191.5	17.9301	1681390752.187
8	1192.0	17.9307	1681390752.691
8	1192.5	17.9315	1681390753.195
8	1193.0	17.9287	1681390753.687
8	1193.5	17.9298	1681390754.191
8	1194.0	17.9290	1681390754.695
8	1194.5	17.9298	1681390755.187
8	1195.0	17.9295	1681390755.691
8	1195.5	17.9287	1681390756.194
8	1196.0	17.9317	1681390756.687
8	1196.5	17.9327	1681390757.191
8	1197.0	17.9285	1681390757.694
8	1197.5	17.9412	1681390758.187
8	1198.0	17.9389	1681390758.691
8	1198.5	17.9415	1681390759.195
8	1199.0	17.9465	1681390759.687
8	1199.5	17.9444	1681390760.190
8	1200.0	17.9366	1681390760.694
8	1200.5	17.9406	1681390761.186
8	1201.0	17.9397	1681390761.690
8	1201.5	17.9347	1681390762.194
8	1202.0	17.9375	1681390762.686
8	1202.5	17.9384	1681390763.190
8	1203.0	17.9383	1681390763.694
8	1203.5	17.9384	1681390764.186
8	1204.0	17.9338	1681390764.690
8	1204.5	17.9448	1681390765.194
8	1205.0	17.9482	1681390765.686
8	1205.5	17.9359	1681390766.190
8	1206.0	17.9343	1681390766.694
8	1206.5	17.9341	1681390767.186
8	1207.0	17.9379	1681390767.690
8	1207.5	17.9386	1681390768.194
8	1208.0	17.9400	1681390768.686
8	1208.5	17.9319	1681390769.190
8	1209.0	17.9291	1681390769.694
8	1209.5	17.9278	1681390770.186
8	1210.0	17.9252	1681390770.690
8	1210.5	17.9322	1681390771.194
8	1211.0	17.9350	1681390771.686
8	1211.5	17.9357	1681390772.190
8	1212.0	17.9368	1681390772.694
8	1212.5	17.9378	1681390773.186
8	1213.0	17.9355	1681390773.690
8	1213.5	17.9314	1681390774.194
8	1214.0	17.9329	1681390774.686
8	1214.5	17.9320	1681390775.190
8	1215.0	17.9325	1681390775.694
8	1215.5	17.9321	1681390776.186
8	1216.0	17.9325	1681390776.690
8	1216.5	17.9305	1681390777.194
8	1217.0	17.9321	1681390777.686
8	1217.5	17.9311	1681390778.190
8	1218.0	17.9308	1681390778.694
8	1218.5	17.9314	1681390779.186
8	1219.0	17.9291	1681390779.690
8	1219.5	17.9286	1681390780.194
8	1220.0	17.9281	1681390780.686
8	1220.5	17.9306	1681390781.190
8	1221.0	17.9307	1681390781.694
8	1221.5	17.9308	1681390782.186
8	1222.0	17.9395	1681390782.690
8	1222.5	17.9320	1681390783.193
8	1223.0	17.9321	1681390783.686
8	1223.5	17.9319	1681390784.190
8	1224.0	17.9332	1681390784.693
8	1224.5	17.9386	1681390785.197
8	1225.0	17.9329	1681390785.689
8	1225.5	17.9302	1681390786.193
8	1226.0	17.9343	1681390786.685
8	1226.5	17.9287	1681390787.189
8	1227.0	17.9275	1681390787.693
8	1227.5	17.9294	1681390788.197
8	1228.0	17.9279	1681390788.689
8	1228.5	17.9252	1681390789.193
8	1229.0	17.9233	1681390789.685
8	1229.5	17.9228	1681390790.189
8	1230.0	17.9220	1681390790.693
8	1230.5	17.9205	1681390791.197
8	1231.0	17.9373	1681390791.689
8	1231.5	17.9352	1681390792.193
8	1232.0	17.9317	1681390792.685
8	1232.5	17.9302	1681390793.189
8	1233.0	17.9296	1681390793.693
8	1233.5	17.9271	1681390794.197
8	1234.0	17.9275	1681390794.689
8	1234.5	17.9363	1681390795.193
8	1235.0	17.9304	1681390795.685
8	1235.5	17.9281	1681390796.189
8	1236.0	17.9288	1681390796.693
8	1236.5	17.9274	1681390797.197
8	1237.0	17.9312	1681390797.689
8	1237.5	17.9316	1681390798.193
8	1238.0	17.9306	1681390798.685
8	1238.5	17.9334	1681390799.189
8	1239.0	17.9316	1681390799.693
8	1239.5	17.9303	1681390800.197
8	1240.0	17.9299	1681390800.689
8	1240.5	17.9285	1681390801.193
8	1241.0	17.9302	1681390801.685
8	1241.5	17.9304	1681390802.189
8	1242.0	17.9315	1681390802.693
8	1242.5	17.9303	1681390803.197
8	1243.0	17.9324	1681390803.689
8	1243.5	17.9282	1681390804.193
8	1244.0	17.9332	1681390804.697
8	1244.5	17.9323	1681390805.189
8	1245.0	17.9331	1681390805.693
8	1245.5	17.9296	1681390806.197
8	1246.0	17.9309	1681390806.689
8	1246.5	17.9275	1681390807.193
8	1247.0	17.9260	1681390807.697
8	1247.5	17.9275	1681390808.189
8	1248.0	17.9236	1681390808.693
8	1248.5	17.9211	1681390809.196
8	1249.0	17.9310	1681390809.689
8	1249.5	17.9326	1681390810.192
8	1250.0	17.9356	1681390810.696
8	1250.5	17.9305	1681390811.189
8	1251.0	17.9238	1681390811.692
8	1251.5	17.9240	1681390812.196
8	1252.0	17.9246	1681390812.688
8	1252.5	17.9261	1681390813.192
8	1253.0	17.9287	1681390813.696
8	1253.5	17.9280	1681390814.189
8	1254.0	17.9277	1681390814.692
8	1254.5	17.9273	1681390815.196
8	1255.0	17.9280	1681390815.688
8	1255.5	17.9266	1681390816.192
8	1256.0	17.9205	1681390816.696
8	1256.5	17.9287	1681390817.188
8	1257.0	17.9306	1681390817.692
8	1257.5	17.9313	1681390818.196
8	1258.0	17.9306	1681390818.688
8	1258.5	17.9319	1681390819.192
8	1259.0	17.9275	1681390819.696
8	1259.5	17.9261	1681390820.188
8	1260.0	17.9240	1681390820.692
8	1260.5	17.9295	1681390821.196
8	1261.0	17.9290	1681390821.688
8	1261.5	17.9292	1681390822.192
8	1262.0	17.9278	1681390822.696
8	1262.5	17.9279	1681390823.188
8	1263.0	17.9240	1681390823.692
