# Log Ver: CODA_2T 0.0.1 Prog Ver: 0.0.1 Sensor: 212706 Depth 0 2023-04-13 12:39:17 UTC 
# id model = RBRcoda3, version = 1.059, serial = 212706, fwtype = 107, flavour = rt
# reldepth stime temp time
3	0.5	20.4132	1681389561.184
3	1.0	20.4522	1681389561.688
3	1.5	20.4376	1681389562.192
3	2.0	20.4386	1681389562.684
3	2.5	20.4334	1681389563.188
3	3.0	20.4718	1681389563.692
3	3.5	20.4644	1681389564.196
3	4.0	20.4712	1681389564.688
3	4.5	20.4734	1681389565.192
3	5.0	20.4435	1681389565.696
3	5.5	20.3814	1681389566.188
3	6.0	20.3468	1681389566.693
3	6.5	20.3057	1681389567.196
3	7.0	20.2963	1681389567.688
3	7.5	20.3293	1681389568.192
3	8.0	20.3596	1681389568.696
3	8.5	20.4287	1681389569.188
3	9.0	20.5011	1681389569.692
3	9.5	20.5014	1681389570.196
3	10.0	20.5336	1681389570.688
3	10.5	20.5372	1681389571.192
3	11.0	20.5699	1681389571.696
3	11.5	20.6146	1681389572.188
3	12.0	20.6071	1681389572.692
3	12.5	20.6102	1681389573.196
3	13.0	20.5731	1681389573.688
3	13.5	20.5220	1681389574.192
3	14.0	20.5432	1681389574.696
3	14.5	20.5334	1681389575.188
3	15.0	20.5839	1681389575.692
3	15.5	20.5528	1681389576.196
3	16.0	20.5273	1681389576.688
3	16.5	20.5388	1681389577.192
3	17.0	20.5411	1681389577.696
3	17.5	20.5778	1681389578.188
3	18.0	20.6314	1681389578.692
3	18.5	20.7000	1681389579.196
3	19.0	20.7571	1681389579.688
3	19.5	20.8049	1681389580.191
3	20.0	20.7767	1681389580.696
3	20.5	20.7678	1681389581.188
3	21.0	20.7240	1681389581.692
3	21.5	20.6882	1681389582.196
3	22.0	20.6557	1681389582.687
3	22.5	20.6789	1681389583.192
3	23.0	20.6595	1681389583.696
3	23.5	20.6664	1681389584.187
3	24.0	20.7237	1681389584.692
3	24.5	20.7691	1681389585.195
3	25.0	20.8048	1681389585.688
3	25.5	20.8541	1681389586.192
3	26.0	20.8688	1681389586.696
3	26.5	20.8601	1681389587.189
3	27.0	20.9154	1681389587.692
3	27.5	20.8312	1681389588.195
3	28.0	20.7265	1681389588.687
3	28.5	20.6690	1681389589.191
3	29.0	20.6503	1681389589.695
3	29.5	20.6038	1681389590.188
3	30.0	20.5632	1681389590.691
3	30.5	20.6024	1681389591.195
3	31.0	20.5844	1681389591.687
3	31.5	20.6466	1681389592.191
3	32.0	20.6925	1681389592.695
3	32.5	20.6310	1681389593.187
3	33.0	20.5784	1681389593.691
3	33.5	20.4856	1681389594.195
3	34.0	20.4151	1681389594.687
3	34.5	20.3817	1681389595.191
3	35.0	20.3417	1681389595.695
3	35.5	20.3175	1681389596.187
3	36.0	20.3243	1681389596.691
3	36.5	20.3097	1681389597.195
3	37.0	20.3064	1681389597.687
3	37.5	20.3009	1681389598.191
3	38.0	20.2838	1681389598.695
3	38.5	20.3094	1681389599.187
3	39.0	20.3400	1681389599.691
3	39.5	20.3328	1681389600.195
3	40.0	20.3000	1681389600.687
3	40.5	20.2140	1681389601.191
3	41.0	20.1940	1681389601.695
3	41.5	20.2317	1681389602.187
3	42.0	20.2516	1681389602.691
3	42.5	20.2826	1681389603.195
3	43.0	20.2853	1681389603.687
3	43.5	20.2451	1681389604.191
3	44.0	20.2911	1681389604.695
3	44.5	20.3015	1681389605.187
3	45.0	20.3110	1681389605.691
3	45.5	20.3031	1681389606.195
3	46.0	20.2850	1681389606.687
3	46.5	20.2705	1681389607.191
3	47.0	20.2727	1681389607.695
3	47.5	20.2314	1681389608.187
3	48.0	20.2345	1681389608.691
3	48.5	20.2096	1681389609.195
3	49.0	20.2326	1681389609.687
3	49.5	20.2371	1681389610.190
3	50.0	20.2483	1681389610.694
3	50.5	20.2639	1681389611.186
3	51.0	20.1767	1681389611.691
3	51.5	20.1341	1681389612.194
3	52.0	20.0815	1681389612.686
3	52.5	20.1338	1681389613.190
3	53.0	20.1976	1681389613.694
3	53.5	20.1965	1681389614.186
3	54.0	20.2104	1681389614.690
3	54.5	20.2090	1681389615.194
3	55.0	20.1412	1681389615.687
3	55.5	19.9416	1681389616.190
3	56.0	19.8537	1681389616.694
3	56.5	19.7775	1681389617.186
3	57.0	19.7375	1681389617.690
3	57.5	19.7583	1681389618.194
3	58.0	19.7053	1681389618.686
3	58.5	19.7714	1681389619.191
3	59.0	19.8375	1681389619.694
3	59.5	19.9237	1681389620.187
3	60.0	20.0209	1681389620.690
3	60.5	20.0720	1681389621.194
3	61.0	20.0160	1681389621.686
3	61.5	19.9780	1681389622.190
3	62.0	19.9313	1681389622.694
3	62.5	19.9798	1681389623.198
3	63.0	19.9972	1681389623.690
3	63.5	20.0398	1681389624.194
3	64.0	20.1218	1681389624.686
3	64.5	20.1134	1681389625.190
3	65.0	20.1731	1681389625.694
3	65.5	20.2456	1681389626.198
3	66.0	20.1205	1681389626.690
3	66.5	19.9610	1681389627.194
3	67.0	19.7950	1681389627.686
3	67.5	19.6681	1681389628.190
3	68.0	19.5625	1681389628.694
3	68.5	19.4726	1681389629.198
3	69.0	19.4122	1681389629.690
3	69.5	19.3998	1681389630.194
3	70.0	19.4306	1681389630.687
3	70.5	19.5529	1681389631.190
3	71.0	19.6524	1681389631.694
3	71.5	19.7130	1681389632.197
3	72.0	19.6529	1681389632.690
3	72.5	19.6493	1681389633.194
3	73.0	19.6985	1681389633.686
3	73.5	19.6905	1681389634.190
3	74.0	19.6295	1681389634.694
3	74.5	19.6118	1681389635.198
3	75.0	19.5612	1681389635.690
3	75.5	19.5362	1681389636.194
3	76.0	19.5680	1681389636.686
3	76.5	19.5320	1681389637.190
3	77.0	19.4765	1681389637.693
3	77.5	19.5502	1681389638.198
3	78.0	19.5988	1681389638.689
3	78.5	19.6306	1681389639.193
3	79.0	19.7616	1681389639.697
3	79.5	19.8632	1681389640.189
3	80.0	19.9068	1681389640.694
3	80.5	19.8311	1681389641.197
3	81.0	19.6918	1681389641.690
3	81.5	19.6203	1681389642.193
3	82.0	19.6621	1681389642.697
3	82.5	19.6962	1681389643.189
3	83.0	19.7482	1681389643.694
3	83.5	19.7944	1681389644.197
3	84.0	19.7174	1681389644.689
3	84.5	19.6914	1681389645.193
3	85.0	19.6564	1681389645.697
3	85.5	19.6293	1681389646.189
3	86.0	19.5207	1681389646.693
3	86.5	19.4239	1681389647.197
3	87.0	19.4085	1681389647.689
3	87.5	19.4380	1681389648.193
3	88.0	19.4877	1681389648.697
3	88.5	19.5614	1681389649.189
3	89.0	19.5363	1681389649.693
3	89.5	19.4110	1681389650.197
3	90.0	19.3259	1681389650.689
3	90.5	19.2759	1681389651.193
3	91.0	19.2176	1681389651.697
3	91.5	19.2643	1681389652.189
3	92.0	19.2091	1681389652.693
3	92.5	19.1451	1681389653.197
3	93.0	19.0401	1681389653.689
3	93.5	19.0032	1681389654.193
3	94.0	18.9159	1681389654.697
3	94.5	18.8342	1681389655.189
3	95.0	18.8212	1681389655.693
3	95.5	18.8381	1681389656.197
3	96.0	18.7776	1681389656.689
3	96.5	18.7684	1681389657.193
3	97.0	18.8024	1681389657.697
3	97.5	18.8081	1681389658.189
3	98.0	18.8209	1681389658.693
3	98.5	18.8359	1681389659.197
3	99.0	18.9583	1681389659.689
3	99.5	19.0431	1681389660.193
3	100.0	19.0497	1681389660.697
3	100.5	19.0104	1681389661.189
3	101.0	18.9884	1681389661.693
3	101.5	18.9856	1681389662.197
3	102.0	18.9979	1681389662.689
3	102.5	18.9545	1681389663.193
3	103.0	18.8822	1681389663.696
3	103.5	18.8497	1681389664.189
3	104.0	18.8282	1681389664.693
3	104.5	18.7999	1681389665.196
3	105.0	18.7395	1681389665.689
3	105.5	18.8191	1681389666.192
3	106.0	18.9839	1681389666.696
3	106.5	19.1221	1681389667.189
3	107.0	19.1141	1681389667.693
3	107.5	19.0053	1681389668.196
3	108.0	18.9151	1681389668.689
3	108.5	18.8356	1681389669.193
3	109.0	18.8230	1681389669.697
3	109.5	18.8120	1681389670.189
3	110.0	18.8017	1681389670.693
3	110.5	18.8204	1681389671.196
3	111.0	18.8291	1681389671.689
3	111.5	18.8465	1681389672.193
3	112.0	18.8893	1681389672.697
3	112.5	18.8815	1681389673.188
3	113.0	18.8291	1681389673.692
3	113.5	18.7425	1681389674.196
3	114.0	18.6668	1681389674.688
3	114.5	18.6197	1681389675.192
3	115.0	18.5617	1681389675.696
3	115.5	18.5309	1681389676.188
3	116.0	18.5910	1681389676.692
3	116.5	18.6449	1681389677.196
3	117.0	18.6523	1681389677.688
3	117.5	18.6436	1681389678.192
3	118.0	18.6020	1681389678.696
3	118.5	18.6156	1681389679.188
3	119.0	18.6582	1681389679.692
3	119.5	18.6626	1681389680.196
3	120.0	18.6131	1681389680.688
3	120.5	18.6022	1681389681.192
3	121.0	18.5967	1681389681.696
3	121.5	18.7027	1681389682.188
3	122.0	18.8228	1681389682.692
3	122.5	18.8881	1681389683.196
3	123.0	18.8786	1681389683.688
3	123.5	18.8394	1681389684.192
3	124.0	18.7854	1681389684.696
3	124.5	18.6889	1681389685.188
3	125.0	18.6096	1681389685.692
3	125.5	18.5167	1681389686.196
3	126.0	18.4632	1681389686.688
3	126.5	18.4250	1681389687.192
3	127.0	18.3992	1681389687.696
3	127.5	18.3602	1681389688.188
3	128.0	18.3771	1681389688.692
3	128.5	18.3945	1681389689.196
3	129.0	18.3971	1681389689.688
3	129.5	18.3651	1681389690.192
3	130.0	18.3405	1681389690.696
3	130.5	18.3573	1681389691.188
3	131.0	18.4045	1681389691.692
3	131.5	18.4278	1681389692.195
3	132.0	18.4216	1681389692.688
3	132.5	18.4001	1681389693.192
3	133.0	18.3855	1681389693.695
3	133.5	18.4314	1681389694.188
3	134.0	18.5168	1681389694.692
3	134.5	18.6067	1681389695.195
3	135.0	18.6986	1681389695.688
3	135.5	18.7543	1681389696.191
3	136.0	18.8145	1681389696.695
3	136.5	18.8290	1681389697.187
3	137.0	18.8236	1681389697.691
3	137.5	18.7496	1681389698.195
3	138.0	18.6684	1681389698.688
3	138.5	18.5896	1681389699.191
3	139.0	18.4768	1681389699.696
3	139.5	18.3805	1681389700.199
3	140.0	18.3156	1681389700.691
3	140.5	18.2550	1681389701.195
3	141.0	18.1885	1681389701.687
3	141.5	18.1623	1681389702.191
3	142.0	18.1679	1681389702.695
3	142.5	18.1493	1681389703.199
3	143.0	18.0695	1681389703.691
3	143.5	18.0141	1681389704.195
3	144.0	17.9606	1681389704.688
3	144.5	17.8904	1681389705.191
3	145.0	17.8650	1681389705.695
3	145.5	17.8484	1681389706.199
3	146.0	17.8212	1681389706.691
3	146.5	17.7626	1681389707.195
3	147.0	17.7255	1681389707.687
3	147.5	17.6622	1681389708.191
3	148.0	17.6368	1681389708.695
3	148.5	17.6360	1681389709.199
3	149.0	17.6247	1681389709.691
3	149.5	17.6266	1681389710.195
3	150.0	17.6386	1681389710.687
3	150.5	17.6298	1681389711.191
3	151.0	17.6088	1681389711.695
3	151.5	17.5746	1681389712.199
3	152.0	17.5535	1681389712.691
3	152.5	17.5400	1681389713.195
3	153.0	17.5350	1681389713.687
3	153.5	17.5431	1681389714.191
3	154.0	17.5464	1681389714.695
3	154.5	17.5329	1681389715.199
3	155.0	17.5232	1681389715.691
3	155.5	17.5076	1681389716.195
3	156.0	17.4737	1681389716.687
3	156.5	17.4405	1681389717.191
3	157.0	17.4235	1681389717.695
3	157.5	17.4067	1681389718.198
3	158.0	17.4163	1681389718.691
3	158.5	17.4111	1681389719.195
3	159.0	17.4180	1681389719.698
3	159.5	17.4347	1681389720.191
3	160.0	17.4469	1681389720.694
3	160.5	17.4387	1681389721.198
3	161.0	17.4435	1681389721.691
3	161.5	17.4207	1681389722.195
3	162.0	17.4142	1681389722.699
3	162.5	17.4194	1681389723.191
3	163.0	17.4148	1681389723.694
3	163.5	17.3935	1681389724.198
3	164.0	17.3671	1681389724.691
3	164.5	17.3482	1681389725.194
3	165.0	17.3231	1681389725.698
3	165.5	17.3197	1681389726.191
3	166.0	17.3132	1681389726.695
3	166.5	17.3041	1681389727.198
3	167.0	17.3283	1681389727.690
3	167.5	17.3312	1681389728.194
3	168.0	17.3346	1681389728.698
3	168.5	17.3217	1681389729.190
3	169.0	17.3077	1681389729.694
3	169.5	17.3181	1681389730.198
3	170.0	17.3105	1681389730.690
3	170.5	17.3262	1681389731.194
3	171.0	17.3178	1681389731.698
3	171.5	17.3182	1681389732.190
3	172.0	17.3213	1681389732.694
3	172.5	17.3392	1681389733.198
3	173.0	17.3283	1681389733.690
3	173.5	17.3181	1681389734.194
3	174.0	17.3220	1681389734.698
3	174.5	17.2996	1681389735.190
3	175.0	17.3374	1681389735.694
3	175.5	17.3847	1681389736.198
3	176.0	17.4144	1681389736.690
3	176.5	17.3856	1681389737.194
3	177.0	17.3544	1681389737.698
3	177.5	17.3443	1681389738.190
3	178.0	17.3536	1681389738.694
3	178.5	17.3553	1681389739.198
3	179.0	17.3494	1681389739.690
3	179.5	17.3393	1681389740.194
3	180.0	17.3684	1681389740.698
3	180.5	17.4086	1681389741.190
3	181.0	17.4641	1681389741.694
3	181.5	17.5199	1681389742.198
3	182.0	17.5778	1681389742.690
3	182.5	17.5985	1681389743.194
3	183.0	17.5897	1681389743.698
3	183.5	17.5466	1681389744.190
3	184.0	17.5118	1681389744.694
3	184.5	17.4945	1681389745.198
3	185.0	17.4905	1681389745.690
3	185.5	17.4746	1681389746.194
3	186.0	17.4678	1681389746.698
3	186.5	17.4709	1681389747.190
3	187.0	17.4823	1681389747.694
3	187.5	17.4939	1681389748.197
3	188.0	17.5246	1681389748.690
3	188.5	17.5764	1681389749.194
3	189.0	17.6402	1681389749.698
3	189.5	17.6388	1681389750.190
3	190.0	17.6293	1681389750.694
3	190.5	17.6426	1681389751.197
3	191.0	17.6536	1681389751.690
3	191.5	17.6655	1681389752.193
3	192.0	17.7096	1681389752.698
3	192.5	17.7678	1681389753.189
3	193.0	17.8153	1681389753.693
3	193.5	17.8400	1681389754.197
3	194.0	17.8364	1681389754.689
3	194.5	17.8176	1681389755.193
3	195.0	17.7921	1681389755.697
3	195.5	17.7598	1681389756.189
3	196.0	17.7447	1681389756.693
3	196.5	17.7559	1681389757.197
3	197.0	17.7734	1681389757.689
3	197.5	17.8062	1681389758.193
3	198.0	17.8506	1681389758.697
3	198.5	17.8647	1681389759.190
3	199.0	17.8786	1681389759.693
3	199.5	17.8858	1681389760.197
3	200.0	17.8941	1681389760.689
3	200.5	17.8891	1681389761.193
3	201.0	17.9025	1681389761.697
3	201.5	17.9399	1681389762.189
3	202.0	17.9521	1681389762.693
3	202.5	17.9835	1681389763.197
3	203.0	18.0036	1681389763.689
3	203.5	18.0300	1681389764.193
3	204.0	18.0171	1681389764.697
3	204.5	18.0038	1681389765.189
3	205.0	17.9959	1681389765.693
3	205.5	17.9337	1681389766.197
3	206.0	17.8682	1681389766.689
3	206.5	17.7782	1681389767.193
3	207.0	17.7518	1681389767.697
3	207.5	17.7633	1681389768.189
3	208.0	17.8024	1681389768.693
3	208.5	17.8217	1681389769.197
3	209.0	17.8220	1681389769.689
3	209.5	17.8496	1681389770.193
3	210.0	17.8780	1681389770.697
3	210.5	17.8659	1681389771.189
3	211.0	17.8127	1681389771.693
3	211.5	17.7993	1681389772.197
3	212.0	17.7699	1681389772.689
3	212.5	17.7601	1681389773.193
3	213.0	17.7772	1681389773.697
3	213.5	17.7930	1681389774.189
3	214.0	17.8067	1681389774.693
3	214.5	17.7872	1681389775.197
3	215.0	17.7474	1681389775.689
3	215.5	17.7315	1681389776.193
3	216.0	17.7732	1681389776.697
3	216.5	17.7685	1681389777.189
3	217.0	17.7983	1681389777.693
3	217.5	17.8445	1681389778.196
3	218.0	17.8756	1681389778.689
3	218.5	17.8496	1681389779.192
3	219.0	17.8331	1681389779.696
3	219.5	17.8006	1681389780.188
3	220.0	17.7787	1681389780.693
3	220.5	17.7189	1681389781.196
3	221.0	17.7357	1681389781.689
3	221.5	17.7361	1681389782.192
3	222.0	17.7709	1681389782.696
3	222.5	17.8047	1681389783.188
3	223.0	17.8520	1681389783.693
3	223.5	17.9269	1681389784.196
3	224.0	17.9804	1681389784.688
3	224.5	18.0267	1681389785.192
3	225.0	18.0538	1681389785.696
3	225.5	18.0578	1681389786.188
3	226.0	18.1081	1681389786.692
3	226.5	18.1554	1681389787.196
3	227.0	18.1911	1681389787.688
3	227.5	18.1857	1681389788.192
3	228.0	18.1985	1681389788.696
3	228.5	18.2092	1681389789.188
3	229.0	18.2408	1681389789.692
3	229.5	18.2480	1681389790.196
3	230.0	18.2494	1681389790.688
3	230.5	18.2415	1681389791.192
3	231.0	18.2605	1681389791.696
3	231.5	18.2779	1681389792.188
3	232.0	18.2856	1681389792.692
3	232.5	18.3212	1681389793.196
3	233.0	18.3449	1681389793.688
3	233.5	18.3387	1681389794.192
3	234.0	18.3309	1681389794.696
3	234.5	18.3176	1681389795.188
3	235.0	18.2630	1681389795.692
3	235.5	18.2288	1681389796.196
3	236.0	18.2237	1681389796.688
3	236.5	18.2482	1681389797.192
3	237.0	18.2678	1681389797.696
3	237.5	18.2740	1681389798.188
3	238.0	18.2876	1681389798.692
3	238.5	18.3390	1681389799.196
3	239.0	18.4020	1681389799.688
3	239.5	18.4268	1681389800.192
3	240.0	18.3796	1681389800.696
3	240.5	18.3738	1681389801.188
3	241.0	18.3650	1681389801.692
3	241.5	18.3514	1681389802.196
3	242.0	18.3327	1681389802.688
3	242.5	18.3888	1681389803.192
3	243.0	18.4375	1681389803.696
3	243.5	18.4912	1681389804.200
3	244.0	18.5079	1681389804.692
3	244.5	18.5227	1681389805.195
3	245.0	18.4947	1681389805.688
3	245.5	18.4584	1681389806.192
3	246.0	18.3793	1681389806.695
3	246.5	18.3815	1681389807.199
3	247.0	18.4279	1681389807.692
3	247.5	18.4595	1681389808.195
3	248.0	18.4910	1681389808.688
3	248.5	18.4870	1681389809.191
3	249.0	18.4409	1681389809.695
3	249.5	18.3389	1681389810.199
3	250.0	18.2687	1681389810.691
3	250.5	18.1991	1681389811.195
3	251.0	18.1605	1681389811.688
3	251.5	18.2061	1681389812.191
3	252.0	18.2374	1681389812.695
3	252.5	18.2657	1681389813.199
3	253.0	18.2955	1681389813.691
3	253.5	18.2253	1681389814.195
3	254.0	18.2117	1681389814.687
3	254.5	18.1695	1681389815.191
3	255.0	18.1470	1681389815.695
3	255.5	18.1189	1681389816.199
3	256.0	18.1156	1681389816.691
3	256.5	18.1752	1681389817.195
3	257.0	18.2185	1681389817.687
3	257.5	18.2448	1681389818.191
3	258.0	18.2677	1681389818.695
3	258.5	18.2752	1681389819.199
3	259.0	18.2197	1681389819.691
3	259.5	18.1572	1681389820.195
3	260.0	18.1462	1681389820.687
3	260.5	18.1902	1681389821.191
3	261.0	18.2412	1681389821.695
3	261.5	18.2812	1681389822.199
3	262.0	18.2886	1681389822.691
3	262.5	18.2862	1681389823.195
3	263.0	18.3124	1681389823.687
3	263.5	18.3102	1681389824.191
3	264.0	18.2713	1681389824.695
3	264.5	18.2547	1681389825.199
3	265.0	18.2379	1681389825.691
3	265.5	18.2136	1681389826.195
3	266.0	18.2236	1681389826.699
3	266.5	18.2496	1681389827.191
3	267.0	18.2853	1681389827.695
3	267.5	18.2523	1681389828.199
3	268.0	18.2555	1681389828.691
3	268.5	18.2619	1681389829.195
3	269.0	18.2895	1681389829.699
3	269.5	18.3044	1681389830.191
3	270.0	18.3543	1681389830.695
3	270.5	18.3967	1681389831.199
3	271.0	18.3944	1681389831.691
3	271.5	18.3672	1681389832.195
3	272.0	18.3644	1681389832.699
3	272.5	18.4033	1681389833.191
3	273.0	18.3708	1681389833.695
3	273.5	18.3757	1681389834.198
3	274.0	18.3403	1681389834.691
3	274.5	18.3773	1681389835.194
3	275.0	18.4216	1681389835.698
3	275.5	18.4504	1681389836.191
3	276.0	18.5035	1681389836.694
3	276.5	18.5033	1681389837.198
3	277.0	18.4978	1681389837.690
3	277.5	18.4747	1681389838.195
3	278.0	18.4797	1681389838.698
3	278.5	18.5424	1681389839.190
3	279.0	18.6079	1681389839.694
3	279.5	18.6186	1681389840.198
3	280.0	18.6716	1681389840.690
3	280.5	18.6859	1681389841.194
3	281.0	18.6357	1681389841.698
3	281.5	18.6037	1681389842.190
3	282.0	18.5648	1681389842.694
3	282.5	18.6211	1681389843.198
3	283.0	18.5567	1681389843.690
3	283.5	18.5695	1681389844.194
3	284.0	18.6171	1681389844.698
3	284.5	18.6387	1681389845.190
3	285.0	18.7187	1681389845.694
3	285.5	18.7600	1681389846.198
3	286.0	18.7876	1681389846.690
3	286.5	18.7617	1681389847.194
3	287.0	18.7420	1681389847.698
3	287.5	18.7159	1681389848.190
3	288.0	18.7329	1681389848.694
3	288.5	18.7868	1681389849.198
3	289.0	18.8592	1681389849.690
3	289.5	18.9675	1681389850.194
3	290.0	19.0575	1681389850.698
3	290.5	19.0590	1681389851.190
3	291.0	19.0920	1681389851.694
3	291.5	19.1283	1681389852.198
3	292.0	19.1307	1681389852.690
3	292.5	19.0284	1681389853.194
3	293.0	19.0134	1681389853.698
3	293.5	19.0057	1681389854.190
3	294.0	19.0180	1681389854.694
3	294.5	19.1200	1681389855.198
3	295.0	19.1892	1681389855.690
3	295.5	19.2344	1681389856.194
3	296.0	19.3384	1681389856.698
3	296.5	19.3665	1681389857.190
3	297.0	19.4035	1681389857.694
3	297.5	19.3620	1681389858.198
3	298.0	19.3207	1681389858.690
3	298.5	19.3538	1681389859.194
3	299.0	19.3505	1681389859.698
3	299.5	19.3440	1681389860.190
3	300.0	19.3863	1681389860.694
3	300.5	19.3656	1681389861.198
3	301.0	19.3204	1681389861.690
3	301.5	19.3382	1681389862.194
3	302.0	19.3296	1681389862.698
3	302.5	19.2649	1681389863.189
3	303.0	19.2890	1681389863.693
3	303.5	19.2971	1681389864.197
3	304.0	19.3799	1681389864.689
3	304.5	19.3934	1681389865.193
3	305.0	19.3424	1681389865.697
3	305.5	19.3241	1681389866.189
3	306.0	19.3413	1681389866.693
3	306.5	19.4011	1681389867.197
3	307.0	19.4366	1681389867.689
3	307.5	19.4150	1681389868.193
3	308.0	19.4231	1681389868.697
3	308.5	19.4734	1681389869.189
3	309.0	19.4806	1681389869.693
3	309.5	19.4418	1681389870.197
3	310.0	19.4401	1681389870.689
3	310.5	19.4369	1681389871.193
3	311.0	19.4909	1681389871.697
3	311.5	19.4989	1681389872.189
3	312.0	19.4693	1681389872.693
3	312.5	19.5040	1681389873.197
3	313.0	19.5492	1681389873.689
3	313.5	19.4879	1681389874.193
3	314.0	19.4081	1681389874.697
3	314.5	19.3978	1681389875.189
3	315.0	19.3960	1681389875.693
3	315.5	19.4097	1681389876.197
3	316.0	19.4401	1681389876.689
3	316.5	19.4339	1681389877.193
3	317.0	19.2979	1681389877.697
3	317.5	19.2681	1681389878.189
3	318.0	19.1922	1681389878.693
3	318.5	19.1405	1681389879.197
3	319.0	19.1755	1681389879.689
3	319.5	19.1732	1681389880.193
3	320.0	19.1410	1681389880.697
3	320.5	19.0785	1681389881.189
3	321.0	19.0605	1681389881.693
3	321.5	19.0936	1681389882.197
3	322.0	19.0824	1681389882.689
3	322.5	19.0446	1681389883.193
3	323.0	18.9968	1681389883.697
3	323.5	18.9502	1681389884.189
3	324.0	18.9386	1681389884.693
3	324.5	18.9606	1681389885.197
3	325.0	18.9726	1681389885.689
3	325.5	19.0495	1681389886.193
3	326.0	19.0983	1681389886.697
3	326.5	19.2174	1681389887.189
3	327.0	19.2585	1681389887.693
3	327.5	19.3026	1681389888.197
3	328.0	19.3560	1681389888.689
3	328.5	19.3323	1681389889.193
3	329.0	19.3634	1681389889.696
3	329.5	19.3074	1681389890.189
3	330.0	19.0754	1681389890.693
3	330.5	18.8964	1681389891.196
3	331.0	18.8101	1681389891.689
3	331.5	18.7447	1681389892.192
3	332.0	18.7576	1681389892.697
3	332.5	18.8633	1681389893.189
3	333.0	18.9606	1681389893.693
3	333.5	19.0698	1681389894.196
3	334.0	19.1747	1681389894.688
3	334.5	19.2513	1681389895.193
3	335.0	19.2338	1681389895.696
3	335.5	19.1845	1681389896.188
3	336.0	19.1378	1681389896.692
3	336.5	19.0769	1681389897.196
3	337.0	19.0310	1681389897.688
3	337.5	19.0617	1681389898.192
3	338.0	19.1056	1681389898.696
3	338.5	19.1366	1681389899.188
3	339.0	19.1404	1681389899.692
3	339.5	19.1384	1681389900.196
3	340.0	19.1744	1681389900.688
3	340.5	19.1300	1681389901.192
3	341.0	19.1361	1681389901.696
3	341.5	19.1032	1681389902.188
3	342.0	19.0990	1681389902.692
3	342.5	19.0318	1681389903.196
3	343.0	18.9679	1681389903.688
3	343.5	18.9163	1681389904.192
3	344.0	18.9168	1681389904.696
3	344.5	18.9545	1681389905.188
3	345.0	18.9320	1681389905.692
3	345.5	18.9179	1681389906.196
3	346.0	18.9211	1681389906.688
3	346.5	18.9247	1681389907.192
3	347.0	18.9016	1681389907.696
3	347.5	18.8444	1681389908.188
3	348.0	18.8035	1681389908.692
3	348.5	18.8074	1681389909.196
3	349.0	18.8065	1681389909.688
3	349.5	18.7608	1681389910.192
3	350.0	18.7413	1681389910.696
3	350.5	18.7219	1681389911.188
3	351.0	18.7272	1681389911.692
3	351.5	18.7246	1681389912.196
3	352.0	18.7088	1681389912.688
3	352.5	18.6882	1681389913.192
3	353.0	18.6381	1681389913.696
3	353.5	18.5770	1681389914.200
3	354.0	18.5593	1681389914.692
3	354.5	18.5954	1681389915.196
3	355.0	18.6397	1681389915.688
3	355.5	18.6750	1681389916.192
3	356.0	18.6503	1681389916.696
3	356.5	18.5865	1681389917.199
3	357.0	18.5869	1681389917.692
3	357.5	18.5319	1681389918.195
3	358.0	18.4917	1681389918.688
3	358.5	18.5066	1681389919.192
3	359.0	18.5160	1681389919.695
3	359.5	18.5529	1681389920.199
3	360.0	18.5912	1681389920.692
3	360.5	18.5714	1681389921.195
3	361.0	18.5719	1681389921.687
3	361.5	18.4845	1681389922.191
3	362.0	18.4323	1681389922.695
3	362.5	18.4028	1681389923.199
3	363.0	18.4656	1681389923.691
3	363.5	18.4946	1681389924.195
3	364.0	18.5350	1681389924.687
3	364.5	18.5827	1681389925.191
3	365.0	18.6437	1681389925.695
3	365.5	18.6670	1681389926.199
3	366.0	18.6273	1681389926.691
3	366.5	18.5389	1681389927.195
3	367.0	18.5054	1681389927.687
3	367.5	18.4723	1681389928.191
3	368.0	18.4815	1681389928.695
3	368.5	18.4098	1681389929.199
3	369.0	18.4484	1681389929.691
3	369.5	18.5003	1681389930.195
3	370.0	18.5408	1681389930.687
3	370.5	18.5681	1681389931.191
3	371.0	18.5659	1681389931.695
3	371.5	18.4863	1681389932.199
3	372.0	18.4788	1681389932.691
3	372.5	18.4704	1681389933.195
3	373.0	18.4325	1681389933.699
3	373.5	18.4451	1681389934.191
3	374.0	18.4299	1681389934.695
3	374.5	18.4061	1681389935.199
3	375.0	18.3639	1681389935.691
3	375.5	18.3608	1681389936.195
3	376.0	18.3566	1681389936.699
3	376.5	18.3559	1681389937.191
3	377.0	18.3232	1681389937.695
3	377.5	18.2684	1681389938.199
3	378.0	18.2339	1681389938.691
3	378.5	18.2466	1681389939.195
3	379.0	18.1911	1681389939.699
3	379.5	18.1633	1681389940.191
3	380.0	18.1199	1681389940.695
3	380.5	18.0709	1681389941.199
3	381.0	18.1067	1681389941.691
3	381.5	18.1369	1681389942.195
3	382.0	18.1480	1681389942.699
3	382.5	18.1752	1681389943.191
3	383.0	18.2098	1681389943.695
3	383.5	18.2428	1681389944.199
3	384.0	18.2510	1681389944.691
3	384.5	18.2450	1681389945.195
3	385.0	18.2749	1681389945.698
3	385.5	18.2699	1681389946.191
3	386.0	18.2017	1681389946.695
3	386.5	18.1474	1681389947.198
3	387.0	18.1438	1681389947.690
3	387.5	18.2039	1681389948.194
3	388.0	18.2782	1681389948.698
3	388.5	18.3020	1681389949.190
3	389.0	18.2910	1681389949.694
3	389.5	18.1847	1681389950.198
3	390.0	18.1143	1681389950.690
3	390.5	18.0869	1681389951.194
3	391.0	18.0769	1681389951.698
3	391.5	18.1384	1681389952.190
3	392.0	18.2193	1681389952.694
3	392.5	18.2487	1681389953.198
3	393.0	18.2835	1681389953.690
3	393.5	18.3410	1681389954.194
3	394.0	18.2472	1681389954.698
3	394.5	18.1221	1681389955.190
3	395.0	18.0642	1681389955.694
3	395.5	18.0160	1681389956.198
3	396.0	17.9864	1681389956.690
3	396.5	17.9458	1681389957.194
3	397.0	17.9314	1681389957.698
3	397.5	17.9511	1681389958.190
3	398.0	18.0076	1681389958.694
3	398.5	18.0597	1681389959.198
3	399.0	18.0932	1681389959.690
3	399.5	18.1603	1681389960.194
3	400.0	18.2179	1681389960.698
3	400.5	18.2136	1681389961.190
3	401.0	18.1534	1681389961.694
3	401.5	18.1244	1681389962.198
3	402.0	18.0758	1681389962.690
3	402.5	18.0542	1681389963.194
3	403.0	18.0197	1681389963.698
3	403.5	18.0624	1681389964.190
3	404.0	18.0429	1681389964.694
3	404.5	18.0246	1681389965.198
3	405.0	18.0150	1681389965.690
3	405.5	17.9639	1681389966.194
3	406.0	17.8932	1681389966.698
3	406.5	17.8085	1681389967.190
3	407.0	17.7556	1681389967.694
3	407.5	17.8083	1681389968.198
3	408.0	17.8738	1681389968.690
3	408.5	17.9137	1681389969.194
3	409.0	17.9812	1681389969.698
3	409.5	18.0055	1681389970.190
3	410.0	17.9880	1681389970.694
3	410.5	17.9851	1681389971.198
3	411.0	17.9483	1681389971.690
3	411.5	17.8931	1681389972.194
3	412.0	17.8221	1681389972.697
3	412.5	17.7525	1681389973.190
3	413.0	17.7218	1681389973.694
3	413.5	17.7106	1681389974.197
3	414.0	17.7095	1681389974.690
3	414.5	17.6892	1681389975.193
3	415.0	17.6886	1681389975.697
3	415.5	17.7016	1681389976.190
3	416.0	17.7495	1681389976.693
3	416.5	17.8105	1681389977.197
3	417.0	17.8632	1681389977.690
3	417.5	17.8696	1681389978.193
3	418.0	17.8424	1681389978.697
3	418.5	17.7929	1681389979.189
3	419.0	17.7132	1681389979.693
3	419.5	17.6336	1681389980.197
3	420.0	17.5319	1681389980.689
3	420.5	17.5157	1681389981.193
3	421.0	17.5267	1681389981.697
3	421.5	17.5637	1681389982.189
3	422.0	17.6447	1681389982.693
3	422.5	17.7048	1681389983.197
3	423.0	17.7695	1681389983.689
3	423.5	17.8036	1681389984.193
3	424.0	17.7947	1681389984.697
3	424.5	17.7566	1681389985.189
3	425.0	17.7044	1681389985.693
3	425.5	17.6657	1681389986.197
3	426.0	17.6084	1681389986.689
3	426.5	17.5593	1681389987.193
3	427.0	17.5078	1681389987.697
3	427.5	17.4837	1681389988.189
3	428.0	17.4617	1681389988.693
3	428.5	17.4533	1681389989.197
3	429.0	17.4572	1681389989.689
3	429.5	17.4655	1681389990.193
3	430.0	17.5184	1681389990.697
3	430.5	17.6008	1681389991.189
3	431.0	17.6856	1681389991.693
3	431.5	17.7088	1681389992.197
3	432.0	17.6325	1681389992.689
3	432.5	17.5672	1681389993.193
3	433.0	17.4883	1681389993.697
3	433.5	17.4262	1681389994.189
3	434.0	17.3758	1681389994.693
3	434.5	17.3597	1681389995.197
3	435.0	17.3618	1681389995.689
3	435.5	17.3743	1681389996.193
3	436.0	17.4160	1681389996.697
3	436.5	17.4657	1681389997.189
3	437.0	17.4996	1681389997.693
3	437.5	17.5379	1681389998.197
3	438.0	17.5176	1681389998.689
3	438.5	17.4785	1681389999.193
3	439.0	17.4731	1681389999.697
3	439.5	17.4790	1681390000.189
3	440.0	17.4879	1681390000.693
3	440.5	17.5029	1681390001.196
3	441.0	17.5340	1681390001.689
3	441.5	17.5629	1681390002.193
3	442.0	17.6032	1681390002.696
3	442.5	17.6846	1681390003.189
3	443.0	17.7593	1681390003.693
3	443.5	17.7571	1681390004.196
3	444.0	17.7409	1681390004.689
3	444.5	17.7436	1681390005.192
3	445.0	17.8037	1681390005.696
3	445.5	17.8341	1681390006.189
3	446.0	17.8900	1681390006.692
3	446.5	17.8710	1681390007.196
3	447.0	17.8331	1681390007.688
3	447.5	17.8447	1681390008.192
3	448.0	17.9256	1681390008.696
3	448.5	18.0121	1681390009.188
3	449.0	18.1252	1681390009.692
3	449.5	18.2324	1681390010.196
3	450.0	18.3208	1681390010.688
3	450.5	18.3977	1681390011.192
3	451.0	18.4744	1681390011.696
3	451.5	18.5248	1681390012.188
3	452.0	18.5122	1681390012.692
3	452.5	18.3969	1681390013.196
3	453.0	18.3057	1681390013.688
3	453.5	18.2554	1681390014.192
3	454.0	18.3421	1681390014.696
3	454.5	18.4618	1681390015.188
3	455.0	18.4347	1681390015.692
3	455.5	18.3970	1681390016.196
3	456.0	18.3633	1681390016.688
3	456.5	18.3386	1681390017.192
3	457.0	18.3297	1681390017.696
3	457.5	18.3407	1681390018.188
3	458.0	18.3500	1681390018.692
3	458.5	18.3334	1681390019.196
3	459.0	18.2590	1681390019.688
3	459.5	18.1994	1681390020.192
3	460.0	18.1368	1681390020.696
3	460.5	18.0958	1681390021.200
3	461.0	18.0643	1681390021.692
3	461.5	18.0562	1681390022.196
3	462.0	18.0344	1681390022.688
3	462.5	18.0359	1681390023.192
3	463.0	18.0668	1681390023.696
3	463.5	18.1164	1681390024.200
3	464.0	18.1771	1681390024.692
3	464.5	18.2139	1681390025.196
3	465.0	18.3019	1681390025.688
3	465.5	18.3803	1681390026.192
3	466.0	18.4139	1681390026.696
3	466.5	18.4061	1681390027.200
3	467.0	18.4136	1681390027.692
3	467.5	18.4484	1681390028.196
3	468.0	18.4975	1681390028.688
3	468.5	18.4871	1681390029.192
3	469.0	18.5207	1681390029.696
3	469.5	18.5677	1681390030.199
3	470.0	18.5940	1681390030.692
3	470.5	18.5854	1681390031.196
3	471.0	18.5718	1681390031.687
3	471.5	18.5945	1681390032.191
3	472.0	18.5882	1681390032.695
3	472.5	18.6078	1681390033.199
3	473.0	18.5994	1681390033.691
3	473.5	18.6093	1681390034.195
3	474.0	18.6546	1681390034.688
3	474.5	18.7038	1681390035.191
3	475.0	18.7106	1681390035.695
3	475.5	18.7616	1681390036.199
3	476.0	18.7791	1681390036.691
3	476.5	18.7908	1681390037.195
3	477.0	18.8155	1681390037.687
3	477.5	18.8390	1681390038.191
3	478.0	18.8794	1681390038.695
3	478.5	18.9199	1681390039.199
3	479.0	18.8845	1681390039.691
3	479.5	18.8837	1681390040.195
3	480.0	18.9292	1681390040.699
3	480.5	18.9331	1681390041.191
3	481.0	18.9261	1681390041.695
3	481.5	18.9229	1681390042.199
3	482.0	18.9420	1681390042.691
3	482.5	18.9595	1681390043.195
3	483.0	18.9766	1681390043.699
3	483.5	18.9979	1681390044.191
3	484.0	18.9951	1681390044.695
3	484.5	18.9538	1681390045.199
3	485.0	18.9714	1681390045.691
3	485.5	19.0047	1681390046.195
3	486.0	18.9645	1681390046.699
3	486.5	18.9610	1681390047.191
3	487.0	18.9548	1681390047.695
3	487.5	18.9906	1681390048.199
3	488.0	19.0243	1681390048.691
3	488.5	19.0031	1681390049.195
3	489.0	19.0040	1681390049.699
3	489.5	19.0390	1681390050.191
3	490.0	19.0980	1681390050.695
3	490.5	19.2137	1681390051.199
3	491.0	19.2781	1681390051.691
3	491.5	19.2618	1681390052.195
3	492.0	19.2355	1681390052.699
3	492.5	19.2235	1681390053.191
3	493.0	19.0864	1681390053.695
3	493.5	19.0137	1681390054.199
3	494.0	18.9785	1681390054.691
3	494.5	18.9928	1681390055.195
3	495.0	19.0266	1681390055.699
3	495.5	18.9128	1681390056.191
3	496.0	18.8011	1681390056.695
3	496.5	18.6768	1681390057.198
3	497.0	18.5941	1681390057.691
3	497.5	18.5095	1681390058.195
3	498.0	18.4225	1681390058.698
3	498.5	18.3835	1681390059.191
3	499.0	18.3594	1681390059.694
3	499.5	18.2832	1681390060.198
3	500.0	18.2566	1681390060.690
3	500.5	18.2009	1681390061.194
3	501.0	18.1391	1681390061.698
3	501.5	18.0422	1681390062.191
3	502.0	17.9935	1681390062.694
3	502.5	17.9655	1681390063.198
3	503.0	17.9210	1681390063.690
3	503.5	17.9053	1681390064.194
3	504.0	17.8933	1681390064.698
3	504.5	17.8948	1681390065.190
3	505.0	17.9005	1681390065.694
3	505.5	17.8520	1681390066.198
3	506.0	17.8405	1681390066.690
3	506.5	17.8662	1681390067.194
3	507.0	17.8527	1681390067.699
3	507.5	17.8302	1681390068.190
3	508.0	17.8076	1681390068.694
3	508.5	17.8115	1681390069.198
3	509.0	17.8242	1681390069.690
3	509.5	17.8488	1681390070.194
3	510.0	17.7673	1681390070.698
3	510.5	17.7524	1681390071.190
3	511.0	17.8415	1681390071.694
3	511.5	17.9071	1681390072.198
3	512.0	17.8620	1681390072.690
3	512.5	17.8201	1681390073.194
3	513.0	17.8299	1681390073.698
3	513.5	17.8414	1681390074.190
3	514.0	17.8525	1681390074.694
3	514.5	17.8688	1681390075.198
3	515.0	17.9073	1681390075.690
3	515.5	18.0216	1681390076.194
3	516.0	18.1257	1681390076.698
3	516.5	18.0682	1681390077.190
3	517.0	18.0438	1681390077.694
3	517.5	18.0338	1681390078.198
3	518.0	18.0415	1681390078.690
3	518.5	18.0051	1681390079.194
3	519.0	17.9814	1681390079.698
3	519.5	17.9178	1681390080.190
3	520.0	17.9052	1681390080.694
3	520.5	17.9218	1681390081.198
3	521.0	17.9050	1681390081.690
3	521.5	17.8579	1681390082.194
3	522.0	17.8042	1681390082.698
3	522.5	17.7843	1681390083.190
3	523.0	17.7491	1681390083.694
3	523.5	17.7436	1681390084.197
3	524.0	17.7352	1681390084.690
3	524.5	17.7497	1681390085.194
3	525.0	17.7684	1681390085.698
3	525.5	17.7344	1681390086.190
3	526.0	17.7454	1681390086.694
3	526.5	17.7226	1681390087.197
3	527.0	17.6966	1681390087.690
3	527.5	17.7293	1681390088.194
3	528.0	17.7650	1681390088.697
3	528.5	17.7705	1681390089.190
3	529.0	17.7408	1681390089.693
3	529.5	17.7294	1681390090.197
3	530.0	17.7968	1681390090.690
3	530.5	17.8245	1681390091.193
3	531.0	17.8054	1681390091.698
3	531.5	17.7862	1681390092.189
3	532.0	17.7896	1681390092.693
3	532.5	17.7499	1681390093.197
3	533.0	17.7317	1681390093.689
3	533.5	17.7245	1681390094.193
3	534.0	17.7140	1681390094.697
3	534.5	17.7039	1681390095.189
3	535.0	17.7098	1681390095.693
3	535.5	17.7366	1681390096.197
3	536.0	17.7052	1681390096.689
3	536.5	17.6741	1681390097.193
3	537.0	17.6670	1681390097.697
3	537.5	17.6676	1681390098.189
3	538.0	17.7105	1681390098.693
3	538.5	17.8052	1681390099.197
3	539.0	17.9402	1681390099.689
3	539.5	17.9598	1681390100.193
3	540.0	17.9395	1681390100.697
3	540.5	17.9269	1681390101.189
3	541.0	18.0125	1681390101.693
3	541.5	18.0670	1681390102.197
3	542.0	17.9900	1681390102.689
3	542.5	17.9729	1681390103.193
3	543.0	17.9523	1681390103.697
3	543.5	18.0326	1681390104.189
3	544.0	18.1301	1681390104.693
3	544.5	18.1585	1681390105.197
3	545.0	18.2181	1681390105.689
3	545.5	18.2710	1681390106.193
3	546.0	18.3217	1681390106.697
3	546.5	18.3870	1681390107.189
3	547.0	18.3644	1681390107.693
3	547.5	18.2494	1681390108.197
3	548.0	18.1871	1681390108.689
3	548.5	18.1281	1681390109.193
3	549.0	18.0923	1681390109.697
3	549.5	18.0767	1681390110.189
3	550.0	18.0889	1681390110.693
3	550.5	18.0911	1681390111.197
3	551.0	18.0705	1681390111.689
3	551.5	18.0335	1681390112.193
3	552.0	18.0148	1681390112.697
3	552.5	18.0008	1681390113.189
3	553.0	17.9801	1681390113.693
3	553.5	17.9481	1681390114.197
3	554.0	17.9295	1681390114.689
3	554.5	17.9000	1681390115.193
3	555.0	17.8986	1681390115.696
3	555.5	17.8964	1681390116.188
3	556.0	17.8889	1681390116.692
3	556.5	17.8324	1681390117.196
3	557.0	17.8185	1681390117.689
3	557.5	17.8177	1681390118.192
3	558.0	17.8539	1681390118.696
3	558.5	17.8886	1681390119.188
3	559.0	17.8939	1681390119.692
3	559.5	17.9802	1681390120.196
3	560.0	17.9977	1681390120.689
3	560.5	18.0592	1681390121.192
3	561.0	18.0622	1681390121.696
3	561.5	18.0400	1681390122.188
3	562.0	18.1777	1681390122.692
3	562.5	18.2439	1681390123.196
3	563.0	18.3409	1681390123.688
3	563.5	18.2383	1681390124.192
3	564.0	18.2075	1681390124.696
3	564.5	18.2162	1681390125.188
3	565.0	18.1557	1681390125.692
3	565.5	18.0961	1681390126.196
3	566.0	18.1044	1681390126.688
3	566.5	18.1394	1681390127.192
3	567.0	18.1269	1681390127.696
3	567.5	18.1833	1681390128.188
3	568.0	18.1808	1681390128.692
3	568.5	18.2532	1681390129.196
3	569.0	18.4090	1681390129.688
3	569.5	18.4487	1681390130.192
3	570.0	18.5022	1681390130.696
3	570.5	18.5456	1681390131.200
3	571.0	18.5382	1681390131.692
3	571.5	18.5559	1681390132.196
3	572.0	18.5096	1681390132.688
3	572.5	18.4537	1681390133.192
3	573.0	18.4008	1681390133.696
3	573.5	18.3891	1681390134.200
3	574.0	18.4284	1681390134.692
3	574.5	18.4466	1681390135.196
3	575.0	18.4243	1681390135.688
3	575.5	18.4498	1681390136.192
3	576.0	18.4249	1681390136.696
3	576.5	18.4787	1681390137.200
3	577.0	18.4779	1681390137.692
3	577.5	18.5076	1681390138.196
3	578.0	18.4058	1681390138.688
3	578.5	18.3808	1681390139.192
3	579.0	18.4315	1681390139.696
3	579.5	18.5060	1681390140.200
3	580.0	18.5590	1681390140.692
3	580.5	18.5197	1681390141.195
3	581.0	18.5024	1681390141.688
3	581.5	18.4718	1681390142.192
3	582.0	18.4826	1681390142.695
3	582.5	18.4664	1681390143.199
3	583.0	18.4735	1681390143.692
3	583.5	18.4632	1681390144.196
3	584.0	18.4620	1681390144.688
3	584.5	18.4751	1681390145.192
3	585.0	18.4647	1681390145.696
3	585.5	18.4655	1681390146.199
3	586.0	18.5112	1681390146.691
3	586.5	18.5039	1681390147.195
3	587.0	18.5228	1681390147.687
3	587.5	18.5329	1681390148.191
3	588.0	18.4854	1681390148.695
3	588.5	18.3941	1681390149.199
3	589.0	18.3577	1681390149.691
3	589.5	18.3278	1681390150.195
3	590.0	18.2374	1681390150.699
3	590.5	18.1947	1681390151.191
3	591.0	18.1236	1681390151.695
3	591.5	18.0620	1681390152.199
3	592.0	18.0236	1681390152.691
3	592.5	18.0172	1681390153.195
3	593.0	18.0367	1681390153.699
3	593.5	18.0840	1681390154.191
3	594.0	18.0828	1681390154.695
3	594.5	18.0961	1681390155.199
3	595.0	18.0387	1681390155.691
3	595.5	17.9911	1681390156.195
3	596.0	17.9468	1681390156.699
3	596.5	17.9521	1681390157.191
3	597.0	17.9324	1681390157.695
3	597.5	17.9692	1681390158.199
3	598.0	17.9782	1681390158.691
3	598.5	17.9443	1681390159.195
3	599.0	17.8890	1681390159.699
3	599.5	17.8926	1681390160.191
3	600.0	17.8896	1681390160.695
3	600.5	17.8844	1681390161.199
3	601.0	17.8491	1681390161.691
3	601.5	17.8659	1681390162.195
3	602.0	17.8322	1681390162.699
3	602.5	17.8349	1681390163.191
3	603.0	17.8147	1681390163.695
3	603.5	17.8141	1681390164.199
3	604.0	17.8494	1681390164.691
3	604.5	17.8772	1681390165.195
3	605.0	17.8884	1681390165.699
3	605.5	17.9088	1681390166.191
3	606.0	17.8752	1681390166.695
3	606.5	17.9063	1681390167.199
3	607.0	17.9831	1681390167.691
3	607.5	17.9797	1681390168.195
3	608.0	17.9830	1681390168.698
3	608.5	17.9807	1681390169.191
3	609.0	17.9743	1681390169.694
3	609.5	17.9349	1681390170.198
3	610.0	17.9176	1681390170.691
3	610.5	17.8710	1681390171.194
3	611.0	17.8345	1681390171.698
3	611.5	17.9087	1681390172.191
3	612.0	17.8788	1681390172.694
3	612.5	17.8364	1681390173.198
3	613.0	17.8586	1681390173.691
3	613.5	17.8522	1681390174.194
3	614.0	17.8694	1681390174.698
3	614.5	17.9425	1681390175.190
3	615.0	17.9682	1681390175.694
3	615.5	17.9541	1681390176.198
3	616.0	17.9603	1681390176.690
3	616.5	17.9412	1681390177.194
3	617.0	17.9520	1681390177.698
3	617.5	17.9598	1681390178.190
3	618.0	17.9595	1681390178.694
3	618.5	17.9602	1681390179.198
3	619.0	17.9518	1681390179.690
3	619.5	18.0296	1681390180.194
3	620.0	18.1362	1681390180.698
3	620.5	18.1295	1681390181.190
3	621.0	18.1017	1681390181.694
3	621.5	18.0155	1681390182.198
3	622.0	17.9952	1681390182.690
3	622.5	18.0644	1681390183.194
3	623.0	18.1203	1681390183.698
3	623.5	18.0870	1681390184.190
3	624.0	18.0307	1681390184.694
3	624.5	18.0006	1681390185.198
3	625.0	17.9651	1681390185.690
3	625.5	17.9418	1681390186.194
3	626.0	17.9377	1681390186.698
3	626.5	17.9106	1681390187.190
3	627.0	17.8681	1681390187.694
3	627.5	17.8311	1681390188.198
3	628.0	17.8390	1681390188.690
3	628.5	17.8370	1681390189.194
3	629.0	17.8701	1681390189.698
3	629.5	17.8624	1681390190.190
3	630.0	17.8427	1681390190.694
3	630.5	17.8075	1681390191.198
3	631.0	17.7735	1681390191.690
3	631.5	17.7868	1681390192.194
3	632.0	17.8102	1681390192.698
3	632.5	17.8303	1681390193.190
3	633.0	17.8128	1681390193.694
3	633.5	17.8191	1681390194.198
3	634.0	17.9106	1681390194.690
3	634.5	17.9038	1681390195.194
3	635.0	17.9801	1681390195.698
3	635.5	17.9906	1681390196.190
3	636.0	17.9704	1681390196.694
3	636.5	17.9391	1681390197.198
3	637.0	17.9256	1681390197.690
3	637.5	17.9133	1681390198.194
3	638.0	17.9480	1681390198.697
3	638.5	18.0603	1681390199.190
3	639.0	18.1251	1681390199.694
3	639.5	18.0871	1681390200.197
3	640.0	18.0492	1681390200.689
3	640.5	18.0230	1681390201.193
3	641.0	18.0970	1681390201.698
3	641.5	18.2762	1681390202.189
3	642.0	18.4660	1681390202.693
3	642.5	18.5523	1681390203.197
3	643.0	18.6039	1681390203.689
3	643.5	18.7598	1681390204.193
3	644.0	18.9366	1681390204.697
3	644.5	19.0601	1681390205.189
3	645.0	19.1566	1681390205.693
3	645.5	19.2546	1681390206.197
3	646.0	19.3321	1681390206.690
3	646.5	19.2524	1681390207.193
3	647.0	19.1970	1681390207.697
3	647.5	19.2514	1681390208.189
3	648.0	19.3952	1681390208.693
3	648.5	19.5094	1681390209.197
3	649.0	19.5831	1681390209.689
3	649.5	19.5726	1681390210.193
3	650.0	19.5776	1681390210.697
3	650.5	19.6412	1681390211.189
3	651.0	19.7052	1681390211.693
3	651.5	19.7745	1681390212.197
3	652.0	19.8073	1681390212.689
3	652.5	19.6729	1681390213.193
3	653.0	19.5422	1681390213.697
3	653.5	19.4986	1681390214.189
3	654.0	19.6137	1681390214.693
3	654.5	19.7067	1681390215.197
3	655.0	19.7557	1681390215.689
3	655.5	19.6288	1681390216.193
3	656.0	19.5410	1681390216.697
3	656.5	19.4722	1681390217.189
3	657.0	19.5861	1681390217.693
3	657.5	19.7346	1681390218.197
3	658.0	19.8620	1681390218.689
3	658.5	19.9843	1681390219.193
3	659.0	19.9462	1681390219.697
3	659.5	19.8356	1681390220.189
3	660.0	19.6910	1681390220.693
3	660.5	19.6613	1681390221.197
3	661.0	19.6049	1681390221.689
3	661.5	19.6698	1681390222.193
3	662.0	19.7695	1681390222.697
3	662.5	19.8512	1681390223.189
3	663.0	19.9437	1681390223.693
3	663.5	20.0367	1681390224.197
3	664.0	20.0833	1681390224.689
3	664.5	19.9527	1681390225.193
3	665.0	19.7699	1681390225.696
3	665.5	19.6363	1681390226.189
3	666.0	19.6326	1681390226.693
3	666.5	19.6283	1681390227.197
3	667.0	19.6354	1681390227.689
3	667.5	19.6241	1681390228.193
3	668.0	19.4458	1681390228.697
3	668.5	19.2301	1681390229.188
3	669.0	19.0583	1681390229.692
3	669.5	18.9288	1681390230.196
3	670.0	18.8485	1681390230.688
3	670.5	18.7643	1681390231.192
3	671.0	18.6787	1681390231.696
3	671.5	18.6362	1681390232.188
3	672.0	18.5479	1681390232.693
3	672.5	18.4843	1681390233.196
3	673.0	18.5263	1681390233.688
3	673.5	18.5094	1681390234.192
3	674.0	18.4514	1681390234.696
3	674.5	18.5357	1681390235.188
3	675.0	18.5925	1681390235.692
3	675.5	18.5245	1681390236.196
3	676.0	18.4546	1681390236.688
3	676.5	18.3583	1681390237.192
3	677.0	18.2765	1681390237.696
3	677.5	18.2304	1681390238.200
3	678.0	18.2094	1681390238.692
3	678.5	18.3075	1681390239.196
3	679.0	18.3202	1681390239.688
3	679.5	18.2599	1681390240.192
3	680.0	18.2001	1681390240.696
3	680.5	18.1711	1681390241.200
3	681.0	18.1638	1681390241.692
3	681.5	18.1236	1681390242.196
3	682.0	18.1116	1681390242.688
3	682.5	18.0888	1681390243.192
3	683.0	18.0824	1681390243.696
3	683.5	18.1088	1681390244.200
3	684.0	18.1247	1681390244.692
3	684.5	18.1085	1681390245.196
3	685.0	18.1425	1681390245.688
3	685.5	18.1211	1681390246.192
3	686.0	18.1080	1681390246.696
3	686.5	18.1275	1681390247.200
3	687.0	18.1734	1681390247.692
3	687.5	18.2621	1681390248.196
3	688.0	18.2587	1681390248.688
3	688.5	18.2575	1681390249.192
3	689.0	18.2619	1681390249.696
3	689.5	18.2857	1681390250.199
3	690.0	18.3078	1681390250.692
3	690.5	18.2155	1681390251.196
3	691.0	18.1341	1681390251.688
3	691.5	18.0910	1681390252.192
3	692.0	18.0995	1681390252.695
3	692.5	18.1337	1681390253.199
3	693.0	18.1142	1681390253.692
3	693.5	18.1040	1681390254.195
3	694.0	18.0738	1681390254.688
3	694.5	18.0642	1681390255.191
3	695.0	18.1596	1681390255.695
3	695.5	18.2521	1681390256.199
3	696.0	18.2640	1681390256.692
3	696.5	18.1943	1681390257.195
3	697.0	18.1190	1681390257.688
3	697.5	18.1060	1681390258.191
3	698.0	18.1365	1681390258.695
3	698.5	18.1285	1681390259.199
3	699.0	18.1240	1681390259.691
3	699.5	18.0929	1681390260.195
3	700.0	18.0643	1681390260.699
3	700.5	18.0421	1681390261.191
3	701.0	18.0694	1681390261.695
3	701.5	18.0840	1681390262.199
3	702.0	18.1138	1681390262.691
3	702.5	18.1428	1681390263.195
3	703.0	18.2127	1681390263.699
3	703.5	18.1570	1681390264.191
3	704.0	18.1325	1681390264.695
3	704.5	18.1057	1681390265.199
3	705.0	18.1082	1681390265.691
3	705.5	18.1469	1681390266.195
3	706.0	18.1915	1681390266.699
3	706.5	18.2117	1681390267.191
3	707.0	18.2558	1681390267.695
3	707.5	18.3179	1681390268.199
3	708.0	18.3904	1681390268.691
3	708.5	18.3858	1681390269.195
3	709.0	18.3633	1681390269.699
3	709.5	18.3310	1681390270.191
3	710.0	18.2834	1681390270.695
3	710.5	18.2575	1681390271.199
3	711.0	18.2774	1681390271.691
3	711.5	18.3902	1681390272.195
3	712.0	18.3649	1681390272.699
3	712.5	18.2494	1681390273.191
3	713.0	18.1712	1681390273.695
3	713.5	18.2288	1681390274.199
3	714.0	18.2775	1681390274.691
3	714.5	18.2572	1681390275.195
3	715.0	18.3161	1681390275.699
3	715.5	18.3358	1681390276.191
3	716.0	18.3488	1681390276.695
3	716.5	18.3278	1681390277.199
3	717.0	18.2701	1681390277.691
3	717.5	18.2283	1681390278.195
3	718.0	18.1684	1681390278.699
3	718.5	18.1325	1681390279.191
3	719.0	18.0956	1681390279.695
3	719.5	18.0538	1681390280.199
3	720.0	18.0359	1681390280.691
3	720.5	18.0290	1681390281.195
3	721.0	17.9811	1681390281.698
3	721.5	17.9553	1681390282.191
3	722.0	17.9406	1681390282.694
3	722.5	17.9400	1681390283.198
3	723.0	17.9530	1681390283.690
3	723.5	17.9998	1681390284.194
3	724.0	18.0608	1681390284.698
3	724.5	18.0605	1681390285.190
3	725.0	18.0777	1681390285.694
3	725.5	18.0646	1681390286.198
3	726.0	18.0393	1681390286.690
3	726.5	18.0524	1681390287.194
3	727.0	18.0684	1681390287.698
3	727.5	18.0482	1681390288.190
3	728.0	18.0708	1681390288.694
3	728.5	18.0831	1681390289.198
3	729.0	18.0619	1681390289.690
3	729.5	18.0458	1681390290.194
3	730.0	18.0148	1681390290.698
3	730.5	18.0303	1681390291.190
3	731.0	18.1220	1681390291.694
3	731.5	18.2215	1681390292.198
3	732.0	18.2535	1681390292.690
3	732.5	18.3356	1681390293.194
3	733.0	18.3231	1681390293.698
3	733.5	18.3030	1681390294.190
3	734.0	18.2645	1681390294.694
3	734.5	18.2842	1681390295.198
3	735.0	18.2963	1681390295.690
3	735.5	18.2759	1681390296.194
3	736.0	18.3186	1681390296.698
3	736.5	18.3779	1681390297.190
3	737.0	18.4250	1681390297.694
3	737.5	18.4531	1681390298.198
3	738.0	18.4814	1681390298.690
3	738.5	18.4020	1681390299.194
3	739.0	18.3159	1681390299.698
3	739.5	18.2644	1681390300.190
3	740.0	18.2361	1681390300.694
3	740.5	18.2333	1681390301.198
3	741.0	18.2232	1681390301.690
3	741.5	18.3023	1681390302.194
3	742.0	18.3245	1681390302.698
3	742.5	18.4030	1681390303.190
3	743.0	18.4588	1681390303.694
3	743.5	18.4304	1681390304.198
3	744.0	18.4470	1681390304.690
3	744.5	18.4103	1681390305.194
3	745.0	18.3215	1681390305.698
3	745.5	18.2892	1681390306.190
3	746.0	18.2533	1681390306.694
3	746.5	18.2375	1681390307.198
3	747.0	18.2602	1681390307.690
3	747.5	18.3191	1681390308.194
3	748.0	18.3453	1681390308.697
3	748.5	18.3403	1681390309.190
3	749.0	18.3409	1681390309.693
3	749.5	18.3752	1681390310.197
3	750.0	18.3520	1681390310.690
3	750.5	18.3173	1681390311.193
3	751.0	18.2669	1681390311.697
3	751.5	18.2538	1681390312.189
3	752.0	18.2294	1681390312.693
3	752.5	18.2502	1681390313.197
3	753.0	18.2434	1681390313.689
3	753.5	18.2187	1681390314.193
3	754.0	18.1764	1681390314.697
3	754.5	18.1671	1681390315.189
3	755.0	18.2248	1681390315.694
3	755.5	18.3006	1681390316.197
3	756.0	18.2915	1681390316.689
3	756.5	18.2448	1681390317.194
3	757.0	18.2705	1681390317.697
3	757.5	18.3876	1681390318.189
3	758.0	18.3515	1681390318.693
3	758.5	18.3119	1681390319.197
3	759.0	18.2773	1681390319.689
3	759.5	18.2663	1681390320.193
3	760.0	18.2869	1681390320.697
3	760.5	18.3540	1681390321.189
3	761.0	18.4551	1681390321.693
3	761.5	18.4968	1681390322.197
3	762.0	18.4665	1681390322.689
3	762.5	18.4267	1681390323.193
3	763.0	18.3692	1681390323.697
3	763.5	18.3402	1681390324.189
3	764.0	18.3536	1681390324.693
3	764.5	18.3627	1681390325.197
3	765.0	18.4758	1681390325.689
3	765.5	18.4800	1681390326.193
3	766.0	18.4821	1681390326.697
3	766.5	18.5450	1681390327.189
3	767.0	18.6041	1681390327.693
3	767.5	18.6048	1681390328.197
3	768.0	18.6254	1681390328.689
3	768.5	18.6448	1681390329.193
3	769.0	18.6096	1681390329.697
3	769.5	18.5317	1681390330.189
3	770.0	18.5204	1681390330.693
3	770.5	18.5664	1681390331.197
3	771.0	18.5959	1681390331.689
3	771.5	18.5285	1681390332.193
3	772.0	18.4646	1681390332.697
3	772.5	18.4713	1681390333.189
3	773.0	18.5224	1681390333.693
3	773.5	18.5159	1681390334.197
3	774.0	18.4810	1681390334.689
3	774.5	18.4216	1681390335.193
3	775.0	18.3821	1681390335.696
3	775.5	18.3714	1681390336.189
3	776.0	18.3631	1681390336.693
3	776.5	18.3233	1681390337.197
3	777.0	18.3220	1681390337.689
3	777.5	18.2966	1681390338.193
3	778.0	18.2313	1681390338.696
3	778.5	18.2142	1681390339.189
3	779.0	18.2299	1681390339.692
3	779.5	18.2648	1681390340.196
3	780.0	18.2842	1681390340.689
3	780.5	18.2528	1681390341.192
3	781.0	18.1977	1681390341.696
3	781.5	18.1927	1681390342.188
3	782.0	18.1479	1681390342.692
3	782.5	18.1238	1681390343.196
3	783.0	18.1090	1681390343.688
3	783.5	18.1189	1681390344.192
3	784.0	18.1062	1681390344.696
3	784.5	18.0967	1681390345.189
3	785.0	18.1282	1681390345.692
3	785.5	18.1525	1681390346.196
3	786.0	18.1580	1681390346.688
3	786.5	18.2092	1681390347.192
3	787.0	18.2292	1681390347.696
3	787.5	18.2831	1681390348.188
3	788.0	18.2601	1681390348.692
3	788.5	18.2135	1681390349.196
3	789.0	18.3039	1681390349.688
3	789.5	18.3617	1681390350.192
3	790.0	18.3747	1681390350.696
3	790.5	18.3994	1681390351.200
3	791.0	18.3674	1681390351.692
3	791.5	18.3532	1681390352.196
3	792.0	18.3715	1681390352.688
3	792.5	18.3558	1681390353.192
3	793.0	18.2913	1681390353.696
3	793.5	18.2573	1681390354.200
3	794.0	18.1992	1681390354.692
3	794.5	18.1930	1681390355.196
3	795.0	18.2406	1681390355.688
3	795.5	18.2459	1681390356.192
3	796.0	18.2243	1681390356.696
3	796.5	18.1627	1681390357.200
3	797.0	18.1453	1681390357.692
3	797.5	18.0908	1681390358.196
3	798.0	18.0471	1681390358.688
3	798.5	18.0571	1681390359.192
3	799.0	18.0337	1681390359.696
3	799.5	18.0076	1681390360.200
3	800.0	18.0334	1681390360.692
3	800.5	18.0619	1681390361.196
3	801.0	18.0845	1681390361.688
3	801.5	18.1069	1681390362.192
3	802.0	18.1719	1681390362.696
3	802.5	18.2212	1681390363.199
3	803.0	18.2293	1681390363.692
3	803.5	18.1735	1681390364.196
3	804.0	18.1601	1681390364.688
3	804.5	18.1362	1681390365.192
3	805.0	18.1680	1681390365.695
3	805.5	18.2185	1681390366.199
3	806.0	18.2347	1681390366.692
3	806.5	18.2338	1681390367.195
3	807.0	18.2316	1681390367.687
3	807.5	18.2831	1681390368.191
3	808.0	18.3554	1681390368.695
3	808.5	18.3344	1681390369.199
3	809.0	18.2732	1681390369.691
3	809.5	18.2106	1681390370.195
3	810.0	18.1562	1681390370.699
3	810.5	18.1747	1681390371.191
3	811.0	18.2862	1681390371.695
3	811.5	18.3404	1681390372.199
3	812.0	18.3251	1681390372.691
3	812.5	18.3549	1681390373.195
3	813.0	18.3713	1681390373.699
3	813.5	18.3792	1681390374.191
3	814.0	18.4016	1681390374.695
3	814.5	18.4578	1681390375.199
3	815.0	18.4770	1681390375.691
3	815.5	18.4972	1681390376.195
3	816.0	18.5320	1681390376.699
3	816.5	18.6040	1681390377.191
3	817.0	18.6026	1681390377.695
3	817.5	18.6336	1681390378.199
3	818.0	18.7139	1681390378.691
3	818.5	18.7345	1681390379.195
3	819.0	18.7974	1681390379.699
3	819.5	18.8262	1681390380.191
3	820.0	18.8851	1681390380.695
3	820.5	18.8896	1681390381.199
3	821.0	18.8664	1681390381.691
3	821.5	18.9007	1681390382.195
3	822.0	18.9079	1681390382.699
3	822.5	18.8999	1681390383.191
3	823.0	18.9257	1681390383.695
3	823.5	18.9848	1681390384.199
3	824.0	19.0685	1681390384.691
3	824.5	19.1260	1681390385.195
3	825.0	19.1092	1681390385.699
3	825.5	19.0567	1681390386.191
3	826.0	19.0629	1681390386.695
3	826.5	19.0683	1681390387.199
3	827.0	19.0974	1681390387.691
3	827.5	19.1336	1681390388.195
3	828.0	19.0884	1681390388.699
3	828.5	18.9547	1681390389.191
3	829.0	18.8288	1681390389.695
3	829.5	18.8306	1681390390.199
3	830.0	18.8558	1681390390.691
3	830.5	18.9018	1681390391.195
3	831.0	18.9791	1681390391.699
3	831.5	19.0343	1681390392.191
3	832.0	18.9867	1681390392.694
3	832.5	18.9967	1681390393.198
3	833.0	19.0239	1681390393.691
3	833.5	19.0247	1681390394.194
3	834.0	19.0548	1681390394.698
3	834.5	19.0611	1681390395.190
3	835.0	19.1591	1681390395.694
3	835.5	19.2577	1681390396.199
3	836.0	19.3109	1681390396.690
3	836.5	19.3582	1681390397.194
3	837.0	19.3806	1681390397.698
3	837.5	19.4495	1681390398.190
3	838.0	19.4756	1681390398.694
3	838.5	19.4960	1681390399.198
3	839.0	19.5378	1681390399.690
3	839.5	19.5639	1681390400.194
3	840.0	19.5296	1681390400.698
3	840.5	19.5604	1681390401.190
3	841.0	19.6218	1681390401.694
3	841.5	19.6534	1681390402.198
3	842.0	19.7355	1681390402.690
3	842.5	19.6293	1681390403.194
3	843.0	18.1079	1681390403.698
3	843.5	18.1032	1681390404.190
3	844.0	18.1015	1681390404.694
3	844.5	18.1010	1681390405.198
3	845.0	18.1022	1681390405.690
3	845.5	18.1033	1681390406.194
3	846.0	18.1066	1681390406.698
3	846.5	18.1020	1681390407.190
3	847.0	18.0997	1681390407.694
3	847.5	18.1006	1681390408.198
3	848.0	18.1019	1681390408.690
3	848.5	18.0993	1681390409.194
3	849.0	18.0860	1681390409.698
3	849.5	18.0825	1681390410.190
3	850.0	18.0723	1681390410.694
3	850.5	18.0566	1681390411.198
3	851.0	18.0292	1681390411.690
3	851.5	18.0214	1681390412.194
3	852.0	18.0227	1681390412.698
3	852.5	18.0207	1681390413.190
3	853.0	18.0149	1681390413.694
3	853.5	18.0102	1681390414.198
3	854.0	18.0103	1681390414.690
3	854.5	18.0189	1681390415.194
3	855.0	18.0166	1681390415.698
3	855.5	18.0093	1681390416.190
3	856.0	18.0065	1681390416.694
3	856.5	18.0054	1681390417.198
3	857.0	18.0112	1681390417.690
3	857.5	18.0137	1681390418.194
3	858.0	18.0063	1681390418.698
3	858.5	17.9970	1681390419.190
3	859.0	17.9977	1681390419.694
3	859.5	18.0008	1681390420.198
3	860.0	17.9985	1681390420.690
3	860.5	17.9982	1681390421.193
3	861.0	18.0052	1681390421.697
3	861.5	18.0032	1681390422.190
3	862.0	17.9970	1681390422.693
3	862.5	18.0058	1681390423.197
3	863.0	18.0061	1681390423.689
3	863.5	17.9972	1681390424.193
3	864.0	17.9952	1681390424.697
3	864.5	17.9995	1681390425.190
3	865.0	17.9886	1681390425.693
3	865.5	17.9877	1681390426.197
3	866.0	17.9913	1681390426.689
3	866.5	18.0014	1681390427.193
3	867.0	18.0009	1681390427.697
3	867.5	18.0000	1681390428.189
3	868.0	17.9986	1681390428.693
3	868.5	17.9929	1681390429.197
3	869.0	17.9948	1681390429.689
3	869.5	17.9971	1681390430.193
3	870.0	17.9904	1681390430.697
3	870.5	17.9903	1681390431.189
3	871.0	17.9902	1681390431.693
3	871.5	17.9886	1681390432.197
3	872.0	17.9982	1681390432.689
3	872.5	17.9999	1681390433.193
3	873.0	17.9950	1681390433.697
3	873.5	17.9880	1681390434.189
3	874.0	17.9912	1681390434.693
3	874.5	17.9965	1681390435.197
3	875.0	18.0100	1681390435.689
3	875.5	18.0020	1681390436.193
3	876.0	18.0007	1681390436.697
3	876.5	17.9961	1681390437.189
3	877.0	18.0007	1681390437.693
3	877.5	17.9930	1681390438.197
3	878.0	17.9896	1681390438.689
3	878.5	17.9890	1681390439.193
3	879.0	17.9831	1681390439.697
3	879.5	17.9881	1681390440.189
3	880.0	17.9901	1681390440.693
3	880.5	17.9974	1681390441.197
3	881.0	17.9998	1681390441.689
3	881.5	18.0203	1681390442.193
3	882.0	18.0079	1681390442.697
3	882.5	18.0242	1681390443.189
3	883.0	18.0182	1681390443.693
3	883.5	18.0117	1681390444.197
3	884.0	18.0011	1681390444.689
3	884.5	18.0084	1681390445.193
3	885.0	18.0066	1681390445.697
3	885.5	18.0027	1681390446.189
3	886.0	18.0051	1681390446.693
3	886.5	18.0127	1681390447.197
3	887.0	18.0025	1681390447.689
3	887.5	17.9978	1681390448.193
3	888.0	18.0010	1681390448.697
3	888.5	18.0018	1681390449.189
3	889.0	17.9939	1681390449.693
3	889.5	17.9924	1681390450.196
3	890.0	17.9936	1681390450.689
3	890.5	17.9941	1681390451.193
3	891.0	17.9939	1681390451.697
3	891.5	17.9895	1681390452.188
3	892.0	17.9851	1681390452.692
3	892.5	17.9888	1681390453.196
3	893.0	18.0030	1681390453.689
3	893.5	17.9889	1681390454.192
3	894.0	17.9878	1681390454.696
3	894.5	18.0068	1681390455.188
3	895.0	18.0218	1681390455.692
3	895.5	18.0103	1681390456.196
3	896.0	18.0130	1681390456.688
3	896.5	18.0173	1681390457.192
3	897.0	18.0105	1681390457.696
3	897.5	18.0103	1681390458.188
3	898.0	18.0195	1681390458.692
3	898.5	18.0094	1681390459.196
3	899.0	18.0075	1681390459.688
3	899.5	17.9978	1681390460.192
3	900.0	18.0013	1681390460.696
3	900.5	18.0117	1681390461.200
3	901.0	18.0101	1681390461.692
3	901.5	18.0077	1681390462.196
3	902.0	17.9869	1681390462.688
3	902.5	17.9743	1681390463.192
3	903.0	18.0008	1681390463.696
3	903.5	18.0008	1681390464.200
3	904.0	18.0009	1681390464.692
3	904.5	17.9971	1681390465.196
3	905.0	18.0015	1681390465.688
3	905.5	17.9968	1681390466.192
3	906.0	17.9997	1681390466.696
3	906.5	18.0062	1681390467.200
3	907.0	18.0016	1681390467.692
3	907.5	17.9976	1681390468.196
3	908.0	17.9946	1681390468.688
3	908.5	18.0054	1681390469.192
3	909.0	17.9995	1681390469.696
3	909.5	18.0031	1681390470.200
3	910.0	17.9947	1681390470.692
3	910.5	18.0052	1681390471.196
3	911.0	18.0034	1681390471.688
3	911.5	18.0041	1681390472.192
3	912.0	18.0013	1681390472.696
3	912.5	18.0054	1681390473.200
3	913.0	18.0002	1681390473.692
3	913.5	18.0015	1681390474.196
3	914.0	17.9957	1681390474.688
3	914.5	18.0078	1681390475.192
3	915.0	18.0037	1681390475.695
3	915.5	18.0010	1681390476.199
3	916.0	18.0051	1681390476.691
3	916.5	17.9884	1681390477.195
3	917.0	18.0005	1681390477.688
3	917.5	18.0086	1681390478.191
3	918.0	18.0087	1681390478.695
3	918.5	18.0098	1681390479.199
3	919.0	18.0064	1681390479.691
3	919.5	18.0065	1681390480.195
3	920.0	18.0094	1681390480.699
3	920.5	18.0029	1681390481.191
3	921.0	18.0118	1681390481.695
3	921.5	18.0299	1681390482.199
3	922.0	18.0344	1681390482.691
3	922.5	18.0314	1681390483.195
3	923.0	18.0292	1681390483.699
3	923.5	18.0209	1681390484.191
3	924.0	18.0217	1681390484.695
3	924.5	18.0245	1681390485.199
3	925.0	18.0231	1681390485.691
3	925.5	18.0266	1681390486.195
3	926.0	18.0260	1681390486.699
3	926.5	18.0242	1681390487.191
3	927.0	18.0205	1681390487.695
3	927.5	18.0155	1681390488.199
3	928.0	18.0163	1681390488.691
3	928.5	18.0117	1681390489.195
3	929.0	18.0156	1681390489.699
3	929.5	18.0119	1681390490.191
3	930.0	18.0124	1681390490.695
3	930.5	18.0173	1681390491.199
3	931.0	18.0125	1681390491.691
3	931.5	18.0189	1681390492.195
3	932.0	18.0191	1681390492.699
3	932.5	18.0170	1681390493.191
3	933.0	18.0083	1681390493.695
3	933.5	18.0079	1681390494.199
3	934.0	18.0035	1681390494.691
3	934.5	18.0044	1681390495.195
3	935.0	18.0041	1681390495.699
3	935.5	18.0045	1681390496.191
3	936.0	17.9970	1681390496.695
3	936.5	18.0020	1681390497.199
3	937.0	18.0109	1681390497.691
3	937.5	18.0169	1681390498.195
3	938.0	18.0151	1681390498.699
3	938.5	18.0127	1681390499.191
3	939.0	18.0115	1681390499.695
3	939.5	18.0052	1681390500.199
3	940.0	18.0023	1681390500.691
3	940.5	18.0094	1681390501.195
3	941.0	18.0079	1681390501.698
3	941.5	18.0053	1681390502.191
3	942.0	17.9998	1681390502.695
3	942.5	18.0144	1681390503.199
3	943.0	18.0055	1681390503.691
3	943.5	18.0030	1681390504.194
3	944.0	17.9979	1681390504.698
3	944.5	18.0027	1681390505.191
3	945.0	18.0001	1681390505.695
3	945.5	18.0098	1681390506.198
3	946.0	18.0057	1681390506.691
3	946.5	18.0087	1681390507.194
3	947.0	18.0128	1681390507.698
3	947.5	18.0378	1681390508.190
3	948.0	18.0485	1681390508.695
3	948.5	18.0398	1681390509.198
3	949.0	18.0254	1681390509.690
3	949.5	18.0379	1681390510.194
3	950.0	18.0336	1681390510.698
3	950.5	18.0275	1681390511.190
3	951.0	18.0243	1681390511.694
3	951.5	18.0222	1681390512.198
3	952.0	18.0216	1681390512.690
3	952.5	18.0183	1681390513.194
3	953.0	18.0171	1681390513.698
3	953.5	18.0444	1681390514.190
3	954.0	18.0427	1681390514.694
3	954.5	18.0397	1681390515.198
3	955.0	18.0363	1681390515.690
3	955.5	18.0357	1681390516.194
3	956.0	18.0294	1681390516.698
3	956.5	18.0275	1681390517.190
3	957.0	18.0246	1681390517.694
3	957.5	18.0228	1681390518.198
3	958.0	18.0219	1681390518.690
3	958.5	18.0192	1681390519.194
3	959.0	18.0207	1681390519.698
3	959.5	18.0240	1681390520.190
3	960.0	18.0233	1681390520.694
3	960.5	18.0199	1681390521.198
3	961.0	18.0101	1681390521.690
3	961.5	18.0180	1681390522.194
3	962.0	18.0240	1681390522.698
3	962.5	18.0217	1681390523.190
3	963.0	18.0195	1681390523.694
3	963.5	18.0178	1681390524.198
3	964.0	18.0123	1681390524.690
3	964.5	18.0149	1681390525.194
3	965.0	18.0094	1681390525.698
3	965.5	18.0084	1681390526.190
3	966.0	18.0088	1681390526.694
3	966.5	18.0043	1681390527.198
3	967.0	18.0029	1681390527.690
3	967.5	18.0206	1681390528.194
3	968.0	18.0156	1681390528.698
3	968.5	18.0159	1681390529.190
3	969.0	18.0155	1681390529.694
3	969.5	18.0067	1681390530.198
3	970.0	18.0108	1681390530.690
3	970.5	18.0017	1681390531.194
3	971.0	17.9983	1681390531.698
3	971.5	18.0001	1681390532.190
3	972.0	17.9981	1681390532.694
3	972.5	17.9989	1681390533.197
3	973.0	18.0099	1681390533.690
3	973.5	18.0112	1681390534.193
3	974.0	18.0095	1681390534.697
3	974.5	18.0093	1681390535.189
3	975.0	18.0121	1681390535.693
3	975.5	18.0058	1681390536.197
3	976.0	18.0018	1681390536.689
3	976.5	18.0065	1681390537.193
3	977.0	18.0062	1681390537.697
3	977.5	18.0087	1681390538.189
3	978.0	18.0140	1681390538.693
3	978.5	18.0066	1681390539.197
3	979.0	18.0099	1681390539.689
3	979.5	18.0089	1681390540.193
3	980.0	18.0075	1681390540.697
3	980.5	18.0073	1681390541.189
3	981.0	18.0079	1681390541.693
3	981.5	18.0129	1681390542.197
3	982.0	18.0142	1681390542.689
3	982.5	18.0080	1681390543.193
3	983.0	18.0033	1681390543.697
3	983.5	18.0044	1681390544.189
3	984.0	18.0013	1681390544.693
3	984.5	18.0032	1681390545.197
3	985.0	18.0157	1681390545.689
3	985.5	18.0103	1681390546.193
3	986.0	18.0099	1681390546.697
3	986.5	18.0208	1681390547.189
3	987.0	18.0177	1681390547.693
3	987.5	18.0156	1681390548.197
3	988.0	18.0287	1681390548.689
3	988.5	18.0165	1681390549.193
3	989.0	18.0304	1681390549.697
3	989.5	18.0148	1681390550.189
3	990.0	18.0138	1681390550.693
3	990.5	18.0130	1681390551.197
3	991.0	18.0131	1681390551.689
3	991.5	18.0104	1681390552.193
3	992.0	18.0095	1681390552.697
3	992.5	18.0029	1681390553.189
3	993.0	18.0249	1681390553.693
3	993.5	18.0138	1681390554.197
3	994.0	18.0149	1681390554.689
3	994.5	18.0134	1681390555.193
3	995.0	18.0139	1681390555.697
3	995.5	18.0210	1681390556.189
3	996.0	18.0191	1681390556.693
3	996.5	18.0103	1681390557.197
3	997.0	18.0134	1681390557.689
3	997.5	18.0127	1681390558.193
3	998.0	18.0163	1681390558.696
3	998.5	18.0175	1681390559.188
3	999.0	18.0158	1681390559.692
3	999.5	18.0172	1681390560.196
3	1000.0	18.0203	1681390560.688
3	1000.5	18.0156	1681390561.192
3	1001.0	18.0125	1681390561.696
3	1001.5	18.0155	1681390562.200
3	1002.0	18.0169	1681390562.692
3	1002.5	18.0137	1681390563.196
3	1003.0	18.0246	1681390563.700
3	1003.5	18.0294	1681390564.192
3	1004.0	18.0323	1681390564.696
3	1004.5	18.0174	1681390565.200
3	1005.0	18.0193	1681390565.692
3	1005.5	18.0215	1681390566.196
3	1006.0	18.0210	1681390566.700
3	1006.5	18.0246	1681390567.192
3	1007.0	18.0226	1681390567.696
3	1007.5	18.0284	1681390568.200
3	1008.0	18.0336	1681390568.692
3	1008.5	18.0246	1681390569.196
3	1009.0	18.0284	1681390569.700
3	1009.5	18.0237	1681390570.192
3	1010.0	18.0241	1681390570.696
3	1010.5	18.0236	1681390571.200
3	1011.0	18.0303	1681390571.692
3	1011.5	18.0298	1681390572.196
3	1012.0	18.0238	1681390572.700
3	1012.5	18.0245	1681390573.192
3	1013.0	18.0240	1681390573.696
3	1013.5	18.0117	1681390574.200
3	1014.0	18.0091	1681390574.692
3	1014.5	18.0254	1681390575.196
3	1015.0	18.0195	1681390575.700
3	1015.5	18.0237	1681390576.192
3	1016.0	18.0223	1681390576.696
3	1016.5	18.0275	1681390577.200
3	1017.0	18.0228	1681390577.692
3	1017.5	18.0161	1681390578.196
3	1018.0	18.0147	1681390578.700
3	1018.5	18.0226	1681390579.192
3	1019.0	18.0244	1681390579.696
3	1019.5	18.0262	1681390580.200
3	1020.0	18.0239	1681390580.692
3	1020.5	18.0224	1681390581.196
3	1021.0	18.0219	1681390581.700
3	1021.5	18.0213	1681390582.192
3	1022.0	18.0083	1681390582.696
3	1022.5	18.0128	1681390583.200
3	1023.0	18.0175	1681390583.692
3	1023.5	18.0181	1681390584.196
3	1024.0	18.0134	1681390584.699
3	1024.5	18.0117	1681390585.192
3	1025.0	18.0105	1681390585.696
3	1025.5	18.0125	1681390586.199
3	1026.0	18.0270	1681390586.692
3	1026.5	18.0219	1681390587.196
3	1027.0	18.0126	1681390587.699
3	1027.5	18.0123	1681390588.192
3	1028.0	18.0029	1681390588.695
3	1028.5	17.9969	1681390589.199
3	1029.0	18.0104	1681390589.692
3	1029.5	18.0202	1681390590.196
3	1030.0	18.0116	1681390590.699
3	1030.5	17.9966	1681390591.192
3	1031.0	17.9992	1681390591.695
3	1031.5	18.0137	1681390592.199
3	1032.0	18.0021	1681390592.691
3	1032.5	18.0076	1681390593.195
3	1033.0	17.9984	1681390593.699
3	1033.5	18.0084	1681390594.191
3	1034.0	18.0104	1681390594.695
3	1034.5	18.0095	1681390595.199
3	1035.0	18.0023	1681390595.691
3	1035.5	18.0058	1681390596.195
3	1036.0	18.0017	1681390596.699
3	1036.5	17.9986	1681390597.191
3	1037.0	18.0008	1681390597.695
3	1037.5	18.0050	1681390598.199
3	1038.0	18.0106	1681390598.691
3	1038.5	18.0032	1681390599.195
3	1039.0	17.9998	1681390599.699
3	1039.5	17.9983	1681390600.191
3	1040.0	18.0006	1681390600.695
3	1040.5	17.9967	1681390601.199
3	1041.0	18.0020	1681390601.691
3	1041.5	18.0015	1681390602.195
3	1042.0	18.0022	1681390602.699
3	1042.5	18.0009	1681390603.191
3	1043.0	17.9997	1681390603.695
3	1043.5	17.9962	1681390604.199
3	1044.0	17.9928	1681390604.691
3	1044.5	17.9923	1681390605.195
3	1045.0	17.9915	1681390605.699
3	1045.5	17.9897	1681390606.191
3	1046.0	17.9936	1681390606.695
3	1046.5	17.9890	1681390607.199
3	1047.0	17.9938	1681390607.691
3	1047.5	17.9992	1681390608.195
3	1048.0	17.9953	1681390608.699
3	1048.5	17.9985	1681390609.191
3	1049.0	17.9998	1681390609.695
3	1049.5	18.0008	1681390610.199
3	1050.0	17.9978	1681390610.691
3	1050.5	17.9982	1681390611.195
3	1051.0	17.9904	1681390611.699
3	1051.5	18.0103	1681390612.191
3	1052.0	17.9921	1681390612.695
3	1052.5	17.9950	1681390613.199
3	1053.0	18.0042	1681390613.691
3	1053.5	18.0062	1681390614.195
3	1054.0	18.0157	1681390614.699
3	1054.5	18.0093	1681390615.191
3	1055.0	18.0096	1681390615.695
3	1055.5	18.0071	1681390616.198
3	1056.0	18.0150	1681390616.690
3	1056.5	18.0076	1681390617.194
3	1057.0	18.0031	1681390617.698
3	1057.5	18.0055	1681390618.190
3	1058.0	18.0064	1681390618.694
3	1058.5	18.0003	1681390619.199
3	1059.0	18.0045	1681390619.690
3	1059.5	18.0206	1681390620.194
3	1060.0	18.0283	1681390620.698
3	1060.5	18.0227	1681390621.190
3	1061.0	18.0155	1681390621.694
3	1061.5	18.0157	1681390622.198
3	1062.0	18.0121	1681390622.690
3	1062.5	18.0157	1681390623.194
3	1063.0	18.0135	1681390623.698
3	1063.5	18.0206	1681390624.190
3	1064.0	18.0129	1681390624.694
3	1064.5	18.0226	1681390625.198
3	1065.0	18.0231	1681390625.690
3	1065.5	18.0245	1681390626.194
3	1066.0	18.0278	1681390626.698
3	1066.5	18.0234	1681390627.190
3	1067.0	18.0208	1681390627.694
3	1067.5	18.0246	1681390628.198
3	1068.0	18.0275	1681390628.690
3	1068.5	18.0383	1681390629.194
3	1069.0	18.0365	1681390629.698
3	1069.5	18.0241	1681390630.190
3	1070.0	18.0211	1681390630.694
3	1070.5	18.0204	1681390631.198
3	1071.0	18.0302	1681390631.690
3	1071.5	18.0320	1681390632.194
3	1072.0	18.0327	1681390632.698
3	1072.5	18.0305	1681390633.190
3	1073.0	18.0304	1681390633.694
3	1073.5	18.0318	1681390634.198
3	1074.0	18.0228	1681390634.690
3	1074.5	18.0217	1681390635.194
3	1075.0	18.0343	1681390635.698
3	1075.5	18.0399	1681390636.190
3	1076.0	18.0288	1681390636.694
3	1076.5	18.0192	1681390637.198
3	1077.0	18.0145	1681390637.690
3	1077.5	18.0231	1681390638.194
3	1078.0	18.0350	1681390638.698
3	1078.5	18.0330	1681390639.190
3	1079.0	18.0234	1681390639.694
3	1079.5	18.0328	1681390640.198
3	1080.0	18.0400	1681390640.690
3	1080.5	18.0439	1681390641.194
3	1081.0	18.0393	1681390641.697
3	1081.5	18.0372	1681390642.190
3	1082.0	18.0264	1681390642.694
3	1082.5	18.0260	1681390643.197
3	1083.0	18.0312	1681390643.690
3	1083.5	18.0292	1681390644.194
3	1084.0	18.0267	1681390644.697
3	1084.5	18.0257	1681390645.190
3	1085.0	18.0297	1681390645.693
3	1085.5	18.0327	1681390646.197
3	1086.0	18.0445	1681390646.690
3	1086.5	18.0419	1681390647.193
3	1087.0	18.0355	1681390647.698
3	1087.5	18.0262	1681390648.189
3	1088.0	18.0217	1681390648.693
3	1088.5	18.0212	1681390649.197
3	1089.0	18.0528	1681390649.689
3	1089.5	18.0501	1681390650.193
3	1090.0	18.0376	1681390650.697
3	1090.5	18.0335	1681390651.201
3	1091.0	18.0312	1681390651.693
3	1091.5	18.0169	1681390652.197
3	1092.0	18.0143	1681390652.689
3	1092.5	18.0235	1681390653.193
3	1093.0	18.0206	1681390653.697
3	1093.5	18.0329	1681390654.201
3	1094.0	18.0251	1681390654.693
3	1094.5	18.0287	1681390655.197
3	1095.0	18.0259	1681390655.689
3	1095.5	18.0231	1681390656.193
3	1096.0	18.0414	1681390656.697
3	1096.5	18.0487	1681390657.201
3	1097.0	18.0505	1681390657.693
3	1097.5	18.0342	1681390658.197
3	1098.0	18.0364	1681390658.689
3	1098.5	18.0286	1681390659.193
3	1099.0	18.0490	1681390659.697
3	1099.5	18.0461	1681390660.201
3	1100.0	18.0377	1681390660.693
3	1100.5	18.0321	1681390661.197
3	1101.0	18.0284	1681390661.689
3	1101.5	18.0238	1681390662.193
3	1102.0	18.0347	1681390662.697
3	1102.5	18.0393	1681390663.201
3	1103.0	18.0429	1681390663.693
3	1103.5	18.0293	1681390664.197
3	1104.0	18.0330	1681390664.689
3	1104.5	18.0300	1681390665.193
3	1105.0	18.0339	1681390665.697
3	1105.5	18.0255	1681390666.201
3	1106.0	18.0247	1681390666.693
3	1106.5	18.0263	1681390667.197
3	1107.0	18.0183	1681390667.689
3	1107.5	18.0162	1681390668.193
3	1108.0	18.0308	1681390668.697
3	1108.5	18.0299	1681390669.200
3	1109.0	18.0341	1681390669.693
3	1109.5	18.0274	1681390670.197
3	1110.0	18.0325	1681390670.689
3	1110.5	18.0263	1681390671.193
3	1111.0	18.0206	1681390671.697
3	1111.5	18.0177	1681390672.200
3	1112.0	18.0196	1681390672.693
3	1112.5	18.0134	1681390673.196
3	1113.0	18.0208	1681390673.700
3	1113.5	18.0249	1681390674.192
3	1114.0	18.0212	1681390674.696
3	1114.5	18.0238	1681390675.200
3	1115.0	18.0177	1681390675.692
3	1115.5	18.0052	1681390676.196
3	1116.0	18.0106	1681390676.700
3	1116.5	18.0257	1681390677.192
3	1117.0	18.0250	1681390677.696
3	1117.5	18.0101	1681390678.200
3	1118.0	18.0086	1681390678.692
3	1118.5	18.0199	1681390679.196
3	1119.0	18.0212	1681390679.700
3	1119.5	18.0144	1681390680.192
3	1120.0	18.0130	1681390680.696
3	1120.5	18.0085	1681390681.200
3	1121.0	18.0015	1681390681.692
3	1121.5	18.0085	1681390682.196
3	1122.0	18.0257	1681390682.700
3	1122.5	18.0094	1681390683.192
3	1123.0	18.0207	1681390683.696
3	1123.5	18.0293	1681390684.200
3	1124.0	18.0190	1681390684.692
3	1124.5	18.0232	1681390685.196
3	1125.0	18.0141	1681390685.700
3	1125.5	18.0117	1681390686.192
3	1126.0	18.0077	1681390686.696
3	1126.5	18.0177	1681390687.200
3	1127.0	18.0090	1681390687.692
3	1127.5	18.0124	1681390688.196
3	1128.0	18.0142	1681390688.700
3	1128.5	18.0266	1681390689.192
3	1129.0	18.0312	1681390689.696
3	1129.5	18.0317	1681390690.200
3	1130.0	18.0243	1681390690.692
3	1130.5	18.0187	1681390691.196
3	1131.0	18.0213	1681390691.700
3	1131.5	18.0131	1681390692.192
3	1132.0	18.0175	1681390692.696
3	1132.5	18.0206	1681390693.200
3	1133.0	18.0139	1681390693.692
3	1133.5	18.0246	1681390694.196
3	1134.0	18.0482	1681390694.700
3	1134.5	18.0562	1681390695.192
3	1135.0	18.0648	1681390695.696
3	1135.5	18.0858	1681390696.200
3	1136.0	18.1024	1681390696.692
3	1136.5	18.1023	1681390697.196
3	1137.0	18.1040	1681390697.700
3	1137.5	18.0831	1681390698.192
3	1138.0	18.0730	1681390698.696
3	1138.5	18.0750	1681390699.199
3	1139.0	18.0741	1681390699.692
3	1139.5	18.0636	1681390700.195
3	1140.0	18.0646	1681390700.699
3	1140.5	18.0644	1681390701.191
3	1141.0	18.0631	1681390701.695
3	1141.5	18.0572	1681390702.199
3	1142.0	18.0553	1681390702.691
3	1142.5	18.0610	1681390703.195
3	1143.0	18.0492	1681390703.699
3	1143.5	18.0463	1681390704.191
3	1144.0	18.0484	1681390704.695
3	1144.5	18.0464	1681390705.199
3	1145.0	18.0432	1681390705.691
3	1145.5	18.0309	1681390706.195
3	1146.0	18.0256	1681390706.699
3	1146.5	18.0349	1681390707.191
3	1147.0	18.0357	1681390707.695
3	1147.5	18.0722	1681390708.199
3	1148.0	18.0985	1681390708.691
3	1148.5	18.0257	1681390709.195
3	1149.0	18.0266	1681390709.699
3	1149.5	18.0382	1681390710.191
3	1150.0	18.0445	1681390710.695
3	1150.5	18.0397	1681390711.199
3	1151.0	18.0339	1681390711.691
3	1151.5	18.0257	1681390712.195
3	1152.0	18.0236	1681390712.699
3	1152.5	18.0141	1681390713.191
3	1153.0	18.0266	1681390713.695
3	1153.5	18.0324	1681390714.199
3	1154.0	18.0494	1681390714.691
3	1154.5	18.0236	1681390715.195
3	1155.0	18.0233	1681390715.699
3	1155.5	18.0206	1681390716.191
3	1156.0	18.0222	1681390716.695
3	1156.5	18.0315	1681390717.199
3	1157.0	18.0287	1681390717.691
3	1157.5	18.0278	1681390718.195
3	1158.0	18.0298	1681390718.699
3	1158.5	18.0015	1681390719.191
3	1159.0	18.0128	1681390719.695
3	1159.5	18.0070	1681390720.199
3	1160.0	18.0025	1681390720.691
3	1160.5	18.0304	1681390721.195
3	1161.0	18.0282	1681390721.699
3	1161.5	18.0204	1681390722.191
3	1162.0	18.0266	1681390722.695
3	1162.5	18.0219	1681390723.199
3	1163.0	18.0472	1681390723.691
3	1163.5	18.0441	1681390724.195
3	1164.0	18.0452	1681390724.699
3	1164.5	18.0416	1681390725.191
3	1165.0	18.0416	1681390725.695
3	1165.5	18.0474	1681390726.198
3	1166.0	18.0333	1681390726.691
3	1166.5	18.0195	1681390727.195
3	1167.0	18.0129	1681390727.698
3	1167.5	18.0174	1681390728.191
3	1168.0	18.0120	1681390728.694
3	1168.5	18.0095	1681390729.198
3	1169.0	18.0043	1681390729.691
3	1169.5	18.0041	1681390730.194
3	1170.0	18.0370	1681390730.698
3	1170.5	18.0296	1681390731.190
3	1171.0	18.0270	1681390731.694
3	1171.5	18.0284	1681390732.198
3	1172.0	18.0347	1681390732.690
3	1172.5	18.0282	1681390733.194
3	1173.0	18.0322	1681390733.698
3	1173.5	18.0270	1681390734.190
3	1174.0	18.0298	1681390734.694
3	1174.5	18.0256	1681390735.198
3	1175.0	18.0177	1681390735.690
3	1175.5	18.0442	1681390736.194
3	1176.0	18.0170	1681390736.698
3	1176.5	18.0181	1681390737.190
3	1177.0	18.0093	1681390737.694
3	1177.5	18.0119	1681390738.198
3	1178.0	18.0098	1681390738.690
3	1178.5	18.0137	1681390739.194
3	1179.0	18.0134	1681390739.698
3	1179.5	18.0170	1681390740.190
3	1180.0	18.0185	1681390740.694
3	1180.5	18.0177	1681390741.198
3	1181.0	18.0120	1681390741.690
3	1181.5	18.0087	1681390742.194
3	1182.0	18.0181	1681390742.698
3	1182.5	18.0184	1681390743.190
3	1183.0	18.0152	1681390743.694
3	1183.5	18.0079	1681390744.198
3	1184.0	18.0095	1681390744.690
3	1184.5	18.0122	1681390745.194
3	1185.0	18.0058	1681390745.698
3	1185.5	18.0020	1681390746.190
3	1186.0	18.0089	1681390746.694
3	1186.5	18.0053	1681390747.198
3	1187.0	17.9996	1681390747.690
3	1187.5	17.9992	1681390748.194
3	1188.0	18.0036	1681390748.698
3	1188.5	18.0049	1681390749.190
3	1189.0	17.9942	1681390749.694
3	1189.5	17.9982	1681390750.198
3	1190.0	17.9982	1681390750.690
3	1190.5	18.0119	1681390751.194
3	1191.0	18.0137	1681390751.698
3	1191.5	18.0032	1681390752.190
3	1192.0	18.0100	1681390752.694
3	1192.5	18.0035	1681390753.198
3	1193.0	18.0033	1681390753.690
3	1193.5	17.9928	1681390754.194
3	1194.0	18.0106	1681390754.697
3	1194.5	18.0165	1681390755.190
3	1195.0	18.0159	1681390755.694
3	1195.5	18.0157	1681390756.197
3	1196.0	18.0049	1681390756.690
3	1196.5	17.9990	1681390757.193
3	1197.0	18.0101	1681390757.697
3	1197.5	18.0143	1681390758.189
3	1198.0	18.0105	1681390758.694
3	1198.5	18.0116	1681390759.197
3	1199.0	18.0117	1681390759.689
3	1199.5	18.0134	1681390760.193
3	1200.0	18.0087	1681390760.697
3	1200.5	18.0049	1681390761.201
3	1201.0	18.0021	1681390761.693
3	1201.5	18.0128	1681390762.197
3	1202.0	18.0091	1681390762.689
3	1202.5	17.9980	1681390763.193
3	1203.0	18.0002	1681390763.697
3	1203.5	18.0030	1681390764.201
3	1204.0	18.0114	1681390764.693
3	1204.5	18.0146	1681390765.197
3	1205.0	18.0086	1681390765.689
3	1205.5	18.0058	1681390766.193
3	1206.0	18.0066	1681390766.697
3	1206.5	18.0081	1681390767.201
3	1207.0	18.0066	1681390767.693
3	1207.5	18.0062	1681390768.197
3	1208.0	18.0054	1681390768.689
3	1208.5	18.0097	1681390769.193
3	1209.0	18.0094	1681390769.697
3	1209.5	18.0085	1681390770.201
3	1210.0	18.0106	1681390770.693
3	1210.5	18.0147	1681390771.197
3	1211.0	18.0079	1681390771.689
3	1211.5	18.0085	1681390772.193
3	1212.0	18.0128	1681390772.697
3	1212.5	18.0164	1681390773.201
3	1213.0	18.0126	1681390773.693
3	1213.5	18.0175	1681390774.197
3	1214.0	18.0159	1681390774.689
3	1214.5	18.0097	1681390775.193
3	1215.0	18.0103	1681390775.697
3	1215.5	18.0093	1681390776.201
3	1216.0	18.0078	1681390776.693
3	1216.5	18.0055	1681390777.197
3	1217.0	18.0040	1681390777.689
3	1217.5	18.0081	1681390778.193
3	1218.0	18.0052	1681390778.697
3	1218.5	18.0068	1681390779.201
3	1219.0	18.0163	1681390779.693
3	1219.5	18.0125	1681390780.197
3	1220.0	18.0115	1681390780.689
3	1220.5	18.0110	1681390781.193
3	1221.0	18.0099	1681390781.697
3	1221.5	18.0170	1681390782.200
3	1222.0	18.0166	1681390782.693
3	1222.5	18.0139	1681390783.196
3	1223.0	18.0125	1681390783.700
3	1223.5	18.0090	1681390784.192
3	1224.0	18.0170	1681390784.696
3	1224.5	18.0183	1681390785.200
3	1225.0	18.0188	1681390785.692
3	1225.5	18.0208	1681390786.196
3	1226.0	18.0179	1681390786.700
3	1226.5	18.0147	1681390787.192
3	1227.0	18.0152	1681390787.696
3	1227.5	18.0110	1681390788.200
3	1228.0	18.0158	1681390788.692
3	1228.5	18.0158	1681390789.196
3	1229.0	18.0170	1681390789.700
3	1229.5	18.0125	1681390790.192
3	1230.0	18.0091	1681390790.696
3	1230.5	18.0258	1681390791.200
3	1231.0	18.0368	1681390791.692
3	1231.5	18.0372	1681390792.196
3	1232.0	18.0347	1681390792.700
3	1232.5	18.0267	1681390793.192
3	1233.0	18.0320	1681390793.696
3	1233.5	18.0246	1681390794.200
3	1234.0	18.0275	1681390794.692
3	1234.5	18.0253	1681390795.196
3	1235.0	18.0093	1681390795.700
3	1235.5	18.0080	1681390796.192
3	1236.0	18.0151	1681390796.696
3	1236.5	18.0234	1681390797.200
3	1237.0	18.0197	1681390797.692
3	1237.5	18.0173	1681390798.196
3	1238.0	18.0191	1681390798.700
3	1238.5	18.0148	1681390799.192
3	1239.0	18.0188	1681390799.696
3	1239.5	18.0283	1681390800.200
3	1240.0	18.0132	1681390800.692
3	1240.5	18.0162	1681390801.196
3	1241.0	18.0261	1681390801.700
3	1241.5	18.0211	1681390802.192
3	1242.0	18.0206	1681390802.696
3	1242.5	18.0224	1681390803.200
3	1243.0	18.0230	1681390803.692
3	1243.5	18.0293	1681390804.196
3	1244.0	18.0311	1681390804.700
3	1244.5	18.0361	1681390805.192
3	1245.0	18.0264	1681390805.696
3	1245.5	18.0201	1681390806.200
3	1246.0	18.0257	1681390806.692
3	1246.5	18.0187	1681390807.196
3	1247.0	18.0191	1681390807.699
3	1247.5	18.0223	1681390808.192
3	1248.0	18.0182	1681390808.696
3	1248.5	18.0084	1681390809.199
3	1249.0	18.0221	1681390809.692
3	1249.5	18.0197	1681390810.195
3	1250.0	18.0134	1681390810.699
3	1250.5	18.0101	1681390811.192
3	1251.0	18.0183	1681390811.695
3	1251.5	18.0127	1681390812.199
3	1252.0	18.0151	1681390812.691
3	1252.5	18.0072	1681390813.195
3	1253.0	18.0090	1681390813.699
3	1253.5	18.0142	1681390814.191
3	1254.0	18.0151	1681390814.695
3	1254.5	18.0118	1681390815.199
3	1255.0	18.0138	1681390815.691
3	1255.5	18.0134	1681390816.195
3	1256.0	18.0190	1681390816.699
3	1256.5	18.0097	1681390817.191
3	1257.0	18.0158	1681390817.695
3	1257.5	18.0171	1681390818.199
3	1258.0	18.0146	1681390818.691
3	1258.5	18.0148	1681390819.195
3	1259.0	18.0168	1681390819.699
3	1259.5	18.0149	1681390820.191
3	1260.0	18.0034	1681390820.695
3	1260.5	18.0048	1681390821.199
3	1261.0	18.0111	1681390821.691
3	1261.5	18.0200	1681390822.195
3	1262.0	18.0192	1681390822.699
3	1262.5	18.0190	1681390823.191
3	1263.0	18.0228	1681390823.695
