# Log Ver: CODA_2T 0.0.1 Prog Ver: 0.0.1 Sensor: 212716 Depth 0 2023-04-13 12:39:17 UTC 
# id model = RBRcoda3, version = 1.059, serial = 212716, fwtype = 107, flavour = rt
# reldepth stime temp time
5	0.5	19.4133	1681389561.184
5	1.0	19.3775	1681389561.687
5	1.5	19.2403	1681389562.180
5	2.0	19.0993	1681389562.684
5	2.5	19.0597	1681389563.188
5	3.0	19.0598	1681389563.680
5	3.5	19.0002	1681389564.184
5	4.0	18.9274	1681389564.687
5	4.5	18.8216	1681389565.180
5	5.0	18.7649	1681389565.684
5	5.5	18.7324	1681389566.187
5	6.0	18.7694	1681389566.681
5	6.5	18.6751	1681389567.184
5	7.0	18.5788	1681389567.687
5	7.5	18.5207	1681389568.179
5	8.0	18.5837	1681389568.685
5	8.5	18.6936	1681389569.187
5	9.0	18.8003	1681389569.679
5	9.5	18.8858	1681389570.183
5	10.0	18.9617	1681389570.687
5	10.5	18.9865	1681389571.179
5	11.0	18.9634	1681389571.683
5	11.5	18.9487	1681389572.187
5	12.0	18.8728	1681389572.679
5	12.5	18.7647	1681389573.183
5	13.0	18.6417	1681389573.687
5	13.5	18.5711	1681389574.180
5	14.0	18.5087	1681389574.683
5	14.5	18.4473	1681389575.187
5	15.0	18.4153	1681389575.679
5	15.5	18.4174	1681389576.183
5	16.0	18.4059	1681389576.687
5	16.5	18.3921	1681389577.179
5	17.0	18.3619	1681389577.684
5	17.5	18.3452	1681389578.187
5	18.0	18.4121	1681389578.679
5	18.5	18.4419	1681389579.183
5	19.0	18.3922	1681389579.687
5	19.5	18.3522	1681389580.179
5	20.0	18.3488	1681389580.683
5	20.5	18.4478	1681389581.188
5	21.0	18.4507	1681389581.679
5	21.5	18.4083	1681389582.183
5	22.0	18.4040	1681389582.687
5	22.5	18.3878	1681389583.180
5	23.0	18.3745	1681389583.683
5	23.5	18.4763	1681389584.188
5	24.0	18.5773	1681389584.680
5	24.5	18.6717	1681389585.184
5	25.0	18.7556	1681389585.687
5	25.5	18.8388	1681389586.179
5	26.0	18.8142	1681389586.683
5	26.5	18.8165	1681389587.187
5	27.0	18.7645	1681389587.679
5	27.5	18.7115	1681389588.183
5	28.0	18.6488	1681389588.687
5	28.5	18.6148	1681389589.179
5	29.0	18.6749	1681389589.683
5	29.5	18.7549	1681389590.186
5	30.0	18.7399	1681389590.679
5	30.5	18.7347	1681389591.183
5	31.0	18.8054	1681389591.687
5	31.5	18.8661	1681389592.179
5	32.0	18.8840	1681389592.684
5	32.5	18.7434	1681389593.186
5	33.0	18.6984	1681389593.679
5	33.5	18.7259	1681389594.184
5	34.0	18.6955	1681389594.686
5	34.5	18.6518	1681389595.178
5	35.0	18.5299	1681389595.682
5	35.5	18.5055	1681389596.186
5	36.0	18.5592	1681389596.678
5	36.5	18.5961	1681389597.184
5	37.0	18.5488	1681389597.686
5	37.5	18.4892	1681389598.180
5	38.0	18.5130	1681389598.683
5	38.5	18.5431	1681389599.186
5	39.0	18.5619	1681389599.678
5	39.5	18.5788	1681389600.182
5	40.0	18.6084	1681389600.687
5	40.5	18.6498	1681389601.178
5	41.0	18.6820	1681389601.682
5	41.5	18.6912	1681389602.186
5	42.0	18.7477	1681389602.678
5	42.5	18.7511	1681389603.182
5	43.0	18.6851	1681389603.687
5	43.5	18.5965	1681389604.191
5	44.0	18.5654	1681389604.682
5	44.5	18.5803	1681389605.186
5	45.0	18.5650	1681389605.678
5	45.5	18.5025	1681389606.182
5	46.0	18.4083	1681389606.686
5	46.5	18.3303	1681389607.190
5	47.0	18.3292	1681389607.682
5	47.5	18.3400	1681389608.186
5	48.0	18.3473	1681389608.678
5	48.5	18.3815	1681389609.182
5	49.0	18.4037	1681389609.686
5	49.5	18.4612	1681389610.190
5	50.0	18.4660	1681389610.682
5	50.5	18.3658	1681389611.186
5	51.0	18.3400	1681389611.678
5	51.5	18.3730	1681389612.182
5	52.0	18.4205	1681389612.686
5	52.5	18.4130	1681389613.190
5	53.0	18.3912	1681389613.682
5	53.5	18.3370	1681389614.186
5	54.0	18.3139	1681389614.678
5	54.5	18.3025	1681389615.183
5	55.0	18.2918	1681389615.685
5	55.5	18.2207	1681389616.189
5	56.0	18.1910	1681389616.682
5	56.5	18.0983	1681389617.185
5	57.0	18.0966	1681389617.678
5	57.5	18.0954	1681389618.181
5	58.0	18.1022	1681389618.685
5	58.5	18.1581	1681389619.189
5	59.0	18.2242	1681389619.682
5	59.5	18.3211	1681389620.186
5	60.0	18.4217	1681389620.690
5	60.5	18.4332	1681389621.181
5	61.0	18.4105	1681389621.685
5	61.5	18.2850	1681389622.189
5	62.0	18.1915	1681389622.681
5	62.5	18.1533	1681389623.185
5	63.0	18.2392	1681389623.689
5	63.5	18.3269	1681389624.181
5	64.0	18.4106	1681389624.685
5	64.5	18.3919	1681389625.189
5	65.0	18.4158	1681389625.681
5	65.5	18.3701	1681389626.185
5	66.0	18.3722	1681389626.689
5	66.5	18.3459	1681389627.181
5	67.0	18.2654	1681389627.685
5	67.5	18.3079	1681389628.189
5	68.0	18.3562	1681389628.681
5	68.5	18.3231	1681389629.185
5	69.0	18.2666	1681389629.689
5	69.5	18.2462	1681389630.182
5	70.0	18.1598	1681389630.685
5	70.5	18.1151	1681389631.189
5	71.0	18.0824	1681389631.681
5	71.5	18.0026	1681389632.185
5	72.0	17.9788	1681389632.689
5	72.5	18.0261	1681389633.181
5	73.0	18.0816	1681389633.685
5	73.5	18.1048	1681389634.189
5	74.0	18.1345	1681389634.681
5	74.5	18.1330	1681389635.185
5	75.0	18.0834	1681389635.689
5	75.5	18.0787	1681389636.181
5	76.0	18.0302	1681389636.685
5	76.5	17.9866	1681389637.189
5	77.0	17.9707	1681389637.681
5	77.5	17.9073	1681389638.185
5	78.0	17.8516	1681389638.689
5	78.5	17.8343	1681389639.181
5	79.0	17.8306	1681389639.685
5	79.5	17.8439	1681389640.188
5	80.0	17.9035	1681389640.681
5	80.5	17.9172	1681389641.184
5	81.0	17.9077	1681389641.689
5	81.5	17.8820	1681389642.182
5	82.0	17.8595	1681389642.684
5	82.5	17.8397	1681389643.188
5	83.0	17.8155	1681389643.680
5	83.5	17.7829	1681389644.184
5	84.0	17.8192	1681389644.688
5	84.5	17.8864	1681389645.180
5	85.0	17.9211	1681389645.684
5	85.5	17.9019	1681389646.188
5	86.0	17.8552	1681389646.680
5	86.5	17.8493	1681389647.184
5	87.0	17.8272	1681389647.688
5	87.5	17.8588	1681389648.180
5	88.0	17.9229	1681389648.684
5	88.5	17.9721	1681389649.188
5	89.0	17.9380	1681389649.681
5	89.5	17.8893	1681389650.184
5	90.0	17.8713	1681389650.688
5	90.5	17.8396	1681389651.180
5	91.0	17.8154	1681389651.685
5	91.5	17.8073	1681389652.188
5	92.0	17.8067	1681389652.680
5	92.5	17.7970	1681389653.184
5	93.0	17.8171	1681389653.688
5	93.5	17.7855	1681389654.181
5	94.0	17.7609	1681389654.684
5	94.5	17.7367	1681389655.188
5	95.0	17.7147	1681389655.680
5	95.5	17.6940	1681389656.184
5	96.0	17.7014	1681389656.688
5	96.5	17.7359	1681389657.181
5	97.0	17.7666	1681389657.684
5	97.5	17.7814	1681389658.188
5	98.0	17.7832	1681389658.680
5	98.5	17.7580	1681389659.184
5	99.0	17.7425	1681389659.688
5	99.5	17.7200	1681389660.180
5	100.0	17.7068	1681389660.684
5	100.5	17.6992	1681389661.188
5	101.0	17.6912	1681389661.680
5	101.5	17.7061	1681389662.184
5	102.0	17.7347	1681389662.688
5	102.5	17.7674	1681389663.180
5	103.0	17.8076	1681389663.684
5	103.5	17.8494	1681389664.188
5	104.0	17.8709	1681389664.680
5	104.5	17.8446	1681389665.184
5	105.0	17.8031	1681389665.688
5	105.5	17.7943	1681389666.180
5	106.0	17.7833	1681389666.684
5	106.5	17.7872	1681389667.188
5	107.0	17.7541	1681389667.679
5	107.5	17.7314	1681389668.183
5	108.0	17.7569	1681389668.687
5	108.5	17.8110	1681389669.191
5	109.0	17.7959	1681389669.683
5	109.5	17.7460	1681389670.187
5	110.0	17.7226	1681389670.679
5	110.5	17.7385	1681389671.183
5	111.0	17.7414	1681389671.687
5	111.5	17.7546	1681389672.191
5	112.0	17.7401	1681389672.683
5	112.5	17.7063	1681389673.187
5	113.0	17.6882	1681389673.680
5	113.5	17.6643	1681389674.183
5	114.0	17.6604	1681389674.687
5	114.5	17.6639	1681389675.191
5	115.0	17.6679	1681389675.683
5	115.5	17.6772	1681389676.187
5	116.0	17.6521	1681389676.679
5	116.5	17.6200	1681389677.183
5	117.0	17.6080	1681389677.688
5	117.5	17.6098	1681389678.191
5	118.0	17.6480	1681389678.683
5	118.5	17.6915	1681389679.187
5	119.0	17.7643	1681389679.679
5	119.5	17.8168	1681389680.183
5	120.0	17.8306	1681389680.687
5	120.5	17.8379	1681389681.191
5	121.0	17.7996	1681389681.683
5	121.5	17.8705	1681389682.187
5	122.0	17.9315	1681389682.679
5	122.5	17.9871	1681389683.183
5	123.0	17.9623	1681389683.687
5	123.5	17.9489	1681389684.191
5	124.0	17.9861	1681389684.683
5	124.5	18.0220	1681389685.187
5	125.0	18.0652	1681389685.691
5	125.5	18.0954	1681389686.183
5	126.0	18.0997	1681389686.687
5	126.5	18.0870	1681389687.190
5	127.0	18.0637	1681389687.683
5	127.5	18.0521	1681389688.187
5	128.0	18.0450	1681389688.691
5	128.5	18.0421	1681389689.183
5	129.0	18.0590	1681389689.686
5	129.5	18.0807	1681389690.191
5	130.0	18.1059	1681389690.683
5	130.5	18.0986	1681389691.186
5	131.0	18.1085	1681389691.690
5	131.5	18.1093	1681389692.183
5	132.0	18.1222	1681389692.686
5	132.5	18.1247	1681389693.190
5	133.0	18.1215	1681389693.682
5	133.5	18.1126	1681389694.186
5	134.0	18.0938	1681389694.690
5	134.5	18.0905	1681389695.182
5	135.0	18.0874	1681389695.686
5	135.5	18.0840	1681389696.190
5	136.0	18.1027	1681389696.682
5	136.5	18.0444	1681389697.186
5	137.0	17.9903	1681389697.690
5	137.5	17.9781	1681389698.182
5	138.0	18.0241	1681389698.686
5	138.5	18.0571	1681389699.190
5	139.0	18.1027	1681389699.682
5	139.5	18.1409	1681389700.186
5	140.0	18.1084	1681389700.690
5	140.5	18.0413	1681389701.182
5	141.0	17.9874	1681389701.686
5	141.5	17.9387	1681389702.190
5	142.0	17.9125	1681389702.682
5	142.5	17.8647	1681389703.186
5	143.0	17.8663	1681389703.690
5	143.5	17.8982	1681389704.182
5	144.0	17.9829	1681389704.686
5	144.5	18.0854	1681389705.190
5	145.0	18.1271	1681389705.682
5	145.5	18.0915	1681389706.186
5	146.0	18.0847	1681389706.690
5	146.5	18.0570	1681389707.182
5	147.0	18.0086	1681389707.686
5	147.5	17.9471	1681389708.190
5	148.0	17.9106	1681389708.682
5	148.5	17.8884	1681389709.186
5	149.0	17.8782	1681389709.690
5	149.5	17.9543	1681389710.182
5	150.0	18.0445	1681389710.686
5	150.5	18.1293	1681389711.190
5	151.0	18.2200	1681389711.682
5	151.5	18.2943	1681389712.186
5	152.0	18.3496	1681389712.690
5	152.5	18.3697	1681389713.182
5	153.0	18.3488	1681389713.686
5	153.5	18.3341	1681389714.189
5	154.0	18.3216	1681389714.682
5	154.5	18.2884	1681389715.186
5	155.0	18.2652	1681389715.689
5	155.5	18.2444	1681389716.182
5	156.0	18.2431	1681389716.685
5	156.5	18.2565	1681389717.189
5	157.0	18.3237	1681389717.681
5	157.5	18.3740	1681389718.185
5	158.0	18.4130	1681389718.689
5	158.5	18.4520	1681389719.182
5	159.0	18.4483	1681389719.685
5	159.5	18.5078	1681389720.189
5	160.0	18.5145	1681389720.681
5	160.5	18.5938	1681389721.185
5	161.0	18.6348	1681389721.689
5	161.5	18.6646	1681389722.181
5	162.0	18.6811	1681389722.685
5	162.5	18.6886	1681389723.189
5	163.0	18.6670	1681389723.681
5	163.5	18.6563	1681389724.185
5	164.0	18.5995	1681389724.689
5	164.5	18.5385	1681389725.181
5	165.0	18.4955	1681389725.685
5	165.5	18.4654	1681389726.189
5	166.0	18.4474	1681389726.681
5	166.5	18.4701	1681389727.185
5	167.0	18.5217	1681389727.689
5	167.5	18.5633	1681389728.181
5	168.0	18.6156	1681389728.685
5	168.5	18.6490	1681389729.189
5	169.0	18.6652	1681389729.681
5	169.5	18.6640	1681389730.185
5	170.0	18.6547	1681389730.689
5	170.5	18.6433	1681389731.181
5	171.0	18.6461	1681389731.685
5	171.5	18.6719	1681389732.189
5	172.0	18.7219	1681389732.681
5	172.5	18.7723	1681389733.185
5	173.0	18.7996	1681389733.689
5	173.5	18.8403	1681389734.181
5	174.0	18.8965	1681389734.685
5	174.5	18.9204	1681389735.189
5	175.0	18.9499	1681389735.681
5	175.5	18.9868	1681389736.185
5	176.0	19.0228	1681389736.689
5	176.5	19.0075	1681389737.181
5	177.0	18.9988	1681389737.685
5	177.5	18.9229	1681389738.189
5	178.0	18.8986	1681389738.681
5	178.5	18.9353	1681389739.185
5	179.0	19.0253	1681389739.688
5	179.5	19.1275	1681389740.181
5	180.0	19.2351	1681389740.684
5	180.5	19.2862	1681389741.188
5	181.0	19.3134	1681389741.681
5	181.5	19.3118	1681389742.184
5	182.0	19.3351	1681389742.689
5	182.5	19.3626	1681389743.180
5	183.0	19.3660	1681389743.684
5	183.5	19.3078	1681389744.188
5	184.0	19.3371	1681389744.680
5	184.5	19.3764	1681389745.186
5	185.0	19.3894	1681389745.688
5	185.5	19.3793	1681389746.180
5	186.0	19.3966	1681389746.684
5	186.5	19.3209	1681389747.188
5	187.0	19.3071	1681389747.680
5	187.5	19.3026	1681389748.184
5	188.0	19.3202	1681389748.688
5	188.5	19.3744	1681389749.180
5	189.0	19.4166	1681389749.684
5	189.5	19.4710	1681389750.188
5	190.0	19.5212	1681389750.680
5	190.5	19.5698	1681389751.184
5	191.0	19.5787	1681389751.688
5	191.5	19.5398	1681389752.180
5	192.0	19.4820	1681389752.684
5	192.5	19.5363	1681389753.188
5	193.0	19.4855	1681389753.680
5	193.5	19.4082	1681389754.184
5	194.0	19.2745	1681389754.688
5	194.5	19.1361	1681389755.180
5	195.0	19.1005	1681389755.684
5	195.5	19.0368	1681389756.188
5	196.0	18.9952	1681389756.680
5	196.5	18.9545	1681389757.184
5	197.0	18.9214	1681389757.688
5	197.5	18.8791	1681389758.180
5	198.0	18.8474	1681389758.684
5	198.5	18.7841	1681389759.188
5	199.0	18.7240	1681389759.680
5	199.5	18.7006	1681389760.184
5	200.0	18.6427	1681389760.688
5	200.5	18.6193	1681389761.180
5	201.0	18.5649	1681389761.684
5	201.5	18.5206	1681389762.188
5	202.0	18.5273	1681389762.680
5	202.5	18.6043	1681389763.184
5	203.0	18.7444	1681389763.688
5	203.5	18.8783	1681389764.191
5	204.0	18.9920	1681389764.684
5	204.5	19.0910	1681389765.188
5	205.0	19.1977	1681389765.680
5	205.5	19.2943	1681389766.183
5	206.0	19.3193	1681389766.687
5	206.5	19.4035	1681389767.191
5	207.0	19.3977	1681389767.683
5	207.5	19.3772	1681389768.187
5	208.0	19.4384	1681389768.680
5	208.5	19.4205	1681389769.183
5	209.0	19.3279	1681389769.687
5	209.5	19.3182	1681389770.191
5	210.0	19.1439	1681389770.683
5	210.5	19.1176	1681389771.187
5	211.0	19.0734	1681389771.679
5	211.5	19.0864	1681389772.183
5	212.0	19.1841	1681389772.687
5	212.5	19.1369	1681389773.191
5	213.0	19.0315	1681389773.683
5	213.5	19.0461	1681389774.187
5	214.0	19.0744	1681389774.679
5	214.5	19.1355	1681389775.183
5	215.0	19.1937	1681389775.687
5	215.5	19.1341	1681389776.191
5	216.0	19.0483	1681389776.683
5	216.5	18.9485	1681389777.187
5	217.0	18.8559	1681389777.679
5	217.5	18.7996	1681389778.183
5	218.0	18.7367	1681389778.687
5	218.5	18.6618	1681389779.191
5	219.0	18.6290	1681389779.683
5	219.5	18.5653	1681389780.187
5	220.0	18.5442	1681389780.691
5	220.5	18.4836	1681389781.183
5	221.0	18.5570	1681389781.687
5	221.5	18.6137	1681389782.191
5	222.0	18.6014	1681389782.683
5	222.5	18.5659	1681389783.187
5	223.0	18.5809	1681389783.691
5	223.5	18.5672	1681389784.183
5	224.0	18.6161	1681389784.687
5	224.5	18.6629	1681389785.191
5	225.0	18.8010	1681389785.683
5	225.5	18.8416	1681389786.187
5	226.0	18.8700	1681389786.691
5	226.5	18.9361	1681389787.183
5	227.0	19.0278	1681389787.687
5	227.5	19.1050	1681389788.191
5	228.0	19.1588	1681389788.683
5	228.5	19.1785	1681389789.187
5	229.0	19.2316	1681389789.690
5	229.5	19.2827	1681389790.183
5	230.0	19.3856	1681389790.687
5	230.5	19.4998	1681389791.190
5	231.0	19.6012	1681389791.683
5	231.5	19.6843	1681389792.186
5	232.0	19.7540	1681389792.690
5	232.5	19.8031	1681389793.182
5	233.0	19.8447	1681389793.686
5	233.5	19.7256	1681389794.190
5	234.0	19.6654	1681389794.682
5	234.5	19.6989	1681389795.186
5	235.0	19.7073	1681389795.690
5	235.5	19.7245	1681389796.182
5	236.0	19.7489	1681389796.686
5	236.5	19.7132	1681389797.190
5	237.0	19.7215	1681389797.682
5	237.5	19.7575	1681389798.186
5	238.0	19.7578	1681389798.690
5	238.5	19.7908	1681389799.182
5	239.0	19.8455	1681389799.686
5	239.5	19.8302	1681389800.190
5	240.0	19.8232	1681389800.682
5	240.5	19.8320	1681389801.186
5	241.0	19.8606	1681389801.690
5	241.5	19.8802	1681389802.182
5	242.0	19.8538	1681389802.686
5	242.5	19.8204	1681389803.190
5	243.0	19.7550	1681389803.682
5	243.5	19.7859	1681389804.186
5	244.0	19.8051	1681389804.690
5	244.5	19.7996	1681389805.182
5	245.0	19.7711	1681389805.686
5	245.5	19.6806	1681389806.190
5	246.0	19.6403	1681389806.682
5	246.5	19.5396	1681389807.186
5	247.0	19.4454	1681389807.690
5	247.5	19.3687	1681389808.182
5	248.0	19.2847	1681389808.686
5	248.5	19.1611	1681389809.190
5	249.0	19.0811	1681389809.682
5	249.5	19.0113	1681389810.186
5	250.0	18.9715	1681389810.690
5	250.5	18.9140	1681389811.182
5	251.0	18.8545	1681389811.686
5	251.5	18.7511	1681389812.190
5	252.0	18.6755	1681389812.682
5	252.5	18.6614	1681389813.186
5	253.0	18.6508	1681389813.689
5	253.5	18.5545	1681389814.182
5	254.0	18.5346	1681389814.686
5	254.5	18.4608	1681389815.190
5	255.0	18.4380	1681389815.682
5	255.5	18.4013	1681389816.186
5	256.0	18.3490	1681389816.690
5	256.5	18.3006	1681389817.182
5	257.0	18.3041	1681389817.685
5	257.5	18.3055	1681389818.189
5	258.0	18.2960	1681389818.681
5	258.5	18.2949	1681389819.185
5	259.0	18.2885	1681389819.689
5	259.5	18.2774	1681389820.182
5	260.0	18.2546	1681389820.686
5	260.5	18.2251	1681389821.189
5	261.0	18.2105	1681389821.681
5	261.5	18.2182	1681389822.185
5	262.0	18.2458	1681389822.689
5	262.5	18.2458	1681389823.181
5	263.0	18.2274	1681389823.685
5	263.5	18.2106	1681389824.189
5	264.0	18.1301	1681389824.681
5	264.5	18.1418	1681389825.185
5	265.0	18.1405	1681389825.689
5	265.5	18.1566	1681389826.181
5	266.0	18.0907	1681389826.685
5	266.5	18.0982	1681389827.189
5	267.0	18.0899	1681389827.681
5	267.5	18.0986	1681389828.185
5	268.0	18.0777	1681389828.689
5	268.5	18.0857	1681389829.181
5	269.0	18.1318	1681389829.685
5	269.5	18.1717	1681389830.189
5	270.0	18.1869	1681389830.681
5	270.5	18.1782	1681389831.185
5	271.0	18.1527	1681389831.689
5	271.5	18.1158	1681389832.181
5	272.0	18.0919	1681389832.685
5	272.5	18.0914	1681389833.189
5	273.0	18.0614	1681389833.681
5	273.5	18.0453	1681389834.185
5	274.0	18.0575	1681389834.689
5	274.5	18.0271	1681389835.181
5	275.0	18.0238	1681389835.685
5	275.5	18.0052	1681389836.189
5	276.0	17.9935	1681389836.681
5	276.5	18.0095	1681389837.185
5	277.0	18.0208	1681389837.689
5	277.5	18.0111	1681389838.181
5	278.0	18.0293	1681389838.685
5	278.5	18.0366	1681389839.188
5	279.0	18.0353	1681389839.681
5	279.5	18.0492	1681389840.185
5	280.0	18.0576	1681389840.688
5	280.5	18.0476	1681389841.181
5	281.0	18.0433	1681389841.685
5	281.5	18.0328	1681389842.188
5	282.0	18.0498	1681389842.681
5	282.5	18.0420	1681389843.184
5	283.0	18.0445	1681389843.689
5	283.5	18.0539	1681389844.180
5	284.0	18.0825	1681389844.685
5	284.5	18.0925	1681389845.188
5	285.0	18.1002	1681389845.680
5	285.5	18.1067	1681389846.184
5	286.0	18.1065	1681389846.688
5	286.5	18.1145	1681389847.180
5	287.0	18.1225	1681389847.685
5	287.5	18.1076	1681389848.188
5	288.0	18.1062	1681389848.680
5	288.5	18.1193	1681389849.184
5	289.0	18.1230	1681389849.688
5	289.5	18.1089	1681389850.180
5	290.0	18.1118	1681389850.684
5	290.5	18.1178	1681389851.188
5	291.0	18.1384	1681389851.680
5	291.5	18.1599	1681389852.184
5	292.0	18.1330	1681389852.688
5	292.5	18.1279	1681389853.180
5	293.0	18.1211	1681389853.684
5	293.5	18.1259	1681389854.188
5	294.0	18.1344	1681389854.680
5	294.5	18.1263	1681389855.184
5	295.0	18.1321	1681389855.688
5	295.5	18.1324	1681389856.180
5	296.0	18.1285	1681389856.684
5	296.5	18.1547	1681389857.188
5	297.0	18.1576	1681389857.680
5	297.5	18.1463	1681389858.184
5	298.0	18.1525	1681389858.688
5	298.5	18.1600	1681389859.192
5	299.0	18.1431	1681389859.684
5	299.5	18.1394	1681389860.188
5	300.0	18.1590	1681389860.692
5	300.5	18.1583	1681389861.184
5	301.0	18.1742	1681389861.688
5	301.5	18.1622	1681389862.192
5	302.0	18.1631	1681389862.684
5	302.5	18.1520	1681389863.188
5	303.0	18.1835	1681389863.680
5	303.5	18.2122	1681389864.184
5	304.0	18.1392	1681389864.687
5	304.5	18.1292	1681389865.191
5	305.0	18.1423	1681389865.684
5	305.5	18.1528	1681389866.187
5	306.0	18.1611	1681389866.682
5	306.5	18.1630	1681389867.183
5	307.0	18.1804	1681389867.687
5	307.5	18.1936	1681389868.191
5	308.0	18.2114	1681389868.683
5	308.5	18.2081	1681389869.187
5	309.0	18.1679	1681389869.679
5	309.5	18.1720	1681389870.183
5	310.0	18.1881	1681389870.688
5	310.5	18.1919	1681389871.191
5	311.0	18.2004	1681389871.683
5	311.5	18.2071	1681389872.187
5	312.0	18.1991	1681389872.680
5	312.5	18.1820	1681389873.183
5	313.0	18.1567	1681389873.687
5	313.5	18.1212	1681389874.191
5	314.0	18.1124	1681389874.683
5	314.5	18.1220	1681389875.187
5	315.0	18.1427	1681389875.679
5	315.5	18.1388	1681389876.183
5	316.0	18.1375	1681389876.687
5	316.5	18.1404	1681389877.191
5	317.0	18.1056	1681389877.683
5	317.5	18.0829	1681389878.187
5	318.0	18.0891	1681389878.691
5	318.5	18.0430	1681389879.183
5	319.0	18.0369	1681389879.687
5	319.5	18.0557	1681389880.191
5	320.0	18.0826	1681389880.683
5	320.5	18.1065	1681389881.187
5	321.0	18.1243	1681389881.691
5	321.5	18.1153	1681389882.183
5	322.0	18.1053	1681389882.687
5	322.5	18.1081	1681389883.191
5	323.0	18.0966	1681389883.683
5	323.5	18.1107	1681389884.187
5	324.0	18.1331	1681389884.691
5	324.5	18.1035	1681389885.183
5	325.0	18.0699	1681389885.687
5	325.5	18.0687	1681389886.191
5	326.0	18.1010	1681389886.683
5	326.5	18.1189	1681389887.187
5	327.0	18.0990	1681389887.691
5	327.5	18.0637	1681389888.183
5	328.0	18.0563	1681389888.687
5	328.5	18.0494	1681389889.190
5	329.0	18.0326	1681389889.683
5	329.5	17.9981	1681389890.186
5	330.0	17.9954	1681389890.690
5	330.5	17.9983	1681389891.183
5	331.0	17.9958	1681389891.686
5	331.5	17.9947	1681389892.190
5	332.0	18.0102	1681389892.682
5	332.5	18.0444	1681389893.187
5	333.0	18.0757	1681389893.690
5	333.5	18.1122	1681389894.182
5	334.0	18.1261	1681389894.687
5	334.5	18.1358	1681389895.190
5	335.0	18.1271	1681389895.682
5	335.5	18.1051	1681389896.186
5	336.0	18.0737	1681389896.690
5	336.5	18.0491	1681389897.184
5	337.0	18.0329	1681389897.686
5	337.5	18.0326	1681389898.190
5	338.0	18.0324	1681389898.682
5	338.5	18.0505	1681389899.186
5	339.0	18.0652	1681389899.690
5	339.5	18.0903	1681389900.183
5	340.0	18.1046	1681389900.686
5	340.5	18.1046	1681389901.190
5	341.0	18.0826	1681389901.682
5	341.5	18.0627	1681389902.186
5	342.0	18.0591	1681389902.690
5	342.5	18.0520	1681389903.182
5	343.0	18.0662	1681389903.686
5	343.5	18.0544	1681389904.190
5	344.0	18.0463	1681389904.682
5	344.5	18.0485	1681389905.186
5	345.0	18.0660	1681389905.690
5	345.5	18.0727	1681389906.182
5	346.0	18.0585	1681389906.686
5	346.5	18.0596	1681389907.190
5	347.0	18.0659	1681389907.682
5	347.5	18.0660	1681389908.186
5	348.0	18.0730	1681389908.690
5	348.5	18.0650	1681389909.182
5	349.0	18.0586	1681389909.686
5	349.5	18.0454	1681389910.190
5	350.0	18.0474	1681389910.682
5	350.5	18.0477	1681389911.186
5	351.0	18.0611	1681389911.690
5	351.5	18.0637	1681389912.182
5	352.0	18.0383	1681389912.686
5	352.5	17.9529	1681389913.190
5	353.0	17.9274	1681389913.682
5	353.5	17.9374	1681389914.186
5	354.0	17.9672	1681389914.689
5	354.5	17.9772	1681389915.182
5	355.0	17.9922	1681389915.685
5	355.5	18.0072	1681389916.189
5	356.0	17.9846	1681389916.682
5	356.5	17.9809	1681389917.185
5	357.0	17.9832	1681389917.689
5	357.5	17.9700	1681389918.181
5	358.0	17.9629	1681389918.685
5	358.5	17.9516	1681389919.189
5	359.0	17.9484	1681389919.682
5	359.5	17.9479	1681389920.185
5	360.0	17.9102	1681389920.689
5	360.5	17.8871	1681389921.181
5	361.0	17.8835	1681389921.685
5	361.5	17.8600	1681389922.189
5	362.0	17.8647	1681389922.681
5	362.5	17.8620	1681389923.185
5	363.0	17.8574	1681389923.689
5	363.5	17.8930	1681389924.181
5	364.0	17.9246	1681389924.685
5	364.5	17.9446	1681389925.189
5	365.0	17.9592	1681389925.681
5	365.5	17.9345	1681389926.185
5	366.0	17.9267	1681389926.689
5	366.5	17.9242	1681389927.181
5	367.0	17.9123	1681389927.685
5	367.5	17.8895	1681389928.189
5	368.0	17.8647	1681389928.681
5	368.5	17.8609	1681389929.185
5	369.0	17.8580	1681389929.689
5	369.5	17.8595	1681389930.181
5	370.0	17.8706	1681389930.685
5	370.5	17.8799	1681389931.189
5	371.0	17.8700	1681389931.681
5	371.5	17.8641	1681389932.185
5	372.0	17.8626	1681389932.689
5	372.5	17.8588	1681389933.181
5	373.0	17.8763	1681389933.685
5	373.5	17.8878	1681389934.189
5	374.0	17.8596	1681389934.681
5	374.5	17.8648	1681389935.185
5	375.0	17.8754	1681389935.689
5	375.5	17.9129	1681389936.181
5	376.0	17.9288	1681389936.685
5	376.5	17.9821	1681389937.189
5	377.0	18.0547	1681389937.681
5	377.5	18.1194	1681389938.185
5	378.0	18.1874	1681389938.689
5	378.5	18.2393	1681389939.181
5	379.0	18.2758	1681389939.685
5	379.5	18.3048	1681389940.188
5	380.0	18.2910	1681389940.681
5	380.5	18.2475	1681389941.184
5	381.0	18.1987	1681389941.688
5	381.5	18.1916	1681389942.180
5	382.0	18.2447	1681389942.684
5	382.5	18.2975	1681389943.188
5	383.0	18.3756	1681389943.680
5	383.5	18.4142	1681389944.184
5	384.0	18.4559	1681389944.688
5	384.5	18.5033	1681389945.180
5	385.0	18.5292	1681389945.684
5	385.5	18.5202	1681389946.188
5	386.0	18.5722	1681389946.680
5	386.5	18.6124	1681389947.184
5	387.0	18.6468	1681389947.688
5	387.5	18.6560	1681389948.180
5	388.0	18.7235	1681389948.684
5	388.5	18.7807	1681389949.188
5	389.0	18.8023	1681389949.680
5	389.5	18.8252	1681389950.184
5	390.0	18.8572	1681389950.688
5	390.5	18.8436	1681389951.180
5	391.0	18.8533	1681389951.684
5	391.5	18.8599	1681389952.188
5	392.0	18.8700	1681389952.680
5	392.5	18.8821	1681389953.184
5	393.0	18.9328	1681389953.688
5	393.5	19.0029	1681389954.180
5	394.0	19.0233	1681389954.684
5	394.5	19.0279	1681389955.188
5	395.0	19.0205	1681389955.680
5	395.5	19.0256	1681389956.184
5	396.0	19.0147	1681389956.688
5	396.5	18.9952	1681389957.192
5	397.0	19.0001	1681389957.684
5	397.5	18.9996	1681389958.188
5	398.0	19.0362	1681389958.680
5	398.5	19.0404	1681389959.184
5	399.0	19.0312	1681389959.688
5	399.5	19.0038	1681389960.192
5	400.0	18.9967	1681389960.684
5	400.5	19.0180	1681389961.188
5	401.0	19.0312	1681389961.680
5	401.5	19.0369	1681389962.184
5	402.0	19.0304	1681389962.688
5	402.5	19.0064	1681389963.191
5	403.0	19.0016	1681389963.684
5	403.5	18.9920	1681389964.188
5	404.0	18.9799	1681389964.680
5	404.5	18.9991	1681389965.184
5	405.0	19.0100	1681389965.687
5	405.5	19.0315	1681389966.191
5	406.0	19.0524	1681389966.683
5	406.5	19.0726	1681389967.187
5	407.0	19.0854	1681389967.679
5	407.5	19.0803	1681389968.183
5	408.0	19.0650	1681389968.687
5	408.5	19.0506	1681389969.191
5	409.0	19.0473	1681389969.683
5	409.5	19.0558	1681389970.187
5	410.0	19.0688	1681389970.679
5	410.5	19.0885	1681389971.183
5	411.0	19.0930	1681389971.687
5	411.5	19.1160	1681389972.191
5	412.0	19.1276	1681389972.683
5	412.5	19.1368	1681389973.187
5	413.0	19.1578	1681389973.691
5	413.5	19.1672	1681389974.183
5	414.0	19.1773	1681389974.687
5	414.5	19.2102	1681389975.191
5	415.0	19.2182	1681389975.683
5	415.5	19.2147	1681389976.187
5	416.0	19.1788	1681389976.691
5	416.5	19.1587	1681389977.183
5	417.0	19.1363	1681389977.687
5	417.5	19.1235	1681389978.191
5	418.0	19.1247	1681389978.683
5	418.5	19.1297	1681389979.187
5	419.0	19.1432	1681389979.691
5	419.5	19.1574	1681389980.183
5	420.0	19.1635	1681389980.687
5	420.5	19.1694	1681389981.191
5	421.0	19.2096	1681389981.683
5	421.5	19.2380	1681389982.187
5	422.0	19.1753	1681389982.691
5	422.5	19.0967	1681389983.183
5	423.0	19.1017	1681389983.687
5	423.5	19.0913	1681389984.191
5	424.0	19.0882	1681389984.683
5	424.5	19.0867	1681389985.187
5	425.0	19.1193	1681389985.691
5	425.5	19.1585	1681389986.183
5	426.0	19.1742	1681389986.687
5	426.5	19.1891	1681389987.190
5	427.0	19.2278	1681389987.683
5	427.5	19.2516	1681389988.187
5	428.0	19.2667	1681389988.690
5	428.5	19.3010	1681389989.183
5	429.0	19.2901	1681389989.686
5	429.5	19.3121	1681389990.190
5	430.0	19.3286	1681389990.683
5	430.5	19.3093	1681389991.186
5	431.0	19.2452	1681389991.690
5	431.5	19.2329	1681389992.182
5	432.0	19.2411	1681389992.686
5	432.5	19.2522	1681389993.190
5	433.0	19.2478	1681389993.682
5	433.5	19.2558	1681389994.186
5	434.0	19.2712	1681389994.690
5	434.5	19.2940	1681389995.182
5	435.0	19.3112	1681389995.686
5	435.5	19.3422	1681389996.190
5	436.0	19.3544	1681389996.683
5	436.5	19.3336	1681389997.186
5	437.0	19.3266	1681389997.690
5	437.5	19.2970	1681389998.182
5	438.0	19.3332	1681389998.686
5	438.5	19.3593	1681389999.190
5	439.0	19.4004	1681389999.682
5	439.5	19.4223	1681390000.186
5	440.0	19.3839	1681390000.690
5	440.5	19.3769	1681390001.182
5	441.0	19.2484	1681390001.686
5	441.5	19.1450	1681390002.190
5	442.0	19.0895	1681390002.682
5	442.5	18.9997	1681390003.186
5	443.0	18.9220	1681390003.690
5	443.5	18.8868	1681390004.182
5	444.0	18.8314	1681390004.686
5	444.5	18.7575	1681390005.190
5	445.0	18.6981	1681390005.682
5	445.5	18.6549	1681390006.186
5	446.0	18.6029	1681390006.690
5	446.5	18.5957	1681390007.182
5	447.0	18.6352	1681390007.686
5	447.5	18.6604	1681390008.190
5	448.0	18.6223	1681390008.682
5	448.5	18.5405	1681390009.186
5	449.0	18.4455	1681390009.690
5	449.5	18.3340	1681390010.182
5	450.0	18.2407	1681390010.686
5	450.5	18.2174	1681390011.190
5	451.0	18.2430	1681390011.682
5	451.5	18.2674	1681390012.186
5	452.0	18.3087	1681390012.689
5	452.5	18.4109	1681390013.182
5	453.0	18.5265	1681390013.686
5	453.5	18.6241	1681390014.189
5	454.0	18.5543	1681390014.682
5	454.5	18.4184	1681390015.185
5	455.0	18.3766	1681390015.689
5	455.5	18.4215	1681390016.182
5	456.0	18.4557	1681390016.685
5	456.5	18.4802	1681390017.189
5	457.0	18.5220	1681390017.681
5	457.5	18.5466	1681390018.185
5	458.0	18.5618	1681390018.689
5	458.5	18.5834	1681390019.181
5	459.0	18.5848	1681390019.685
5	459.5	18.6133	1681390020.189
5	460.0	18.6445	1681390020.681
5	460.5	18.5885	1681390021.185
5	461.0	18.5339	1681390021.689
5	461.5	18.4491	1681390022.181
5	462.0	18.3818	1681390022.685
5	462.5	18.3770	1681390023.189
5	463.0	18.3971	1681390023.681
5	463.5	18.4076	1681390024.185
5	464.0	18.3685	1681390024.689
5	464.5	18.3184	1681390025.181
5	465.0	18.3146	1681390025.685
5	465.5	18.3692	1681390026.189
5	466.0	18.4760	1681390026.681
5	466.5	18.5782	1681390027.185
5	467.0	18.6456	1681390027.689
5	467.5	18.6785	1681390028.181
5	468.0	18.7330	1681390028.685
5	468.5	18.7842	1681390029.189
5	469.0	18.7787	1681390029.681
5	469.5	18.8192	1681390030.185
5	470.0	18.8010	1681390030.689
5	470.5	18.7635	1681390031.181
5	471.0	18.8371	1681390031.685
5	471.5	18.7936	1681390032.189
5	472.0	18.7657	1681390032.681
5	472.5	18.7716	1681390033.185
5	473.0	18.7696	1681390033.689
5	473.5	18.7725	1681390034.181
5	474.0	18.8053	1681390034.685
5	474.5	18.9004	1681390035.189
5	475.0	18.9160	1681390035.681
5	475.5	18.9167	1681390036.185
5	476.0	18.9160	1681390036.689
5	476.5	18.9787	1681390037.181
5	477.0	19.0180	1681390037.685
5	477.5	18.9967	1681390038.188
5	478.0	19.0231	1681390038.681
5	478.5	19.0272	1681390039.184
5	479.0	19.0247	1681390039.688
5	479.5	19.0380	1681390040.181
5	480.0	19.0995	1681390040.684
5	480.5	19.1064	1681390041.188
5	481.0	19.1295	1681390041.681
5	481.5	19.0931	1681390042.184
5	482.0	19.0441	1681390042.688
5	482.5	19.0262	1681390043.180
5	483.0	19.0430	1681390043.684
5	483.5	19.0375	1681390044.188
5	484.0	18.9676	1681390044.680
5	484.5	18.9084	1681390045.184
5	485.0	18.8348	1681390045.688
5	485.5	18.8012	1681390046.180
5	486.0	18.7960	1681390046.684
5	486.5	18.8515	1681390047.188
5	487.0	18.8960	1681390047.680
5	487.5	18.8539	1681390048.184
5	488.0	18.8925	1681390048.688
5	488.5	18.9300	1681390049.180
5	489.0	18.9381	1681390049.684
5	489.5	18.9562	1681390050.188
5	490.0	18.9294	1681390050.680
5	490.5	18.8167	1681390051.184
5	491.0	18.7750	1681390051.688
5	491.5	18.7168	1681390052.192
5	492.0	18.6415	1681390052.684
5	492.5	18.6802	1681390053.188
5	493.0	18.8113	1681390053.680
5	493.5	18.8415	1681390054.184
5	494.0	18.8582	1681390054.688
5	494.5	18.8271	1681390055.192
5	495.0	18.7919	1681390055.684
5	495.5	18.7800	1681390056.188
5	496.0	18.8185	1681390056.680
5	496.5	18.8546	1681390057.184
5	497.0	18.9182	1681390057.688
5	497.5	19.0174	1681390058.192
5	498.0	19.1025	1681390058.684
5	498.5	19.1716	1681390059.188
5	499.0	19.2778	1681390059.680
5	499.5	19.3084	1681390060.184
5	500.0	19.2034	1681390060.688
5	500.5	19.1428	1681390061.192
5	501.0	19.1604	1681390061.684
5	501.5	19.1897	1681390062.188
5	502.0	19.2509	1681390062.680
5	502.5	19.2510	1681390063.184
5	503.0	19.3183	1681390063.687
5	503.5	19.3492	1681390064.191
5	504.0	19.3696	1681390064.683
5	504.5	19.3737	1681390065.187
5	505.0	19.3469	1681390065.680
5	505.5	19.2722	1681390066.183
5	506.0	19.2683	1681390066.687
5	506.5	19.1973	1681390067.191
5	507.0	19.2127	1681390067.683
5	507.5	19.1404	1681390068.187
5	508.0	19.0929	1681390068.679
5	508.5	19.0717	1681390069.183
5	509.0	19.1642	1681390069.687
5	509.5	19.1141	1681390070.191
5	510.0	19.1540	1681390070.683
5	510.5	19.2236	1681390071.187
5	511.0	19.3032	1681390071.691
5	511.5	19.3246	1681390072.183
5	512.0	19.3730	1681390072.687
5	512.5	19.4197	1681390073.191
5	513.0	19.4148	1681390073.683
5	513.5	19.4542	1681390074.187
5	514.0	19.4992	1681390074.691
5	514.5	19.5308	1681390075.183
5	515.0	19.4729	1681390075.687
5	515.5	19.3793	1681390076.191
5	516.0	19.3443	1681390076.683
5	516.5	19.3787	1681390077.187
5	517.0	19.3028	1681390077.691
5	517.5	19.1522	1681390078.183
5	518.0	19.1048	1681390078.687
5	518.5	19.1655	1681390079.191
5	519.0	19.0744	1681390079.683
5	519.5	19.0512	1681390080.187
5	520.0	19.0319	1681390080.691
5	520.5	19.0891	1681390081.183
5	521.0	19.0952	1681390081.687
5	521.5	19.1045	1681390082.191
5	522.0	19.1633	1681390082.683
5	522.5	19.1828	1681390083.187
5	523.0	19.2035	1681390083.691
5	523.5	19.2298	1681390084.183
5	524.0	19.2001	1681390084.687
5	524.5	19.1344	1681390085.191
5	525.0	19.1131	1681390085.683
5	525.5	19.2049	1681390086.187
5	526.0	19.2311	1681390086.691
5	526.5	19.2606	1681390087.183
5	527.0	19.3554	1681390087.687
5	527.5	19.3463	1681390088.190
5	528.0	19.3494	1681390088.683
5	528.5	19.4110	1681390089.186
5	529.0	19.3618	1681390089.690
5	529.5	19.3562	1681390090.182
5	530.0	19.3099	1681390090.686
5	530.5	19.2718	1681390091.190
5	531.0	19.2517	1681390091.682
5	531.5	19.3015	1681390092.187
5	532.0	19.2969	1681390092.690
5	532.5	19.2467	1681390093.183
5	533.0	19.2709	1681390093.686
5	533.5	19.2840	1681390094.190
5	534.0	19.3227	1681390094.682
5	534.5	19.3808	1681390095.186
5	535.0	19.3966	1681390095.690
5	535.5	19.4315	1681390096.182
5	536.0	19.4782	1681390096.686
5	536.5	19.4749	1681390097.190
5	537.0	19.4745	1681390097.682
5	537.5	19.5576	1681390098.186
5	538.0	19.5788	1681390098.690
5	538.5	19.4895	1681390099.182
5	539.0	19.4006	1681390099.686
5	539.5	19.3600	1681390100.190
5	540.0	19.3913	1681390100.682
5	540.5	19.4350	1681390101.186
5	541.0	19.3678	1681390101.690
5	541.5	19.3458	1681390102.182
5	542.0	19.4657	1681390102.686
5	542.5	19.3324	1681390103.190
5	543.0	19.2855	1681390103.682
5	543.5	19.3019	1681390104.186
5	544.0	19.3281	1681390104.690
5	544.5	19.4479	1681390105.182
5	545.0	19.3514	1681390105.686
5	545.5	19.2199	1681390106.190
5	546.0	19.1797	1681390106.682
5	546.5	19.1226	1681390107.186
5	547.0	19.1659	1681390107.690
5	547.5	19.1643	1681390108.182
5	548.0	19.1335	1681390108.686
5	548.5	19.1196	1681390109.190
5	549.0	19.0901	1681390109.682
5	549.5	19.0765	1681390110.186
5	550.0	19.1062	1681390110.690
5	550.5	19.1046	1681390111.182
5	551.0	19.1000	1681390111.686
5	551.5	19.0584	1681390112.190
5	552.0	18.8816	1681390112.682
5	552.5	18.8309	1681390113.186
5	553.0	18.8791	1681390113.689
5	553.5	18.8795	1681390114.182
5	554.0	18.8640	1681390114.685
5	554.5	18.7921	1681390115.189
5	555.0	18.7034	1681390115.681
5	555.5	18.5863	1681390116.185
5	556.0	18.5611	1681390116.689
5	556.5	18.4779	1681390117.181
5	557.0	18.3830	1681390117.685
5	557.5	18.3367	1681390118.189
5	558.0	18.3460	1681390118.681
5	558.5	18.4185	1681390119.185
5	559.0	18.4152	1681390119.689
5	559.5	18.3158	1681390120.181
5	560.0	18.2095	1681390120.685
5	560.5	18.2845	1681390121.189
5	561.0	18.2547	1681390121.681
5	561.5	18.2110	1681390122.185
5	562.0	18.1622	1681390122.689
5	562.5	18.1679	1681390123.181
5	563.0	18.2143	1681390123.685
5	563.5	18.2538	1681390124.189
5	564.0	18.2710	1681390124.681
5	564.5	18.2179	1681390125.185
5	565.0	18.1311	1681390125.689
5	565.5	18.0425	1681390126.181
5	566.0	18.0634	1681390126.685
5	566.5	18.0911	1681390127.189
5	567.0	18.1007	1681390127.681
5	567.5	18.0814	1681390128.185
5	568.0	18.0192	1681390128.689
5	568.5	18.0569	1681390129.181
5	569.0	18.0107	1681390129.685
5	569.5	17.9874	1681390130.189
5	570.0	17.9770	1681390130.681
5	570.5	17.8990	1681390131.185
5	571.0	17.9380	1681390131.689
5	571.5	18.0554	1681390132.181
5	572.0	18.1205	1681390132.685
5	572.5	18.1590	1681390133.189
5	573.0	18.0814	1681390133.681
5	573.5	18.0171	1681390134.185
5	574.0	18.0222	1681390134.689
5	574.5	18.0259	1681390135.181
5	575.0	18.0517	1681390135.685
5	575.5	18.0457	1681390136.189
5	576.0	18.0073	1681390136.681
5	576.5	18.0716	1681390137.185
5	577.0	18.0352	1681390137.689
5	577.5	18.0883	1681390138.181
5	578.0	18.0949	1681390138.685
5	578.5	18.0018	1681390139.189
5	579.0	18.0529	1681390139.681
5	579.5	18.0261	1681390140.184
5	580.0	17.9932	1681390140.688
5	580.5	17.9702	1681390141.180
5	581.0	17.9427	1681390141.684
5	581.5	17.9510	1681390142.188
5	582.0	18.0521	1681390142.680
5	582.5	18.1107	1681390143.184
5	583.0	18.1910	1681390143.688
5	583.5	18.2484	1681390144.180
5	584.0	18.2015	1681390144.684
5	584.5	18.1855	1681390145.188
5	585.0	18.2235	1681390145.680
5	585.5	18.1442	1681390146.184
5	586.0	18.1545	1681390146.688
5	586.5	18.0539	1681390147.192
5	587.0	18.1225	1681390147.684
5	587.5	18.1295	1681390148.188
5	588.0	18.0257	1681390148.680
5	588.5	18.0413	1681390149.184
5	589.0	18.0810	1681390149.688
5	589.5	18.1425	1681390150.192
5	590.0	18.1515	1681390150.684
5	590.5	18.2076	1681390151.188
5	591.0	18.2326	1681390151.680
5	591.5	18.2932	1681390152.184
5	592.0	18.3544	1681390152.688
5	592.5	18.4210	1681390153.192
5	593.0	18.4645	1681390153.684
5	593.5	18.3936	1681390154.188
5	594.0	18.4594	1681390154.680
5	594.5	18.4818	1681390155.184
5	595.0	18.4699	1681390155.688
5	595.5	18.5043	1681390156.192
5	596.0	18.5291	1681390156.684
5	596.5	18.5411	1681390157.188
5	597.0	18.5594	1681390157.680
5	597.5	18.5206	1681390158.184
5	598.0	18.5186	1681390158.688
5	598.5	18.5652	1681390159.192
5	599.0	18.5688	1681390159.684
5	599.5	18.6166	1681390160.188
5	600.0	18.6571	1681390160.691
5	600.5	18.5775	1681390161.184
5	601.0	18.4829	1681390161.688
5	601.5	18.5091	1681390162.191
5	602.0	18.4544	1681390162.684
5	602.5	18.5126	1681390163.187
5	603.0	18.5693	1681390163.680
5	603.5	18.6158	1681390164.184
5	604.0	18.6657	1681390164.687
5	604.5	18.6998	1681390165.191
5	605.0	18.7158	1681390165.683
5	605.5	18.7552	1681390166.187
5	606.0	18.7845	1681390166.691
5	606.5	18.6957	1681390167.183
5	607.0	18.5488	1681390167.687
5	607.5	18.4557	1681390168.191
5	608.0	18.4427	1681390168.683
5	608.5	18.5006	1681390169.187
5	609.0	18.5719	1681390169.691
5	609.5	18.6220	1681390170.183
5	610.0	18.6082	1681390170.687
5	610.5	18.6142	1681390171.191
5	611.0	18.6080	1681390171.683
5	611.5	18.5894	1681390172.187
5	612.0	18.5685	1681390172.691
5	612.5	18.4921	1681390173.184
5	613.0	18.5122	1681390173.687
5	613.5	18.5809	1681390174.191
5	614.0	18.6756	1681390174.683
5	614.5	18.7753	1681390175.187
5	615.0	18.8693	1681390175.691
5	615.5	18.8946	1681390176.183
5	616.0	18.8452	1681390176.687
5	616.5	18.8193	1681390177.191
5	617.0	18.8849	1681390177.683
5	617.5	18.9159	1681390178.187
5	618.0	18.9582	1681390178.691
5	618.5	18.9514	1681390179.183
5	619.0	18.8417	1681390179.687
5	619.5	18.8766	1681390180.191
5	620.0	18.8187	1681390180.683
5	620.5	18.8089	1681390181.187
5	621.0	18.8181	1681390181.691
5	621.5	18.7162	1681390182.183
5	622.0	18.6206	1681390182.687
5	622.5	18.6029	1681390183.191
5	623.0	18.6117	1681390183.683
5	623.5	18.7024	1681390184.187
5	624.0	18.7613	1681390184.691
5	624.5	18.7905	1681390185.183
5	625.0	18.7672	1681390185.687
5	625.5	18.7139	1681390186.191
5	626.0	18.7323	1681390186.683
5	626.5	18.7802	1681390187.187
5	627.0	18.7540	1681390187.690
5	627.5	18.7147	1681390188.183
5	628.0	18.6095	1681390188.686
5	628.5	18.4928	1681390189.190
5	629.0	18.5614	1681390189.682
5	629.5	18.6097	1681390190.186
5	630.0	18.6344	1681390190.690
5	630.5	18.5283	1681390191.182
5	631.0	18.4520	1681390191.686
5	631.5	18.3822	1681390192.190
5	632.0	18.4712	1681390192.682
5	632.5	18.5380	1681390193.187
5	633.0	18.4734	1681390193.690
5	633.5	18.4134	1681390194.182
5	634.0	18.3165	1681390194.686
5	634.5	18.2756	1681390195.190
5	635.0	18.3735	1681390195.682
5	635.5	18.4084	1681390196.186
5	636.0	18.4733	1681390196.690
5	636.5	18.5248	1681390197.183
5	637.0	18.6265	1681390197.686
5	637.5	18.6920	1681390198.190
5	638.0	18.7124	1681390198.682
5	638.5	18.7459	1681390199.186
5	639.0	18.6965	1681390199.690
5	639.5	18.8140	1681390200.182
5	640.0	18.9035	1681390200.686
5	640.5	19.0176	1681390201.190
5	641.0	19.0734	1681390201.682
5	641.5	19.0704	1681390202.187
5	642.0	19.0398	1681390202.690
5	642.5	19.0042	1681390203.182
5	643.0	18.9567	1681390203.686
5	643.5	18.8679	1681390204.190
5	644.0	18.7841	1681390204.682
5	644.5	18.6984	1681390205.186
5	645.0	18.5799	1681390205.690
5	645.5	18.5472	1681390206.182
5	646.0	18.4789	1681390206.686
5	646.5	18.4654	1681390207.190
5	647.0	18.5311	1681390207.682
5	647.5	18.4977	1681390208.186
5	648.0	18.4699	1681390208.690
5	648.5	18.4497	1681390209.182
5	649.0	18.3746	1681390209.686
5	649.5	18.3498	1681390210.190
5	650.0	18.2926	1681390210.682
5	650.5	18.2297	1681390211.186
5	651.0	18.1532	1681390211.689
5	651.5	18.0851	1681390212.182
5	652.0	18.0719	1681390212.686
5	652.5	18.1457	1681390213.189
5	653.0	18.2318	1681390213.682
5	653.5	18.3182	1681390214.186
5	654.0	18.3177	1681390214.689
5	654.5	18.3136	1681390215.182
5	655.0	18.2804	1681390215.685
5	655.5	18.2913	1681390216.190
5	656.0	18.3103	1681390216.682
5	656.5	18.3121	1681390217.185
5	657.0	18.3281	1681390217.689
5	657.5	18.2922	1681390218.181
5	658.0	18.2673	1681390218.686
5	658.5	18.2460	1681390219.189
5	659.0	18.2263	1681390219.682
5	659.5	18.2392	1681390220.185
5	660.0	18.3070	1681390220.689
5	660.5	18.3528	1681390221.181
5	661.0	18.3664	1681390221.685
5	661.5	18.3356	1681390222.189
5	662.0	18.3038	1681390222.681
5	662.5	18.2506	1681390223.185
5	663.0	18.2391	1681390223.690
5	663.5	18.2251	1681390224.181
5	664.0	18.2112	1681390224.685
5	664.5	18.2403	1681390225.189
5	665.0	18.3472	1681390225.681
5	665.5	18.4388	1681390226.185
5	666.0	18.4206	1681390226.689
5	666.5	18.3492	1681390227.181
5	667.0	18.2861	1681390227.685
5	667.5	18.2372	1681390228.189
5	668.0	18.2734	1681390228.681
5	668.5	18.3916	1681390229.185
5	669.0	18.5226	1681390229.689
5	669.5	18.6217	1681390230.181
5	670.0	18.7279	1681390230.685
5	670.5	18.9145	1681390231.189
5	671.0	19.0595	1681390231.681
5	671.5	19.2191	1681390232.185
5	672.0	19.3873	1681390232.689
5	672.5	19.4515	1681390233.181
5	673.0	19.4495	1681390233.685
5	673.5	19.4913	1681390234.189
5	674.0	19.5450	1681390234.681
5	674.5	19.4808	1681390235.185
5	675.0	19.3798	1681390235.689
5	675.5	19.4213	1681390236.181
5	676.0	19.4529	1681390236.684
5	676.5	19.5560	1681390237.188
5	677.0	19.6696	1681390237.681
5	677.5	19.7654	1681390238.185
5	678.0	19.7898	1681390238.688
5	678.5	19.6228	1681390239.181
5	679.0	19.5455	1681390239.684
5	679.5	19.5357	1681390240.188
5	680.0	19.6389	1681390240.680
5	680.5	19.6704	1681390241.184
5	681.0	19.6228	1681390241.688
5	681.5	19.7204	1681390242.180
5	682.0	19.7757	1681390242.684
5	682.5	19.8183	1681390243.188
5	683.0	19.9089	1681390243.680
5	683.5	19.9839	1681390244.184
5	684.0	19.9493	1681390244.688
5	684.5	20.0618	1681390245.192
5	685.0	20.1624	1681390245.685
5	685.5	20.1511	1681390246.188
5	686.0	20.1512	1681390246.680
5	686.5	20.1657	1681390247.184
5	687.0	20.0422	1681390247.688
5	687.5	19.9494	1681390248.192
5	688.0	20.0210	1681390248.684
5	688.5	20.1423	1681390249.188
5	689.0	20.1963	1681390249.680
5	689.5	20.1092	1681390250.184
5	690.0	20.0136	1681390250.688
5	690.5	20.0253	1681390251.192
5	691.0	20.0323	1681390251.684
5	691.5	20.1082	1681390252.188
5	692.0	20.1649	1681390252.680
5	692.5	20.1688	1681390253.184
5	693.0	20.2520	1681390253.688
5	693.5	20.2948	1681390254.192
5	694.0	20.3494	1681390254.684
5	694.5	20.4027	1681390255.188
5	695.0	20.2821	1681390255.681
5	695.5	20.1377	1681390256.184
5	696.0	20.0305	1681390256.688
5	696.5	20.0381	1681390257.192
5	697.0	20.1262	1681390257.684
5	697.5	20.1507	1681390258.188
5	698.0	20.2237	1681390258.680
5	698.5	20.2476	1681390259.184
5	699.0	20.2725	1681390259.688
5	699.5	20.2752	1681390260.191
5	700.0	20.3456	1681390260.684
5	700.5	20.2894	1681390261.188
5	701.0	20.2113	1681390261.680
5	701.5	20.2340	1681390262.184
5	702.0	20.2744	1681390262.688
5	702.5	20.1863	1681390263.191
5	703.0	20.1081	1681390263.683
5	703.5	20.1025	1681390264.187
5	704.0	20.2007	1681390264.691
5	704.5	20.2805	1681390265.184
5	705.0	20.3588	1681390265.687
5	705.5	20.4201	1681390266.191
5	706.0	20.5145	1681390266.683
5	706.5	20.6142	1681390267.188
5	707.0	20.6755	1681390267.692
5	707.5	20.6642	1681390268.183
5	708.0	20.5696	1681390268.687
5	708.5	20.6099	1681390269.191
5	709.0	20.6631	1681390269.683
5	709.5	20.6994	1681390270.187
5	710.0	20.6970	1681390270.691
5	710.5	20.6934	1681390271.183
5	711.0	20.7123	1681390271.687
5	711.5	20.5235	1681390272.191
5	712.0	20.4419	1681390272.683
5	712.5	20.4527	1681390273.187
5	713.0	20.4465	1681390273.691
5	713.5	20.2741	1681390274.183
5	714.0	20.1448	1681390274.687
5	714.5	20.0984	1681390275.191
5	715.0	20.0477	1681390275.683
5	715.5	19.9907	1681390276.187
5	716.0	19.9925	1681390276.691
5	716.5	20.0909	1681390277.183
5	717.0	20.1571	1681390277.687
5	717.5	20.1963	1681390278.191
5	718.0	20.2572	1681390278.683
5	718.5	20.2813	1681390279.187
5	719.0	20.2854	1681390279.691
5	719.5	20.2256	1681390280.183
5	720.0	20.2890	1681390280.687
5	720.5	20.2950	1681390281.191
5	721.0	20.2943	1681390281.683
5	721.5	20.3397	1681390282.187
5	722.0	20.2265	1681390282.691
5	722.5	20.2831	1681390283.183
5	723.0	20.2551	1681390283.687
5	723.5	20.1585	1681390284.191
5	724.0	20.1836	1681390284.683
5	724.5	20.1697	1681390285.187
5	725.0	20.1533	1681390285.690
5	725.5	20.0900	1681390286.183
5	726.0	20.0761	1681390286.687
5	726.5	20.1253	1681390287.190
5	727.0	20.0478	1681390287.682
5	727.5	20.0292	1681390288.186
5	728.0	20.1167	1681390288.690
5	728.5	20.1993	1681390289.183
5	729.0	20.1777	1681390289.686
5	729.5	20.2485	1681390290.191
5	730.0	20.2830	1681390290.683
5	730.5	20.3138	1681390291.186
5	731.0	20.2922	1681390291.690
5	731.5	20.3495	1681390292.182
5	732.0	20.3261	1681390292.686
5	732.5	20.1062	1681390293.190
5	733.0	19.9398	1681390293.683
5	733.5	19.9908	1681390294.186
5	734.0	20.0569	1681390294.690
5	734.5	19.9934	1681390295.183
5	735.0	19.9241	1681390295.686
5	735.5	19.9630	1681390296.190
5	736.0	19.9246	1681390296.682
5	736.5	20.0021	1681390297.187
5	737.0	19.8860	1681390297.690
5	737.5	19.7857	1681390298.182
5	738.0	19.6906	1681390298.686
5	738.5	19.6986	1681390299.190
5	739.0	19.6399	1681390299.682
5	739.5	19.6696	1681390300.186
5	740.0	19.7782	1681390300.690
5	740.5	19.8877	1681390301.182
5	741.0	19.8267	1681390301.686
5	741.5	19.7710	1681390302.190
5	742.0	19.6923	1681390302.682
5	742.5	19.7440	1681390303.186
5	743.0	19.8122	1681390303.690
5	743.5	19.8869	1681390304.182
5	744.0	19.9717	1681390304.686
5	744.5	19.9509	1681390305.190
5	745.0	19.9634	1681390305.682
5	745.5	20.0184	1681390306.186
5	746.0	20.0505	1681390306.690
5	746.5	19.9703	1681390307.182
5	747.0	19.9133	1681390307.686
5	747.5	19.7641	1681390308.190
5	748.0	19.6009	1681390308.682
5	748.5	19.5711	1681390309.186
5	749.0	19.6065	1681390309.690
5	749.5	19.4361	1681390310.182
5	750.0	19.3608	1681390310.686
5	750.5	19.4704	1681390311.190
5	751.0	19.6024	1681390311.682
5	751.5	19.7220	1681390312.185
5	752.0	19.8106	1681390312.689
5	752.5	19.8609	1681390313.181
5	753.0	19.9060	1681390313.685
5	753.5	19.9938	1681390314.189
5	754.0	20.0946	1681390314.682
5	754.5	20.1557	1681390315.185
5	755.0	20.0369	1681390315.689
5	755.5	20.0761	1681390316.181
5	756.0	19.9695	1681390316.686
5	756.5	19.9835	1681390317.189
5	757.0	19.9221	1681390317.682
5	757.5	19.8630	1681390318.185
5	758.0	19.8518	1681390318.690
5	758.5	19.9491	1681390319.181
5	759.0	20.0019	1681390319.685
5	759.5	20.0437	1681390320.189
5	760.0	20.0108	1681390320.681
5	760.5	19.8349	1681390321.185
5	761.0	19.6932	1681390321.689
5	761.5	19.6565	1681390322.181
5	762.0	19.7190	1681390322.685
5	762.5	19.7916	1681390323.189
5	763.0	19.9299	1681390323.681
5	763.5	19.9802	1681390324.185
5	764.0	20.0362	1681390324.689
5	764.5	20.0677	1681390325.181
5	765.0	19.9714	1681390325.685
5	765.5	19.9650	1681390326.189
5	766.0	20.0338	1681390326.681
5	766.5	20.0085	1681390327.185
5	767.0	20.0469	1681390327.689
5	767.5	20.0185	1681390328.181
5	768.0	20.0264	1681390328.685
5	768.5	20.0816	1681390329.189
5	769.0	20.1789	1681390329.681
5	769.5	20.2675	1681390330.185
5	770.0	20.3515	1681390330.689
5	770.5	20.2899	1681390331.181
5	771.0	20.1427	1681390331.685
5	771.5	19.9888	1681390332.189
5	772.0	19.9644	1681390332.681
5	772.5	19.8620	1681390333.185
5	773.0	19.8512	1681390333.689
5	773.5	19.9223	1681390334.181
5	774.0	19.9762	1681390334.685
5	774.5	19.9126	1681390335.189
5	775.0	19.9427	1681390335.681
5	775.5	20.0227	1681390336.185
5	776.0	20.0476	1681390336.688
5	776.5	20.0604	1681390337.181
5	777.0	20.1317	1681390337.685
5	777.5	20.1435	1681390338.188
5	778.0	20.2080	1681390338.680
5	778.5	20.3064	1681390339.184
5	779.0	20.3410	1681390339.688
5	779.5	20.3205	1681390340.180
5	780.0	20.3608	1681390340.684
5	780.5	20.3547	1681390341.188
5	781.0	20.3105	1681390341.680
5	781.5	20.3085	1681390342.184
5	782.0	20.3126	1681390342.688
5	782.5	20.3769	1681390343.192
5	783.0	20.4607	1681390343.684
5	783.5	20.5212	1681390344.189
5	784.0	20.5754	1681390344.681
5	784.5	20.6108	1681390345.184
5	785.0	20.4582	1681390345.688
5	785.5	20.4471	1681390346.192
5	786.0	20.5047	1681390346.684
5	786.5	20.5287	1681390347.188
5	787.0	20.3489	1681390347.681
5	787.5	20.1409	1681390348.184
5	788.0	20.0303	1681390348.688
5	788.5	20.0605	1681390349.192
5	789.0	19.9327	1681390349.684
5	789.5	19.8354	1681390350.188
5	790.0	19.9383	1681390350.680
5	790.5	19.8549	1681390351.184
5	791.0	19.7780	1681390351.688
5	791.5	19.8409	1681390352.192
5	792.0	19.8548	1681390352.684
5	792.5	19.9639	1681390353.188
5	793.0	20.0671	1681390353.680
5	793.5	20.1759	1681390354.184
5	794.0	20.2515	1681390354.688
5	794.5	20.2388	1681390355.192
5	795.0	20.2654	1681390355.684
5	795.5	20.3179	1681390356.188
5	796.0	20.3196	1681390356.680
5	796.5	20.3703	1681390357.184
5	797.0	20.4284	1681390357.688
5	797.5	20.4306	1681390358.191
5	798.0	20.3190	1681390358.684
5	798.5	20.2758	1681390359.187
5	799.0	20.3066	1681390359.680
5	799.5	20.2558	1681390360.184
5	800.0	20.3118	1681390360.687
5	800.5	20.3958	1681390361.191
5	801.0	20.4263	1681390361.684
5	801.5	20.3195	1681390362.187
5	802.0	20.1757	1681390362.691
5	802.5	20.0463	1681390363.183
5	803.0	20.0247	1681390363.687
5	803.5	20.0658	1681390364.191
5	804.0	20.0583	1681390364.683
5	804.5	20.1014	1681390365.187
5	805.0	20.0629	1681390365.691
5	805.5	19.9634	1681390366.183
5	806.0	19.9505	1681390366.687
5	806.5	19.9703	1681390367.191
5	807.0	20.0635	1681390367.684
5	807.5	19.9485	1681390368.187
5	808.0	19.7682	1681390368.691
5	808.5	19.6850	1681390369.184
5	809.0	19.7240	1681390369.687
5	809.5	19.8154	1681390370.191
5	810.0	19.9289	1681390370.683
5	810.5	19.8702	1681390371.187
5	811.0	19.7733	1681390371.691
5	811.5	19.7330	1681390372.183
5	812.0	19.7341	1681390372.687
5	812.5	19.8281	1681390373.191
5	813.0	19.8135	1681390373.683
5	813.5	19.7318	1681390374.187
5	814.0	19.7963	1681390374.691
5	814.5	19.8096	1681390375.183
5	815.0	19.7186	1681390375.687
5	815.5	19.5949	1681390376.191
5	816.0	19.5275	1681390376.683
5	816.5	19.6050	1681390377.187
5	817.0	19.6629	1681390377.691
5	817.5	19.7367	1681390378.183
5	818.0	19.7207	1681390378.687
5	818.5	19.6236	1681390379.191
5	819.0	19.7212	1681390379.683
5	819.5	19.8647	1681390380.187
5	820.0	19.9031	1681390380.691
5	820.5	19.8980	1681390381.183
5	821.0	19.9251	1681390381.687
5	821.5	19.9249	1681390382.191
5	822.0	19.8972	1681390382.683
5	822.5	19.9532	1681390383.187
5	823.0	19.9876	1681390383.690
5	823.5	20.0285	1681390384.183
5	824.0	20.0966	1681390384.687
5	824.5	20.1418	1681390385.190
5	825.0	20.0569	1681390385.683
5	825.5	20.0540	1681390386.186
5	826.0	20.0405	1681390386.690
5	826.5	20.0267	1681390387.183
5	827.0	20.0415	1681390387.686
5	827.5	19.9772	1681390388.190
5	828.0	19.8012	1681390388.682
5	828.5	19.5859	1681390389.186
5	829.0	19.4343	1681390389.690
5	829.5	19.3801	1681390390.182
5	830.0	19.3009	1681390390.686
5	830.5	19.3207	1681390391.190
5	831.0	19.3739	1681390391.682
5	831.5	19.2829	1681390392.186
5	832.0	19.1766	1681390392.690
5	832.5	19.1618	1681390393.182
5	833.0	19.1558	1681390393.686
5	833.5	19.2009	1681390394.190
5	834.0	19.2056	1681390394.683
5	834.5	19.1300	1681390395.186
5	835.0	19.0379	1681390395.690
5	835.5	18.9690	1681390396.182
5	836.0	18.9645	1681390396.686
5	836.5	18.9946	1681390397.190
5	837.0	18.9794	1681390397.682
5	837.5	18.9911	1681390398.186
5	838.0	19.0065	1681390398.690
5	838.5	18.9836	1681390399.182
5	839.0	18.9225	1681390399.686
5	839.5	18.8717	1681390400.190
5	840.0	18.8742	1681390400.682
5	840.5	18.8971	1681390401.186
5	841.0	18.8661	1681390401.690
5	841.5	18.7851	1681390402.182
5	842.0	18.1134	1681390402.686
5	842.5	18.0796	1681390403.190
5	843.0	18.0582	1681390403.682
5	843.5	18.0413	1681390404.186
5	844.0	18.0351	1681390404.690
5	844.5	18.0325	1681390405.182
5	845.0	18.0301	1681390405.686
5	845.5	18.0260	1681390406.190
5	846.0	18.0263	1681390406.682
5	846.5	18.0195	1681390407.186
5	847.0	18.0198	1681390407.690
5	847.5	18.0194	1681390408.182
5	848.0	18.0178	1681390408.686
5	848.5	18.0166	1681390409.189
5	849.0	18.0154	1681390409.682
5	849.5	18.0019	1681390410.185
5	850.0	18.0010	1681390410.689
5	850.5	17.9834	1681390411.182
5	851.0	17.9794	1681390411.685
5	851.5	17.9793	1681390412.189
5	852.0	17.9764	1681390412.682
5	852.5	17.9762	1681390413.185
5	853.0	17.9752	1681390413.689
5	853.5	17.9767	1681390414.181
5	854.0	17.9778	1681390414.685
5	854.5	17.9744	1681390415.189
5	855.0	17.9716	1681390415.681
5	855.5	17.9729	1681390416.185
5	856.0	17.9705	1681390416.689
5	856.5	17.9678	1681390417.181
5	857.0	17.9685	1681390417.685
5	857.5	17.9698	1681390418.189
5	858.0	17.9687	1681390418.681
5	858.5	17.9687	1681390419.185
5	859.0	17.9675	1681390419.689
5	859.5	17.9675	1681390420.181
5	860.0	17.9678	1681390420.685
5	860.5	17.9679	1681390421.189
5	861.0	17.9660	1681390421.681
5	861.5	17.9622	1681390422.185
5	862.0	17.9629	1681390422.689
5	862.5	17.9653	1681390423.181
5	863.0	17.9690	1681390423.685
5	863.5	17.9631	1681390424.189
5	864.0	17.9709	1681390424.681
5	864.5	17.9699	1681390425.185
5	865.0	17.9689	1681390425.689
5	865.5	17.9706	1681390426.181
5	866.0	17.9594	1681390426.685
5	866.5	17.9687	1681390427.189
5	867.0	17.9703	1681390427.681
5	867.5	17.9669	1681390428.185
5	868.0	17.9719	1681390428.689
5	868.5	17.9741	1681390429.181
5	869.0	17.9738	1681390429.685
5	869.5	17.9614	1681390430.189
5	870.0	17.9623	1681390430.681
5	870.5	17.9607	1681390431.185
5	871.0	17.9573	1681390431.689
5	871.5	17.9646	1681390432.181
5	872.0	17.9602	1681390432.685
5	872.5	17.9587	1681390433.189
5	873.0	17.9537	1681390433.681
5	873.5	17.9580	1681390434.184
5	874.0	17.9684	1681390434.688
5	874.5	17.9607	1681390435.181
5	875.0	17.9725	1681390435.684
5	875.5	17.9735	1681390436.188
5	876.0	17.9621	1681390436.681
5	876.5	17.9584	1681390437.184
5	877.0	17.9659	1681390437.688
5	877.5	17.9651	1681390438.180
5	878.0	17.9696	1681390438.684
5	878.5	17.9612	1681390439.188
5	879.0	17.9560	1681390439.680
5	879.5	17.9568	1681390440.184
5	880.0	17.9598	1681390440.688
5	880.5	17.9734	1681390441.192
5	881.0	17.9714	1681390441.684
5	881.5	17.9745	1681390442.188
5	882.0	17.9740	1681390442.680
5	882.5	17.9771	1681390443.184
5	883.0	17.9699	1681390443.688
5	883.5	17.9710	1681390444.192
5	884.0	17.9678	1681390444.684
5	884.5	17.9688	1681390445.188
5	885.0	17.9651	1681390445.680
5	885.5	17.9653	1681390446.184
5	886.0	17.9642	1681390446.688
5	886.5	17.9674	1681390447.192
5	887.0	17.9741	1681390447.684
5	887.5	17.9824	1681390448.188
5	888.0	17.9812	1681390448.680
5	888.5	17.9755	1681390449.184
5	889.0	17.9772	1681390449.688
5	889.5	17.9912	1681390450.192
5	890.0	17.9917	1681390450.684
5	890.5	17.9899	1681390451.188
5	891.0	17.9758	1681390451.680
5	891.5	17.9678	1681390452.184
5	892.0	17.9634	1681390452.688
5	892.5	17.9701	1681390453.192
5	893.0	17.9638	1681390453.684
5	893.5	17.9566	1681390454.188
5	894.0	17.9644	1681390454.680
5	894.5	17.9667	1681390455.184
5	895.0	17.9646	1681390455.688
5	895.5	17.9636	1681390456.192
5	896.0	17.9614	1681390456.684
5	896.5	17.9565	1681390457.188
5	897.0	17.9549	1681390457.680
5	897.5	17.9541	1681390458.184
5	898.0	17.9570	1681390458.688
5	898.5	17.9668	1681390459.191
5	899.0	17.9650	1681390459.684
5	899.5	17.9677	1681390460.187
5	900.0	17.9623	1681390460.691
5	900.5	17.9604	1681390461.183
5	901.0	17.9730	1681390461.687
5	901.5	17.9763	1681390462.191
5	902.0	17.9660	1681390462.683
5	902.5	17.9668	1681390463.187
5	903.0	17.9621	1681390463.691
5	903.5	17.9595	1681390464.183
5	904.0	17.9836	1681390464.687
5	904.5	17.9862	1681390465.191
5	905.0	17.9795	1681390465.683
5	905.5	17.9759	1681390466.187
5	906.0	17.9736	1681390466.691
5	906.5	17.9776	1681390467.183
5	907.0	17.9700	1681390467.687
5	907.5	17.9624	1681390468.191
5	908.0	17.9614	1681390468.683
5	908.5	17.9612	1681390469.187
5	909.0	17.9650	1681390469.691
5	909.5	17.9794	1681390470.183
5	910.0	17.9725	1681390470.687
5	910.5	17.9651	1681390471.191
5	911.0	17.9622	1681390471.683
5	911.5	17.9647	1681390472.187
5	912.0	17.9676	1681390472.691
5	912.5	17.9602	1681390473.183
5	913.0	17.9593	1681390473.687
5	913.5	17.9629	1681390474.191
5	914.0	17.9609	1681390474.683
5	914.5	17.9719	1681390475.187
5	915.0	17.9668	1681390475.691
5	915.5	17.9674	1681390476.183
5	916.0	17.9739	1681390476.687
5	916.5	17.9702	1681390477.191
5	917.0	17.9780	1681390477.683
5	917.5	17.9721	1681390478.187
5	918.0	17.9697	1681390478.691
5	918.5	17.9694	1681390479.183
5	919.0	17.9715	1681390479.687
5	919.5	17.9669	1681390480.191
5	920.0	17.9699	1681390480.683
5	920.5	17.9684	1681390481.187
5	921.0	17.9689	1681390481.691
5	921.5	17.9687	1681390482.183
5	922.0	17.9674	1681390482.687
5	922.5	17.9661	1681390483.190
5	923.0	17.9665	1681390483.683
5	923.5	17.9601	1681390484.187
5	924.0	17.9668	1681390484.690
5	924.5	17.9705	1681390485.182
5	925.0	17.9714	1681390485.686
5	925.5	17.9760	1681390486.190
5	926.0	17.9767	1681390486.682
5	926.5	17.9756	1681390487.186
5	927.0	17.9720	1681390487.690
5	927.5	17.9757	1681390488.182
5	928.0	17.9711	1681390488.686
5	928.5	17.9682	1681390489.190
5	929.0	17.9657	1681390489.682
5	929.5	17.9685	1681390490.186
5	930.0	17.9684	1681390490.690
5	930.5	17.9702	1681390491.182
5	931.0	17.9704	1681390491.686
5	931.5	17.9749	1681390492.190
5	932.0	17.9719	1681390492.682
5	932.5	17.9720	1681390493.186
5	933.0	17.9737	1681390493.690
5	933.5	17.9668	1681390494.182
5	934.0	17.9675	1681390494.686
5	934.5	17.9711	1681390495.190
5	935.0	17.9746	1681390495.682
5	935.5	17.9704	1681390496.186
5	936.0	17.9677	1681390496.690
5	936.5	17.9641	1681390497.182
5	937.0	17.9728	1681390497.686
5	937.5	17.9760	1681390498.190
5	938.0	17.9734	1681390498.682
5	938.5	17.9739	1681390499.186
5	939.0	17.9721	1681390499.690
5	939.5	17.9710	1681390500.182
5	940.0	17.9675	1681390500.686
5	940.5	17.9722	1681390501.190
5	941.0	17.9719	1681390501.682
5	941.5	17.9695	1681390502.186
5	942.0	17.9723	1681390502.690
5	942.5	17.9747	1681390503.182
5	943.0	17.9716	1681390503.686
5	943.5	17.9660	1681390504.190
5	944.0	17.9646	1681390504.682
5	944.5	17.9637	1681390505.186
5	945.0	17.9739	1681390505.690
5	945.5	17.9734	1681390506.182
5	946.0	17.9750	1681390506.686
5	946.5	17.9741	1681390507.190
5	947.0	17.9740	1681390507.682
5	947.5	17.9740	1681390508.186
5	948.0	17.9760	1681390508.690
5	948.5	17.9721	1681390509.182
5	949.0	17.9730	1681390509.686
5	949.5	17.9710	1681390510.189
5	950.0	17.9687	1681390510.681
5	950.5	17.9682	1681390511.185
5	951.0	17.9692	1681390511.689
5	951.5	17.9692	1681390512.181
5	952.0	17.9684	1681390512.685
5	952.5	17.9702	1681390513.189
5	953.0	17.9850	1681390513.681
5	953.5	17.9826	1681390514.185
5	954.0	17.9822	1681390514.689
5	954.5	17.9778	1681390515.181
5	955.0	17.9717	1681390515.685
5	955.5	17.9717	1681390516.189
5	956.0	17.9714	1681390516.681
5	956.5	17.9708	1681390517.185
5	957.0	17.9703	1681390517.689
5	957.5	17.9691	1681390518.181
5	958.0	17.9681	1681390518.685
5	958.5	17.9652	1681390519.189
5	959.0	17.9669	1681390519.681
5	959.5	17.9698	1681390520.185
5	960.0	17.9669	1681390520.689
5	960.5	17.9668	1681390521.181
5	961.0	17.9685	1681390521.685
5	961.5	17.9699	1681390522.189
5	962.0	17.9737	1681390522.681
5	962.5	17.9720	1681390523.185
5	963.0	17.9689	1681390523.689
5	963.5	17.9660	1681390524.181
5	964.0	17.9664	1681390524.685
5	964.5	17.9658	1681390525.189
5	965.0	17.9700	1681390525.681
5	965.5	17.9841	1681390526.185
5	966.0	17.9720	1681390526.689
5	966.5	17.9714	1681390527.181
5	967.0	17.9715	1681390527.685
5	967.5	17.9700	1681390528.189
5	968.0	17.9678	1681390528.681
5	968.5	17.9643	1681390529.185
5	969.0	17.9616	1681390529.689
5	969.5	17.9589	1681390530.181
5	970.0	17.9608	1681390530.685
5	970.5	17.9668	1681390531.189
5	971.0	17.9671	1681390531.681
5	971.5	17.9620	1681390532.185
5	972.0	17.9612	1681390532.688
5	972.5	17.9617	1681390533.181
5	973.0	17.9624	1681390533.685
5	973.5	17.9632	1681390534.188
5	974.0	17.9621	1681390534.681
5	974.5	17.9635	1681390535.185
5	975.0	17.9647	1681390535.688
5	975.5	17.9622	1681390536.192
5	976.0	17.9634	1681390536.684
5	976.5	17.9640	1681390537.188
5	977.0	17.9614	1681390537.681
5	977.5	17.9632	1681390538.184
5	978.0	17.9664	1681390538.688
5	978.5	17.9650	1681390539.192
5	979.0	17.9632	1681390539.684
5	979.5	17.9643	1681390540.188
5	980.0	17.9658	1681390540.680
5	980.5	17.9667	1681390541.184
5	981.0	17.9653	1681390541.688
5	981.5	17.9704	1681390542.192
5	982.0	17.9700	1681390542.684
5	982.5	17.9696	1681390543.188
5	983.0	17.9695	1681390543.680
5	983.5	17.9673	1681390544.184
5	984.0	17.9653	1681390544.688
5	984.5	17.9589	1681390545.192
5	985.0	17.9577	1681390545.684
5	985.5	17.9601	1681390546.188
5	986.0	17.9599	1681390546.680
5	986.5	17.9715	1681390547.184
5	987.0	17.9723	1681390547.688
5	987.5	17.9736	1681390548.192
5	988.0	17.9758	1681390548.684
5	988.5	17.9748	1681390549.188
5	989.0	17.9769	1681390549.680
5	989.5	17.9848	1681390550.184
5	990.0	17.9786	1681390550.688
5	990.5	17.9748	1681390551.192
5	991.0	17.9776	1681390551.684
5	991.5	17.9756	1681390552.188
5	992.0	17.9761	1681390552.680
5	992.5	17.9778	1681390553.184
5	993.0	17.9750	1681390553.688
5	993.5	17.9685	1681390554.192
5	994.0	17.9715	1681390554.684
5	994.5	17.9799	1681390555.188
5	995.0	17.9834	1681390555.691
5	995.5	17.9779	1681390556.184
5	996.0	17.9635	1681390556.688
5	996.5	17.9645	1681390557.191
5	997.0	17.9606	1681390557.683
5	997.5	17.9654	1681390558.187
5	998.0	17.9782	1681390558.691
5	998.5	17.9785	1681390559.183
5	999.0	17.9794	1681390559.687
5	999.5	17.9799	1681390560.191
5	1000.0	17.9799	1681390560.683
5	1000.5	17.9805	1681390561.187
5	1001.0	17.9805	1681390561.691
5	1001.5	17.9804	1681390562.183
5	1002.0	17.9811	1681390562.687
5	1002.5	17.9801	1681390563.191
5	1003.0	17.9792	1681390563.683
5	1003.5	17.9776	1681390564.187
5	1004.0	17.9781	1681390564.691
5	1004.5	17.9775	1681390565.183
5	1005.0	17.9781	1681390565.687
5	1005.5	17.9791	1681390566.191
5	1006.0	17.9788	1681390566.683
5	1006.5	17.9777	1681390567.187
5	1007.0	17.9789	1681390567.691
5	1007.5	17.9794	1681390568.183
5	1008.0	17.9774	1681390568.687
5	1008.5	17.9792	1681390569.191
5	1009.0	17.9827	1681390569.683
5	1009.5	17.9813	1681390570.187
5	1010.0	17.9803	1681390570.691
5	1010.5	17.9780	1681390571.183
5	1011.0	17.9792	1681390571.687
5	1011.5	17.9802	1681390572.191
5	1012.0	17.9789	1681390572.683
5	1012.5	17.9766	1681390573.187
5	1013.0	17.9787	1681390573.691
5	1013.5	17.9775	1681390574.183
5	1014.0	17.9773	1681390574.687
5	1014.5	17.9775	1681390575.191
5	1015.0	17.9783	1681390575.683
5	1015.5	17.9778	1681390576.187
5	1016.0	17.9764	1681390576.691
5	1016.5	17.9766	1681390577.183
5	1017.0	17.9735	1681390577.687
5	1017.5	17.9751	1681390578.191
5	1018.0	17.9767	1681390578.683
5	1018.5	17.9747	1681390579.187
5	1019.0	17.9800	1681390579.691
5	1019.5	17.9790	1681390580.183
5	1020.0	17.9725	1681390580.687
5	1020.5	17.9747	1681390581.190
5	1021.0	17.9679	1681390581.683
5	1021.5	17.9679	1681390582.187
5	1022.0	17.9686	1681390582.690
5	1022.5	17.9689	1681390583.183
5	1023.0	17.9714	1681390583.686
5	1023.5	17.9747	1681390584.190
5	1024.0	17.9688	1681390584.683
5	1024.5	17.9693	1681390585.186
5	1025.0	17.9702	1681390585.690
5	1025.5	17.9704	1681390586.182
5	1026.0	17.9759	1681390586.686
5	1026.5	17.9713	1681390587.190
5	1027.0	17.9679	1681390587.682
5	1027.5	17.9672	1681390588.186
5	1028.0	17.9642	1681390588.690
5	1028.5	17.9717	1681390589.183
5	1029.0	17.9685	1681390589.686
5	1029.5	17.9632	1681390590.190
5	1030.0	17.9613	1681390590.682
5	1030.5	17.9617	1681390591.186
5	1031.0	17.9611	1681390591.690
5	1031.5	17.9605	1681390592.182
5	1032.0	17.9576	1681390592.686
5	1032.5	17.9577	1681390593.190
5	1033.0	17.9602	1681390593.682
5	1033.5	17.9554	1681390594.186
5	1034.0	17.9533	1681390594.690
5	1034.5	17.9539	1681390595.182
5	1035.0	17.9541	1681390595.686
5	1035.5	17.9623	1681390596.190
5	1036.0	17.9597	1681390596.682
5	1036.5	17.9581	1681390597.186
5	1037.0	17.9562	1681390597.690
5	1037.5	17.9701	1681390598.182
5	1038.0	17.9624	1681390598.686
5	1038.5	17.9685	1681390599.190
5	1039.0	17.9804	1681390599.682
5	1039.5	17.9733	1681390600.186
5	1040.0	17.9650	1681390600.690
5	1040.5	17.9573	1681390601.182
5	1041.0	17.9591	1681390601.686
5	1041.5	17.9585	1681390602.190
5	1042.0	17.9619	1681390602.682
5	1042.5	17.9657	1681390603.186
5	1043.0	17.9639	1681390603.690
5	1043.5	17.9603	1681390604.182
5	1044.0	17.9600	1681390604.686
5	1044.5	17.9617	1681390605.190
5	1045.0	17.9649	1681390605.682
5	1045.5	17.9668	1681390606.186
5	1046.0	17.9664	1681390606.689
5	1046.5	17.9722	1681390607.193
5	1047.0	17.9690	1681390607.686
5	1047.5	17.9629	1681390608.189
5	1048.0	17.9680	1681390608.682
5	1048.5	17.9712	1681390609.185
5	1049.0	17.9655	1681390609.689
5	1049.5	17.9687	1681390610.193
5	1050.0	17.9629	1681390610.685
5	1050.5	17.9651	1681390611.189
5	1051.0	17.9651	1681390611.681
5	1051.5	17.9608	1681390612.185
5	1052.0	17.9735	1681390612.689
5	1052.5	17.9674	1681390613.193
5	1053.0	17.9684	1681390613.685
5	1053.5	17.9731	1681390614.189
5	1054.0	17.9746	1681390614.681
5	1054.5	17.9762	1681390615.185
5	1055.0	17.9736	1681390615.689
5	1055.5	17.9728	1681390616.193
5	1056.0	17.9732	1681390616.685
5	1056.5	17.9744	1681390617.189
5	1057.0	17.9736	1681390617.681
5	1057.5	17.9718	1681390618.185
5	1058.0	17.9717	1681390618.689
5	1058.5	17.9650	1681390619.193
5	1059.0	17.9663	1681390619.685
5	1059.5	17.9627	1681390620.189
5	1060.0	17.9715	1681390620.681
5	1060.5	17.9698	1681390621.185
5	1061.0	17.9726	1681390621.689
5	1061.5	17.9700	1681390622.193
5	1062.0	17.9728	1681390622.685
5	1062.5	17.9789	1681390623.189
5	1063.0	17.9782	1681390623.681
5	1063.5	17.9767	1681390624.185
5	1064.0	17.9756	1681390624.689
5	1064.5	17.9739	1681390625.193
5	1065.0	17.9737	1681390625.685
5	1065.5	17.9737	1681390626.189
5	1066.0	17.9726	1681390626.693
5	1066.5	17.9721	1681390627.185
5	1067.0	17.9762	1681390627.689
5	1067.5	17.9734	1681390628.193
5	1068.0	17.9713	1681390628.685
5	1068.5	17.9813	1681390629.189
5	1069.0	17.9732	1681390629.693
5	1069.5	17.9707	1681390630.185
5	1070.0	17.9683	1681390630.689
5	1070.5	17.9701	1681390631.192
5	1071.0	17.9698	1681390631.684
5	1071.5	17.9769	1681390632.188
5	1072.0	17.9765	1681390632.692
5	1072.5	17.9756	1681390633.185
5	1073.0	17.9727	1681390633.689
5	1073.5	17.9752	1681390634.192
5	1074.0	17.9738	1681390634.684
5	1074.5	17.9719	1681390635.188
5	1075.0	17.9747	1681390635.692
5	1075.5	17.9775	1681390636.184
5	1076.0	17.9722	1681390636.688
5	1076.5	17.9689	1681390637.192
5	1077.0	17.9685	1681390637.684
5	1077.5	17.9754	1681390638.188
5	1078.0	17.9719	1681390638.692
5	1078.5	17.9661	1681390639.184
5	1079.0	17.9723	1681390639.688
5	1079.5	17.9723	1681390640.192
5	1080.0	17.9673	1681390640.684
5	1080.5	17.9798	1681390641.188
5	1081.0	17.9737	1681390641.692
5	1081.5	17.9677	1681390642.184
5	1082.0	17.9740	1681390642.688
5	1082.5	17.9792	1681390643.192
5	1083.0	17.9786	1681390643.684
5	1083.5	17.9779	1681390644.188
5	1084.0	17.9728	1681390644.692
5	1084.5	17.9716	1681390645.184
5	1085.0	17.9693	1681390645.688
5	1085.5	17.9728	1681390646.192
5	1086.0	17.9720	1681390646.684
5	1086.5	17.9718	1681390647.188
5	1087.0	17.9776	1681390647.692
5	1087.5	17.9750	1681390648.184
5	1088.0	17.9694	1681390648.688
5	1088.5	17.9706	1681390649.192
5	1089.0	17.9746	1681390649.684
5	1089.5	17.9802	1681390650.188
5	1090.0	17.9727	1681390650.692
5	1090.5	17.9674	1681390651.184
5	1091.0	17.9693	1681390651.688
5	1091.5	17.9638	1681390652.192
5	1092.0	17.9592	1681390652.684
5	1092.5	17.9624	1681390653.188
5	1093.0	17.9747	1681390653.692
5	1093.5	17.9734	1681390654.184
5	1094.0	17.9734	1681390654.688
5	1094.5	17.9727	1681390655.192
5	1095.0	17.9689	1681390655.684
5	1095.5	17.9798	1681390656.188
5	1096.0	17.9895	1681390656.692
5	1096.5	17.9917	1681390657.183
5	1097.0	17.9858	1681390657.687
5	1097.5	17.9813	1681390658.191
5	1098.0	17.9767	1681390658.683
5	1098.5	17.9834	1681390659.187
5	1099.0	17.9746	1681390659.691
5	1099.5	17.9814	1681390660.183
5	1100.0	17.9735	1681390660.687
5	1100.5	17.9743	1681390661.191
5	1101.0	17.9721	1681390661.683
5	1101.5	17.9755	1681390662.187
5	1102.0	17.9827	1681390662.691
5	1102.5	17.9793	1681390663.183
5	1103.0	17.9729	1681390663.687
5	1103.5	17.9706	1681390664.191
5	1104.0	17.9715	1681390664.683
5	1104.5	17.9711	1681390665.187
5	1105.0	17.9695	1681390665.691
5	1105.5	17.9708	1681390666.183
5	1106.0	17.9676	1681390666.687
5	1106.5	17.9732	1681390667.191
5	1107.0	17.9813	1681390667.683
5	1107.5	17.9721	1681390668.187
5	1108.0	17.9660	1681390668.691
5	1108.5	17.9649	1681390669.183
5	1109.0	17.9670	1681390669.687
5	1109.5	17.9725	1681390670.191
5	1110.0	17.9720	1681390670.683
5	1110.5	17.9726	1681390671.187
5	1111.0	17.9692	1681390671.691
5	1111.5	17.9650	1681390672.183
5	1112.0	17.9707	1681390672.687
5	1112.5	17.9698	1681390673.191
5	1113.0	17.9731	1681390673.683
5	1113.5	17.9697	1681390674.187
5	1114.0	17.9708	1681390674.691
5	1114.5	17.9727	1681390675.183
5	1115.0	17.9656	1681390675.687
5	1115.5	17.9675	1681390676.191
5	1116.0	17.9702	1681390676.683
5	1116.5	17.9663	1681390677.187
5	1117.0	17.9604	1681390677.691
5	1117.5	17.9647	1681390678.183
5	1118.0	17.9616	1681390678.687
5	1118.5	17.9628	1681390679.191
5	1119.0	17.9624	1681390679.683
5	1119.5	17.9694	1681390680.187
5	1120.0	17.9624	1681390680.690
5	1120.5	17.9671	1681390681.183
5	1121.0	17.9630	1681390681.686
5	1121.5	17.9601	1681390682.190
5	1122.0	17.9686	1681390682.682
5	1122.5	17.9645	1681390683.186
5	1123.0	17.9636	1681390683.690
5	1123.5	17.9665	1681390684.182
5	1124.0	17.9621	1681390684.686
5	1124.5	17.9624	1681390685.190
5	1125.0	17.9606	1681390685.682
5	1125.5	17.9573	1681390686.186
5	1126.0	17.9678	1681390686.690
5	1126.5	17.9630	1681390687.182
5	1127.0	17.9594	1681390687.686
5	1127.5	17.9627	1681390688.190
5	1128.0	17.9639	1681390688.682
5	1128.5	17.9718	1681390689.186
5	1129.0	17.9781	1681390689.690
5	1129.5	17.9719	1681390690.182
5	1130.0	17.9735	1681390690.686
5	1130.5	17.9720	1681390691.190
5	1131.0	17.9700	1681390691.682
5	1131.5	17.9688	1681390692.186
5	1132.0	17.9656	1681390692.690
5	1132.5	17.9641	1681390693.182
5	1133.0	17.9613	1681390693.686
5	1133.5	17.9678	1681390694.190
5	1134.0	17.9745	1681390694.682
5	1134.5	17.9720	1681390695.186
5	1135.0	17.9852	1681390695.690
5	1135.5	17.9773	1681390696.182
5	1136.0	17.9771	1681390696.686
5	1136.5	17.9735	1681390697.190
5	1137.0	17.9807	1681390697.682
5	1137.5	17.9920	1681390698.186
5	1138.0	18.0015	1681390698.690
5	1138.5	18.0032	1681390699.182
5	1139.0	18.0051	1681390699.686
5	1139.5	17.9985	1681390700.190
5	1140.0	17.9881	1681390700.694
5	1140.5	17.9841	1681390701.186
5	1141.0	17.9809	1681390701.690
5	1141.5	17.9888	1681390702.194
5	1142.0	17.9993	1681390702.686
5	1142.5	18.0012	1681390703.190
5	1143.0	17.9863	1681390703.682
5	1143.5	17.9884	1681390704.186
5	1144.0	17.9897	1681390704.690
5	1144.5	17.9957	1681390705.193
5	1145.0	17.9827	1681390705.686
5	1145.5	17.9769	1681390706.189
5	1146.0	17.9756	1681390706.682
5	1146.5	17.9793	1681390707.186
5	1147.0	17.9793	1681390707.689
5	1147.5	17.9863	1681390708.193
5	1148.0	17.9830	1681390708.685
5	1148.5	17.9778	1681390709.189
5	1149.0	17.9789	1681390709.681
5	1149.5	17.9772	1681390710.185
5	1150.0	17.9809	1681390710.689
5	1150.5	17.9735	1681390711.193
5	1151.0	17.9779	1681390711.685
5	1151.5	17.9743	1681390712.189
5	1152.0	17.9730	1681390712.681
5	1152.5	17.9747	1681390713.185
5	1153.0	17.9733	1681390713.689
5	1153.5	17.9719	1681390714.193
5	1154.0	17.9721	1681390714.685
5	1154.5	17.9705	1681390715.189
5	1155.0	17.9697	1681390715.681
5	1155.5	17.9682	1681390716.185
5	1156.0	17.9681	1681390716.689
5	1156.5	17.9679	1681390717.193
5	1157.0	17.9687	1681390717.685
5	1157.5	17.9655	1681390718.189
5	1158.0	17.9661	1681390718.681
5	1158.5	17.9647	1681390719.185
5	1159.0	17.9621	1681390719.689
5	1159.5	17.9639	1681390720.193
5	1160.0	17.9646	1681390720.685
5	1160.5	17.9630	1681390721.189
5	1161.0	17.9640	1681390721.693
5	1161.5	17.9607	1681390722.185
5	1162.0	17.9616	1681390722.689
5	1162.5	17.9645	1681390723.193
5	1163.0	17.9719	1681390723.685
5	1163.5	17.9728	1681390724.189
5	1164.0	17.9686	1681390724.693
5	1164.5	17.9699	1681390725.185
5	1165.0	17.9647	1681390725.689
5	1165.5	17.9660	1681390726.193
5	1166.0	17.9712	1681390726.685
5	1166.5	17.9672	1681390727.189
5	1167.0	17.9644	1681390727.692
5	1167.5	17.9608	1681390728.185
5	1168.0	17.9621	1681390728.689
5	1168.5	17.9603	1681390729.192
5	1169.0	17.9581	1681390729.685
5	1169.5	17.9643	1681390730.188
5	1170.0	17.9632	1681390730.692
5	1170.5	17.9575	1681390731.185
5	1171.0	17.9564	1681390731.688
5	1171.5	17.9641	1681390732.192
5	1172.0	17.9600	1681390732.685
5	1172.5	17.9606	1681390733.188
5	1173.0	17.9589	1681390733.692
5	1173.5	17.9597	1681390734.184
5	1174.0	17.9649	1681390734.688
5	1174.5	17.9653	1681390735.192
5	1175.0	17.9620	1681390735.684
5	1175.5	17.9617	1681390736.188
5	1176.0	17.9609	1681390736.692
5	1176.5	17.9569	1681390737.184
5	1177.0	17.9569	1681390737.688
5	1177.5	17.9553	1681390738.192
5	1178.0	17.9581	1681390738.684
5	1178.5	17.9610	1681390739.188
5	1179.0	17.9684	1681390739.692
5	1179.5	17.9676	1681390740.184
5	1180.0	17.9688	1681390740.688
5	1180.5	17.9688	1681390741.192
5	1181.0	17.9547	1681390741.684
5	1181.5	17.9517	1681390742.188
5	1182.0	17.9652	1681390742.692
5	1182.5	17.9682	1681390743.184
5	1183.0	17.9686	1681390743.688
5	1183.5	17.9624	1681390744.192
5	1184.0	17.9655	1681390744.684
5	1184.5	17.9636	1681390745.188
5	1185.0	17.9653	1681390745.692
5	1185.5	17.9647	1681390746.184
5	1186.0	17.9616	1681390746.688
5	1186.5	17.9639	1681390747.192
5	1187.0	17.9676	1681390747.684
5	1187.5	17.9649	1681390748.188
5	1188.0	17.9639	1681390748.692
5	1188.5	17.9581	1681390749.184
5	1189.0	17.9625	1681390749.688
5	1189.5	17.9663	1681390750.192
5	1190.0	17.9614	1681390750.684
5	1190.5	17.9650	1681390751.188
5	1191.0	17.9657	1681390751.692
5	1191.5	17.9677	1681390752.184
5	1192.0	17.9686	1681390752.688
5	1192.5	17.9675	1681390753.192
5	1193.0	17.9682	1681390753.684
5	1193.5	17.9664	1681390754.188
5	1194.0	17.9696	1681390754.692
5	1194.5	17.9708	1681390755.184
5	1195.0	17.9748	1681390755.688
5	1195.5	17.9693	1681390756.191
5	1196.0	17.9656	1681390756.684
5	1196.5	17.9686	1681390757.187
5	1197.0	17.9683	1681390757.691
5	1197.5	17.9671	1681390758.183
5	1198.0	17.9698	1681390758.687
5	1198.5	17.9715	1681390759.191
5	1199.0	17.9677	1681390759.683
5	1199.5	17.9690	1681390760.187
5	1200.0	17.9669	1681390760.691
5	1200.5	17.9673	1681390761.183
5	1201.0	17.9610	1681390761.687
5	1201.5	17.9758	1681390762.191
5	1202.0	17.9712	1681390762.683
5	1202.5	17.9726	1681390763.187
5	1203.0	17.9727	1681390763.691
5	1203.5	17.9697	1681390764.183
5	1204.0	17.9716	1681390764.687
5	1204.5	17.9717	1681390765.191
5	1205.0	17.9692	1681390765.683
5	1205.5	17.9659	1681390766.187
5	1206.0	17.9657	1681390766.691
5	1206.5	17.9642	1681390767.183
5	1207.0	17.9657	1681390767.687
5	1207.5	17.9664	1681390768.191
5	1208.0	17.9684	1681390768.683
5	1208.5	17.9632	1681390769.187
5	1209.0	17.9614	1681390769.691
5	1209.5	17.9599	1681390770.183
5	1210.0	17.9693	1681390770.687
5	1210.5	17.9580	1681390771.191
5	1211.0	17.9636	1681390771.683
5	1211.5	17.9642	1681390772.187
5	1212.0	17.9660	1681390772.691
5	1212.5	17.9745	1681390773.183
5	1213.0	17.9709	1681390773.687
5	1213.5	17.9626	1681390774.191
5	1214.0	17.9596	1681390774.683
5	1214.5	17.9625	1681390775.187
5	1215.0	17.9614	1681390775.691
5	1215.5	17.9558	1681390776.183
5	1216.0	17.9641	1681390776.687
5	1216.5	17.9649	1681390777.191
5	1217.0	17.9603	1681390777.683
5	1217.5	17.9575	1681390778.187
5	1218.0	17.9645	1681390778.690
5	1218.5	17.9655	1681390779.183
5	1219.0	17.9657	1681390779.687
5	1219.5	17.9637	1681390780.190
5	1220.0	17.9548	1681390780.683
5	1220.5	17.9548	1681390781.186
5	1221.0	17.9581	1681390781.690
5	1221.5	17.9663	1681390782.183
5	1222.0	17.9721	1681390782.686
5	1222.5	17.9637	1681390783.190
5	1223.0	17.9631	1681390783.682
5	1223.5	17.9646	1681390784.186
5	1224.0	17.9662	1681390784.690
5	1224.5	17.9671	1681390785.182
5	1225.0	17.9578	1681390785.686
5	1225.5	17.9583	1681390786.190
5	1226.0	17.9577	1681390786.682
5	1226.5	17.9576	1681390787.186
5	1227.0	17.9582	1681390787.690
5	1227.5	17.9590	1681390788.182
5	1228.0	17.9523	1681390788.686
5	1228.5	17.9573	1681390789.190
5	1229.0	17.9579	1681390789.682
5	1229.5	17.9540	1681390790.186
5	1230.0	17.9513	1681390790.690
5	1230.5	17.9612	1681390791.182
5	1231.0	17.9672	1681390791.686
5	1231.5	17.9705	1681390792.190
5	1232.0	17.9610	1681390792.682
5	1232.5	17.9602	1681390793.186
5	1233.0	17.9588	1681390793.690
5	1233.5	17.9620	1681390794.182
5	1234.0	17.9636	1681390794.686
5	1234.5	17.9603	1681390795.190
5	1235.0	17.9527	1681390795.682
5	1235.5	17.9523	1681390796.186
5	1236.0	17.9495	1681390796.690
5	1236.5	17.9491	1681390797.182
5	1237.0	17.9538	1681390797.686
5	1237.5	17.9530	1681390798.190
5	1238.0	17.9558	1681390798.682
5	1238.5	17.9522	1681390799.186
5	1239.0	17.9585	1681390799.690
5	1239.5	17.9571	1681390800.194
5	1240.0	17.9563	1681390800.686
5	1240.5	17.9567	1681390801.190
5	1241.0	17.9585	1681390801.682
5	1241.5	17.9560	1681390802.186
5	1242.0	17.9593	1681390802.690
5	1242.5	17.9608	1681390803.193
5	1243.0	17.9555	1681390803.686
5	1243.5	17.9512	1681390804.189
5	1244.0	17.9563	1681390804.682
5	1244.5	17.9582	1681390805.185
5	1245.0	17.9547	1681390805.689
5	1245.5	17.9479	1681390806.193
5	1246.0	17.9497	1681390806.685
5	1246.5	17.9500	1681390807.189
5	1247.0	17.9567	1681390807.681
5	1247.5	17.9507	1681390808.185
5	1248.0	17.9562	1681390808.689
5	1248.5	17.9602	1681390809.193
5	1249.0	17.9542	1681390809.685
5	1249.5	17.9585	1681390810.189
5	1250.0	17.9548	1681390810.681
5	1250.5	17.9516	1681390811.185
5	1251.0	17.9557	1681390811.689
5	1251.5	17.9588	1681390812.193
5	1252.0	17.9608	1681390812.685
5	1252.5	17.9601	1681390813.189
5	1253.0	17.9617	1681390813.681
5	1253.5	17.9642	1681390814.185
5	1254.0	17.9612	1681390814.689
5	1254.5	17.9608	1681390815.193
5	1255.0	17.9640	1681390815.685
5	1255.5	17.9574	1681390816.189
5	1256.0	17.9607	1681390816.681
5	1256.5	17.9597	1681390817.185
5	1257.0	17.9631	1681390817.689
5	1257.5	17.9526	1681390818.193
5	1258.0	17.9582	1681390818.685
5	1258.5	17.9650	1681390819.189
5	1259.0	17.9615	1681390819.693
5	1259.5	17.9573	1681390820.185
5	1260.0	17.9580	1681390820.689
5	1260.5	17.9574	1681390821.193
5	1261.0	17.9630	1681390821.685
5	1261.5	17.9589	1681390822.189
5	1262.0	17.9588	1681390822.693
5	1262.5	17.9563	1681390823.185
5	1263.0	17.9555	1681390823.689
