# Log Ver: CODA_2T 0.0.1 Prog Ver: 0.0.1 Sensor: 212707 Depth 0 2023-04-13 12:39:17 UTC 
# id model = RBRcoda3, version = 1.059, serial = 212707, fwtype = 107, flavour = rt
# reldepth stime temp time
4	0.5	20.0483	1681389561.160
4	1.0	20.0631	1681389561.664
4	1.5	20.0706	1681389562.156
4	2.0	20.0770	1681389562.660
4	2.5	20.0507	1681389563.164
4	3.0	20.0087	1681389563.656
4	3.5	19.9777	1681389564.160
4	4.0	19.9544	1681389564.664
4	4.5	19.9473	1681389565.156
4	5.0	19.8823	1681389565.660
4	5.5	19.7660	1681389566.164
4	6.0	19.6806	1681389566.656
4	6.5	19.6947	1681389567.160
4	7.0	19.7369	1681389567.664
4	7.5	19.7723	1681389568.156
4	8.0	19.7825	1681389568.660
4	8.5	19.7903	1681389569.164
4	9.0	19.8321	1681389569.656
4	9.5	19.8556	1681389570.160
4	10.0	19.8688	1681389570.664
4	10.5	19.8838	1681389571.168
4	11.0	19.8876	1681389571.660
4	11.5	19.9176	1681389572.164
4	12.0	19.9459	1681389572.668
4	12.5	19.9586	1681389573.160
4	13.0	19.9628	1681389573.664
4	13.5	19.9808	1681389574.168
4	14.0	19.9946	1681389574.660
4	14.5	20.0100	1681389575.164
4	15.0	20.0243	1681389575.668
4	15.5	19.9816	1681389576.160
4	16.0	19.9938	1681389576.664
4	16.5	20.0070	1681389577.168
4	17.0	20.0308	1681389577.660
4	17.5	20.0365	1681389578.164
4	18.0	20.0229	1681389578.668
4	18.5	20.0235	1681389579.160
4	19.0	20.0298	1681389579.664
4	19.5	20.0256	1681389580.168
4	20.0	19.9609	1681389580.660
4	20.5	19.8777	1681389581.163
4	21.0	19.8687	1681389581.667
4	21.5	19.8855	1681389582.160
4	22.0	19.9005	1681389582.664
4	22.5	19.9014	1681389583.167
4	23.0	19.9309	1681389583.659
4	23.5	19.9591	1681389584.164
4	24.0	19.9798	1681389584.668
4	24.5	19.9903	1681389585.159
4	25.0	20.0260	1681389585.664
4	25.5	20.0708	1681389586.167
4	26.0	20.0805	1681389586.659
4	26.5	20.0728	1681389587.163
4	27.0	20.0836	1681389587.667
4	27.5	20.0430	1681389588.159
4	28.0	19.9680	1681389588.664
4	28.5	19.9248	1681389589.167
4	29.0	19.7962	1681389589.659
4	29.5	19.7743	1681389590.163
4	30.0	19.8058	1681389590.667
4	30.5	19.8453	1681389591.159
4	31.0	19.8347	1681389591.663
4	31.5	19.8869	1681389592.167
4	32.0	19.8903	1681389592.659
4	32.5	19.8660	1681389593.163
4	33.0	19.8270	1681389593.667
4	33.5	19.6784	1681389594.159
4	34.0	19.5440	1681389594.663
4	34.5	19.4300	1681389595.167
4	35.0	19.2869	1681389595.659
4	35.5	19.1402	1681389596.163
4	36.0	19.1353	1681389596.667
4	36.5	19.1917	1681389597.159
4	37.0	19.2326	1681389597.663
4	37.5	19.2956	1681389598.167
4	38.0	19.3319	1681389598.659
4	38.5	19.4097	1681389599.163
4	39.0	19.4374	1681389599.667
4	39.5	19.4320	1681389600.159
4	40.0	19.4013	1681389600.663
4	40.5	19.3928	1681389601.167
4	41.0	19.4328	1681389601.659
4	41.5	19.4676	1681389602.163
4	42.0	19.5181	1681389602.667
4	42.5	19.5308	1681389603.159
4	43.0	19.4528	1681389603.663
4	43.5	19.3587	1681389604.167
4	44.0	19.4251	1681389604.659
4	44.5	19.4842	1681389605.163
4	45.0	19.5214	1681389605.667
4	45.5	19.5731	1681389606.159
4	46.0	19.6176	1681389606.663
4	46.5	19.6436	1681389607.166
4	47.0	19.6782	1681389607.659
4	47.5	19.6045	1681389608.163
4	48.0	19.5727	1681389608.667
4	48.5	19.5483	1681389609.159
4	49.0	19.5739	1681389609.663
4	49.5	19.5920	1681389610.166
4	50.0	19.5891	1681389610.659
4	50.5	19.4772	1681389611.162
4	51.0	19.3521	1681389611.667
4	51.5	19.2839	1681389612.158
4	52.0	19.3300	1681389612.663
4	52.5	19.4442	1681389613.167
4	53.0	19.5249	1681389613.659
4	53.5	19.6113	1681389614.162
4	54.0	19.5346	1681389614.667
4	54.5	19.4673	1681389615.158
4	55.0	19.3977	1681389615.662
4	55.5	19.2657	1681389616.166
4	56.0	19.1818	1681389616.659
4	56.5	19.0243	1681389617.162
4	57.0	18.9797	1681389617.666
4	57.5	18.9430	1681389618.158
4	58.0	18.9638	1681389618.662
4	58.5	18.9863	1681389619.166
4	59.0	19.0130	1681389619.658
4	59.5	19.0720	1681389620.162
4	60.0	19.1884	1681389620.666
4	60.5	19.2001	1681389621.158
4	61.0	19.2021	1681389621.662
4	61.5	19.1230	1681389622.166
4	62.0	19.0715	1681389622.658
4	62.5	19.1486	1681389623.162
4	63.0	19.1965	1681389623.666
4	63.5	19.2830	1681389624.158
4	64.0	19.3752	1681389624.662
4	64.5	19.3602	1681389625.166
4	65.0	19.4392	1681389625.658
4	65.5	19.3651	1681389626.162
4	66.0	19.2247	1681389626.666
4	66.5	19.1350	1681389627.158
4	67.0	19.0278	1681389627.662
4	67.5	18.9768	1681389628.166
4	68.0	18.9277	1681389628.658
4	68.5	18.8559	1681389629.162
4	69.0	18.7705	1681389629.666
4	69.5	18.7375	1681389630.158
4	70.0	18.7146	1681389630.662
4	70.5	18.7594	1681389631.166
4	71.0	18.8685	1681389631.658
4	71.5	18.8197	1681389632.162
4	72.0	18.7265	1681389632.666
4	72.5	18.7199	1681389633.158
4	73.0	18.7342	1681389633.662
4	73.5	18.7620	1681389634.166
4	74.0	18.7616	1681389634.658
4	74.5	18.7072	1681389635.162
4	75.0	18.6577	1681389635.666
4	75.5	18.6150	1681389636.158
4	76.0	18.5845	1681389636.662
4	76.5	18.5271	1681389637.165
4	77.0	18.4598	1681389637.658
4	77.5	18.4362	1681389638.162
4	78.0	18.4338	1681389638.665
4	78.5	18.5748	1681389639.157
4	79.0	18.7248	1681389639.661
4	79.5	18.8379	1681389640.166
4	80.0	18.8367	1681389640.658
4	80.5	18.8456	1681389641.162
4	81.0	18.7930	1681389641.665
4	81.5	18.7446	1681389642.157
4	82.0	18.7439	1681389642.662
4	82.5	18.8471	1681389643.165
4	83.0	18.9460	1681389643.657
4	83.5	18.8826	1681389644.161
4	84.0	18.8418	1681389644.665
4	84.5	18.8496	1681389645.157
4	85.0	18.8289	1681389645.661
4	85.5	18.8186	1681389646.165
4	86.0	18.7020	1681389646.657
4	86.5	18.6280	1681389647.161
4	87.0	18.5681	1681389647.665
4	87.5	18.5249	1681389648.157
4	88.0	18.6038	1681389648.661
4	88.5	18.6610	1681389649.165
4	89.0	18.6445	1681389649.657
4	89.5	18.5648	1681389650.161
4	90.0	18.5016	1681389650.665
4	90.5	18.4307	1681389651.157
4	91.0	18.3767	1681389651.661
4	91.5	18.3438	1681389652.165
4	92.0	18.3373	1681389652.657
4	92.5	18.3002	1681389653.161
4	93.0	18.2703	1681389653.665
4	93.5	18.2460	1681389654.169
4	94.0	18.1946	1681389654.661
4	94.5	18.1682	1681389655.165
4	95.0	18.1443	1681389655.657
4	95.5	18.1236	1681389656.161
4	96.0	18.1125	1681389656.665
4	96.5	18.1402	1681389657.169
4	97.0	18.1328	1681389657.661
4	97.5	18.1415	1681389658.165
4	98.0	18.1456	1681389658.657
4	98.5	18.1134	1681389659.161
4	99.0	18.1036	1681389659.665
4	99.5	18.0811	1681389660.169
4	100.0	18.0598	1681389660.661
4	100.5	18.0754	1681389661.165
4	101.0	18.0881	1681389661.669
4	101.5	18.1136	1681389662.161
4	102.0	18.1315	1681389662.665
4	102.5	18.1320	1681389663.169
4	103.0	18.1338	1681389663.661
4	103.5	18.1258	1681389664.164
4	104.0	18.1158	1681389664.669
4	104.5	18.0879	1681389665.160
4	105.0	18.0589	1681389665.665
4	105.5	18.0570	1681389666.168
4	106.0	18.1403	1681389666.661
4	106.5	18.1864	1681389667.164
4	107.0	18.1579	1681389667.668
4	107.5	18.0958	1681389668.160
4	108.0	18.0550	1681389668.664
4	108.5	18.0227	1681389669.169
4	109.0	18.0414	1681389669.660
4	109.5	17.9831	1681389670.164
4	110.0	17.9451	1681389670.668
4	110.5	17.9540	1681389671.160
4	111.0	17.9967	1681389671.664
4	111.5	18.0219	1681389672.168
4	112.0	18.0424	1681389672.661
4	112.5	17.9912	1681389673.164
4	113.0	17.9358	1681389673.668
4	113.5	17.8958	1681389674.160
4	114.0	17.8765	1681389674.664
4	114.5	17.8676	1681389675.168
4	115.0	17.8519	1681389675.660
4	115.5	17.8551	1681389676.164
4	116.0	17.8401	1681389676.668
4	116.5	17.7989	1681389677.160
4	117.0	17.7598	1681389677.664
4	117.5	17.7436	1681389678.168
4	118.0	17.7456	1681389678.660
4	118.5	17.7679	1681389679.164
4	119.0	17.7784	1681389679.668
4	119.5	17.7655	1681389680.160
4	120.0	17.7401	1681389680.664
4	120.5	17.7259	1681389681.168
4	121.0	17.7067	1681389681.660
4	121.5	17.8012	1681389682.164
4	122.0	17.8645	1681389682.668
4	122.5	17.9341	1681389683.160
4	123.0	17.9291	1681389683.664
4	123.5	17.8838	1681389684.168
4	124.0	17.8456	1681389684.660
4	124.5	17.8020	1681389685.164
4	125.0	17.7598	1681389685.668
4	125.5	17.7157	1681389686.160
4	126.0	17.6882	1681389686.664
4	126.5	17.6690	1681389687.168
4	127.0	17.6593	1681389687.660
4	127.5	17.6465	1681389688.164
4	128.0	17.6484	1681389688.668
4	128.5	17.6488	1681389689.160
4	129.0	17.6478	1681389689.664
4	129.5	17.6396	1681389690.168
4	130.0	17.6343	1681389690.660
4	130.5	17.6511	1681389691.164
4	131.0	17.6604	1681389691.668
4	131.5	17.6663	1681389692.160
4	132.0	17.6666	1681389692.663
4	132.5	17.6566	1681389693.167
4	133.0	17.6580	1681389693.660
4	133.5	17.6736	1681389694.164
4	134.0	17.6785	1681389694.668
4	134.5	17.6939	1681389695.159
4	135.0	17.7091	1681389695.663
4	135.5	17.7353	1681389696.167
4	136.0	17.7731	1681389696.659
4	136.5	17.7847	1681389697.163
4	137.0	17.7654	1681389697.667
4	137.5	17.7604	1681389698.159
4	138.0	17.7469	1681389698.663
4	138.5	17.7195	1681389699.168
4	139.0	17.6844	1681389699.659
4	139.5	17.6595	1681389700.163
4	140.0	17.6355	1681389700.667
4	140.5	17.6139	1681389701.159
4	141.0	17.6038	1681389701.663
4	141.5	17.6029	1681389702.167
4	142.0	17.5971	1681389702.659
4	142.5	17.5930	1681389703.163
4	143.0	17.5891	1681389703.667
4	143.5	17.5900	1681389704.159
4	144.0	17.5719	1681389704.663
4	144.5	17.5733	1681389705.167
4	145.0	17.5826	1681389705.659
4	145.5	17.5957	1681389706.163
4	146.0	17.5704	1681389706.667
4	146.5	17.5574	1681389707.159
4	147.0	17.5480	1681389707.663
4	147.5	17.5260	1681389708.167
4	148.0	17.5313	1681389708.659
4	148.5	17.5467	1681389709.163
4	149.0	17.5619	1681389709.667
4	149.5	17.5817	1681389710.159
4	150.0	17.5763	1681389710.663
4	150.5	17.5343	1681389711.167
4	151.0	17.4905	1681389711.659
4	151.5	17.4633	1681389712.163
4	152.0	17.4376	1681389712.667
4	152.5	17.4126	1681389713.159
4	153.0	17.4055	1681389713.663
4	153.5	17.4043	1681389714.167
4	154.0	17.3954	1681389714.659
4	154.5	17.3907	1681389715.163
4	155.0	17.3833	1681389715.667
4	155.5	17.3594	1681389716.159
4	156.0	17.3381	1681389716.663
4	156.5	17.3181	1681389717.167
4	157.0	17.3120	1681389717.659
4	157.5	17.2994	1681389718.163
4	158.0	17.2918	1681389718.667
4	158.5	17.2821	1681389719.159
4	159.0	17.2754	1681389719.663
4	159.5	17.2769	1681389720.167
4	160.0	17.2776	1681389720.659
4	160.5	17.2785	1681389721.163
4	161.0	17.2840	1681389721.667
4	161.5	17.2674	1681389722.159
4	162.0	17.2543	1681389722.662
4	162.5	17.2452	1681389723.167
4	163.0	17.2334	1681389723.659
4	163.5	17.2227	1681389724.163
4	164.0	17.2136	1681389724.667
4	164.5	17.1958	1681389725.158
4	165.0	17.1856	1681389725.662
4	165.5	17.1801	1681389726.166
4	166.0	17.1758	1681389726.658
4	166.5	17.1720	1681389727.162
4	167.0	17.1789	1681389727.666
4	167.5	17.1784	1681389728.158
4	168.0	17.1767	1681389728.662
4	168.5	17.1762	1681389729.166
4	169.0	17.1681	1681389729.658
4	169.5	17.1597	1681389730.162
4	170.0	17.1534	1681389730.666
4	170.5	17.1552	1681389731.158
4	171.0	17.1615	1681389731.662
4	171.5	17.1729	1681389732.166
4	172.0	17.1818	1681389732.658
4	172.5	17.1968	1681389733.162
4	173.0	17.2007	1681389733.666
4	173.5	17.2042	1681389734.170
4	174.0	17.2076	1681389734.662
4	174.5	17.1980	1681389735.166
4	175.0	17.1966	1681389735.658
4	175.5	17.2494	1681389736.162
4	176.0	17.2735	1681389736.666
4	176.5	17.2554	1681389737.170
4	177.0	17.2414	1681389737.662
4	177.5	17.2337	1681389738.166
4	178.0	17.2241	1681389738.658
4	178.5	17.2172	1681389739.162
4	179.0	17.2080	1681389739.666
4	179.5	17.2154	1681389740.170
4	180.0	17.2535	1681389740.662
4	180.5	17.2759	1681389741.166
4	181.0	17.3190	1681389741.658
4	181.5	17.3736	1681389742.162
4	182.0	17.3817	1681389742.666
4	182.5	17.3609	1681389743.170
4	183.0	17.3376	1681389743.662
4	183.5	17.3046	1681389744.166
4	184.0	17.2847	1681389744.658
4	184.5	17.2756	1681389745.162
4	185.0	17.2717	1681389745.666
4	185.5	17.2758	1681389746.170
4	186.0	17.2757	1681389746.662
4	186.5	17.2777	1681389747.166
4	187.0	17.2829	1681389747.658
4	187.5	17.3051	1681389748.162
4	188.0	17.3748	1681389748.666
4	188.5	17.4095	1681389749.170
4	189.0	17.4397	1681389749.662
4	189.5	17.4021	1681389750.166
4	190.0	17.3948	1681389750.658
4	190.5	17.3723	1681389751.161
4	191.0	17.3794	1681389751.665
4	191.5	17.3867	1681389752.169
4	192.0	17.4215	1681389752.661
4	192.5	17.4790	1681389753.166
4	193.0	17.5132	1681389753.657
4	193.5	17.5087	1681389754.161
4	194.0	17.5032	1681389754.665
4	194.5	17.4871	1681389755.169
4	195.0	17.4628	1681389755.661
4	195.5	17.4226	1681389756.165
4	196.0	17.4646	1681389756.669
4	196.5	17.4963	1681389757.161
4	197.0	17.5244	1681389757.666
4	197.5	17.5723	1681389758.169
4	198.0	17.5903	1681389758.661
4	198.5	17.5809	1681389759.165
4	199.0	17.5991	1681389759.669
4	199.5	17.6327	1681389760.161
4	200.0	17.6185	1681389760.665
4	200.5	17.6560	1681389761.169
4	201.0	17.7356	1681389761.661
4	201.5	17.7816	1681389762.165
4	202.0	17.8361	1681389762.669
4	202.5	17.8973	1681389763.161
4	203.0	17.9590	1681389763.665
4	203.5	18.0247	1681389764.169
4	204.0	18.0638	1681389764.661
4	204.5	18.1050	1681389765.165
4	205.0	18.1524	1681389765.669
4	205.5	18.1803	1681389766.161
4	206.0	18.1404	1681389766.665
4	206.5	18.1362	1681389767.169
4	207.0	18.1455	1681389767.661
4	207.5	18.1763	1681389768.165
4	208.0	18.1900	1681389768.669
4	208.5	18.1953	1681389769.161
4	209.0	18.2078	1681389769.665
4	209.5	18.1942	1681389770.169
4	210.0	18.1805	1681389770.661
4	210.5	18.1638	1681389771.165
4	211.0	18.1578	1681389771.669
4	211.5	18.1709	1681389772.161
4	212.0	18.1767	1681389772.665
4	212.5	18.1897	1681389773.169
4	213.0	18.1793	1681389773.661
4	213.5	18.1604	1681389774.165
4	214.0	18.1466	1681389774.669
4	214.5	18.1089	1681389775.161
4	215.0	18.0864	1681389775.665
4	215.5	18.0405	1681389776.169
4	216.0	18.0425	1681389776.661
4	216.5	18.0420	1681389777.164
4	217.0	18.0543	1681389777.669
4	217.5	18.0491	1681389778.161
4	218.0	18.0446	1681389778.665
4	218.5	18.0235	1681389779.168
4	219.0	18.0179	1681389779.660
4	219.5	17.9895	1681389780.164
4	220.0	17.9786	1681389780.669
4	220.5	17.9552	1681389781.160
4	221.0	17.9350	1681389781.664
4	221.5	17.9059	1681389782.168
4	222.0	17.9198	1681389782.661
4	222.5	17.9214	1681389783.164
4	223.0	17.9321	1681389783.668
4	223.5	17.9408	1681389784.160
4	224.0	17.9347	1681389784.664
4	224.5	17.9396	1681389785.168
4	225.0	17.9554	1681389785.660
4	225.5	17.9777	1681389786.164
4	226.0	17.9847	1681389786.668
4	226.5	18.0011	1681389787.160
4	227.0	18.0337	1681389787.664
4	227.5	18.0475	1681389788.168
4	228.0	18.0729	1681389788.660
4	228.5	18.0933	1681389789.164
4	229.0	18.1002	1681389789.669
4	229.5	18.0864	1681389790.160
4	230.0	18.0813	1681389790.665
4	230.5	18.1027	1681389791.168
4	231.0	18.1044	1681389791.660
4	231.5	18.1015	1681389792.164
4	232.0	18.0975	1681389792.668
4	232.5	18.0920	1681389793.160
4	233.0	18.0528	1681389793.664
4	233.5	18.0512	1681389794.168
4	234.0	18.0495	1681389794.660
4	234.5	18.0273	1681389795.164
4	235.0	17.9518	1681389795.668
4	235.5	17.9172	1681389796.160
4	236.0	17.9007	1681389796.664
4	236.5	17.8730	1681389797.168
4	237.0	17.8965	1681389797.660
4	237.5	17.9357	1681389798.164
4	238.0	17.9610	1681389798.668
4	238.5	18.0015	1681389799.160
4	239.0	18.0327	1681389799.664
4	239.5	18.0307	1681389800.168
4	240.0	18.0203	1681389800.660
4	240.5	18.0015	1681389801.164
4	241.0	17.9834	1681389801.668
4	241.5	17.9786	1681389802.160
4	242.0	17.9773	1681389802.664
4	242.5	18.0044	1681389803.168
4	243.0	18.0362	1681389803.660
4	243.5	18.0636	1681389804.164
4	244.0	18.0829	1681389804.667
4	244.5	18.0807	1681389805.160
4	245.0	18.0654	1681389805.663
4	245.5	18.0517	1681389806.168
4	246.0	18.0408	1681389806.660
4	246.5	18.0677	1681389807.163
4	247.0	18.0845	1681389807.668
4	247.5	18.0964	1681389808.159
4	248.0	18.1537	1681389808.663
4	248.5	18.1943	1681389809.167
4	249.0	18.1559	1681389809.660
4	249.5	18.0633	1681389810.163
4	250.0	18.0177	1681389810.667
4	250.5	17.9651	1681389811.159
4	251.0	17.9496	1681389811.663
4	251.5	18.0466	1681389812.168
4	252.0	18.1654	1681389812.659
4	252.5	18.3121	1681389813.163
4	253.0	18.4090	1681389813.667
4	253.5	18.4709	1681389814.159
4	254.0	18.4840	1681389814.663
4	254.5	18.5150	1681389815.167
4	255.0	18.5403	1681389815.659
4	255.5	18.5423	1681389816.163
4	256.0	18.6215	1681389816.667
4	256.5	18.6961	1681389817.159
4	257.0	18.7296	1681389817.663
4	257.5	18.7839	1681389818.167
4	258.0	18.8397	1681389818.659
4	258.5	18.8443	1681389819.163
4	259.0	18.7873	1681389819.667
4	259.5	18.7435	1681389820.159
4	260.0	18.7768	1681389820.663
4	260.5	18.8385	1681389821.167
4	261.0	18.8771	1681389821.659
4	261.5	18.9585	1681389822.163
4	262.0	19.0046	1681389822.667
4	262.5	19.0425	1681389823.159
4	263.0	19.0297	1681389823.663
4	263.5	18.9775	1681389824.167
4	264.0	18.9290	1681389824.659
4	264.5	18.8915	1681389825.163
4	265.0	18.9266	1681389825.667
4	265.5	18.9318	1681389826.159
4	266.0	18.9295	1681389826.663
4	266.5	19.0108	1681389827.167
4	267.0	19.0303	1681389827.659
4	267.5	19.0002	1681389828.163
4	268.0	19.0394	1681389828.667
4	268.5	19.0891	1681389829.159
4	269.0	19.1222	1681389829.663
4	269.5	19.1752	1681389830.167
4	270.0	19.1966	1681389830.659
4	270.5	19.2296	1681389831.163
4	271.0	19.2152	1681389831.667
4	271.5	19.1298	1681389832.159
4	272.0	19.1092	1681389832.663
4	272.5	19.1228	1681389833.167
4	273.0	19.1300	1681389833.659
4	273.5	19.1216	1681389834.163
4	274.0	19.0929	1681389834.667
4	274.5	19.1741	1681389835.159
4	275.0	19.1926	1681389835.662
4	275.5	19.2946	1681389836.166
4	276.0	19.3677	1681389836.659
4	276.5	19.4613	1681389837.162
4	277.0	19.5103	1681389837.666
4	277.5	19.4979	1681389838.158
4	278.0	19.5199	1681389838.662
4	278.5	19.5738	1681389839.166
4	279.0	19.5770	1681389839.658
4	279.5	19.6243	1681389840.162
4	280.0	19.6283	1681389840.666
4	280.5	19.5565	1681389841.158
4	281.0	19.4309	1681389841.662
4	281.5	19.4123	1681389842.166
4	282.0	19.4093	1681389842.658
4	282.5	19.4119	1681389843.162
4	283.0	19.3318	1681389843.666
4	283.5	19.3775	1681389844.158
4	284.0	19.4539	1681389844.662
4	284.5	19.5341	1681389845.166
4	285.0	19.6169	1681389845.658
4	285.5	19.6886	1681389846.162
4	286.0	19.5779	1681389846.666
4	286.5	19.5341	1681389847.170
4	287.0	19.5292	1681389847.662
4	287.5	19.4628	1681389848.166
4	288.0	19.5457	1681389848.658
4	288.5	19.6020	1681389849.162
4	289.0	19.6409	1681389849.666
4	289.5	19.6587	1681389850.170
4	290.0	19.6704	1681389850.662
4	290.5	19.6583	1681389851.166
4	291.0	19.6693	1681389851.658
4	291.5	19.7162	1681389852.162
4	292.0	19.6210	1681389852.666
4	292.5	19.5409	1681389853.170
4	293.0	19.5160	1681389853.662
4	293.5	19.5279	1681389854.166
4	294.0	19.6009	1681389854.658
4	294.5	19.6688	1681389855.162
4	295.0	19.6531	1681389855.666
4	295.5	19.6579	1681389856.170
4	296.0	19.6640	1681389856.662
4	296.5	19.7196	1681389857.166
4	297.0	19.7154	1681389857.658
4	297.5	19.6681	1681389858.162
4	298.0	19.6622	1681389858.666
4	298.5	19.7081	1681389859.170
4	299.0	19.7077	1681389859.662
4	299.5	19.7208	1681389860.166
4	300.0	19.7585	1681389860.670
4	300.5	19.7188	1681389861.162
4	301.0	19.6626	1681389861.666
4	301.5	19.6558	1681389862.169
4	302.0	19.6245	1681389862.661
4	302.5	19.6499	1681389863.165
4	303.0	19.7042	1681389863.669
4	303.5	19.7436	1681389864.161
4	304.0	19.7459	1681389864.665
4	304.5	19.7313	1681389865.169
4	305.0	19.7298	1681389865.661
4	305.5	19.7794	1681389866.165
4	306.0	19.7832	1681389866.669
4	306.5	19.7509	1681389867.161
4	307.0	19.6722	1681389867.665
4	307.5	19.6885	1681389868.169
4	308.0	19.7625	1681389868.662
4	308.5	19.8212	1681389869.165
4	309.0	19.7622	1681389869.669
4	309.5	19.6458	1681389870.161
4	310.0	19.6402	1681389870.665
4	310.5	19.6237	1681389871.169
4	311.0	19.6424	1681389871.661
4	311.5	19.6772	1681389872.165
4	312.0	19.6926	1681389872.669
4	312.5	19.7381	1681389873.161
4	313.0	19.7132	1681389873.665
4	313.5	19.6279	1681389874.169
4	314.0	19.6291	1681389874.661
4	314.5	19.6169	1681389875.165
4	315.0	19.5829	1681389875.669
4	315.5	19.5737	1681389876.161
4	316.0	19.5617	1681389876.665
4	316.5	19.5273	1681389877.169
4	317.0	19.4894	1681389877.661
4	317.5	19.4168	1681389878.165
4	318.0	19.4301	1681389878.669
4	318.5	19.4036	1681389879.161
4	319.0	19.4539	1681389879.665
4	319.5	19.5595	1681389880.169
4	320.0	19.6297	1681389880.661
4	320.5	19.6066	1681389881.165
4	321.0	19.6496	1681389881.669
4	321.5	19.6359	1681389882.161
4	322.0	19.5605	1681389882.665
4	322.5	19.4632	1681389883.169
4	323.0	19.3748	1681389883.661
4	323.5	19.3870	1681389884.165
4	324.0	19.4113	1681389884.669
4	324.5	19.4894	1681389885.161
4	325.0	19.4955	1681389885.665
4	325.5	19.5400	1681389886.169
4	326.0	19.6005	1681389886.661
4	326.5	19.6678	1681389887.165
4	327.0	19.7225	1681389887.669
4	327.5	19.6828	1681389888.161
4	328.0	19.6516	1681389888.665
4	328.5	19.5832	1681389889.169
4	329.0	19.5390	1681389889.661
4	329.5	19.4340	1681389890.165
4	330.0	19.2547	1681389890.668
4	330.5	19.1093	1681389891.160
4	331.0	19.0851	1681389891.664
4	331.5	19.0746	1681389892.168
4	332.0	19.1655	1681389892.661
4	332.5	19.2779	1681389893.164
4	333.0	19.3970	1681389893.669
4	333.5	19.4641	1681389894.160
4	334.0	19.4741	1681389894.665
4	334.5	19.5108	1681389895.168
4	335.0	19.4709	1681389895.660
4	335.5	19.4865	1681389896.164
4	336.0	19.4509	1681389896.668
4	336.5	19.3975	1681389897.160
4	337.0	19.4400	1681389897.664
4	337.5	19.4681	1681389898.168
4	338.0	19.4857	1681389898.660
4	338.5	19.4747	1681389899.164
4	339.0	19.4855	1681389899.668
4	339.5	19.5310	1681389900.160
4	340.0	19.5218	1681389900.664
4	340.5	19.5021	1681389901.168
4	341.0	19.5249	1681389901.660
4	341.5	19.5620	1681389902.164
4	342.0	19.5476	1681389902.668
4	342.5	19.4913	1681389903.160
4	343.0	19.4251	1681389903.664
4	343.5	19.4406	1681389904.168
4	344.0	19.4902	1681389904.660
4	344.5	19.5484	1681389905.164
4	345.0	19.5413	1681389905.668
4	345.5	19.5690	1681389906.160
4	346.0	19.6026	1681389906.664
4	346.5	19.6537	1681389907.168
4	347.0	19.7109	1681389907.660
4	347.5	19.7158	1681389908.164
4	348.0	19.7388	1681389908.668
4	348.5	19.7382	1681389909.160
4	349.0	19.6966	1681389909.664
4	349.5	19.6228	1681389910.168
4	350.0	19.5848	1681389910.660
4	350.5	19.5528	1681389911.164
4	351.0	19.5817	1681389911.668
4	351.5	19.5639	1681389912.160
4	352.0	19.6048	1681389912.664
4	352.5	19.5454	1681389913.168
4	353.0	19.4870	1681389913.660
4	353.5	19.4495	1681389914.164
4	354.0	19.4835	1681389914.668
4	354.5	19.5520	1681389915.160
4	355.0	19.6072	1681389915.664
4	355.5	19.6425	1681389916.168
4	356.0	19.5630	1681389916.660
4	356.5	19.5701	1681389917.164
4	357.0	19.5510	1681389917.667
4	357.5	19.4814	1681389918.160
4	358.0	19.4617	1681389918.663
4	358.5	19.4517	1681389919.168
4	359.0	19.4381	1681389919.660
4	359.5	19.4681	1681389920.163
4	360.0	19.4512	1681389920.667
4	360.5	19.4247	1681389921.160
4	361.0	19.3847	1681389921.663
4	361.5	19.3606	1681389922.167
4	362.0	19.2598	1681389922.659
4	362.5	19.2574	1681389923.163
4	363.0	19.2986	1681389923.667
4	363.5	19.3301	1681389924.159
4	364.0	19.3843	1681389924.663
4	364.5	19.4646	1681389925.167
4	365.0	19.4938	1681389925.659
4	365.5	19.4689	1681389926.163
4	366.0	19.4581	1681389926.667
4	366.5	19.3374	1681389927.159
4	367.0	19.3363	1681389927.663
4	367.5	19.3422	1681389928.167
4	368.0	19.3020	1681389928.659
4	368.5	19.2632	1681389929.163
4	369.0	19.2902	1681389929.667
4	369.5	19.3120	1681389930.159
4	370.0	19.3479	1681389930.663
4	370.5	19.4178	1681389931.167
4	371.0	19.3994	1681389931.659
4	371.5	19.3815	1681389932.163
4	372.0	19.3613	1681389932.667
4	372.5	19.3515	1681389933.159
4	373.0	19.3308	1681389933.663
4	373.5	19.3105	1681389934.167
4	374.0	19.2629	1681389934.659
4	374.5	19.1249	1681389935.163
4	375.0	19.0247	1681389935.667
4	375.5	18.9275	1681389936.159
4	376.0	18.8823	1681389936.663
4	376.5	18.7897	1681389937.167
4	377.0	18.7516	1681389937.659
4	377.5	18.6548	1681389938.163
4	378.0	18.5866	1681389938.667
4	378.5	18.5248	1681389939.159
4	379.0	18.4507	1681389939.663
4	379.5	18.4333	1681389940.167
4	380.0	18.3581	1681389940.659
4	380.5	18.3030	1681389941.163
4	381.0	18.2766	1681389941.667
4	381.5	18.2510	1681389942.159
4	382.0	18.2539	1681389942.663
4	382.5	18.2544	1681389943.167
4	383.0	18.2220	1681389943.659
4	383.5	18.2087	1681389944.163
4	384.0	18.1813	1681389944.667
4	384.5	18.1858	1681389945.159
4	385.0	18.1510	1681389945.663
4	385.5	18.1318	1681389946.167
4	386.0	18.0733	1681389946.659
4	386.5	18.0437	1681389947.163
4	387.0	18.0569	1681389947.666
4	387.5	18.0807	1681389948.158
4	388.0	18.0953	1681389948.662
4	388.5	18.0975	1681389949.166
4	389.0	18.0398	1681389949.658
4	389.5	17.9338	1681389950.162
4	390.0	17.8781	1681389950.666
4	390.5	17.8800	1681389951.158
4	391.0	17.8938	1681389951.662
4	391.5	17.9195	1681389952.166
4	392.0	17.9246	1681389952.658
4	392.5	17.9622	1681389953.162
4	393.0	18.0116	1681389953.666
4	393.5	18.0392	1681389954.170
4	394.0	18.0097	1681389954.662
4	394.5	17.9014	1681389955.166
4	395.0	17.8971	1681389955.658
4	395.5	17.8634	1681389956.162
4	396.0	17.8202	1681389956.666
4	396.5	17.7495	1681389957.170
4	397.0	17.7244	1681389957.662
4	397.5	17.7157	1681389958.166
4	398.0	17.7583	1681389958.658
4	398.5	17.8153	1681389959.162
4	399.0	17.8696	1681389959.666
4	399.5	17.8905	1681389960.170
4	400.0	17.9204	1681389960.662
4	400.5	17.8617	1681389961.166
4	401.0	17.8335	1681389961.658
4	401.5	17.8316	1681389962.162
4	402.0	17.8265	1681389962.666
4	402.5	17.8309	1681389963.170
4	403.0	17.8042	1681389963.662
4	403.5	17.7793	1681389964.166
4	404.0	17.7549	1681389964.658
4	404.5	17.7713	1681389965.162
4	405.0	17.7590	1681389965.666
4	405.5	17.7181	1681389966.170
4	406.0	17.6639	1681389966.662
4	406.5	17.6034	1681389967.166
4	407.0	17.5812	1681389967.658
4	407.5	17.5721	1681389968.162
4	408.0	17.6034	1681389968.666
4	408.5	17.6355	1681389969.170
4	409.0	17.6668	1681389969.662
4	409.5	17.6792	1681389970.166
4	410.0	17.6841	1681389970.658
4	410.5	17.6761	1681389971.162
4	411.0	17.6526	1681389971.666
4	411.5	17.6188	1681389972.170
4	412.0	17.5664	1681389972.662
4	412.5	17.5227	1681389973.165
4	413.0	17.4988	1681389973.669
4	413.5	17.5192	1681389974.162
4	414.0	17.5016	1681389974.665
4	414.5	17.4747	1681389975.169
4	415.0	17.4897	1681389975.661
4	415.5	17.5166	1681389976.165
4	416.0	17.5489	1681389976.669
4	416.5	17.5937	1681389977.161
4	417.0	17.6241	1681389977.665
4	417.5	17.6104	1681389978.169
4	418.0	17.5923	1681389978.661
4	418.5	17.5570	1681389979.165
4	419.0	17.4979	1681389979.669
4	419.5	17.4475	1681389980.161
4	420.0	17.3681	1681389980.665
4	420.5	17.3530	1681389981.169
4	421.0	17.3766	1681389981.661
4	421.5	17.4127	1681389982.165
4	422.0	17.4731	1681389982.669
4	422.5	17.5398	1681389983.161
4	423.0	17.5953	1681389983.665
4	423.5	17.5950	1681389984.169
4	424.0	17.5624	1681389984.661
4	424.5	17.5414	1681389985.165
4	425.0	17.5220	1681389985.669
4	425.5	17.5316	1681389986.161
4	426.0	17.4921	1681389986.665
4	426.5	17.4348	1681389987.169
4	427.0	17.4068	1681389987.661
4	427.5	17.3853	1681389988.165
4	428.0	17.3780	1681389988.669
4	428.5	17.3496	1681389989.161
4	429.0	17.3686	1681389989.665
4	429.5	17.3706	1681389990.169
4	430.0	17.4054	1681389990.661
4	430.5	17.4612	1681389991.165
4	431.0	17.5084	1681389991.669
4	431.5	17.5084	1681389992.161
4	432.0	17.4890	1681389992.665
4	432.5	17.4686	1681389993.169
4	433.0	17.4196	1681389993.661
4	433.5	17.3892	1681389994.165
4	434.0	17.3706	1681389994.669
4	434.5	17.3711	1681389995.161
4	435.0	17.3796	1681389995.665
4	435.5	17.4139	1681389996.169
4	436.0	17.4903	1681389996.661
4	436.5	17.5557	1681389997.165
4	437.0	17.5618	1681389997.669
4	437.5	17.5617	1681389998.161
4	438.0	17.5624	1681389998.665
4	438.5	17.5338	1681389999.169
4	439.0	17.5242	1681389999.661
4	439.5	17.5317	1681390000.165
4	440.0	17.5642	1681390000.668
4	440.5	17.5961	1681390001.161
4	441.0	17.6355	1681390001.664
4	441.5	17.6828	1681390002.168
4	442.0	17.7382	1681390002.661
4	442.5	17.8013	1681390003.164
4	443.0	17.8462	1681390003.668
4	443.5	17.8432	1681390004.161
4	444.0	17.8594	1681390004.664
4	444.5	17.8891	1681390005.168
4	445.0	17.9443	1681390005.661
4	445.5	17.9971	1681390006.164
4	446.0	18.0510	1681390006.668
4	446.5	18.0676	1681390007.160
4	447.0	18.0628	1681390007.664
4	447.5	18.1431	1681390008.168
4	448.0	18.2903	1681390008.660
4	448.5	18.4353	1681390009.164
4	449.0	18.5556	1681390009.668
4	449.5	18.5728	1681390010.160
4	450.0	18.5715	1681390010.664
4	450.5	18.5692	1681390011.168
4	451.0	18.6139	1681390011.660
4	451.5	18.6641	1681390012.164
4	452.0	18.6616	1681390012.668
4	452.5	18.5359	1681390013.160
4	453.0	18.4263	1681390013.664
4	453.5	18.4066	1681390014.168
4	454.0	18.4962	1681390014.660
4	454.5	18.5577	1681390015.164
4	455.0	18.4447	1681390015.668
4	455.5	18.3568	1681390016.160
4	456.0	18.2654	1681390016.664
4	456.5	18.1623	1681390017.168
4	457.0	18.0943	1681390017.660
4	457.5	18.0356	1681390018.164
4	458.0	17.9856	1681390018.668
4	458.5	17.9278	1681390019.160
4	459.0	17.8725	1681390019.664
4	459.5	17.8430	1681390020.168
4	460.0	17.8674	1681390020.660
4	460.5	17.9558	1681390021.164
4	461.0	18.0481	1681390021.668
4	461.5	18.1273	1681390022.160
4	462.0	18.1865	1681390022.664
4	462.5	18.2535	1681390023.168
4	463.0	18.3298	1681390023.660
4	463.5	18.3480	1681390024.164
4	464.0	18.3274	1681390024.668
4	464.5	18.3541	1681390025.160
4	465.0	18.3681	1681390025.664
4	465.5	18.3795	1681390026.168
4	466.0	18.3641	1681390026.660
4	466.5	18.3471	1681390027.164
4	467.0	18.2917	1681390027.668
4	467.5	18.3342	1681390028.160
4	468.0	18.4051	1681390028.664
4	468.5	18.4277	1681390029.168
4	469.0	18.3905	1681390029.660
4	469.5	18.3670	1681390030.164
4	470.0	18.2921	1681390030.667
4	470.5	18.2653	1681390031.160
4	471.0	18.2153	1681390031.663
4	471.5	18.1495	1681390032.167
4	472.0	18.1214	1681390032.659
4	472.5	18.0874	1681390033.163
4	473.0	18.0806	1681390033.667
4	473.5	18.1238	1681390034.159
4	474.0	18.2001	1681390034.663
4	474.5	18.2476	1681390035.167
4	475.0	18.2689	1681390035.659
4	475.5	18.2763	1681390036.163
4	476.0	18.2722	1681390036.667
4	476.5	18.2760	1681390037.159
4	477.0	18.2539	1681390037.663
4	477.5	18.2155	1681390038.167
4	478.0	18.2622	1681390038.659
4	478.5	18.3109	1681390039.163
4	479.0	18.3825	1681390039.667
4	479.5	18.4211	1681390040.159
4	480.0	18.4147	1681390040.663
4	480.5	18.4181	1681390041.167
4	481.0	18.3982	1681390041.659
4	481.5	18.3713	1681390042.163
4	482.0	18.3002	1681390042.667
4	482.5	18.3037	1681390043.159
4	483.0	18.3180	1681390043.663
4	483.5	18.3830	1681390044.167
4	484.0	18.4208	1681390044.659
4	484.5	18.4577	1681390045.163
4	485.0	18.5108	1681390045.667
4	485.5	18.5484	1681390046.159
4	486.0	18.5583	1681390046.663
4	486.5	18.5112	1681390047.167
4	487.0	18.4038	1681390047.659
4	487.5	18.3841	1681390048.163
4	488.0	18.3897	1681390048.667
4	488.5	18.3857	1681390049.159
4	489.0	18.4359	1681390049.663
4	489.5	18.4652	1681390050.167
4	490.0	18.5064	1681390050.659
4	490.5	18.5491	1681390051.163
4	491.0	18.5873	1681390051.667
4	491.5	18.5964	1681390052.159
4	492.0	18.6461	1681390052.663
4	492.5	18.7435	1681390053.167
4	493.0	18.7785	1681390053.659
4	493.5	18.7621	1681390054.163
4	494.0	18.7659	1681390054.667
4	494.5	18.7842	1681390055.159
4	495.0	18.7749	1681390055.663
4	495.5	18.7696	1681390056.167
4	496.0	18.7003	1681390056.659
4	496.5	18.5851	1681390057.163
4	497.0	18.5083	1681390057.666
4	497.5	18.4524	1681390058.159
4	498.0	18.4308	1681390058.662
4	498.5	18.4064	1681390059.166
4	499.0	18.3409	1681390059.659
4	499.5	18.2800	1681390060.162
4	500.0	18.2591	1681390060.666
4	500.5	18.1933	1681390061.170
4	501.0	18.1291	1681390061.662
4	501.5	18.0557	1681390062.166
4	502.0	18.0120	1681390062.658
4	502.5	18.0018	1681390063.162
4	503.0	17.9652	1681390063.666
4	503.5	17.9662	1681390064.170
4	504.0	17.9404	1681390064.662
4	504.5	17.9267	1681390065.166
4	505.0	17.9159	1681390065.658
4	505.5	17.8845	1681390066.162
4	506.0	17.8900	1681390066.666
4	506.5	17.8938	1681390067.170
4	507.0	17.8591	1681390067.662
4	507.5	17.8489	1681390068.166
4	508.0	17.8118	1681390068.658
4	508.5	17.8059	1681390069.162
4	509.0	17.8537	1681390069.666
4	509.5	17.9314	1681390070.170
4	510.0	17.8404	1681390070.662
4	510.5	17.8360	1681390071.166
4	511.0	17.9029	1681390071.658
4	511.5	17.9966	1681390072.162
4	512.0	17.9433	1681390072.666
4	512.5	17.9052	1681390073.170
4	513.0	17.9029	1681390073.662
4	513.5	17.9089	1681390074.166
4	514.0	17.9149	1681390074.658
4	514.5	17.9305	1681390075.162
4	515.0	17.9491	1681390075.666
4	515.5	18.0513	1681390076.170
4	516.0	18.1756	1681390076.662
4	516.5	18.1573	1681390077.166
4	517.0	18.1089	1681390077.658
4	517.5	18.0774	1681390078.162
4	518.0	18.0748	1681390078.666
4	518.5	18.0233	1681390079.170
4	519.0	17.9807	1681390079.662
4	519.5	17.9075	1681390080.166
4	520.0	17.9035	1681390080.658
4	520.5	17.8991	1681390081.162
4	521.0	17.8616	1681390081.666
4	521.5	17.8146	1681390082.170
4	522.0	17.7581	1681390082.662
4	522.5	17.7432	1681390083.166
4	523.0	17.7695	1681390083.670
4	523.5	17.7491	1681390084.162
4	524.0	17.7717	1681390084.665
4	524.5	17.8325	1681390085.169
4	525.0	17.8512	1681390085.662
4	525.5	17.7890	1681390086.166
4	526.0	17.7854	1681390086.669
4	526.5	17.7832	1681390087.162
4	527.0	17.7608	1681390087.665
4	527.5	17.7855	1681390088.170
4	528.0	17.8008	1681390088.662
4	528.5	17.7667	1681390089.165
4	529.0	17.7495	1681390089.669
4	529.5	17.7793	1681390090.161
4	530.0	17.8860	1681390090.665
4	530.5	17.9394	1681390091.169
4	531.0	17.9714	1681390091.661
4	531.5	17.9448	1681390092.165
4	532.0	17.9384	1681390092.669
4	532.5	17.8744	1681390093.161
4	533.0	17.8285	1681390093.665
4	533.5	17.8431	1681390094.169
4	534.0	17.8732	1681390094.661
4	534.5	17.8434	1681390095.165
4	535.0	17.8356	1681390095.669
4	535.5	17.8703	1681390096.161
4	536.0	17.7995	1681390096.665
4	536.5	17.7550	1681390097.169
4	537.0	17.7363	1681390097.661
4	537.5	17.7388	1681390098.165
4	538.0	17.8031	1681390098.669
4	538.5	17.9115	1681390099.161
4	539.0	18.0380	1681390099.665
4	539.5	18.1207	1681390100.169
4	540.0	18.1256	1681390100.661
4	540.5	18.0878	1681390101.165
4	541.0	18.1410	1681390101.669
4	541.5	18.2255	1681390102.161
4	542.0	18.1308	1681390102.665
4	542.5	18.1086	1681390103.169
4	543.0	18.0776	1681390103.661
4	543.5	18.0993	1681390104.165
4	544.0	18.2004	1681390104.669
4	544.5	18.2735	1681390105.161
4	545.0	18.3426	1681390105.665
4	545.5	18.3918	1681390106.169
4	546.0	18.4126	1681390106.661
4	546.5	18.4671	1681390107.165
4	547.0	18.4252	1681390107.669
4	547.5	18.2820	1681390108.161
4	548.0	18.2035	1681390108.665
4	548.5	18.1477	1681390109.169
4	549.0	18.0995	1681390109.661
4	549.5	18.1026	1681390110.165
4	550.0	18.0914	1681390110.669
4	550.5	18.1003	1681390111.161
4	551.0	18.1014	1681390111.665
4	551.5	18.0601	1681390112.169
4	552.0	18.0122	1681390112.661
4	552.5	17.9973	1681390113.165
4	553.0	18.0005	1681390113.668
4	553.5	17.9534	1681390114.161
4	554.0	17.9312	1681390114.665
4	554.5	17.8927	1681390115.168
4	555.0	17.8961	1681390115.661
4	555.5	17.8707	1681390116.165
4	556.0	17.8207	1681390116.668
4	556.5	17.7719	1681390117.160
4	557.0	17.7645	1681390117.664
4	557.5	17.7537	1681390118.168
4	558.0	17.7699	1681390118.660
4	558.5	17.7867	1681390119.164
4	559.0	17.7794	1681390119.668
4	559.5	17.8218	1681390120.160
4	560.0	17.7734	1681390120.665
4	560.5	17.8279	1681390121.168
4	561.0	17.8260	1681390121.660
4	561.5	17.7893	1681390122.164
4	562.0	17.8524	1681390122.668
4	562.5	17.8963	1681390123.160
4	563.0	17.9993	1681390123.664
4	563.5	17.9237	1681390124.168
4	564.0	17.8992	1681390124.660
4	564.5	17.8951	1681390125.164
4	565.0	17.8510	1681390125.668
4	565.5	17.7857	1681390126.160
4	566.0	17.7620	1681390126.664
4	566.5	17.7760	1681390127.168
4	567.0	17.7590	1681390127.660
4	567.5	17.7811	1681390128.164
4	568.0	17.7619	1681390128.668
4	568.5	17.8082	1681390129.160
4	569.0	17.8811	1681390129.664
4	569.5	17.8727	1681390130.168
4	570.0	17.8947	1681390130.660
4	570.5	17.8324	1681390131.164
4	571.0	17.8394	1681390131.668
4	571.5	17.8949	1681390132.160
4	572.0	17.8753	1681390132.664
4	572.5	17.8253	1681390133.168
4	573.0	17.7937	1681390133.660
4	573.5	17.7688	1681390134.164
4	574.0	17.7923	1681390134.668
4	574.5	17.8097	1681390135.160
4	575.0	17.8160	1681390135.664
4	575.5	17.8504	1681390136.168
4	576.0	17.8365	1681390136.660
4	576.5	17.8704	1681390137.164
4	577.0	17.8804	1681390137.668
4	577.5	17.8635	1681390138.160
4	578.0	17.8303	1681390138.664
4	578.5	17.7869	1681390139.168
4	579.0	17.8385	1681390139.660
4	579.5	17.9267	1681390140.164
4	580.0	17.9382	1681390140.668
4	580.5	17.9185	1681390141.160
4	581.0	17.9024	1681390141.664
4	581.5	17.8797	1681390142.167
4	582.0	17.8952	1681390142.660
4	582.5	17.8676	1681390143.163
4	583.0	17.8765	1681390143.667
4	583.5	17.8889	1681390144.159
4	584.0	17.9020	1681390144.663
4	584.5	17.9093	1681390145.167
4	585.0	17.9260	1681390145.659
4	585.5	17.9243	1681390146.163
4	586.0	17.9679	1681390146.667
4	586.5	17.9717	1681390147.159
4	587.0	18.0108	1681390147.664
4	587.5	18.0577	1681390148.167
4	588.0	17.9775	1681390148.659
4	588.5	17.9539	1681390149.163
4	589.0	17.9568	1681390149.668
4	589.5	17.9465	1681390150.159
4	590.0	17.8885	1681390150.663
4	590.5	17.8608	1681390151.167
4	591.0	17.8216	1681390151.659
4	591.5	17.7896	1681390152.163
4	592.0	17.7894	1681390152.667
4	592.5	17.8327	1681390153.159
4	593.0	17.8325	1681390153.663
4	593.5	17.8426	1681390154.167
4	594.0	17.9003	1681390154.659
4	594.5	17.9386	1681390155.163
4	595.0	17.8752	1681390155.667
4	595.5	17.8308	1681390156.159
4	596.0	17.8129	1681390156.663
4	596.5	17.8091	1681390157.167
4	597.0	17.8040	1681390157.659
4	597.5	17.8467	1681390158.163
4	598.0	17.8285	1681390158.667
4	598.5	17.8103	1681390159.159
4	599.0	17.7709	1681390159.663
4	599.5	17.7872	1681390160.167
4	600.0	17.7998	1681390160.659
4	600.5	17.7989	1681390161.163
4	601.0	17.7764	1681390161.667
4	601.5	17.7673	1681390162.159
4	602.0	17.7472	1681390162.663
4	602.5	17.7382	1681390163.167
4	603.0	17.7317	1681390163.659
4	603.5	17.7297	1681390164.163
4	604.0	17.8272	1681390164.667
4	604.5	17.8401	1681390165.159
4	605.0	17.8545	1681390165.663
4	605.5	17.8785	1681390166.167
4	606.0	17.8500	1681390166.659
4	606.5	17.8595	1681390167.163
4	607.0	17.8492	1681390167.666
4	607.5	17.8012	1681390168.159
4	608.0	17.8257	1681390168.663
4	608.5	17.8443	1681390169.166
4	609.0	17.8693	1681390169.659
4	609.5	17.8341	1681390170.163
4	610.0	17.8059	1681390170.666
4	610.5	17.7765	1681390171.159
4	611.0	17.7622	1681390171.663
4	611.5	17.8771	1681390172.166
4	612.0	17.8641	1681390172.659
4	612.5	17.8151	1681390173.162
4	613.0	17.8582	1681390173.666
4	613.5	17.8671	1681390174.170
4	614.0	17.8982	1681390174.662
4	614.5	17.9881	1681390175.166
4	615.0	18.0795	1681390175.658
4	615.5	18.0487	1681390176.162
4	616.0	18.0484	1681390176.666
4	616.5	17.9979	1681390177.170
4	617.0	18.0213	1681390177.662
4	617.5	18.0157	1681390178.166
4	618.0	18.0536	1681390178.658
4	618.5	18.0543	1681390179.162
4	619.0	18.0302	1681390179.666
4	619.5	18.0908	1681390180.170
4	620.0	18.1949	1681390180.662
4	620.5	18.2394	1681390181.166
4	621.0	18.1615	1681390181.658
4	621.5	18.0676	1681390182.162
4	622.0	18.0365	1681390182.666
4	622.5	18.0930	1681390183.170
4	623.0	18.0941	1681390183.662
4	623.5	18.0970	1681390184.166
4	624.0	18.0663	1681390184.658
4	624.5	18.0310	1681390185.162
4	625.0	17.9730	1681390185.666
4	625.5	17.9434	1681390186.170
4	626.0	17.9181	1681390186.662
4	626.5	17.8896	1681390187.166
4	627.0	17.8391	1681390187.658
4	627.5	17.8101	1681390188.162
4	628.0	17.8238	1681390188.666
4	628.5	17.7956	1681390189.170
4	629.0	17.8153	1681390189.662
4	629.5	17.7968	1681390190.166
4	630.0	17.7705	1681390190.658
4	630.5	17.7406	1681390191.162
4	631.0	17.7161	1681390191.666
4	631.5	17.7282	1681390192.170
4	632.0	17.7434	1681390192.662
4	632.5	17.7577	1681390193.166
4	633.0	17.7352	1681390193.670
4	633.5	17.7526	1681390194.162
4	634.0	17.7785	1681390194.666
4	634.5	17.7741	1681390195.170
4	635.0	17.8700	1681390195.662
4	635.5	17.8436	1681390196.166
4	636.0	17.8453	1681390196.669
4	636.5	17.8323	1681390197.162
4	637.0	17.8089	1681390197.665
4	637.5	17.8496	1681390198.169
4	638.0	17.9547	1681390198.662
4	638.5	18.1266	1681390199.166
4	639.0	18.2875	1681390199.670
4	639.5	18.3858	1681390200.161
4	640.0	18.3597	1681390200.666
4	640.5	18.3580	1681390201.169
4	641.0	18.4712	1681390201.661
4	641.5	18.6324	1681390202.165
4	642.0	18.7630	1681390202.669
4	642.5	18.7466	1681390203.161
4	643.0	18.7392	1681390203.665
4	643.5	18.8035	1681390204.169
4	644.0	18.9768	1681390204.661
4	644.5	18.9875	1681390205.165
4	645.0	19.0551	1681390205.669
4	645.5	18.9447	1681390206.161
4	646.0	18.8510	1681390206.665
4	646.5	18.7753	1681390207.169
4	647.0	18.6951	1681390207.661
4	647.5	18.6786	1681390208.165
4	648.0	18.7282	1681390208.669
4	648.5	18.7575	1681390209.161
4	649.0	18.8812	1681390209.665
4	649.5	18.8999	1681390210.169
4	650.0	18.9201	1681390210.661
4	650.5	18.8847	1681390211.165
4	651.0	18.8102	1681390211.669
4	651.5	18.8709	1681390212.161
4	652.0	18.8494	1681390212.665
4	652.5	18.7843	1681390213.169
4	653.0	18.7060	1681390213.661
4	653.5	18.6525	1681390214.165
4	654.0	18.6899	1681390214.669
4	654.5	18.7556	1681390215.161
4	655.0	18.7029	1681390215.665
4	655.5	18.6439	1681390216.169
4	656.0	18.6185	1681390216.661
4	656.5	18.5912	1681390217.165
4	657.0	18.5836	1681390217.669
4	657.5	18.6897	1681390218.161
4	658.0	18.7419	1681390218.665
4	658.5	18.7905	1681390219.169
4	659.0	18.7641	1681390219.661
4	659.5	18.6573	1681390220.165
4	660.0	18.5224	1681390220.669
4	660.5	18.4917	1681390221.161
4	661.0	18.4111	1681390221.665
4	661.5	18.3892	1681390222.169
4	662.0	18.4198	1681390222.661
4	662.5	18.4863	1681390223.165
4	663.0	18.5735	1681390223.669
4	663.5	18.6435	1681390224.161
4	664.0	18.6616	1681390224.665
4	664.5	18.6424	1681390225.168
4	665.0	18.6066	1681390225.661
4	665.5	18.5320	1681390226.164
4	666.0	18.5440	1681390226.669
4	666.5	18.6101	1681390227.160
4	667.0	18.6560	1681390227.665
4	667.5	18.5589	1681390228.168
4	668.0	18.5010	1681390228.661
4	668.5	18.4143	1681390229.165
4	669.0	18.3152	1681390229.668
4	669.5	18.2674	1681390230.161
4	670.0	18.2972	1681390230.664
4	670.5	18.2878	1681390231.168
4	671.0	18.2523	1681390231.660
4	671.5	18.2169	1681390232.164
4	672.0	18.1840	1681390232.668
4	672.5	18.2639	1681390233.160
4	673.0	18.3750	1681390233.664
4	673.5	18.4807	1681390234.168
4	674.0	18.4337	1681390234.660
4	674.5	18.4545	1681390235.164
4	675.0	18.3952	1681390235.668
4	675.5	18.3472	1681390236.160
4	676.0	18.4293	1681390236.664
4	676.5	18.4749	1681390237.168
4	677.0	18.4111	1681390237.660
4	677.5	18.3537	1681390238.164
4	678.0	18.3538	1681390238.668
4	678.5	18.4417	1681390239.160
4	679.0	18.5242	1681390239.664
4	679.5	18.5401	1681390240.168
4	680.0	18.4411	1681390240.660
4	680.5	18.3755	1681390241.164
4	681.0	18.3621	1681390241.668
4	681.5	18.3190	1681390242.160
4	682.0	18.2753	1681390242.664
4	682.5	18.2256	1681390243.168
4	683.0	18.2089	1681390243.660
4	683.5	18.1854	1681390244.164
4	684.0	18.2916	1681390244.668
4	684.5	18.3430	1681390245.160
4	685.0	18.3185	1681390245.664
4	685.5	18.2562	1681390246.168
4	686.0	18.2179	1681390246.660
4	686.5	18.2146	1681390247.164
4	687.0	18.3283	1681390247.668
4	687.5	18.4346	1681390248.160
4	688.0	18.5315	1681390248.664
4	688.5	18.5225	1681390249.168
4	689.0	18.4873	1681390249.660
4	689.5	18.4593	1681390250.164
4	690.0	18.4198	1681390250.668
4	690.5	18.3084	1681390251.160
4	691.0	18.2443	1681390251.664
4	691.5	18.2337	1681390252.167
4	692.0	18.2707	1681390252.660
4	692.5	18.3722	1681390253.164
4	693.0	18.4100	1681390253.667
4	693.5	18.4351	1681390254.160
4	694.0	18.4700	1681390254.664
4	694.5	18.4343	1681390255.167
4	695.0	18.5197	1681390255.660
4	695.5	18.5476	1681390256.163
4	696.0	18.5968	1681390256.667
4	696.5	18.5641	1681390257.160
4	697.0	18.4874	1681390257.664
4	697.5	18.4359	1681390258.167
4	698.0	18.3997	1681390258.659
4	698.5	18.3861	1681390259.163
4	699.0	18.4223	1681390259.667
4	699.5	18.4939	1681390260.159
4	700.0	18.4668	1681390260.663
4	700.5	18.3810	1681390261.167
4	701.0	18.3451	1681390261.659
4	701.5	18.3235	1681390262.163
4	702.0	18.3371	1681390262.667
4	702.5	18.4275	1681390263.159
4	703.0	18.5224	1681390263.664
4	703.5	18.5646	1681390264.167
4	704.0	18.5322	1681390264.659
4	704.5	18.4700	1681390265.163
4	705.0	18.4268	1681390265.667
4	705.5	18.4244	1681390266.159
4	706.0	18.4901	1681390266.663
4	706.5	18.4794	1681390267.167
4	707.0	18.4472	1681390267.659
4	707.5	18.4197	1681390268.163
4	708.0	18.3855	1681390268.667
4	708.5	18.3440	1681390269.159
4	709.0	18.4168	1681390269.663
4	709.5	18.3906	1681390270.167
4	710.0	18.3159	1681390270.659
4	710.5	18.2589	1681390271.163
4	711.0	18.2944	1681390271.667
4	711.5	18.3676	1681390272.159
4	712.0	18.4944	1681390272.663
4	712.5	18.4298	1681390273.167
4	713.0	18.3332	1681390273.659
4	713.5	18.3216	1681390274.163
4	714.0	18.3604	1681390274.667
4	714.5	18.4034	1681390275.159
4	715.0	18.4803	1681390275.663
4	715.5	18.5893	1681390276.167
4	716.0	18.6331	1681390276.659
4	716.5	18.6162	1681390277.163
4	717.0	18.6031	1681390277.667
4	717.5	18.5852	1681390278.159
4	718.0	18.4820	1681390278.663
4	718.5	18.4030	1681390279.167
4	719.0	18.3773	1681390279.659
4	719.5	18.3672	1681390280.163
4	720.0	18.3192	1681390280.667
4	720.5	18.2734	1681390281.159
4	721.0	18.2258	1681390281.663
4	721.5	18.1716	1681390282.166
4	722.0	18.2368	1681390282.659
4	722.5	18.2129	1681390283.163
4	723.0	18.2310	1681390283.666
4	723.5	18.2190	1681390284.170
4	724.0	18.1803	1681390284.662
4	724.5	18.1518	1681390285.166
4	725.0	18.1276	1681390285.659
4	725.5	18.1232	1681390286.162
4	726.0	18.1206	1681390286.666
4	726.5	18.1211	1681390287.170
4	727.0	18.1872	1681390287.662
4	727.5	18.2734	1681390288.166
4	728.0	18.2931	1681390288.658
4	728.5	18.2678	1681390289.162
4	729.0	18.2494	1681390289.666
4	729.5	18.1944	1681390290.170
4	730.0	18.1816	1681390290.662
4	730.5	18.1414	1681390291.166
4	731.0	18.1676	1681390291.658
4	731.5	18.1824	1681390292.162
4	732.0	18.2074	1681390292.666
4	732.5	18.2345	1681390293.170
4	733.0	18.2064	1681390293.662
4	733.5	18.1336	1681390294.166
4	734.0	18.1170	1681390294.658
4	734.5	18.1530	1681390295.162
4	735.0	18.1058	1681390295.666
4	735.5	18.1350	1681390296.170
4	736.0	18.2059	1681390296.662
4	736.5	18.2840	1681390297.166
4	737.0	18.3098	1681390297.658
4	737.5	18.3569	1681390298.162
4	738.0	18.4166	1681390298.666
4	738.5	18.4954	1681390299.170
4	739.0	18.5083	1681390299.662
4	739.5	18.4861	1681390300.166
4	740.0	18.5148	1681390300.658
4	740.5	18.5060	1681390301.162
4	741.0	18.5417	1681390301.666
4	741.5	18.5123	1681390302.170
4	742.0	18.4563	1681390302.662
4	742.5	18.5301	1681390303.166
4	743.0	18.5572	1681390303.658
4	743.5	18.6099	1681390304.162
4	744.0	18.5772	1681390304.666
4	744.5	18.5675	1681390305.170
4	745.0	18.5726	1681390305.662
4	745.5	18.5495	1681390306.166
4	746.0	18.4865	1681390306.670
4	746.5	18.4725	1681390307.162
4	747.0	18.4576	1681390307.666
4	747.5	18.5531	1681390308.170
4	748.0	18.5560	1681390308.662
4	748.5	18.5665	1681390309.165
4	749.0	18.5297	1681390309.669
4	749.5	18.5610	1681390310.161
4	750.0	18.4861	1681390310.665
4	750.5	18.4069	1681390311.169
4	751.0	18.3937	1681390311.661
4	751.5	18.3656	1681390312.166
4	752.0	18.3498	1681390312.669
4	752.5	18.3216	1681390313.161
4	753.0	18.2206	1681390313.666
4	753.5	18.2248	1681390314.169
4	754.0	18.2859	1681390314.661
4	754.5	18.3171	1681390315.165
4	755.0	18.3273	1681390315.669
4	755.5	18.2591	1681390316.161
4	756.0	18.2368	1681390316.665
4	756.5	18.2790	1681390317.170
4	757.0	18.3784	1681390317.661
4	757.5	18.4628	1681390318.165
4	758.0	18.5591	1681390318.669
4	758.5	18.5051	1681390319.161
4	759.0	18.4140	1681390319.665
4	759.5	18.3504	1681390320.169
4	760.0	18.4391	1681390320.661
4	760.5	18.4809	1681390321.165
4	761.0	18.5558	1681390321.669
4	761.5	18.6454	1681390322.161
4	762.0	18.6821	1681390322.665
4	762.5	18.6491	1681390323.169
4	763.0	18.6534	1681390323.661
4	763.5	18.6803	1681390324.165
4	764.0	18.6991	1681390324.669
4	764.5	18.7106	1681390325.161
4	765.0	18.7519	1681390325.665
4	765.5	18.7985	1681390326.169
4	766.0	18.7211	1681390326.661
4	766.5	18.6379	1681390327.165
4	767.0	18.6098	1681390327.669
4	767.5	18.6250	1681390328.161
4	768.0	18.6333	1681390328.665
4	768.5	18.5531	1681390329.169
4	769.0	18.5649	1681390329.661
4	769.5	18.5662	1681390330.165
4	770.0	18.5695	1681390330.669
4	770.5	18.5210	1681390331.161
4	771.0	18.4356	1681390331.665
4	771.5	18.3910	1681390332.169
4	772.0	18.4161	1681390332.661
4	772.5	18.5355	1681390333.165
4	773.0	18.6405	1681390333.669
4	773.5	18.7204	1681390334.161
4	774.0	18.6715	1681390334.665
4	774.5	18.6265	1681390335.168
4	775.0	18.6275	1681390335.661
4	775.5	18.6351	1681390336.165
4	776.0	18.6725	1681390336.668
4	776.5	18.6822	1681390337.161
4	777.0	18.6154	1681390337.664
4	777.5	18.4954	1681390338.169
4	778.0	18.4364	1681390338.660
4	778.5	18.4478	1681390339.164
4	779.0	18.5514	1681390339.668
4	779.5	18.6363	1681390340.161
4	780.0	18.6302	1681390340.664
4	780.5	18.5859	1681390341.169
4	781.0	18.4998	1681390341.660
4	781.5	18.4072	1681390342.164
4	782.0	18.3693	1681390342.668
4	782.5	18.3634	1681390343.160
4	783.0	18.3062	1681390343.664
4	783.5	18.2736	1681390344.168
4	784.0	18.2509	1681390344.660
4	784.5	18.2718	1681390345.164
4	785.0	18.3795	1681390345.668
4	785.5	18.4628	1681390346.160
4	786.0	18.4762	1681390346.664
4	786.5	18.4430	1681390347.168
4	787.0	18.3943	1681390347.660
4	787.5	18.3272	1681390348.164
4	788.0	18.2428	1681390348.668
4	788.5	18.2672	1681390349.160
4	789.0	18.3072	1681390349.664
4	789.5	18.3722	1681390350.168
4	790.0	18.3356	1681390350.660
4	790.5	18.2965	1681390351.164
4	791.0	18.2897	1681390351.668
4	791.5	18.2983	1681390352.160
4	792.0	18.3560	1681390352.664
4	792.5	18.4254	1681390353.168
4	793.0	18.4425	1681390353.660
4	793.5	18.3848	1681390354.164
4	794.0	18.3618	1681390354.668
4	794.5	18.3472	1681390355.160
4	795.0	18.2825	1681390355.664
4	795.5	18.3073	1681390356.168
4	796.0	18.3920	1681390356.660
4	796.5	18.3495	1681390357.164
4	797.0	18.2776	1681390357.668
4	797.5	18.2203	1681390358.160
4	798.0	18.1846	1681390358.664
4	798.5	18.1528	1681390359.168
4	799.0	18.1659	1681390359.660
4	799.5	18.2258	1681390360.164
4	800.0	18.2871	1681390360.668
4	800.5	18.3194	1681390361.160
4	801.0	18.3096	1681390361.664
4	801.5	18.2583	1681390362.168
4	802.0	18.2348	1681390362.660
4	802.5	18.2265	1681390363.164
4	803.0	18.1828	1681390363.668
4	803.5	18.1424	1681390364.160
4	804.0	18.1363	1681390364.664
4	804.5	18.1522	1681390365.168
4	805.0	18.2651	1681390365.660
4	805.5	18.4004	1681390366.164
4	806.0	18.4906	1681390366.667
4	806.5	18.4595	1681390367.160
4	807.0	18.3995	1681390367.663
4	807.5	18.3947	1681390368.167
4	808.0	18.3700	1681390368.659
4	808.5	18.3053	1681390369.163
4	809.0	18.2553	1681390369.667
4	809.5	18.2115	1681390370.159
4	810.0	18.2005	1681390370.663
4	810.5	18.3081	1681390371.167
4	811.0	18.4142	1681390371.660
4	811.5	18.4847	1681390372.163
4	812.0	18.5254	1681390372.667
4	812.5	18.5707	1681390373.159
4	813.0	18.6067	1681390373.663
4	813.5	18.5906	1681390374.167
4	814.0	18.5751	1681390374.659
4	814.5	18.6258	1681390375.163
4	815.0	18.6111	1681390375.667
4	815.5	18.6376	1681390376.159
4	816.0	18.5948	1681390376.663
4	816.5	18.5834	1681390377.167
4	817.0	18.6785	1681390377.659
4	817.5	18.7246	1681390378.163
4	818.0	18.7706	1681390378.667
4	818.5	18.8085	1681390379.159
4	819.0	18.8688	1681390379.663
4	819.5	18.9098	1681390380.167
4	820.0	18.9817	1681390380.659
4	820.5	18.9174	1681390381.163
4	821.0	18.9237	1681390381.667
4	821.5	18.8809	1681390382.159
4	822.0	18.9241	1681390382.663
4	822.5	18.9424	1681390383.167
4	823.0	18.9683	1681390383.659
4	823.5	19.0036	1681390384.163
4	824.0	19.0621	1681390384.667
4	824.5	19.1184	1681390385.159
4	825.0	19.0920	1681390385.663
4	825.5	19.1337	1681390386.167
4	826.0	19.1427	1681390386.659
4	826.5	19.1417	1681390387.163
4	827.0	19.1618	1681390387.667
4	827.5	19.1689	1681390388.159
4	828.0	19.1310	1681390388.663
4	828.5	19.0825	1681390389.167
4	829.0	19.0962	1681390389.659
4	829.5	19.0477	1681390390.163
4	830.0	19.0386	1681390390.667
4	830.5	19.1068	1681390391.159
4	831.0	19.0883	1681390391.663
4	831.5	19.0513	1681390392.166
4	832.0	18.9732	1681390392.659
4	832.5	18.9826	1681390393.162
4	833.0	19.0288	1681390393.666
4	833.5	19.1107	1681390394.170
4	834.0	19.0989	1681390394.663
4	834.5	19.1715	1681390395.166
4	835.0	19.2431	1681390395.659
4	835.5	19.2848	1681390396.162
4	836.0	19.2603	1681390396.666
4	836.5	19.2127	1681390397.170
4	837.0	19.2660	1681390397.662
4	837.5	19.3695	1681390398.166
4	838.0	19.3841	1681390398.658
4	838.5	19.4074	1681390399.162
4	839.0	19.4478	1681390399.666
4	839.5	19.4654	1681390400.170
4	840.0	19.4563	1681390400.662
4	840.5	19.4365	1681390401.166
4	841.0	19.3486	1681390401.658
4	841.5	19.2673	1681390402.162
4	842.0	19.2612	1681390402.666
4	842.5	18.1004	1681390403.170
4	843.0	18.0848	1681390403.662
4	843.5	18.0679	1681390404.166
4	844.0	18.0639	1681390404.658
4	844.5	18.0603	1681390405.162
4	845.0	18.0508	1681390405.666
4	845.5	18.0595	1681390406.170
4	846.0	18.0614	1681390406.662
4	846.5	18.0480	1681390407.166
4	847.0	18.0344	1681390407.658
4	847.5	18.0260	1681390408.162
4	848.0	18.0299	1681390408.666
4	848.5	18.0323	1681390409.170
4	849.0	18.0228	1681390409.662
4	849.5	18.0234	1681390410.166
4	850.0	18.0185	1681390410.658
4	850.5	18.0158	1681390411.162
4	851.0	17.9975	1681390411.666
4	851.5	17.9932	1681390412.170
4	852.0	17.9982	1681390412.662
4	852.5	17.9933	1681390413.166
4	853.0	17.9892	1681390413.670
4	853.5	17.9876	1681390414.162
4	854.0	17.9894	1681390414.666
4	854.5	17.9868	1681390415.170
4	855.0	17.9868	1681390415.662
4	855.5	17.9866	1681390416.166
4	856.0	17.9823	1681390416.670
4	856.5	17.9809	1681390417.162
4	857.0	17.9830	1681390417.666
4	857.5	17.9797	1681390418.169
4	858.0	17.9809	1681390418.662
4	858.5	17.9791	1681390419.166
4	859.0	17.9797	1681390419.669
4	859.5	17.9766	1681390420.162
4	860.0	17.9786	1681390420.665
4	860.5	17.9776	1681390421.169
4	861.0	17.9777	1681390421.662
4	861.5	17.9744	1681390422.165
4	862.0	17.9754	1681390422.669
4	862.5	17.9754	1681390423.161
4	863.0	17.9748	1681390423.666
4	863.5	17.9772	1681390424.169
4	864.0	17.9748	1681390424.661
4	864.5	17.9817	1681390425.165
4	865.0	17.9897	1681390425.669
4	865.5	17.9848	1681390426.161
4	866.0	17.9751	1681390426.665
4	866.5	17.9779	1681390427.169
4	867.0	17.9798	1681390427.661
4	867.5	17.9839	1681390428.165
4	868.0	17.9838	1681390428.669
4	868.5	17.9841	1681390429.161
4	869.0	17.9783	1681390429.665
4	869.5	17.9828	1681390430.169
4	870.0	17.9812	1681390430.661
4	870.5	17.9778	1681390431.165
4	871.0	17.9733	1681390431.669
4	871.5	17.9785	1681390432.161
4	872.0	17.9812	1681390432.665
4	872.5	17.9794	1681390433.169
4	873.0	17.9781	1681390433.661
4	873.5	17.9741	1681390434.165
4	874.0	17.9823	1681390434.669
4	874.5	17.9808	1681390435.161
4	875.0	17.9805	1681390435.665
4	875.5	17.9782	1681390436.169
4	876.0	17.9723	1681390436.661
4	876.5	17.9732	1681390437.165
4	877.0	17.9841	1681390437.669
4	877.5	17.9855	1681390438.161
4	878.0	17.9839	1681390438.665
4	878.5	17.9792	1681390439.169
4	879.0	17.9825	1681390439.661
4	879.5	17.9815	1681390440.165
4	880.0	17.9787	1681390440.669
4	880.5	17.9816	1681390441.161
4	881.0	17.9814	1681390441.665
4	881.5	17.9815	1681390442.169
4	882.0	17.9838	1681390442.661
4	882.5	17.9922	1681390443.165
4	883.0	17.9827	1681390443.669
4	883.5	17.9772	1681390444.161
4	884.0	17.9782	1681390444.665
4	884.5	17.9743	1681390445.169
4	885.0	17.9746	1681390445.661
4	885.5	17.9840	1681390446.165
4	886.0	17.9774	1681390446.669
4	886.5	17.9886	1681390447.161
4	887.0	17.9900	1681390447.665
4	887.5	17.9912	1681390448.168
4	888.0	17.9933	1681390448.661
4	888.5	17.9966	1681390449.165
4	889.0	17.9939	1681390449.668
4	889.5	17.9976	1681390450.161
4	890.0	17.9929	1681390450.664
4	890.5	17.9903	1681390451.169
4	891.0	17.9882	1681390451.660
4	891.5	17.9856	1681390452.164
4	892.0	17.9820	1681390452.668
4	892.5	17.9749	1681390453.160
4	893.0	17.9701	1681390453.664
4	893.5	17.9805	1681390454.168
4	894.0	17.9792	1681390454.660
4	894.5	17.9773	1681390455.164
4	895.0	17.9741	1681390455.668
4	895.5	17.9714	1681390456.160
4	896.0	17.9646	1681390456.664
4	896.5	17.9651	1681390457.168
4	897.0	17.9798	1681390457.660
4	897.5	17.9941	1681390458.164
4	898.0	17.9999	1681390458.668
4	898.5	17.9942	1681390459.160
4	899.0	17.9889	1681390459.664
4	899.5	17.9849	1681390460.168
4	900.0	17.9889	1681390460.660
4	900.5	17.9925	1681390461.164
4	901.0	17.9931	1681390461.668
4	901.5	17.9956	1681390462.160
4	902.0	17.9900	1681390462.664
4	902.5	17.9885	1681390463.168
4	903.0	17.9795	1681390463.660
4	903.5	17.9695	1681390464.164
4	904.0	17.9713	1681390464.668
4	904.5	17.9873	1681390465.160
4	905.0	17.9823	1681390465.664
4	905.5	17.9863	1681390466.168
4	906.0	17.9813	1681390466.660
4	906.5	17.9811	1681390467.164
4	907.0	17.9783	1681390467.668
4	907.5	17.9766	1681390468.160
4	908.0	17.9866	1681390468.664
4	908.5	17.9725	1681390469.168
4	909.0	17.9728	1681390469.660
4	909.5	17.9816	1681390470.164
4	910.0	17.9807	1681390470.668
4	910.5	17.9761	1681390471.160
4	911.0	17.9742	1681390471.664
4	911.5	17.9768	1681390472.168
4	912.0	17.9742	1681390472.660
4	912.5	17.9719	1681390473.164
4	913.0	17.9763	1681390473.668
4	913.5	17.9743	1681390474.160
4	914.0	17.9745	1681390474.664
4	914.5	17.9910	1681390475.168
4	915.0	17.9879	1681390475.660
4	915.5	17.9858	1681390476.164
4	916.0	17.9850	1681390476.667
4	916.5	17.9919	1681390477.160
4	917.0	17.9858	1681390477.663
4	917.5	17.9874	1681390478.167
4	918.0	17.9795	1681390478.660
4	918.5	17.9812	1681390479.163
4	919.0	17.9804	1681390479.667
4	919.5	17.9942	1681390480.159
4	920.0	17.9796	1681390480.663
4	920.5	17.9731	1681390481.167
4	921.0	17.9916	1681390481.659
4	921.5	17.9945	1681390482.163
4	922.0	17.9908	1681390482.667
4	922.5	17.9871	1681390483.159
4	923.0	17.9898	1681390483.663
4	923.5	17.9839	1681390484.168
4	924.0	17.9905	1681390484.659
4	924.5	17.9926	1681390485.163
4	925.0	17.9960	1681390485.667
4	925.5	17.9957	1681390486.159
4	926.0	18.0000	1681390486.663
4	926.5	17.9984	1681390487.167
4	927.0	17.9964	1681390487.659
4	927.5	17.9945	1681390488.163
4	928.0	17.9936	1681390488.667
4	928.5	17.9890	1681390489.159
4	929.0	17.9846	1681390489.663
4	929.5	17.9856	1681390490.167
4	930.0	17.9918	1681390490.659
4	930.5	17.9925	1681390491.163
4	931.0	17.9922	1681390491.667
4	931.5	17.9928	1681390492.159
4	932.0	17.9921	1681390492.663
4	932.5	17.9871	1681390493.167
4	933.0	17.9845	1681390493.659
4	933.5	17.9845	1681390494.163
4	934.0	17.9899	1681390494.667
4	934.5	17.9885	1681390495.159
4	935.0	17.9904	1681390495.663
4	935.5	17.9875	1681390496.167
4	936.0	17.9822	1681390496.659
4	936.5	17.9791	1681390497.163
4	937.0	17.9863	1681390497.667
4	937.5	17.9881	1681390498.159
4	938.0	17.9898	1681390498.663
4	938.5	17.9828	1681390499.167
4	939.0	17.9827	1681390499.659
4	939.5	17.9772	1681390500.163
4	940.0	17.9819	1681390500.667
4	940.5	17.9796	1681390501.170
4	941.0	17.9795	1681390501.663
4	941.5	17.9778	1681390502.167
4	942.0	17.9867	1681390502.659
4	942.5	17.9920	1681390503.163
4	943.0	17.9845	1681390503.666
4	943.5	17.9811	1681390504.170
4	944.0	17.9828	1681390504.663
4	944.5	17.9798	1681390505.166
4	945.0	17.9863	1681390505.659
4	945.5	17.9834	1681390506.163
4	946.0	17.9906	1681390506.667
4	946.5	17.9840	1681390507.170
4	947.0	17.9915	1681390507.662
4	947.5	17.9930	1681390508.166
4	948.0	17.9957	1681390508.658
4	948.5	17.9932	1681390509.162
4	949.0	17.9895	1681390509.666
4	949.5	17.9818	1681390510.170
4	950.0	17.9861	1681390510.662
4	950.5	17.9868	1681390511.166
4	951.0	17.9846	1681390511.658
4	951.5	17.9859	1681390512.162
4	952.0	17.9815	1681390512.666
4	952.5	17.9931	1681390513.170
4	953.0	18.0050	1681390513.662
4	953.5	18.0065	1681390514.166
4	954.0	18.0000	1681390514.658
4	954.5	17.9949	1681390515.162
4	955.0	18.0009	1681390515.666
4	955.5	17.9921	1681390516.170
4	956.0	17.9932	1681390516.662
4	956.5	17.9918	1681390517.166
4	957.0	17.9898	1681390517.658
4	957.5	17.9896	1681390518.162
4	958.0	17.9893	1681390518.666
4	958.5	17.9852	1681390519.170
4	959.0	17.9863	1681390519.662
4	959.5	17.9919	1681390520.166
4	960.0	17.9946	1681390520.670
4	960.5	17.9897	1681390521.162
4	961.0	17.9890	1681390521.666
4	961.5	17.9910	1681390522.170
4	962.0	17.9917	1681390522.662
4	962.5	17.9972	1681390523.166
4	963.0	17.9915	1681390523.658
4	963.5	17.9893	1681390524.162
4	964.0	17.9877	1681390524.666
4	964.5	17.9865	1681390525.170
4	965.0	18.0036	1681390525.662
4	965.5	18.0005	1681390526.166
4	966.0	18.0029	1681390526.670
4	966.5	17.9977	1681390527.162
4	967.0	17.9938	1681390527.666
4	967.5	17.9910	1681390528.170
4	968.0	18.0009	1681390528.662
4	968.5	18.0031	1681390529.166
4	969.0	18.0020	1681390529.670
4	969.5	17.9972	1681390530.162
4	970.0	17.9943	1681390530.666
4	970.5	17.9970	1681390531.169
4	971.0	17.9921	1681390531.662
4	971.5	17.9857	1681390532.166
4	972.0	17.9850	1681390532.669
4	972.5	17.9839	1681390533.162
4	973.0	17.9894	1681390533.665
4	973.5	17.9821	1681390534.169
4	974.0	17.9814	1681390534.661
4	974.5	17.9830	1681390535.165
4	975.0	17.9855	1681390535.669
4	975.5	17.9834	1681390536.161
4	976.0	17.9841	1681390536.665
4	976.5	17.9846	1681390537.169
4	977.0	17.9826	1681390537.661
4	977.5	17.9859	1681390538.165
4	978.0	17.9805	1681390538.669
4	978.5	17.9795	1681390539.161
4	979.0	17.9793	1681390539.665
4	979.5	17.9946	1681390540.169
4	980.0	17.9851	1681390540.661
4	980.5	17.9824	1681390541.165
4	981.0	17.9860	1681390541.669
4	981.5	17.9894	1681390542.161
4	982.0	17.9854	1681390542.665
4	982.5	17.9823	1681390543.169
4	983.0	17.9809	1681390543.661
4	983.5	17.9761	1681390544.165
4	984.0	17.9803	1681390544.669
4	984.5	17.9738	1681390545.161
4	985.0	17.9741	1681390545.665
4	985.5	17.9745	1681390546.169
4	986.0	17.9832	1681390546.661
4	986.5	17.9878	1681390547.165
4	987.0	17.9911	1681390547.669
4	987.5	17.9956	1681390548.161
4	988.0	17.9942	1681390548.665
4	988.5	18.0039	1681390549.169
4	989.0	17.9981	1681390549.661
4	989.5	18.0086	1681390550.165
4	990.0	18.0043	1681390550.669
4	990.5	17.9908	1681390551.161
4	991.0	18.0015	1681390551.665
4	991.5	18.0019	1681390552.169
4	992.0	17.9831	1681390552.661
4	992.5	17.9956	1681390553.165
4	993.0	17.9974	1681390553.669
4	993.5	17.9944	1681390554.161
4	994.0	17.9911	1681390554.665
4	994.5	17.9914	1681390555.169
4	995.0	17.9975	1681390555.661
4	995.5	17.9938	1681390556.165
4	996.0	17.9903	1681390556.669
4	996.5	17.9865	1681390557.161
4	997.0	17.9887	1681390557.665
4	997.5	17.9874	1681390558.169
4	998.0	17.9972	1681390558.661
4	998.5	17.9974	1681390559.164
4	999.0	17.9989	1681390559.668
4	999.5	18.0002	1681390560.160
4	1000.0	18.0030	1681390560.664
4	1000.5	18.0020	1681390561.168
4	1001.0	17.9994	1681390561.660
4	1001.5	18.0016	1681390562.164
4	1002.0	17.9978	1681390562.668
4	1002.5	17.9977	1681390563.160
4	1003.0	17.9992	1681390563.664
4	1003.5	17.9967	1681390564.168
4	1004.0	17.9959	1681390564.660
4	1004.5	17.9928	1681390565.164
4	1005.0	17.9929	1681390565.668
4	1005.5	17.9971	1681390566.160
4	1006.0	17.9984	1681390566.664
4	1006.5	17.9983	1681390567.168
4	1007.0	17.9989	1681390567.660
4	1007.5	17.9969	1681390568.164
4	1008.0	17.9988	1681390568.668
4	1008.5	18.0065	1681390569.160
4	1009.0	18.0000	1681390569.664
4	1009.5	17.9952	1681390570.168
4	1010.0	17.9963	1681390570.660
4	1010.5	17.9932	1681390571.164
4	1011.0	17.9912	1681390571.668
4	1011.5	17.9976	1681390572.160
4	1012.0	17.9943	1681390572.664
4	1012.5	17.9978	1681390573.168
4	1013.0	17.9951	1681390573.660
4	1013.5	17.9908	1681390574.164
4	1014.0	17.9862	1681390574.668
4	1014.5	17.9927	1681390575.160
4	1015.0	17.9920	1681390575.664
4	1015.5	17.9919	1681390576.168
4	1016.0	17.9955	1681390576.660
4	1016.5	17.9862	1681390577.164
4	1017.0	17.9838	1681390577.668
4	1017.5	17.9842	1681390578.160
4	1018.0	17.9952	1681390578.664
4	1018.5	17.9913	1681390579.168
4	1019.0	17.9950	1681390579.660
4	1019.5	17.9987	1681390580.164
4	1020.0	17.9970	1681390580.668
4	1020.5	17.9925	1681390581.160
4	1021.0	17.9937	1681390581.664
4	1021.5	17.9915	1681390582.168
4	1022.0	17.9896	1681390582.660
4	1022.5	17.9888	1681390583.164
4	1023.0	17.9968	1681390583.668
4	1023.5	17.9955	1681390584.172
4	1024.0	17.9938	1681390584.664
4	1024.5	17.9939	1681390585.168
4	1025.0	17.9921	1681390585.660
4	1025.5	17.9923	1681390586.164
4	1026.0	17.9910	1681390586.668
4	1026.5	17.9866	1681390587.171
4	1027.0	17.9911	1681390587.664
4	1027.5	17.9856	1681390588.168
4	1028.0	17.9894	1681390588.660
4	1028.5	17.9882	1681390589.163
4	1029.0	17.9922	1681390589.667
4	1029.5	17.9956	1681390590.172
4	1030.0	17.9759	1681390590.664
4	1030.5	17.9711	1681390591.167
4	1031.0	17.9754	1681390591.660
4	1031.5	17.9669	1681390592.163
4	1032.0	17.9893	1681390592.667
4	1032.5	17.9830	1681390593.171
4	1033.0	17.9863	1681390593.663
4	1033.5	17.9891	1681390594.167
4	1034.0	17.9887	1681390594.659
4	1034.5	17.9901	1681390595.163
4	1035.0	17.9913	1681390595.667
4	1035.5	17.9904	1681390596.171
4	1036.0	17.9900	1681390596.663
4	1036.5	17.9884	1681390597.167
4	1037.0	17.9884	1681390597.659
4	1037.5	17.9875	1681390598.163
4	1038.0	17.9870	1681390598.667
4	1038.5	17.9806	1681390599.171
4	1039.0	17.9804	1681390599.663
4	1039.5	17.9809	1681390600.167
4	1040.0	17.9812	1681390600.659
4	1040.5	17.9802	1681390601.163
4	1041.0	17.9811	1681390601.667
4	1041.5	17.9804	1681390602.171
4	1042.0	17.9814	1681390602.663
4	1042.5	17.9826	1681390603.167
4	1043.0	17.9751	1681390603.659
4	1043.5	17.9794	1681390604.163
4	1044.0	17.9818	1681390604.667
4	1044.5	17.9735	1681390605.171
4	1045.0	17.9828	1681390605.663
4	1045.5	17.9782	1681390606.167
4	1046.0	17.9783	1681390606.671
4	1046.5	17.9799	1681390607.163
4	1047.0	17.9811	1681390607.667
4	1047.5	17.9827	1681390608.171
4	1048.0	17.9832	1681390608.663
4	1048.5	17.9813	1681390609.167
4	1049.0	17.9847	1681390609.671
4	1049.5	17.9831	1681390610.163
4	1050.0	17.9809	1681390610.667
4	1050.5	17.9804	1681390611.171
4	1051.0	17.9663	1681390611.663
4	1051.5	17.9799	1681390612.167
4	1052.0	17.9794	1681390612.671
4	1052.5	17.9807	1681390613.163
4	1053.0	17.9816	1681390613.667
4	1053.5	17.9785	1681390614.171
4	1054.0	17.9805	1681390614.663
4	1054.5	17.9790	1681390615.167
4	1055.0	17.9791	1681390615.671
4	1055.5	17.9798	1681390616.163
4	1056.0	17.9838	1681390616.667
4	1056.5	17.9784	1681390617.170
4	1057.0	17.9788	1681390617.662
4	1057.5	17.9790	1681390618.166
4	1058.0	17.9808	1681390618.670
4	1058.5	17.9797	1681390619.163
4	1059.0	17.9778	1681390619.666
4	1059.5	17.9834	1681390620.170
4	1060.0	17.9888	1681390620.662
4	1060.5	17.9907	1681390621.166
4	1061.0	17.9879	1681390621.670
4	1061.5	17.9915	1681390622.162
4	1062.0	17.9855	1681390622.666
4	1062.5	17.9842	1681390623.170
4	1063.0	17.9847	1681390623.662
4	1063.5	17.9883	1681390624.166
4	1064.0	17.9823	1681390624.670
4	1064.5	17.9826	1681390625.162
4	1065.0	17.9848	1681390625.666
4	1065.5	17.9953	1681390626.170
4	1066.0	17.9961	1681390626.662
4	1066.5	18.0029	1681390627.166
4	1067.0	17.9948	1681390627.670
4	1067.5	17.9958	1681390628.162
4	1068.0	18.0002	1681390628.666
4	1068.5	17.9999	1681390629.170
4	1069.0	17.9984	1681390629.662
4	1069.5	17.9948	1681390630.166
4	1070.0	17.9939	1681390630.670
4	1070.5	17.9949	1681390631.162
4	1071.0	17.9916	1681390631.666
4	1071.5	17.9992	1681390632.170
4	1072.0	18.0014	1681390632.662
4	1072.5	17.9968	1681390633.166
4	1073.0	18.0053	1681390633.670
4	1073.5	18.0059	1681390634.162
4	1074.0	17.9979	1681390634.666
4	1074.5	18.0007	1681390635.170
4	1075.0	18.0033	1681390635.662
4	1075.5	18.0004	1681390636.166
4	1076.0	17.9992	1681390636.670
4	1076.5	17.9825	1681390637.162
4	1077.0	17.9866	1681390637.666
4	1077.5	17.9969	1681390638.170
4	1078.0	17.9961	1681390638.662
4	1078.5	17.9955	1681390639.166
4	1079.0	17.9975	1681390639.670
4	1079.5	17.9956	1681390640.162
4	1080.0	17.9978	1681390640.666
4	1080.5	17.9975	1681390641.170
4	1081.0	17.9969	1681390641.662
4	1081.5	17.9908	1681390642.166
4	1082.0	17.9820	1681390642.669
4	1082.5	17.9937	1681390643.162
4	1083.0	17.9881	1681390643.666
4	1083.5	17.9896	1681390644.169
4	1084.0	17.9902	1681390644.662
4	1084.5	17.9998	1681390645.165
4	1085.0	17.9935	1681390645.669
4	1085.5	17.9960	1681390646.161
4	1086.0	17.9964	1681390646.665
4	1086.5	17.9923	1681390647.169
4	1087.0	17.9902	1681390647.661
4	1087.5	17.9875	1681390648.165
4	1088.0	17.9878	1681390648.669
4	1088.5	17.9881	1681390649.161
4	1089.0	18.0026	1681390649.665
4	1089.5	18.0245	1681390650.169
4	1090.0	18.0001	1681390650.661
4	1090.5	17.9949	1681390651.165
4	1091.0	17.9841	1681390651.669
4	1091.5	17.9832	1681390652.161
4	1092.0	17.9738	1681390652.665
4	1092.5	18.0033	1681390653.169
4	1093.0	18.0045	1681390653.661
4	1093.5	18.0071	1681390654.165
4	1094.0	18.0070	1681390654.669
4	1094.5	18.0043	1681390655.161
4	1095.0	18.0048	1681390655.665
4	1095.5	18.0062	1681390656.169
4	1096.0	18.0048	1681390656.661
4	1096.5	18.0026	1681390657.165
4	1097.0	18.0028	1681390657.669
4	1097.5	17.9919	1681390658.161
4	1098.0	17.9923	1681390658.665
4	1098.5	17.9972	1681390659.169
4	1099.0	18.0017	1681390659.661
4	1099.5	18.0005	1681390660.165
4	1100.0	17.9970	1681390660.669
4	1100.5	17.9929	1681390661.161
4	1101.0	17.9882	1681390661.665
4	1101.5	17.9944	1681390662.169
4	1102.0	17.9931	1681390662.661
4	1102.5	17.9980	1681390663.165
4	1103.0	18.0007	1681390663.669
4	1103.5	17.9935	1681390664.161
4	1104.0	17.9971	1681390664.665
4	1104.5	17.9998	1681390665.169
4	1105.0	17.9860	1681390665.661
4	1105.5	17.9844	1681390666.165
4	1106.0	17.9932	1681390666.669
4	1106.5	17.9935	1681390667.161
4	1107.0	17.9896	1681390667.665
4	1107.5	17.9870	1681390668.169
4	1108.0	17.9860	1681390668.661
4	1108.5	17.9844	1681390669.165
4	1109.0	17.9868	1681390669.669
4	1109.5	18.0075	1681390670.161
4	1110.0	18.0146	1681390670.665
4	1110.5	18.0028	1681390671.168
4	1111.0	17.9840	1681390671.661
4	1111.5	17.9857	1681390672.164
4	1112.0	17.9823	1681390672.668
4	1112.5	18.0023	1681390673.161
4	1113.0	18.0033	1681390673.664
4	1113.5	17.9911	1681390674.168
4	1114.0	17.9942	1681390674.660
4	1114.5	17.9947	1681390675.164
4	1115.0	17.9925	1681390675.668
4	1115.5	17.9907	1681390676.160
4	1116.0	17.9819	1681390676.664
4	1116.5	17.9771	1681390677.168
4	1117.0	17.9745	1681390677.660
4	1117.5	17.9747	1681390678.164
4	1118.0	17.9721	1681390678.668
4	1118.5	17.9822	1681390679.160
4	1119.0	17.9981	1681390679.664
4	1119.5	18.0017	1681390680.168
4	1120.0	17.9927	1681390680.660
4	1120.5	17.9949	1681390681.164
4	1121.0	17.9934	1681390681.668
4	1121.5	17.9877	1681390682.160
4	1122.0	17.9894	1681390682.664
4	1122.5	17.9895	1681390683.168
4	1123.0	17.9845	1681390683.660
4	1123.5	17.9969	1681390684.164
4	1124.0	17.9933	1681390684.668
4	1124.5	17.9950	1681390685.160
4	1125.0	17.9945	1681390685.664
4	1125.5	17.9912	1681390686.168
4	1126.0	17.9875	1681390686.660
4	1126.5	17.9851	1681390687.164
4	1127.0	17.9941	1681390687.668
4	1127.5	17.9906	1681390688.160
4	1128.0	17.9893	1681390688.664
4	1128.5	17.9993	1681390689.168
4	1129.0	17.9929	1681390689.660
4	1129.5	18.0058	1681390690.164
4	1130.0	17.9996	1681390690.668
4	1130.5	17.9974	1681390691.160
4	1131.0	17.9926	1681390691.664
4	1131.5	17.9880	1681390692.168
4	1132.0	17.9887	1681390692.660
4	1132.5	17.9817	1681390693.164
4	1133.0	17.9817	1681390693.668
4	1133.5	17.9955	1681390694.172
4	1134.0	17.9947	1681390694.664
4	1134.5	18.0023	1681390695.168
4	1135.0	18.0213	1681390695.660
4	1135.5	18.0148	1681390696.164
4	1136.0	18.0177	1681390696.668
4	1136.5	18.0207	1681390697.171
4	1137.0	18.0247	1681390697.664
4	1137.5	18.0336	1681390698.168
4	1138.0	18.0385	1681390698.660
4	1138.5	18.0322	1681390699.164
4	1139.0	18.0184	1681390699.668
4	1139.5	18.0439	1681390700.171
4	1140.0	18.0410	1681390700.663
4	1140.5	18.0379	1681390701.167
4	1141.0	18.0241	1681390701.659
4	1141.5	18.0403	1681390702.163
4	1142.0	18.0273	1681390702.667
4	1142.5	18.0246	1681390703.171
4	1143.0	18.0114	1681390703.663
4	1143.5	18.0065	1681390704.167
4	1144.0	18.0115	1681390704.659
4	1144.5	18.0163	1681390705.163
4	1145.0	18.0085	1681390705.667
4	1145.5	18.0000	1681390706.171
4	1146.0	17.9975	1681390706.663
4	1146.5	17.9984	1681390707.167
4	1147.0	17.9983	1681390707.659
4	1147.5	18.0017	1681390708.163
4	1148.0	17.9969	1681390708.667
4	1148.5	17.9937	1681390709.171
4	1149.0	17.9997	1681390709.663
4	1149.5	18.0094	1681390710.167
4	1150.0	18.0098	1681390710.659
4	1150.5	18.0007	1681390711.163
4	1151.0	17.9984	1681390711.667
4	1151.5	17.9901	1681390712.171
4	1152.0	17.9884	1681390712.663
4	1152.5	17.9894	1681390713.167
4	1153.0	17.9989	1681390713.659
4	1153.5	17.9923	1681390714.163
4	1154.0	18.0002	1681390714.667
4	1154.5	17.9962	1681390715.171
4	1155.0	17.9880	1681390715.663
4	1155.5	17.9831	1681390716.167
4	1156.0	17.9851	1681390716.671
4	1156.5	17.9862	1681390717.163
4	1157.0	17.9863	1681390717.667
4	1157.5	17.9855	1681390718.171
4	1158.0	17.9847	1681390718.663
4	1158.5	17.9780	1681390719.167
4	1159.0	17.9756	1681390719.671
4	1159.5	17.9834	1681390720.163
4	1160.0	17.9870	1681390720.667
4	1160.5	17.9849	1681390721.171
4	1161.0	17.9845	1681390721.663
4	1161.5	17.9837	1681390722.167
4	1162.0	17.9861	1681390722.671
4	1162.5	17.9854	1681390723.163
4	1163.0	17.9920	1681390723.667
4	1163.5	17.9902	1681390724.171
4	1164.0	17.9953	1681390724.663
4	1164.5	17.9864	1681390725.167
4	1165.0	17.9883	1681390725.671
4	1165.5	17.9907	1681390726.163
4	1166.0	18.0089	1681390726.666
4	1166.5	17.9957	1681390727.170
4	1167.0	17.9986	1681390727.663
4	1167.5	17.9982	1681390728.166
4	1168.0	17.9923	1681390728.670
4	1168.5	17.9869	1681390729.162
4	1169.0	17.9781	1681390729.666
4	1169.5	17.9807	1681390730.170
4	1170.0	17.9768	1681390730.662
4	1170.5	17.9769	1681390731.166
4	1171.0	17.9796	1681390731.670
4	1171.5	17.9791	1681390732.162
4	1172.0	18.0006	1681390732.666
4	1172.5	17.9814	1681390733.170
4	1173.0	17.9857	1681390733.662
4	1173.5	17.9974	1681390734.166
4	1174.0	17.9998	1681390734.670
4	1174.5	17.9886	1681390735.162
4	1175.0	17.9848	1681390735.666
4	1175.5	17.9851	1681390736.170
4	1176.0	17.9794	1681390736.662
4	1176.5	17.9745	1681390737.166
4	1177.0	17.9773	1681390737.670
4	1177.5	17.9748	1681390738.162
4	1178.0	17.9794	1681390738.666
4	1178.5	17.9844	1681390739.170
4	1179.0	17.9931	1681390739.662
4	1179.5	17.9894	1681390740.166
4	1180.0	17.9812	1681390740.670
4	1180.5	17.9815	1681390741.162
4	1181.0	17.9768	1681390741.666
4	1181.5	17.9775	1681390742.170
4	1182.0	17.9856	1681390742.662
4	1182.5	17.9892	1681390743.166
4	1183.0	17.9879	1681390743.670
4	1183.5	17.9796	1681390744.162
4	1184.0	17.9788	1681390744.666
4	1184.5	17.9769	1681390745.170
4	1185.0	17.9791	1681390745.662
4	1185.5	17.9784	1681390746.166
4	1186.0	17.9818	1681390746.670
4	1186.5	17.9808	1681390747.162
4	1187.0	17.9833	1681390747.666
4	1187.5	17.9790	1681390748.170
4	1188.0	17.9837	1681390748.662
4	1188.5	17.9830	1681390749.166
4	1189.0	17.9833	1681390749.670
4	1189.5	17.9772	1681390750.162
4	1190.0	17.9760	1681390750.666
4	1190.5	17.9821	1681390751.170
4	1191.0	17.9889	1681390751.662
4	1191.5	17.9858	1681390752.166
4	1192.0	17.9860	1681390752.670
4	1192.5	17.9777	1681390753.162
4	1193.0	17.9813	1681390753.666
4	1193.5	17.9841	1681390754.169
4	1194.0	17.9813	1681390754.662
4	1194.5	17.9849	1681390755.166
4	1195.0	17.9868	1681390755.669
4	1195.5	17.9871	1681390756.162
4	1196.0	17.9834	1681390756.665
4	1196.5	17.9819	1681390757.169
4	1197.0	17.9841	1681390757.661
4	1197.5	17.9842	1681390758.165
4	1198.0	17.9845	1681390758.669
4	1198.5	17.9811	1681390759.161
4	1199.0	17.9790	1681390759.665
4	1199.5	17.9788	1681390760.169
4	1200.0	17.9820	1681390760.661
4	1200.5	17.9837	1681390761.165
4	1201.0	17.9861	1681390761.669
4	1201.5	17.9827	1681390762.161
4	1202.0	17.9870	1681390762.665
4	1202.5	17.9898	1681390763.169
4	1203.0	17.9862	1681390763.661
4	1203.5	17.9851	1681390764.165
4	1204.0	17.9834	1681390764.669
4	1204.5	17.9848	1681390765.161
4	1205.0	17.9854	1681390765.665
4	1205.5	17.9805	1681390766.169
4	1206.0	17.9798	1681390766.661
4	1206.5	17.9773	1681390767.165
4	1207.0	17.9803	1681390767.669
4	1207.5	17.9844	1681390768.161
4	1208.0	17.9831	1681390768.665
4	1208.5	17.9831	1681390769.169
4	1209.0	17.9843	1681390769.661
4	1209.5	17.9811	1681390770.165
4	1210.0	17.9898	1681390770.669
4	1210.5	17.9863	1681390771.161
4	1211.0	17.9829	1681390771.665
4	1211.5	17.9832	1681390772.169
4	1212.0	17.9844	1681390772.661
4	1212.5	17.9884	1681390773.165
4	1213.0	17.9940	1681390773.669
4	1213.5	17.9859	1681390774.161
4	1214.0	17.9852	1681390774.665
4	1214.5	17.9861	1681390775.169
4	1215.0	17.9849	1681390775.661
4	1215.5	17.9866	1681390776.165
4	1216.0	17.9872	1681390776.669
4	1216.5	17.9847	1681390777.161
4	1217.0	17.9835	1681390777.665
4	1217.5	17.9828	1681390778.169
4	1218.0	17.9828	1681390778.661
4	1218.5	17.9848	1681390779.165
4	1219.0	17.9893	1681390779.669
4	1219.5	17.9861	1681390780.161
4	1220.0	17.9848	1681390780.665
4	1220.5	17.9814	1681390781.169
4	1221.0	17.9781	1681390781.661
4	1221.5	17.9906	1681390782.165
4	1222.0	17.9853	1681390782.668
4	1222.5	17.9844	1681390783.161
4	1223.0	17.9808	1681390783.664
4	1223.5	17.9815	1681390784.168
4	1224.0	17.9840	1681390784.660
4	1224.5	17.9936	1681390785.164
4	1225.0	17.9760	1681390785.668
4	1225.5	17.9776	1681390786.160
4	1226.0	17.9785	1681390786.664
4	1226.5	17.9860	1681390787.168
4	1227.0	17.9857	1681390787.660
4	1227.5	17.9801	1681390788.164
4	1228.0	17.9792	1681390788.668
4	1228.5	17.9825	1681390789.160
4	1229.0	17.9807	1681390789.664
4	1229.5	17.9783	1681390790.168
4	1230.0	17.9812	1681390790.660
4	1230.5	17.9759	1681390791.164
4	1231.0	17.9920	1681390791.668
4	1231.5	18.0070	1681390792.160
4	1232.0	17.9919	1681390792.664
4	1232.5	17.9905	1681390793.168
4	1233.0	17.9856	1681390793.660
4	1233.5	17.9916	1681390794.164
4	1234.0	17.9995	1681390794.668
4	1234.5	17.9835	1681390795.160
4	1235.0	17.9721	1681390795.664
4	1235.5	17.9797	1681390796.168
4	1236.0	17.9745	1681390796.660
4	1236.5	17.9781	1681390797.164
4	1237.0	17.9878	1681390797.668
4	1237.5	17.9960	1681390798.160
4	1238.0	17.9895	1681390798.664
4	1238.5	17.9846	1681390799.168
4	1239.0	17.9798	1681390799.660
4	1239.5	17.9731	1681390800.164
4	1240.0	17.9754	1681390800.668
4	1240.5	17.9747	1681390801.160
4	1241.0	17.9811	1681390801.664
4	1241.5	17.9924	1681390802.168
4	1242.0	17.9887	1681390802.660
4	1242.5	17.9908	1681390803.164
4	1243.0	17.9906	1681390803.668
4	1243.5	17.9884	1681390804.160
4	1244.0	17.9852	1681390804.664
4	1244.5	17.9769	1681390805.168
4	1245.0	17.9736	1681390805.660
4	1245.5	17.9755	1681390806.164
4	1246.0	17.9722	1681390806.668
4	1246.5	17.9838	1681390807.171
4	1247.0	17.9741	1681390807.664
4	1247.5	17.9766	1681390808.168
4	1248.0	17.9942	1681390808.660
4	1248.5	17.9889	1681390809.164
4	1249.0	17.9894	1681390809.667
4	1249.5	17.9893	1681390810.171
4	1250.0	17.9954	1681390810.663
4	1250.5	17.9956	1681390811.167
4	1251.0	17.9945	1681390811.660
4	1251.5	17.9945	1681390812.163
4	1252.0	17.9898	1681390812.667
4	1252.5	17.9903	1681390813.171
4	1253.0	17.9910	1681390813.663
4	1253.5	17.9874	1681390814.167
4	1254.0	17.9827	1681390814.659
4	1254.5	17.9772	1681390815.163
4	1255.0	17.9837	1681390815.667
4	1255.5	17.9900	1681390816.171
4	1256.0	17.9868	1681390816.663
4	1256.5	17.9864	1681390817.167
4	1257.0	17.9870	1681390817.659
4	1257.5	17.9916	1681390818.163
4	1258.0	17.9884	1681390818.667
4	1258.5	17.9902	1681390819.171
4	1259.0	17.9880	1681390819.663
4	1259.5	17.9857	1681390820.167
4	1260.0	17.9796	1681390820.671
4	1260.5	17.9819	1681390821.163
4	1261.0	17.9917	1681390821.667
4	1261.5	17.9959	1681390822.171
4	1262.0	17.9890	1681390822.663
4	1262.5	17.9891	1681390823.167
4	1263.0	17.9858	1681390823.659
