# Log Ver: CODA_2T 0.0.1 Prog Ver: 0.0.1 Sensor: 213078 Depth 0 2023-04-13 12:39:17 UTC 
# id model = RBRcoda3, version = 1.059, serial = 213078, fwtype = 107, flavour = rt
# reldepth stime temp time
9	0.5	18.2545	1681389561.172
9	1.0	18.2360	1681389561.677
9	1.5	18.1983	1681389562.180
9	2.0	18.1609	1681389562.672
9	2.5	18.1247	1681389563.176
9	3.0	18.0849	1681389563.681
9	3.5	18.0501	1681389564.172
9	4.0	18.0312	1681389564.677
9	4.5	18.0171	1681389565.180
9	5.0	18.0087	1681389565.672
9	5.5	17.9923	1681389566.176
9	6.0	17.9830	1681389566.680
9	6.5	17.9708	1681389567.172
9	7.0	17.9610	1681389567.676
9	7.5	17.9613	1681389568.180
9	8.0	18.0220	1681389568.672
9	8.5	18.1215	1681389569.176
9	9.0	18.2207	1681389569.680
9	9.5	18.2993	1681389570.184
9	10.0	18.3143	1681389570.676
9	10.5	18.2717	1681389571.179
9	11.0	18.2287	1681389571.684
9	11.5	18.1972	1681389572.177
9	12.0	18.1693	1681389572.680
9	12.5	18.1399	1681389573.184
9	13.0	18.1048	1681389573.676
9	13.5	18.0725	1681389574.180
9	14.0	18.0394	1681389574.684
9	14.5	18.0149	1681389575.176
9	15.0	17.9998	1681389575.679
9	15.5	17.9834	1681389576.184
9	16.0	17.9646	1681389576.676
9	16.5	17.9542	1681389577.180
9	17.0	17.9377	1681389577.684
9	17.5	17.9176	1681389578.176
9	18.0	17.9103	1681389578.679
9	18.5	17.9206	1681389579.183
9	19.0	17.9052	1681389579.676
9	19.5	17.8809	1681389580.180
9	20.0	17.8649	1681389580.684
9	20.5	17.8480	1681389581.175
9	21.0	17.8338	1681389581.679
9	21.5	17.8257	1681389582.183
9	22.0	17.8305	1681389582.675
9	22.5	17.8376	1681389583.179
9	23.0	17.8449	1681389583.683
9	23.5	17.8703	1681389584.175
9	24.0	17.9560	1681389584.679
9	24.5	18.0128	1681389585.183
9	25.0	18.0571	1681389585.675
9	25.5	18.0369	1681389586.179
9	26.0	18.0136	1681389586.683
9	26.5	17.9851	1681389587.175
9	27.0	17.9572	1681389587.679
9	27.5	17.9193	1681389588.183
9	28.0	17.8970	1681389588.675
9	28.5	17.8824	1681389589.179
9	29.0	17.8734	1681389589.683
9	29.5	17.8613	1681389590.175
9	30.0	17.8288	1681389590.680
9	30.5	17.8456	1681389591.183
9	31.0	17.9195	1681389591.675
9	31.5	17.9726	1681389592.179
9	32.0	17.9638	1681389592.683
9	32.5	17.9026	1681389593.175
9	33.0	17.8495	1681389593.679
9	33.5	17.8079	1681389594.183
9	34.0	17.7864	1681389594.675
9	34.5	17.7510	1681389595.179
9	35.0	17.7193	1681389595.683
9	35.5	17.6868	1681389596.175
9	36.0	17.6577	1681389596.678
9	36.5	17.6337	1681389597.182
9	37.0	17.6156	1681389597.675
9	37.5	17.6184	1681389598.179
9	38.0	17.6187	1681389598.682
9	38.5	17.6134	1681389599.175
9	39.0	17.6103	1681389599.679
9	39.5	17.6219	1681389600.183
9	40.0	17.6311	1681389600.674
9	40.5	17.6385	1681389601.178
9	41.0	17.6523	1681389601.682
9	41.5	17.6713	1681389602.174
9	42.0	17.6582	1681389602.679
9	42.5	17.6226	1681389603.182
9	43.0	17.6084	1681389603.674
9	43.5	17.6225	1681389604.178
9	44.0	17.6199	1681389604.682
9	44.5	17.6208	1681389605.175
9	45.0	17.6144	1681389605.678
9	45.5	17.6085	1681389606.182
9	46.0	17.5998	1681389606.674
9	46.5	17.6035	1681389607.178
9	47.0	17.6147	1681389607.682
9	47.5	17.6178	1681389608.174
9	48.0	17.6188	1681389608.678
9	48.5	17.6294	1681389609.182
9	49.0	17.6217	1681389609.674
9	49.5	17.6022	1681389610.178
9	50.0	17.6010	1681389610.682
9	50.5	17.6013	1681389611.174
9	51.0	17.6166	1681389611.678
9	51.5	17.6261	1681389612.182
9	52.0	17.6492	1681389612.674
9	52.5	17.7139	1681389613.178
9	53.0	17.7461	1681389613.682
9	53.5	17.7417	1681389614.175
9	54.0	17.7356	1681389614.678
9	54.5	17.7552	1681389615.182
9	55.0	17.7752	1681389615.674
9	55.5	17.7777	1681389616.179
9	56.0	17.7615	1681389616.682
9	56.5	17.7378	1681389617.175
9	57.0	17.7067	1681389617.680
9	57.5	17.7342	1681389618.182
9	58.0	17.7120	1681389618.674
9	58.5	17.7033	1681389619.179
9	59.0	17.7297	1681389619.682
9	59.5	17.7547	1681389620.174
9	60.0	17.7870	1681389620.678
9	60.5	17.7985	1681389621.182
9	61.0	17.7400	1681389621.674
9	61.5	17.7166	1681389622.178
9	62.0	17.7030	1681389622.682
9	62.5	17.7066	1681389623.174
9	63.0	17.7176	1681389623.678
9	63.5	17.6967	1681389624.182
9	64.0	17.7496	1681389624.674
9	64.5	17.7375	1681389625.179
9	65.0	17.7126	1681389625.681
9	65.5	17.7139	1681389626.174
9	66.0	17.7685	1681389626.678
9	66.5	17.7684	1681389627.182
9	67.0	17.7531	1681389627.673
9	67.5	17.7439	1681389628.177
9	68.0	17.7226	1681389628.681
9	68.5	17.7154	1681389629.173
9	69.0	17.7198	1681389629.677
9	69.5	17.7140	1681389630.182
9	70.0	17.7173	1681389630.674
9	70.5	17.7043	1681389631.178
9	71.0	17.6863	1681389631.681
9	71.5	17.6747	1681389632.173
9	72.0	17.6663	1681389632.677
9	72.5	17.6734	1681389633.182
9	73.0	17.6851	1681389633.674
9	73.5	17.6788	1681389634.177
9	74.0	17.6588	1681389634.681
9	74.5	17.6497	1681389635.173
9	75.0	17.6491	1681389635.678
9	75.5	17.6467	1681389636.181
9	76.0	17.6564	1681389636.673
9	76.5	17.6713	1681389637.177
9	77.0	17.6459	1681389637.682
9	77.5	17.6441	1681389638.174
9	78.0	17.6358	1681389638.677
9	78.5	17.6466	1681389639.181
9	79.0	17.6530	1681389639.673
9	79.5	17.6512	1681389640.177
9	80.0	17.6519	1681389640.681
9	80.5	17.6561	1681389641.174
9	81.0	17.6598	1681389641.677
9	81.5	17.6713	1681389642.181
9	82.0	17.6781	1681389642.674
9	82.5	17.6780	1681389643.177
9	83.0	17.6749	1681389643.681
9	83.5	17.6767	1681389644.185
9	84.0	17.6871	1681389644.677
9	84.5	17.6825	1681389645.182
9	85.0	17.6798	1681389645.673
9	85.5	17.6784	1681389646.178
9	86.0	17.6806	1681389646.681
9	86.5	17.6694	1681389647.185
9	87.0	17.6720	1681389647.677
9	87.5	17.6731	1681389648.181
9	88.0	17.6743	1681389648.673
9	88.5	17.6593	1681389649.177
9	89.0	17.6925	1681389649.681
9	89.5	17.7107	1681389650.184
9	90.0	17.7359	1681389650.678
9	90.5	17.7421	1681389651.180
9	91.0	17.7555	1681389651.673
9	91.5	17.7369	1681389652.177
9	92.0	17.6990	1681389652.680
9	92.5	17.6840	1681389653.184
9	93.0	17.6767	1681389653.676
9	93.5	17.7223	1681389654.180
9	94.0	17.7298	1681389654.673
9	94.5	17.7093	1681389655.177
9	95.0	17.6908	1681389655.680
9	95.5	17.6825	1681389656.184
9	96.0	17.6763	1681389656.676
9	96.5	17.6960	1681389657.180
9	97.0	17.7401	1681389657.672
9	97.5	17.8052	1681389658.176
9	98.0	17.8123	1681389658.681
9	98.5	17.7905	1681389659.184
9	99.0	17.7718	1681389659.676
9	99.5	17.7567	1681389660.181
9	100.0	17.7301	1681389660.685
9	100.5	17.7165	1681389661.176
9	101.0	17.7190	1681389661.680
9	101.5	17.7299	1681389662.184
9	102.0	17.7501	1681389662.676
9	102.5	17.7696	1681389663.180
9	103.0	17.7907	1681389663.684
9	103.5	17.8018	1681389664.176
9	104.0	17.8254	1681389664.680
9	104.5	17.8277	1681389665.184
9	105.0	17.7932	1681389665.676
9	105.5	17.7610	1681389666.180
9	106.0	17.7334	1681389666.684
9	106.5	17.7003	1681389667.176
9	107.0	17.6809	1681389667.680
9	107.5	17.6972	1681389668.184
9	108.0	17.7173	1681389668.676
9	108.5	17.7396	1681389669.180
9	109.0	17.7155	1681389669.684
9	109.5	17.6898	1681389670.176
9	110.0	17.6697	1681389670.680
9	110.5	17.6461	1681389671.184
9	111.0	17.6308	1681389671.676
9	111.5	17.6143	1681389672.180
9	112.0	17.5943	1681389672.684
9	112.5	17.5914	1681389673.176
9	113.0	17.5859	1681389673.680
9	113.5	17.5993	1681389674.184
9	114.0	17.7190	1681389674.676
9	114.5	17.8005	1681389675.180
9	115.0	17.8077	1681389675.684
9	115.5	17.7586	1681389676.176
9	116.0	17.7211	1681389676.680
9	116.5	17.6934	1681389677.184
9	117.0	17.6708	1681389677.676
9	117.5	17.6598	1681389678.180
9	118.0	17.6606	1681389678.683
9	118.5	17.6956	1681389679.176
9	119.0	17.7647	1681389679.680
9	119.5	17.8632	1681389680.183
9	120.0	17.9903	1681389680.675
9	120.5	17.9903	1681389681.179
9	121.0	17.9286	1681389681.683
9	121.5	17.8700	1681389682.175
9	122.0	17.8167	1681389682.679
9	122.5	17.7742	1681389683.184
9	123.0	17.7406	1681389683.676
9	123.5	17.7519	1681389684.179
9	124.0	17.8281	1681389684.683
9	124.5	17.9224	1681389685.176
9	125.0	18.0067	1681389685.679
9	125.5	18.0941	1681389686.183
9	126.0	18.1802	1681389686.675
9	126.5	18.1864	1681389687.179
9	127.0	18.2317	1681389687.683
9	127.5	18.2640	1681389688.176
9	128.0	18.2317	1681389688.679
9	128.5	18.1814	1681389689.184
9	129.0	18.1907	1681389689.675
9	129.5	18.2133	1681389690.179
9	130.0	18.2509	1681389690.683
9	130.5	18.2364	1681389691.176
9	131.0	18.2042	1681389691.679
9	131.5	18.1732	1681389692.183
9	132.0	18.2028	1681389692.676
9	132.5	18.1993	1681389693.179
9	133.0	18.1832	1681389693.683
9	133.5	18.1431	1681389694.176
9	134.0	18.1072	1681389694.679
9	134.5	18.0799	1681389695.183
9	135.0	18.0508	1681389695.675
9	135.5	18.0063	1681389696.179
9	136.0	17.9491	1681389696.683
9	136.5	17.9145	1681389697.176
9	137.0	17.8984	1681389697.679
9	137.5	17.8962	1681389698.183
9	138.0	17.9710	1681389698.675
9	138.5	18.0511	1681389699.179
9	139.0	18.1339	1681389699.683
9	139.5	18.2033	1681389700.175
9	140.0	18.2204	1681389700.679
9	140.5	18.1447	1681389701.183
9	141.0	18.0607	1681389701.675
9	141.5	18.0114	1681389702.179
9	142.0	17.9397	1681389702.682
9	142.5	17.9108	1681389703.175
9	143.0	17.8957	1681389703.679
9	143.5	17.9041	1681389704.183
9	144.0	18.0076	1681389704.675
9	144.5	18.0409	1681389705.178
9	145.0	18.1144	1681389705.683
9	145.5	18.2006	1681389706.175
9	146.0	18.2287	1681389706.678
9	146.5	18.2034	1681389707.182
9	147.0	18.1234	1681389707.675
9	147.5	18.0647	1681389708.178
9	148.0	18.0141	1681389708.682
9	148.5	17.9958	1681389709.174
9	149.0	18.0134	1681389709.678
9	149.5	18.1104	1681389710.182
9	150.0	18.1943	1681389710.675
9	150.5	18.2682	1681389711.178
9	151.0	18.3402	1681389711.682
9	151.5	18.4091	1681389712.175
9	152.0	18.4424	1681389712.678
9	152.5	18.4278	1681389713.182
9	153.0	18.4457	1681389713.674
9	153.5	18.4537	1681389714.178
9	154.0	18.4204	1681389714.682
9	154.5	18.4298	1681389715.174
9	155.0	18.4662	1681389715.679
9	155.5	18.5138	1681389716.182
9	156.0	18.5586	1681389716.674
9	156.5	18.6097	1681389717.178
9	157.0	18.6692	1681389717.682
9	157.5	18.7138	1681389718.186
9	158.0	18.7601	1681389718.678
9	158.5	18.7808	1681389719.182
9	159.0	18.7736	1681389719.674
9	159.5	18.8077	1681389720.178
9	160.0	18.8538	1681389720.682
9	160.5	18.8733	1681389721.186
9	161.0	18.9032	1681389721.678
9	161.5	18.9393	1681389722.182
9	162.0	18.9914	1681389722.674
9	162.5	19.0130	1681389723.178
9	163.0	19.0293	1681389723.682
9	163.5	19.0349	1681389724.186
9	164.0	19.0459	1681389724.678
9	164.5	19.0159	1681389725.182
9	165.0	19.0090	1681389725.674
9	165.5	18.9744	1681389726.178
9	166.0	18.9833	1681389726.682
9	166.5	19.0068	1681389727.186
9	167.0	19.0235	1681389727.678
9	167.5	19.0422	1681389728.182
9	168.0	19.0655	1681389728.674
9	168.5	19.0881	1681389729.178
9	169.0	19.1173	1681389729.682
9	169.5	19.1567	1681389730.185
9	170.0	19.1946	1681389730.678
9	170.5	19.2460	1681389731.182
9	171.0	19.3002	1681389731.674
9	171.5	19.3563	1681389732.177
9	172.0	19.4036	1681389732.681
9	172.5	19.4600	1681389733.185
9	173.0	19.4992	1681389733.677
9	173.5	19.5456	1681389734.182
9	174.0	19.5216	1681389734.685
9	174.5	19.3708	1681389735.178
9	175.0	19.1684	1681389735.681
9	175.5	19.0313	1681389736.185
9	176.0	19.0231	1681389736.678
9	176.5	19.0681	1681389737.182
9	177.0	19.1262	1681389737.685
9	177.5	19.2010	1681389738.177
9	178.0	19.2871	1681389738.681
9	178.5	19.3915	1681389739.185
9	179.0	19.4834	1681389739.678
9	179.5	19.5369	1681389740.181
9	180.0	19.4525	1681389740.685
9	180.5	19.3611	1681389741.177
9	181.0	19.2123	1681389741.681
9	181.5	19.0986	1681389742.185
9	182.0	18.9903	1681389742.677
9	182.5	18.9957	1681389743.181
9	183.0	19.0832	1681389743.686
9	183.5	19.1486	1681389744.177
9	184.0	19.2215	1681389744.681
9	184.5	19.3160	1681389745.185
9	185.0	19.4023	1681389745.677
9	185.5	19.4794	1681389746.181
9	186.0	19.5822	1681389746.685
9	186.5	19.6928	1681389747.177
9	187.0	19.7071	1681389747.682
9	187.5	19.5733	1681389748.185
9	188.0	19.4067	1681389748.677
9	188.5	19.2867	1681389749.181
9	189.0	19.2700	1681389749.685
9	189.5	19.3522	1681389750.177
9	190.0	19.2873	1681389750.681
9	190.5	19.1700	1681389751.185
9	191.0	19.0827	1681389751.677
9	191.5	19.0141	1681389752.181
9	192.0	18.9333	1681389752.685
9	192.5	18.8782	1681389753.177
9	193.0	18.8324	1681389753.681
9	193.5	18.8416	1681389754.185
9	194.0	18.8787	1681389754.677
9	194.5	18.9747	1681389755.181
9	195.0	19.0412	1681389755.684
9	195.5	19.0779	1681389756.177
9	196.0	19.0116	1681389756.681
9	196.5	18.9033	1681389757.185
9	197.0	18.8092	1681389757.677
9	197.5	18.7263	1681389758.181
9	198.0	18.7192	1681389758.684
9	198.5	18.7326	1681389759.177
9	199.0	18.8181	1681389759.681
9	199.5	18.9025	1681389760.185
9	200.0	19.0394	1681389760.677
9	200.5	19.1666	1681389761.180
9	201.0	19.2880	1681389761.684
9	201.5	19.3502	1681389762.176
9	202.0	19.3165	1681389762.680
9	202.5	19.2285	1681389763.184
9	203.0	19.1345	1681389763.676
9	203.5	19.0556	1681389764.180
9	204.0	18.9837	1681389764.684
9	204.5	18.9399	1681389765.176
9	205.0	18.8981	1681389765.680
9	205.5	18.8594	1681389766.184
9	206.0	18.7722	1681389766.676
9	206.5	18.7015	1681389767.180
9	207.0	18.6426	1681389767.684
9	207.5	18.5970	1681389768.176
9	208.0	18.5699	1681389768.681
9	208.5	18.5434	1681389769.185
9	209.0	18.4964	1681389769.676
9	209.5	18.4397	1681389770.180
9	210.0	18.4157	1681389770.684
9	210.5	18.3459	1681389771.176
9	211.0	18.2778	1681389771.680
9	211.5	18.2403	1681389772.184
9	212.0	18.2296	1681389772.676
9	212.5	18.2440	1681389773.180
9	213.0	18.2367	1681389773.684
9	213.5	18.2386	1681389774.176
9	214.0	18.2464	1681389774.680
9	214.5	18.2457	1681389775.184
9	215.0	18.2666	1681389775.676
9	215.5	18.3013	1681389776.180
9	216.0	18.3127	1681389776.684
9	216.5	18.3113	1681389777.176
9	217.0	18.2951	1681389777.680
9	217.5	18.2459	1681389778.184
9	218.0	18.2045	1681389778.676
9	218.5	18.1704	1681389779.180
9	219.0	18.1392	1681389779.684
9	219.5	18.1205	1681389780.176
9	220.0	18.1015	1681389780.680
9	220.5	18.1042	1681389781.184
9	221.0	18.1236	1681389781.676
9	221.5	18.1439	1681389782.180
9	222.0	18.1755	1681389782.684
9	222.5	18.1851	1681389783.176
9	223.0	18.1936	1681389783.680
9	223.5	18.1895	1681389784.184
9	224.0	18.1918	1681389784.675
9	224.5	18.1935	1681389785.179
9	225.0	18.1689	1681389785.684
9	225.5	18.1653	1681389786.176
9	226.0	18.1860	1681389786.679
9	226.5	18.2061	1681389787.183
9	227.0	18.2119	1681389787.676
9	227.5	18.1902	1681389788.179
9	228.0	18.1820	1681389788.684
9	228.5	18.1700	1681389789.175
9	229.0	18.1749	1681389789.680
9	229.5	18.2009	1681389790.183
9	230.0	18.1932	1681389790.675
9	230.5	18.1740	1681389791.179
9	231.0	18.1569	1681389791.683
9	231.5	18.1463	1681389792.175
9	232.0	18.1247	1681389792.679
9	232.5	18.0924	1681389793.183
9	233.0	18.0699	1681389793.675
9	233.5	18.0608	1681389794.179
9	234.0	18.0551	1681389794.683
9	234.5	18.0577	1681389795.175
9	235.0	18.0506	1681389795.679
9	235.5	18.0598	1681389796.183
9	236.0	18.0741	1681389796.675
9	236.5	18.0945	1681389797.179
9	237.0	18.0998	1681389797.683
9	237.5	18.1176	1681389798.175
9	238.0	18.1285	1681389798.679
9	238.5	18.1303	1681389799.183
9	239.0	18.1075	1681389799.675
9	239.5	18.1122	1681389800.179
9	240.0	18.0809	1681389800.683
9	240.5	18.0697	1681389801.175
9	241.0	18.0572	1681389801.679
9	241.5	18.0515	1681389802.183
9	242.0	18.0493	1681389802.675
9	242.5	18.0436	1681389803.179
9	243.0	18.0501	1681389803.683
9	243.5	18.0563	1681389804.176
9	244.0	18.0780	1681389804.679
9	244.5	18.0653	1681389805.183
9	245.0	18.0752	1681389805.675
9	245.5	18.1044	1681389806.179
9	246.0	18.1056	1681389806.683
9	246.5	18.0936	1681389807.175
9	247.0	18.1076	1681389807.679
9	247.5	18.0801	1681389808.183
9	248.0	18.0525	1681389808.675
9	248.5	18.0264	1681389809.179
9	249.0	18.0148	1681389809.683
9	249.5	18.0047	1681389810.175
9	250.0	17.9974	1681389810.679
9	250.5	18.0082	1681389811.182
9	251.0	18.0505	1681389811.675
9	251.5	18.0895	1681389812.179
9	252.0	18.0868	1681389812.682
9	252.5	18.0503	1681389813.175
9	253.0	18.0213	1681389813.678
9	253.5	18.0061	1681389814.182
9	254.0	18.0153	1681389814.675
9	254.5	17.9939	1681389815.178
9	255.0	17.9771	1681389815.682
9	255.5	17.9692	1681389816.175
9	256.0	17.9600	1681389816.678
9	256.5	17.9670	1681389817.182
9	257.0	17.9608	1681389817.674
9	257.5	17.9508	1681389818.178
9	258.0	17.9630	1681389818.682
9	258.5	17.9874	1681389819.186
9	259.0	17.9955	1681389819.679
9	259.5	18.0059	1681389820.182
9	260.0	18.0126	1681389820.674
9	260.5	18.0174	1681389821.178
9	261.0	18.0081	1681389821.683
9	261.5	17.9859	1681389822.186
9	262.0	17.9578	1681389822.678
9	262.5	17.9239	1681389823.182
9	263.0	17.9070	1681389823.674
9	263.5	17.8937	1681389824.178
9	264.0	17.8853	1681389824.682
9	264.5	17.8845	1681389825.186
9	265.0	17.9009	1681389825.678
9	265.5	17.8984	1681389826.182
9	266.0	17.9107	1681389826.674
9	266.5	17.9346	1681389827.178
9	267.0	17.9678	1681389827.682
9	267.5	17.9789	1681389828.187
9	268.0	17.9816	1681389828.678
9	268.5	17.9763	1681389829.182
9	269.0	17.9607	1681389829.674
9	269.5	17.9616	1681389830.178
9	270.0	17.9597	1681389830.682
9	270.5	17.9371	1681389831.186
9	271.0	17.9166	1681389831.678
9	271.5	17.9022	1681389832.182
9	272.0	17.8929	1681389832.675
9	272.5	17.8951	1681389833.178
9	273.0	17.9207	1681389833.682
9	273.5	17.9551	1681389834.186
9	274.0	17.9779	1681389834.678
9	274.5	18.0126	1681389835.182
9	275.0	18.0195	1681389835.674
9	275.5	18.0271	1681389836.178
9	276.0	18.0504	1681389836.681
9	276.5	18.0410	1681389837.185
9	277.0	18.0357	1681389837.678
9	277.5	18.0261	1681389838.181
9	278.0	17.9707	1681389838.685
9	278.5	17.9186	1681389839.177
9	279.0	17.8680	1681389839.682
9	279.5	17.8397	1681389840.185
9	280.0	17.8330	1681389840.677
9	280.5	17.8292	1681389841.181
9	281.0	17.8616	1681389841.685
9	281.5	17.9104	1681389842.177
9	282.0	17.9560	1681389842.681
9	282.5	17.9702	1681389843.185
9	283.0	17.9622	1681389843.677
9	283.5	17.9385	1681389844.181
9	284.0	17.9104	1681389844.685
9	284.5	17.8935	1681389845.177
9	285.0	17.8761	1681389845.681
9	285.5	17.8355	1681389846.185
9	286.0	17.8019	1681389846.677
9	286.5	17.7776	1681389847.181
9	287.0	17.7619	1681389847.685
9	287.5	17.7418	1681389848.177
9	288.0	17.7241	1681389848.681
9	288.5	17.7110	1681389849.185
9	289.0	17.7365	1681389849.677
9	289.5	17.7661	1681389850.181
9	290.0	17.7594	1681389850.685
9	290.5	17.7757	1681389851.177
9	291.0	17.7695	1681389851.681
9	291.5	17.7620	1681389852.185
9	292.0	17.7434	1681389852.677
9	292.5	17.7399	1681389853.181
9	293.0	17.7374	1681389853.685
9	293.5	17.7414	1681389854.177
9	294.0	17.7258	1681389854.682
9	294.5	17.7332	1681389855.185
9	295.0	17.7315	1681389855.677
9	295.5	17.7460	1681389856.181
9	296.0	17.7491	1681389856.685
9	296.5	17.7426	1681389857.177
9	297.0	17.7420	1681389857.681
9	297.5	17.7435	1681389858.185
9	298.0	17.7233	1681389858.677
9	298.5	17.7127	1681389859.181
9	299.0	17.7031	1681389859.685
9	299.5	17.6931	1681389860.177
9	300.0	17.6887	1681389860.681
9	300.5	17.7042	1681389861.185
9	301.0	17.7050	1681389861.677
9	301.5	17.7160	1681389862.181
9	302.0	17.7312	1681389862.685
9	302.5	17.7562	1681389863.177
9	303.0	17.7583	1681389863.681
9	303.5	17.7704	1681389864.185
9	304.0	17.7612	1681389864.677
9	304.5	17.7699	1681389865.180
9	305.0	17.7963	1681389865.684
9	305.5	17.7970	1681389866.177
9	306.0	17.8415	1681389866.680
9	306.5	17.8286	1681389867.185
9	307.0	17.8334	1681389867.677
9	307.5	17.8296	1681389868.180
9	308.0	17.8205	1681389868.685
9	308.5	17.8169	1681389869.177
9	309.0	17.8310	1681389869.680
9	309.5	17.8329	1681389870.184
9	310.0	17.7978	1681389870.676
9	310.5	17.7298	1681389871.180
9	311.0	17.6822	1681389871.684
9	311.5	17.6514	1681389872.176
9	312.0	17.6330	1681389872.680
9	312.5	17.6195	1681389873.184
9	313.0	17.6055	1681389873.676
9	313.5	17.6051	1681389874.180
9	314.0	17.6069	1681389874.684
9	314.5	17.5982	1681389875.176
9	315.0	17.5782	1681389875.680
9	315.5	17.5599	1681389876.184
9	316.0	17.5660	1681389876.676
9	316.5	17.5745	1681389877.180
9	317.0	17.6013	1681389877.684
9	317.5	17.6372	1681389878.176
9	318.0	17.6801	1681389878.680
9	318.5	17.6656	1681389879.184
9	319.0	17.6580	1681389879.676
9	319.5	17.6556	1681389880.180
9	320.0	17.6517	1681389880.684
9	320.5	17.6523	1681389881.176
9	321.0	17.6760	1681389881.680
9	321.5	17.7016	1681389882.184
9	322.0	17.7166	1681389882.676
9	322.5	17.6991	1681389883.180
9	323.0	17.7010	1681389883.684
9	323.5	17.7086	1681389884.176
9	324.0	17.7258	1681389884.680
9	324.5	17.7869	1681389885.184
9	325.0	17.8148	1681389885.676
9	325.5	17.8373	1681389886.180
9	326.0	17.8535	1681389886.684
9	326.5	17.8464	1681389887.176
9	327.0	17.8420	1681389887.680
9	327.5	17.8000	1681389888.184
9	328.0	17.7664	1681389888.676
9	328.5	17.7416	1681389889.180
9	329.0	17.7212	1681389889.683
9	329.5	17.7335	1681389890.176
9	330.0	17.7247	1681389890.680
9	330.5	17.7263	1681389891.183
9	331.0	17.7416	1681389891.676
9	331.5	17.7818	1681389892.180
9	332.0	17.8223	1681389892.683
9	332.5	17.8203	1681389893.176
9	333.0	17.8037	1681389893.679
9	333.5	17.8268	1681389894.183
9	334.0	17.8086	1681389894.675
9	334.5	17.7746	1681389895.179
9	335.0	17.7385	1681389895.683
9	335.5	17.7066	1681389896.176
9	336.0	17.6915	1681389896.679
9	336.5	17.6918	1681389897.183
9	337.0	17.6992	1681389897.675
9	337.5	17.7048	1681389898.179
9	338.0	17.7122	1681389898.683
9	338.5	17.7289	1681389899.175
9	339.0	17.7434	1681389899.679
9	339.5	17.7704	1681389900.183
9	340.0	17.7934	1681389900.675
9	340.5	17.8031	1681389901.179
9	341.0	17.8016	1681389901.683
9	341.5	17.8010	1681389902.175
9	342.0	17.8034	1681389902.679
9	342.5	17.8197	1681389903.183
9	343.0	17.8766	1681389903.675
9	343.5	17.9087	1681389904.179
9	344.0	17.9136	1681389904.683
9	344.5	17.9148	1681389905.175
9	345.0	17.9266	1681389905.679
9	345.5	17.9173	1681389906.183
9	346.0	17.9308	1681389906.675
9	346.5	17.9425	1681389907.179
9	347.0	17.9335	1681389907.683
9	347.5	17.9082	1681389908.175
9	348.0	17.8842	1681389908.679
9	348.5	17.9097	1681389909.183
9	349.0	17.9159	1681389909.675
9	349.5	17.8955	1681389910.179
9	350.0	17.9230	1681389910.683
9	350.5	17.9452	1681389911.176
9	351.0	17.9229	1681389911.679
9	351.5	17.9285	1681389912.183
9	352.0	17.9323	1681389912.675
9	352.5	17.9644	1681389913.179
9	353.0	17.9869	1681389913.683
9	353.5	18.0324	1681389914.175
9	354.0	18.0277	1681389914.679
9	354.5	17.9944	1681389915.183
9	355.0	17.9406	1681389915.675
9	355.5	17.8970	1681389916.179
9	356.0	17.9210	1681389916.683
9	356.5	17.9181	1681389917.175
9	357.0	17.9043	1681389917.678
9	357.5	17.8882	1681389918.182
9	358.0	17.9028	1681389918.675
9	358.5	17.9071	1681389919.178
9	359.0	17.8856	1681389919.682
9	359.5	17.8642	1681389920.174
9	360.0	17.8339	1681389920.679
9	360.5	17.8327	1681389921.182
9	361.0	17.8354	1681389921.674
9	361.5	17.8288	1681389922.178
9	362.0	17.8450	1681389922.682
9	362.5	17.8561	1681389923.174
9	363.0	17.8771	1681389923.678
9	363.5	17.9041	1681389924.182
9	364.0	17.9238	1681389924.674
9	364.5	17.9138	1681389925.178
9	365.0	17.9170	1681389925.682
9	365.5	17.9216	1681389926.186
9	366.0	17.9321	1681389926.678
9	366.5	17.9318	1681389927.182
9	367.0	17.9281	1681389927.674
9	367.5	17.9251	1681389928.178
9	368.0	17.9025	1681389928.682
9	368.5	17.8951	1681389929.186
9	369.0	17.8896	1681389929.678
9	369.5	17.8901	1681389930.183
9	370.0	17.8994	1681389930.674
9	370.5	17.9108	1681389931.178
9	371.0	17.9381	1681389931.682
9	371.5	17.9200	1681389932.186
9	372.0	17.9115	1681389932.678
9	372.5	17.8921	1681389933.182
9	373.0	17.8857	1681389933.674
9	373.5	17.8738	1681389934.178
9	374.0	17.8823	1681389934.682
9	374.5	17.8982	1681389935.186
9	375.0	17.9074	1681389935.678
9	375.5	17.9066	1681389936.182
9	376.0	17.9007	1681389936.674
9	376.5	17.9007	1681389937.178
9	377.0	17.9042	1681389937.682
9	377.5	17.9122	1681389938.186
9	378.0	17.8844	1681389938.678
9	378.5	17.8648	1681389939.182
9	379.0	17.8703	1681389939.686
9	379.5	17.8970	1681389940.178
9	380.0	17.9340	1681389940.682
9	380.5	17.9441	1681389941.185
9	381.0	17.9361	1681389941.678
9	381.5	17.9246	1681389942.182
9	382.0	17.9407	1681389942.685
9	382.5	17.9265	1681389943.178
9	383.0	17.9187	1681389943.681
9	383.5	17.8977	1681389944.185
9	384.0	17.9230	1681389944.677
9	384.5	17.9014	1681389945.182
9	385.0	17.8780	1681389945.685
9	385.5	17.8991	1681389946.177
9	386.0	17.8892	1681389946.681
9	386.5	17.8873	1681389947.185
9	387.0	17.8872	1681389947.677
9	387.5	17.8960	1681389948.181
9	388.0	17.9201	1681389948.685
9	388.5	17.9204	1681389949.177
9	389.0	17.9205	1681389949.681
9	389.5	17.8960	1681389950.185
9	390.0	17.8990	1681389950.677
9	390.5	17.9354	1681389951.181
9	391.0	17.9747	1681389951.685
9	391.5	17.9913	1681389952.177
9	392.0	17.9936	1681389952.681
9	392.5	18.0087	1681389953.185
9	393.0	18.0215	1681389953.677
9	393.5	18.0056	1681389954.181
9	394.0	17.9581	1681389954.685
9	394.5	17.9345	1681389955.177
9	395.0	17.9279	1681389955.682
9	395.5	17.9447	1681389956.185
9	396.0	17.9382	1681389956.677
9	396.5	17.9225	1681389957.181
9	397.0	17.9277	1681389957.685
9	397.5	17.9265	1681389958.177
9	398.0	17.9484	1681389958.681
9	398.5	17.9713	1681389959.185
9	399.0	18.0154	1681389959.677
9	399.5	18.0507	1681389960.181
9	400.0	18.0219	1681389960.685
9	400.5	18.0263	1681389961.177
9	401.0	18.0295	1681389961.681
9	401.5	17.9853	1681389962.185
9	402.0	17.9647	1681389962.677
9	402.5	17.9552	1681389963.181
9	403.0	17.9387	1681389963.685
9	403.5	17.9302	1681389964.177
9	404.0	17.9086	1681389964.681
9	404.5	17.9002	1681389965.185
9	405.0	17.9107	1681389965.677
9	405.5	18.0037	1681389966.181
9	406.0	18.1072	1681389966.685
9	406.5	18.1538	1681389967.177
9	407.0	18.1246	1681389967.681
9	407.5	18.1099	1681389968.184
9	408.0	18.0954	1681389968.677
9	408.5	18.0628	1681389969.180
9	409.0	18.0477	1681389969.684
9	409.5	18.0400	1681389970.176
9	410.0	18.0186	1681389970.680
9	410.5	17.9986	1681389971.184
9	411.0	18.0444	1681389971.676
9	411.5	18.1092	1681389972.180
9	412.0	18.1865	1681389972.684
9	412.5	18.2459	1681389973.176
9	413.0	18.3093	1681389973.680
9	413.5	18.4020	1681389974.184
9	414.0	18.4342	1681389974.676
9	414.5	18.4274	1681389975.180
9	415.0	18.3985	1681389975.684
9	415.5	18.3949	1681389976.176
9	416.0	18.3389	1681389976.680
9	416.5	18.2871	1681389977.184
9	417.0	18.2405	1681389977.676
9	417.5	18.1955	1681389978.180
9	418.0	18.1706	1681389978.684
9	418.5	18.1717	1681389979.176
9	419.0	18.2193	1681389979.680
9	419.5	18.3056	1681389980.184
9	420.0	18.4402	1681389980.676
9	420.5	18.5050	1681389981.180
9	421.0	18.5652	1681389981.684
9	421.5	18.5097	1681389982.176
9	422.0	18.4366	1681389982.680
9	422.5	18.3700	1681389983.184
9	423.0	18.3244	1681389983.676
9	423.5	18.2848	1681389984.180
9	424.0	18.2503	1681389984.684
9	424.5	18.2248	1681389985.176
9	425.0	18.2265	1681389985.680
9	425.5	18.2434	1681389986.184
9	426.0	18.2835	1681389986.676
9	426.5	18.3385	1681389987.180
9	427.0	18.4350	1681389987.684
9	427.5	18.5047	1681389988.176
9	428.0	18.4870	1681389988.680
9	428.5	18.4748	1681389989.184
9	429.0	18.4752	1681389989.676
9	429.5	18.4430	1681389990.180
9	430.0	18.4166	1681389990.684
9	430.5	18.3764	1681389991.176
9	431.0	18.3104	1681389991.680
9	431.5	18.2355	1681389992.184
9	432.0	18.1669	1681389992.676
9	432.5	18.1546	1681389993.180
9	433.0	18.2034	1681389993.684
9	433.5	18.2571	1681389994.176
9	434.0	18.3134	1681389994.680
9	434.5	18.3591	1681389995.184
9	435.0	18.3324	1681389995.676
9	435.5	18.2930	1681389996.180
9	436.0	18.2587	1681389996.683
9	436.5	18.2347	1681389997.175
9	437.0	18.2156	1681389997.680
9	437.5	18.1912	1681389998.183
9	438.0	18.2119	1681389998.675
9	438.5	18.2531	1681389999.179
9	439.0	18.2558	1681389999.683
9	439.5	18.2575	1681390000.176
9	440.0	18.2618	1681390000.679
9	440.5	18.2471	1681390001.183
9	441.0	18.2366	1681390001.675
9	441.5	18.2059	1681390002.179
9	442.0	18.2012	1681390002.683
9	442.5	18.2017	1681390003.176
9	443.0	18.1897	1681390003.679
9	443.5	18.1889	1681390004.183
9	444.0	18.1514	1681390004.675
9	444.5	18.1223	1681390005.179
9	445.0	18.1060	1681390005.683
9	445.5	18.1021	1681390006.175
9	446.0	18.1129	1681390006.679
9	446.5	18.1316	1681390007.183
9	447.0	18.1691	1681390007.675
9	447.5	18.2207	1681390008.179
9	448.0	18.2328	1681390008.683
9	448.5	18.1658	1681390009.175
9	449.0	18.0714	1681390009.679
9	449.5	17.9876	1681390010.183
9	450.0	17.9091	1681390010.675
9	450.5	17.8490	1681390011.179
9	451.0	17.8665	1681390011.683
9	451.5	17.8876	1681390012.175
9	452.0	17.9306	1681390012.679
9	452.5	18.0266	1681390013.183
9	453.0	18.2053	1681390013.675
9	453.5	18.3374	1681390014.179
9	454.0	18.3447	1681390014.683
9	454.5	18.2314	1681390015.175
9	455.0	18.1675	1681390015.679
9	455.5	18.1751	1681390016.183
9	456.0	18.1781	1681390016.675
9	456.5	18.1717	1681390017.179
9	457.0	18.1681	1681390017.683
9	457.5	18.1182	1681390018.175
9	458.0	18.1102	1681390018.679
9	458.5	18.1533	1681390019.183
9	459.0	18.2013	1681390019.675
9	459.5	18.2324	1681390020.179
9	460.0	18.2692	1681390020.682
9	460.5	18.3447	1681390021.175
9	461.0	18.4252	1681390021.679
9	461.5	18.4744	1681390022.182
9	462.0	18.5005	1681390022.675
9	462.5	18.5009	1681390023.178
9	463.0	18.5310	1681390023.682
9	463.5	18.5361	1681390024.175
9	464.0	18.4898	1681390024.678
9	464.5	18.4161	1681390025.182
9	465.0	18.3525	1681390025.675
9	465.5	18.3580	1681390026.178
9	466.0	18.4153	1681390026.682
9	466.5	18.5222	1681390027.186
9	467.0	18.5966	1681390027.678
9	467.5	18.6768	1681390028.182
9	468.0	18.6726	1681390028.674
9	468.5	18.7345	1681390029.178
9	469.0	18.7722	1681390029.682
9	469.5	18.8613	1681390030.186
9	470.0	18.8810	1681390030.678
9	470.5	18.8584	1681390031.182
9	471.0	18.8524	1681390031.674
9	471.5	18.8550	1681390032.178
9	472.0	18.8253	1681390032.682
9	472.5	18.8378	1681390033.186
9	473.0	18.8620	1681390033.678
9	473.5	18.9022	1681390034.182
9	474.0	18.8473	1681390034.674
9	474.5	18.8996	1681390035.178
9	475.0	18.9225	1681390035.682
9	475.5	18.9116	1681390036.186
9	476.0	18.9515	1681390036.678
9	476.5	18.9990	1681390037.182
9	477.0	19.0465	1681390037.674
9	477.5	19.0150	1681390038.178
9	478.0	19.0504	1681390038.682
9	478.5	19.0971	1681390039.186
9	479.0	19.1171	1681390039.678
9	479.5	19.0745	1681390040.182
9	480.0	19.0014	1681390040.686
9	480.5	19.0196	1681390041.178
9	481.0	19.0583	1681390041.682
9	481.5	19.1117	1681390042.186
9	482.0	19.1011	1681390042.678
9	482.5	19.1290	1681390043.182
9	483.0	19.1773	1681390043.674
9	483.5	19.1083	1681390044.178
9	484.0	19.0834	1681390044.682
9	484.5	19.0699	1681390045.186
9	485.0	18.9805	1681390045.678
9	485.5	18.9445	1681390046.182
9	486.0	18.9440	1681390046.685
9	486.5	18.9489	1681390047.178
9	487.0	18.8615	1681390047.682
9	487.5	18.7849	1681390048.185
9	488.0	18.8000	1681390048.677
9	488.5	18.8656	1681390049.181
9	489.0	18.8224	1681390049.685
9	489.5	18.7995	1681390050.177
9	490.0	18.7219	1681390050.681
9	490.5	18.7400	1681390051.185
9	491.0	18.7300	1681390051.677
9	491.5	18.7404	1681390052.181
9	492.0	18.6336	1681390052.685
9	492.5	18.6160	1681390053.177
9	493.0	18.6376	1681390053.681
9	493.5	18.6623	1681390054.185
9	494.0	18.6991	1681390054.678
9	494.5	18.6924	1681390055.181
9	495.0	18.6970	1681390055.686
9	495.5	18.6526	1681390056.177
9	496.0	18.6586	1681390056.681
9	496.5	18.7905	1681390057.185
9	497.0	18.8141	1681390057.677
9	497.5	18.9165	1681390058.181
9	498.0	18.9547	1681390058.685
9	498.5	18.9776	1681390059.177
9	499.0	19.0614	1681390059.681
9	499.5	19.0509	1681390060.185
9	500.0	18.6062	1681390060.677
9	500.5	18.5571	1681390061.181
9	501.0	18.4767	1681390061.685
9	501.5	18.4541	1681390062.177
9	502.0	18.4530	1681390062.681
9	502.5	18.4135	1681390063.185
9	503.0	18.4474	1681390063.677
9	503.5	18.4442	1681390064.181
9	504.0	18.4267	1681390064.685
9	504.5	18.4519	1681390065.177
9	505.0	18.4650	1681390065.681
9	505.5	18.4858	1681390066.185
9	506.0	18.4547	1681390066.677
9	506.5	18.4349	1681390067.181
9	507.0	18.4470	1681390067.685
9	507.5	18.4609	1681390068.177
9	508.0	18.4305	1681390068.681
9	508.5	18.4357	1681390069.185
9	509.0	18.4569	1681390069.677
9	509.5	18.3599	1681390070.181
9	510.0	18.3684	1681390070.685
9	510.5	18.3796	1681390071.177
9	511.0	18.3563	1681390071.681
9	511.5	18.3436	1681390072.184
9	512.0	18.3472	1681390072.677
9	512.5	18.4191	1681390073.181
9	513.0	18.4213	1681390073.684
9	513.5	18.4631	1681390074.177
9	514.0	18.5193	1681390074.681
9	514.5	18.5699	1681390075.184
9	515.0	18.5526	1681390075.677
9	515.5	18.4508	1681390076.180
9	516.0	18.3976	1681390076.684
9	516.5	18.3779	1681390077.177
9	517.0	18.4295	1681390077.680
9	517.5	18.4082	1681390078.184
9	518.0	18.4065	1681390078.676
9	518.5	18.4310	1681390079.180
9	519.0	18.4536	1681390079.684
9	519.5	18.4573	1681390080.176
9	520.0	18.4560	1681390080.680
9	520.5	18.4964	1681390081.184
9	521.0	18.4890	1681390081.676
9	521.5	18.4821	1681390082.180
9	522.0	18.5021	1681390082.684
9	522.5	18.5279	1681390083.176
9	523.0	18.5215	1681390083.680
9	523.5	18.5554	1681390084.184
9	524.0	18.5207	1681390084.676
9	524.5	18.4099	1681390085.180
9	525.0	18.3845	1681390085.684
9	525.5	18.4189	1681390086.176
9	526.0	18.4080	1681390086.680
9	526.5	18.3148	1681390087.184
9	527.0	18.3049	1681390087.676
9	527.5	18.3060	1681390088.180
9	528.0	18.3379	1681390088.684
9	528.5	18.3672	1681390089.176
9	529.0	18.3914	1681390089.680
9	529.5	18.3332	1681390090.184
9	530.0	18.2321	1681390090.676
9	530.5	18.2122	1681390091.180
9	531.0	18.1957	1681390091.684
9	531.5	18.2220	1681390092.176
9	532.0	18.2241	1681390092.680
9	532.5	18.2583	1681390093.184
9	533.0	18.2740	1681390093.676
9	533.5	18.2749	1681390094.180
9	534.0	18.2833	1681390094.684
9	534.5	18.2620	1681390095.176
9	535.0	18.2839	1681390095.680
9	535.5	18.3275	1681390096.184
9	536.0	18.3690	1681390096.676
9	536.5	18.4288	1681390097.180
9	537.0	18.4552	1681390097.684
9	537.5	18.4937	1681390098.176
9	538.0	18.4899	1681390098.680
9	538.5	18.3811	1681390099.183
9	539.0	18.3437	1681390099.676
9	539.5	18.2939	1681390100.179
9	540.0	18.2761	1681390100.683
9	540.5	18.3241	1681390101.176
9	541.0	18.3428	1681390101.679
9	541.5	18.0366	1681390102.183
9	542.0	17.9876	1681390102.676
9	542.5	17.8673	1681390103.179
9	543.0	17.7198	1681390103.683
9	543.5	17.7113	1681390104.175
9	544.0	17.9822	1681390104.679
9	544.5	17.7670	1681390105.183
9	545.0	17.5870	1681390105.676
9	545.5	17.5341	1681390106.179
9	546.0	17.6064	1681390106.683
9	546.5	17.5609	1681390107.176
9	547.0	17.5015	1681390107.679
9	547.5	17.5699	1681390108.183
9	548.0	17.6203	1681390108.675
9	548.5	17.6399	1681390109.179
9	549.0	17.6626	1681390109.683
9	549.5	17.6673	1681390110.175
9	550.0	17.6630	1681390110.679
9	550.5	17.6756	1681390111.183
9	551.0	17.6485	1681390111.675
9	551.5	17.6464	1681390112.179
9	552.0	17.5615	1681390112.683
9	552.5	17.5145	1681390113.175
9	553.0	17.5338	1681390113.679
9	553.5	17.5021	1681390114.183
9	554.0	17.5248	1681390114.675
9	554.5	17.5168	1681390115.179
9	555.0	17.5151	1681390115.683
9	555.5	17.4685	1681390116.175
9	556.0	17.4614	1681390116.679
9	556.5	17.4567	1681390117.183
9	557.0	17.4372	1681390117.675
9	557.5	17.4200	1681390118.179
9	558.0	17.4335	1681390118.683
9	558.5	17.4482	1681390119.175
9	559.0	17.4487	1681390119.679
9	559.5	17.3747	1681390120.183
9	560.0	17.3273	1681390120.675
9	560.5	17.3707	1681390121.179
9	561.0	17.3886	1681390121.683
9	561.5	17.4075	1681390122.175
9	562.0	17.3845	1681390122.679
9	562.5	17.3669	1681390123.183
9	563.0	17.4152	1681390123.675
9	563.5	17.4226	1681390124.179
9	564.0	17.4622	1681390124.683
9	564.5	17.3939	1681390125.175
9	565.0	17.3374	1681390125.679
9	565.5	17.3004	1681390126.183
9	566.0	17.3249	1681390126.675
9	566.5	17.3512	1681390127.179
9	567.0	17.4014	1681390127.682
9	567.5	17.3440	1681390128.175
9	568.0	17.2901	1681390128.679
9	568.5	17.2988	1681390129.182
9	569.0	17.2287	1681390129.674
9	569.5	17.3140	1681390130.179
9	570.0	17.9208	1681390130.682
9	570.5	17.5470	1681390131.186
9	571.0	17.4469	1681390131.679
9	571.5	17.9714	1681390132.183
9	572.0	17.6399	1681390132.674
9	572.5	17.5408	1681390133.178
9	573.0	17.4441	1681390133.682
9	573.5	17.3064	1681390134.186
9	574.0	17.2003	1681390134.678
9	574.5	17.1732	1681390135.182
9	575.0	17.1761	1681390135.674
9	575.5	17.1958	1681390136.178
9	576.0	17.1691	1681390136.682
9	576.5	17.1679	1681390137.186
9	577.0	17.1257	1681390137.678
9	577.5	17.1167	1681390138.182
9	578.0	17.1389	1681390138.674
9	578.5	17.0948	1681390139.178
9	579.0	17.0747	1681390139.682
9	579.5	17.0339	1681390140.186
9	580.0	16.9995	1681390140.678
9	580.5	16.9981	1681390141.182
9	581.0	16.9789	1681390141.674
9	581.5	17.0392	1681390142.178
9	582.0	17.0766	1681390142.682
9	582.5	17.1222	1681390143.186
9	583.0	17.1616	1681390143.678
9	583.5	17.7311	1681390144.182
9	584.0	17.9188	1681390144.674
9	584.5	17.6934	1681390145.178
9	585.0	17.9682	1681390145.682
9	585.5	17.6840	1681390146.186
9	586.0	17.5011	1681390146.678
9	586.5	17.3806	1681390147.182
9	587.0	17.3733	1681390147.674
9	587.5	17.3614	1681390148.178
9	588.0	17.2975	1681390148.682
9	588.5	17.3146	1681390149.186
9	589.0	17.3353	1681390149.678
9	589.5	17.3240	1681390150.182
9	590.0	17.3139	1681390150.685
9	590.5	17.3426	1681390151.178
9	591.0	17.3480	1681390151.681
9	591.5	17.3684	1681390152.185
9	592.0	17.3794	1681390152.678
9	592.5	17.4123	1681390153.182
9	593.0	17.4429	1681390153.686
9	593.5	17.4033	1681390154.177
9	594.0	17.4322	1681390154.681
9	594.5	17.4481	1681390155.185
9	595.0	17.4355	1681390155.678
9	595.5	17.4424	1681390156.181
9	596.0	17.4534	1681390156.685
9	596.5	17.4526	1681390157.177
9	597.0	17.4588	1681390157.681
9	597.5	17.4415	1681390158.185
9	598.0	17.4599	1681390158.677
9	598.5	17.4350	1681390159.181
9	599.0	17.4504	1681390159.685
9	599.5	17.4832	1681390160.177
9	600.0	17.5126	1681390160.681
9	600.5	17.4975	1681390161.185
9	601.0	17.4387	1681390161.677
9	601.5	17.4763	1681390162.181
9	602.0	17.4848	1681390162.686
9	602.5	17.5086	1681390163.178
9	603.0	17.5192	1681390163.681
9	603.5	17.4959	1681390164.185
9	604.0	17.5314	1681390164.677
9	604.5	17.6021	1681390165.181
9	605.0	17.6509	1681390165.685
9	605.5	17.6985	1681390166.177
9	606.0	17.7549	1681390166.681
9	606.5	17.7249	1681390167.185
9	607.0	17.7367	1681390167.677
9	607.5	17.6649	1681390168.181
9	608.0	17.6237	1681390168.685
9	608.5	17.5987	1681390169.177
9	609.0	17.5450	1681390169.681
9	609.5	17.5395	1681390170.185
9	610.0	17.5411	1681390170.677
9	610.5	17.5448	1681390171.181
9	611.0	17.4868	1681390171.685
9	611.5	17.8989	1681390172.177
9	612.0	17.9479	1681390172.681
9	612.5	17.7283	1681390173.185
9	613.0	17.9233	1681390173.677
9	613.5	17.8664	1681390174.181
9	614.0	17.6965	1681390174.685
9	614.5	17.6549	1681390175.177
9	615.0	17.6703	1681390175.681
9	615.5	17.7118	1681390176.185
9	616.0	17.7150	1681390176.677
9	616.5	17.7195	1681390177.181
9	617.0	17.9807	1681390177.685
9	617.5	17.9373	1681390178.177
9	618.0	17.7873	1681390178.681
9	618.5	17.7579	1681390179.184
9	619.0	17.7302	1681390179.677
9	619.5	17.6966	1681390180.180
9	620.0	17.6374	1681390180.685
9	620.5	17.5797	1681390181.177
9	621.0	17.5679	1681390181.681
9	621.5	17.5670	1681390182.184
9	622.0	17.4850	1681390182.677
9	622.5	17.4881	1681390183.181
9	623.0	17.5625	1681390183.684
9	623.5	17.6077	1681390184.177
9	624.0	17.5676	1681390184.680
9	624.5	17.5748	1681390185.184
9	625.0	17.6008	1681390185.676
9	625.5	17.6032	1681390186.180
9	626.0	17.6387	1681390186.684
9	626.5	17.6171	1681390187.176
9	627.0	17.5965	1681390187.681
9	627.5	17.5845	1681390188.184
9	628.0	17.5196	1681390188.676
9	628.5	17.4612	1681390189.180
9	629.0	17.4614	1681390189.684
9	629.5	17.4755	1681390190.176
9	630.0	17.4705	1681390190.680
9	630.5	17.4595	1681390191.184
9	631.0	17.4571	1681390191.676
9	631.5	17.3892	1681390192.180
9	632.0	17.4062	1681390192.684
9	632.5	17.4154	1681390193.176
9	633.0	17.4221	1681390193.680
9	633.5	17.4054	1681390194.184
9	634.0	17.3436	1681390194.676
9	634.5	17.3086	1681390195.180
9	635.0	17.3484	1681390195.685
9	635.5	17.3767	1681390196.176
9	636.0	17.4444	1681390196.680
9	636.5	17.5066	1681390197.184
9	637.0	17.6224	1681390197.676
9	637.5	17.7001	1681390198.180
9	638.0	17.6737	1681390198.684
9	638.5	17.6670	1681390199.176
9	639.0	17.6852	1681390199.680
9	639.5	17.6609	1681390200.184
9	640.0	17.6572	1681390200.676
9	640.5	17.6973	1681390201.180
9	641.0	17.7309	1681390201.684
9	641.5	17.7039	1681390202.176
9	642.0	17.6448	1681390202.680
9	642.5	17.5742	1681390203.184
9	643.0	17.5141	1681390203.676
9	643.5	17.4820	1681390204.180
9	644.0	17.4337	1681390204.683
9	644.5	17.4193	1681390205.176
9	645.0	17.4010	1681390205.680
9	645.5	17.4043	1681390206.183
9	646.0	17.3775	1681390206.676
9	646.5	17.3616	1681390207.180
9	647.0	17.3785	1681390207.683
9	647.5	17.3614	1681390208.175
9	648.0	17.3577	1681390208.680
9	648.5	17.3784	1681390209.183
9	649.0	17.3660	1681390209.676
9	649.5	17.4003	1681390210.179
9	650.0	17.4017	1681390210.683
9	650.5	17.3550	1681390211.175
9	651.0	17.3806	1681390211.680
9	651.5	17.3564	1681390212.183
9	652.0	17.3522	1681390212.675
9	652.5	17.3415	1681390213.180
9	653.0	17.3565	1681390213.683
9	653.5	17.3707	1681390214.175
9	654.0	17.3658	1681390214.679
9	654.5	17.3785	1681390215.183
9	655.0	17.3570	1681390215.675
9	655.5	17.3389	1681390216.179
9	656.0	17.3155	1681390216.683
9	656.5	17.3502	1681390217.175
9	657.0	17.3450	1681390217.679
9	657.5	17.3277	1681390218.183
9	658.0	17.9374	1681390218.675
9	658.5	17.7279	1681390219.179
9	659.0	17.5130	1681390219.683
9	659.5	17.3902	1681390220.175
9	660.0	17.3037	1681390220.679
9	660.5	17.3272	1681390221.183
9	661.0	17.3808	1681390221.675
9	661.5	17.4349	1681390222.179
9	662.0	17.3550	1681390222.683
9	662.5	17.2728	1681390223.175
9	663.0	17.2256	1681390223.679
9	663.5	17.1933	1681390224.183
9	664.0	17.1585	1681390224.675
9	664.5	17.1662	1681390225.179
9	665.0	17.7625	1681390225.683
9	665.5	17.5132	1681390226.175
9	666.0	17.3617	1681390226.679
9	666.5	17.2849	1681390227.183
9	667.0	17.2668	1681390227.675
9	667.5	17.2582	1681390228.179
9	668.0	17.2558	1681390228.683
9	668.5	17.3362	1681390229.175
9	669.0	17.4159	1681390229.679
9	669.5	17.5163	1681390230.183
9	670.0	17.6436	1681390230.675
9	670.5	17.7500	1681390231.179
9	671.0	17.7873	1681390231.683
9	671.5	17.8443	1681390232.175
9	672.0	17.9274	1681390232.678
9	672.5	17.9926	1681390233.182
9	673.0	18.0412	1681390233.675
9	673.5	18.0899	1681390234.179
9	674.0	18.1450	1681390234.682
9	674.5	18.1228	1681390235.186
9	675.0	18.0632	1681390235.679
9	675.5	18.1098	1681390236.182
9	676.0	18.0799	1681390236.674
9	676.5	18.0324	1681390237.178
9	677.0	18.0078	1681390237.682
9	677.5	17.9606	1681390238.186
9	678.0	17.9610	1681390238.678
9	678.5	17.9328	1681390239.182
9	679.0	17.9474	1681390239.674
9	679.5	17.9626	1681390240.179
9	680.0	17.9894	1681390240.682
9	680.5	17.9693	1681390241.186
9	681.0	17.9464	1681390241.678
9	681.5	18.0025	1681390242.182
9	682.0	18.0340	1681390242.686
9	682.5	17.9905	1681390243.178
9	683.0	17.9739	1681390243.682
9	683.5	18.0329	1681390244.186
9	684.0	18.0585	1681390244.678
9	684.5	18.1342	1681390245.182
9	685.0	18.1761	1681390245.674
9	685.5	18.1703	1681390246.178
9	686.0	18.1401	1681390246.682
9	686.5	18.1366	1681390247.186
9	687.0	18.1818	1681390247.678
9	687.5	18.2286	1681390248.182
9	688.0	18.2714	1681390248.674
9	688.5	18.2870	1681390249.178
9	689.0	18.2784	1681390249.682
9	689.5	18.2671	1681390250.186
9	690.0	18.2359	1681390250.678
9	690.5	18.1982	1681390251.182
9	691.0	18.1663	1681390251.674
9	691.5	18.1573	1681390252.178
9	692.0	18.2163	1681390252.682
9	692.5	18.2431	1681390253.186
9	693.0	18.3286	1681390253.678
9	693.5	18.3420	1681390254.182
9	694.0	18.3248	1681390254.686
9	694.5	18.3732	1681390255.178
9	695.0	18.4200	1681390255.682
9	695.5	18.3567	1681390256.185
9	696.0	18.3187	1681390256.678
9	696.5	18.3398	1681390257.182
9	697.0	18.3379	1681390257.686
9	697.5	18.3168	1681390258.178
9	698.0	18.3290	1681390258.681
9	698.5	18.3303	1681390259.185
9	699.0	18.3808	1681390259.678
9	699.5	18.4236	1681390260.182
9	700.0	18.4710	1681390260.685
9	700.5	18.4269	1681390261.177
9	701.0	18.3675	1681390261.681
9	701.5	18.3392	1681390262.186
9	702.0	18.3817	1681390262.678
9	702.5	18.4047	1681390263.182
9	703.0	18.4075	1681390263.685
9	703.5	18.4674	1681390264.178
9	704.0	18.5111	1681390264.682
9	704.5	18.4949	1681390265.185
9	705.0	18.4399	1681390265.677
9	705.5	18.4613	1681390266.181
9	706.0	18.4809	1681390266.685
9	706.5	18.5296	1681390267.177
9	707.0	18.5560	1681390267.681
9	707.5	18.4819	1681390268.185
9	708.0	18.4335	1681390268.677
9	708.5	18.4586	1681390269.181
9	709.0	18.5074	1681390269.685
9	709.5	18.5359	1681390270.177
9	710.0	18.5084	1681390270.681
9	710.5	18.5280	1681390271.185
9	711.0	18.5767	1681390271.678
9	711.5	18.5883	1681390272.181
9	712.0	18.6136	1681390272.686
9	712.5	18.0769	1681390273.177
9	713.0	17.9589	1681390273.681
9	713.5	17.6972	1681390274.185
9	714.0	17.6396	1681390274.677
9	714.5	17.6851	1681390275.181
9	715.0	17.7413	1681390275.685
9	715.5	17.7545	1681390276.177
9	716.0	17.7733	1681390276.681
9	716.5	17.8893	1681390277.185
9	717.0	18.0641	1681390277.677
9	717.5	17.9370	1681390278.181
9	718.0	17.8357	1681390278.685
9	718.5	17.8247	1681390279.177
9	719.0	17.8492	1681390279.681
9	719.5	17.8983	1681390280.185
9	720.0	17.9624	1681390280.677
9	720.5	17.9529	1681390281.181
9	721.0	17.8864	1681390281.685
9	721.5	17.8603	1681390282.177
9	722.0	17.9345	1681390282.681
9	722.5	17.9803	1681390283.185
9	723.0	17.9483	1681390283.677
9	723.5	17.8507	1681390284.180
9	724.0	17.8875	1681390284.684
9	724.5	17.9510	1681390285.177
9	725.0	17.9689	1681390285.680
9	725.5	17.9322	1681390286.185
9	726.0	17.9495	1681390286.677
9	726.5	17.9931	1681390287.180
9	727.0	18.0659	1681390287.684
9	727.5	18.1397	1681390288.176
9	728.0	18.1597	1681390288.680
9	728.5	18.1748	1681390289.184
9	729.0	18.2257	1681390289.676
9	729.5	18.2553	1681390290.180
9	730.0	18.2526	1681390290.684
9	730.5	18.1764	1681390291.176
9	731.0	18.1229	1681390291.680
9	731.5	18.0751	1681390292.185
9	732.0	18.0311	1681390292.677
9	732.5	17.7968	1681390293.180
9	733.0	17.7148	1681390293.684
9	733.5	17.8245	1681390294.176
9	734.0	17.8294	1681390294.680
9	734.5	17.7286	1681390295.185
9	735.0	17.6803	1681390295.676
9	735.5	17.6875	1681390296.180
9	736.0	17.7317	1681390296.684
9	736.5	18.0579	1681390297.176
9	737.0	17.9669	1681390297.680
9	737.5	17.8800	1681390298.184
9	738.0	17.8778	1681390298.677
9	738.5	17.9044	1681390299.180
9	739.0	17.8709	1681390299.684
9	739.5	17.8710	1681390300.176
9	740.0	17.8839	1681390300.680
9	740.5	17.8920	1681390301.184
9	741.0	17.8646	1681390301.676
9	741.5	17.7999	1681390302.180
9	742.0	17.7924	1681390302.684
9	742.5	17.9912	1681390303.176
9	743.0	18.0628	1681390303.680
9	743.5	17.9511	1681390304.184
9	744.0	17.7749	1681390304.676
9	744.5	17.6803	1681390305.180
9	745.0	17.6717	1681390305.684
9	745.5	18.0588	1681390306.176
9	746.0	17.8951	1681390306.680
9	746.5	17.6868	1681390307.184
9	747.0	17.7198	1681390307.676
9	747.5	17.7540	1681390308.180
9	748.0	17.5987	1681390308.684
9	748.5	17.5371	1681390309.176
9	749.0	17.5809	1681390309.679
9	749.5	17.5065	1681390310.183
9	750.0	17.4467	1681390310.676
9	750.5	17.4618	1681390311.179
9	751.0	17.5019	1681390311.683
9	751.5	17.5725	1681390312.175
9	752.0	17.6444	1681390312.679
9	752.5	17.6930	1681390313.184
9	753.0	17.6635	1681390313.676
9	753.5	17.6526	1681390314.179
9	754.0	17.7161	1681390314.684
9	754.5	17.7745	1681390315.175
9	755.0	17.7856	1681390315.680
9	755.5	17.7898	1681390316.183
9	756.0	17.7403	1681390316.676
9	756.5	17.7791	1681390317.180
9	757.0	17.8569	1681390317.684
9	757.5	17.9174	1681390318.175
9	758.0	17.8863	1681390318.679
9	758.5	17.9600	1681390319.183
9	759.0	17.9793	1681390319.675
9	759.5	17.9913	1681390320.179
9	760.0	18.0085	1681390320.683
9	760.5	17.9680	1681390321.175
9	761.0	17.9281	1681390321.679
9	761.5	18.0613	1681390322.183
9	762.0	17.9299	1681390322.676
9	762.5	17.8156	1681390323.179
9	763.0	17.7528	1681390323.683
9	763.5	18.0702	1681390324.175
9	764.0	17.8020	1681390324.679
9	764.5	17.7549	1681390325.183
9	765.0	17.7836	1681390325.675
9	765.5	18.0690	1681390326.179
9	766.0	18.0179	1681390326.683
9	766.5	17.8075	1681390327.175
9	767.0	17.6853	1681390327.679
9	767.5	17.9871	1681390328.183
9	768.0	17.9185	1681390328.675
9	768.5	17.8787	1681390329.179
9	769.0	17.8306	1681390329.683
9	769.5	17.8447	1681390330.175
9	770.0	17.8926	1681390330.679
9	770.5	17.8547	1681390331.183
9	771.0	17.7661	1681390331.675
9	771.5	17.6820	1681390332.179
9	772.0	17.7215	1681390332.683
9	772.5	17.7677	1681390333.175
9	773.0	17.7293	1681390333.679
9	773.5	17.7434	1681390334.183
9	774.0	17.7995	1681390334.675
9	774.5	17.8186	1681390335.179
9	775.0	17.8238	1681390335.683
9	775.5	17.8239	1681390336.175
9	776.0	17.8039	1681390336.679
9	776.5	17.8478	1681390337.182
9	777.0	17.8330	1681390337.675
9	777.5	17.8256	1681390338.179
9	778.0	17.8584	1681390338.682
9	778.5	17.9123	1681390339.186
9	779.0	17.9919	1681390339.678
9	779.5	18.0519	1681390340.182
9	780.0	18.0358	1681390340.686
9	780.5	18.0478	1681390341.178
9	781.0	18.0643	1681390341.682
9	781.5	17.9783	1681390342.186
9	782.0	17.9750	1681390342.679
9	782.5	17.9980	1681390343.183
9	783.0	18.0197	1681390343.674
9	783.5	18.0346	1681390344.178
9	784.0	18.0422	1681390344.682
9	784.5	18.0666	1681390345.187
9	785.0	18.0855	1681390345.678
9	785.5	18.0794	1681390346.182
9	786.0	18.1117	1681390346.674
9	786.5	18.1248	1681390347.178
9	787.0	18.0495	1681390347.682
9	787.5	17.9667	1681390348.186
9	788.0	17.9339	1681390348.678
9	788.5	17.9685	1681390349.182
9	789.0	18.0306	1681390349.674
9	789.5	18.0901	1681390350.178
9	790.0	18.0018	1681390350.682
9	790.5	17.8032	1681390351.186
9	791.0	17.7281	1681390351.678
9	791.5	17.7749	1681390352.182
9	792.0	17.8522	1681390352.674
9	792.5	17.8617	1681390353.178
9	793.0	17.9193	1681390353.682
9	793.5	17.9454	1681390354.186
9	794.0	17.9089	1681390354.678
9	794.5	17.9238	1681390355.182
9	795.0	17.9390	1681390355.674
9	795.5	17.9657	1681390356.178
9	796.0	18.0096	1681390356.682
9	796.5	18.0491	1681390357.186
9	797.0	18.0499	1681390357.678
9	797.5	18.0523	1681390358.182
9	798.0	18.0216	1681390358.674
9	798.5	17.9488	1681390359.178
9	799.0	17.9534	1681390359.682
9	799.5	17.9942	1681390360.186
9	800.0	18.0552	1681390360.678
9	800.5	18.1138	1681390361.181
9	801.0	18.0940	1681390361.685
9	801.5	18.0566	1681390362.178
9	802.0	17.9758	1681390362.681
9	802.5	17.9316	1681390363.185
9	803.0	17.9683	1681390363.678
9	803.5	17.9376	1681390364.181
9	804.0	17.9231	1681390364.685
9	804.5	17.9646	1681390365.177
9	805.0	18.0435	1681390365.681
9	805.5	18.0786	1681390366.185
9	806.0	18.0712	1681390366.678
9	806.5	18.1372	1681390367.181
9	807.0	18.1188	1681390367.685
9	807.5	18.0103	1681390368.178
9	808.0	17.9451	1681390368.682
9	808.5	17.9251	1681390369.185
9	809.0	17.9604	1681390369.677
9	809.5	17.9785	1681390370.181
9	810.0	18.0180	1681390370.685
9	810.5	18.0909	1681390371.177
9	811.0	18.1110	1681390371.681
9	811.5	18.1614	1681390372.185
9	812.0	18.2326	1681390372.677
9	812.5	18.2827	1681390373.181
9	813.0	18.2869	1681390373.685
9	813.5	18.2445	1681390374.177
9	814.0	18.2018	1681390374.681
9	814.5	18.0466	1681390375.185
9	815.0	17.9602	1681390375.677
9	815.5	17.8789	1681390376.181
9	816.0	17.8459	1681390376.685
9	816.5	17.8832	1681390377.177
9	817.0	17.9575	1681390377.681
9	817.5	18.0196	1681390378.185
9	818.0	18.0258	1681390378.677
9	818.5	18.0299	1681390379.181
9	819.0	18.0634	1681390379.685
9	819.5	18.0802	1681390380.177
9	820.0	17.8977	1681390380.681
9	820.5	17.8160	1681390381.185
9	821.0	17.8324	1681390381.677
9	821.5	17.8268	1681390382.181
9	822.0	17.9212	1681390382.685
9	822.5	17.9618	1681390383.177
9	823.0	17.9815	1681390383.681
9	823.5	17.9570	1681390384.185
9	824.0	17.9547	1681390384.677
9	824.5	17.9339	1681390385.181
9	825.0	17.9956	1681390385.685
9	825.5	18.0519	1681390386.177
9	826.0	17.8611	1681390386.681
9	826.5	17.6561	1681390387.186
9	827.0	17.5874	1681390387.677
9	827.5	17.5379	1681390388.181
9	828.0	17.5437	1681390388.684
9	828.5	17.4777	1681390389.177
9	829.0	17.4432	1681390389.680
9	829.5	17.4043	1681390390.184
9	830.0	17.4014	1681390390.676
9	830.5	17.4085	1681390391.180
9	831.0	17.4290	1681390391.684
9	831.5	17.4273	1681390392.176
9	832.0	17.3873	1681390392.680
9	832.5	17.3578	1681390393.184
9	833.0	17.3584	1681390393.677
9	833.5	17.3749	1681390394.180
9	834.0	17.3888	1681390394.684
9	834.5	17.4017	1681390395.176
9	835.0	17.4131	1681390395.680
9	835.5	17.4124	1681390396.184
9	836.0	17.4514	1681390396.676
9	836.5	17.4882	1681390397.180
9	837.0	17.4863	1681390397.684
9	837.5	17.4965	1681390398.176
9	838.0	17.4768	1681390398.680
9	838.5	17.3840	1681390399.184
9	839.0	17.3278	1681390399.676
9	839.5	18.0649	1681390400.180
9	840.0	18.1025	1681390400.684
9	840.5	18.1022	1681390401.176
9	841.0	18.1011	1681390401.680
9	841.5	18.0619	1681390402.184
9	842.0	18.0314	1681390402.676
9	842.5	18.0239	1681390403.180
9	843.0	18.0109	1681390403.684
9	843.5	17.9916	1681390404.176
9	844.0	17.9837	1681390404.680
9	844.5	17.9780	1681390405.184
9	845.0	17.9750	1681390405.676
9	845.5	17.9689	1681390406.180
9	846.0	17.9690	1681390406.684
9	846.5	17.9648	1681390407.176
9	847.0	17.9682	1681390407.680
9	847.5	17.9657	1681390408.184
9	848.0	17.9662	1681390408.676
9	848.5	17.9622	1681390409.180
9	849.0	17.9630	1681390409.684
9	849.5	17.9585	1681390410.176
9	850.0	17.9564	1681390410.680
9	850.5	17.9540	1681390411.184
9	851.0	17.9509	1681390411.676
9	851.5	17.9498	1681390412.180
9	852.0	17.9491	1681390412.684
9	852.5	17.9475	1681390413.176
9	853.0	17.9412	1681390413.680
9	853.5	17.9411	1681390414.183
9	854.0	17.9390	1681390414.676
9	854.5	17.9427	1681390415.180
9	855.0	17.9411	1681390415.683
9	855.5	17.9393	1681390416.176
9	856.0	17.9395	1681390416.679
9	856.5	17.9372	1681390417.183
9	857.0	17.9371	1681390417.676
9	857.5	17.9398	1681390418.179
9	858.0	17.9389	1681390418.683
9	858.5	17.9382	1681390419.175
9	859.0	17.9391	1681390419.679
9	859.5	17.9401	1681390420.183
9	860.0	17.9393	1681390420.675
9	860.5	17.9379	1681390421.179
9	861.0	17.9378	1681390421.683
9	861.5	17.9373	1681390422.175
9	862.0	17.9385	1681390422.679
9	862.5	17.9360	1681390423.183
9	863.0	17.9371	1681390423.675
9	863.5	17.9375	1681390424.180
9	864.0	17.9365	1681390424.683
9	864.5	17.9371	1681390425.175
9	865.0	17.9355	1681390425.679
9	865.5	17.9353	1681390426.183
9	866.0	17.9368	1681390426.675
9	866.5	17.9368	1681390427.179
9	867.0	17.9375	1681390427.683
9	867.5	17.9398	1681390428.175
9	868.0	17.9376	1681390428.679
9	868.5	17.9387	1681390429.183
9	869.0	17.9400	1681390429.675
9	869.5	17.9390	1681390430.179
9	870.0	17.9397	1681390430.683
9	870.5	17.9383	1681390431.175
9	871.0	17.9363	1681390431.679
9	871.5	17.9390	1681390432.183
9	872.0	17.9375	1681390432.675
9	872.5	17.9367	1681390433.179
9	873.0	17.9304	1681390433.683
9	873.5	17.9361	1681390434.175
9	874.0	17.9364	1681390434.679
9	874.5	17.9395	1681390435.183
9	875.0	17.9396	1681390435.675
9	875.5	17.9378	1681390436.179
9	876.0	17.9385	1681390436.683
9	876.5	17.9393	1681390437.175
9	877.0	17.9382	1681390437.679
9	877.5	17.9375	1681390438.183
9	878.0	17.9383	1681390438.675
9	878.5	17.9379	1681390439.179
9	879.0	17.9339	1681390439.683
9	879.5	17.9341	1681390440.175
9	880.0	17.9313	1681390440.678
9	880.5	17.9377	1681390441.183
9	881.0	17.9377	1681390441.675
9	881.5	17.9358	1681390442.178
9	882.0	17.9388	1681390442.682
9	882.5	17.9396	1681390443.186
9	883.0	17.9396	1681390443.678
9	883.5	17.9394	1681390444.182
9	884.0	17.9388	1681390444.674
9	884.5	17.9371	1681390445.178
9	885.0	17.9329	1681390445.682
9	885.5	17.9324	1681390446.186
9	886.0	17.9350	1681390446.679
9	886.5	17.9390	1681390447.182
9	887.0	17.9361	1681390447.674
9	887.5	17.9381	1681390448.178
9	888.0	17.9352	1681390448.682
9	888.5	17.9383	1681390449.186
9	889.0	17.9396	1681390449.678
9	889.5	17.9367	1681390450.182
9	890.0	17.9395	1681390450.674
9	890.5	17.9378	1681390451.178
9	891.0	17.9380	1681390451.682
9	891.5	17.9379	1681390452.186
9	892.0	17.9379	1681390452.678
9	892.5	17.9359	1681390453.182
9	893.0	17.9382	1681390453.674
9	893.5	17.9371	1681390454.178
9	894.0	17.9374	1681390454.682
9	894.5	17.9378	1681390455.186
9	895.0	17.9388	1681390455.678
9	895.5	17.9371	1681390456.182
9	896.0	17.9395	1681390456.674
9	896.5	17.9379	1681390457.178
9	897.0	17.9371	1681390457.682
9	897.5	17.9381	1681390458.186
9	898.0	17.9379	1681390458.678
9	898.5	17.9387	1681390459.182
9	899.0	17.9379	1681390459.674
9	899.5	17.9386	1681390460.178
9	900.0	17.9375	1681390460.682
9	900.5	17.9403	1681390461.186
9	901.0	17.9366	1681390461.678
9	901.5	17.9375	1681390462.182
9	902.0	17.9378	1681390462.686
9	902.5	17.9393	1681390463.178
9	903.0	17.9405	1681390463.682
9	903.5	17.9400	1681390464.185
9	904.0	17.9380	1681390464.678
9	904.5	17.9404	1681390465.182
9	905.0	17.9378	1681390465.685
9	905.5	17.9373	1681390466.178
9	906.0	17.9370	1681390466.682
9	906.5	17.9393	1681390467.185
9	907.0	17.9398	1681390467.678
9	907.5	17.9374	1681390468.182
9	908.0	17.9386	1681390468.685
9	908.5	17.9371	1681390469.178
9	909.0	17.9375	1681390469.681
9	909.5	17.9414	1681390470.185
9	910.0	17.9408	1681390470.677
9	910.5	17.9386	1681390471.181
9	911.0	17.9356	1681390471.685
9	911.5	17.9368	1681390472.177
9	912.0	17.9408	1681390472.681
9	912.5	17.9404	1681390473.185
9	913.0	17.9380	1681390473.677
9	913.5	17.9394	1681390474.181
9	914.0	17.9375	1681390474.685
9	914.5	17.9387	1681390475.177
9	915.0	17.9389	1681390475.681
9	915.5	17.9384	1681390476.185
9	916.0	17.9385	1681390476.677
9	916.5	17.9416	1681390477.181
9	917.0	17.9403	1681390477.685
9	917.5	17.9418	1681390478.177
9	918.0	17.9378	1681390478.681
9	918.5	17.9381	1681390479.185
9	919.0	17.9419	1681390479.677
9	919.5	17.9391	1681390480.181
9	920.0	17.9402	1681390480.685
9	920.5	17.9382	1681390481.177
9	921.0	17.9364	1681390481.681
9	921.5	17.9384	1681390482.185
9	922.0	17.9382	1681390482.677
9	922.5	17.9387	1681390483.181
9	923.0	17.9383	1681390483.685
9	923.5	17.9384	1681390484.177
9	924.0	17.9378	1681390484.681
9	924.5	17.9369	1681390485.185
9	925.0	17.9390	1681390485.677
9	925.5	17.9400	1681390486.181
9	926.0	17.9397	1681390486.685
9	926.5	17.9404	1681390487.177
9	927.0	17.9381	1681390487.681
9	927.5	17.9391	1681390488.185
9	928.0	17.9391	1681390488.677
9	928.5	17.9401	1681390489.181
9	929.0	17.9375	1681390489.685
9	929.5	17.9416	1681390490.177
9	930.0	17.9419	1681390490.681
9	930.5	17.9407	1681390491.185
9	931.0	17.9407	1681390491.677
9	931.5	17.9393	1681390492.180
9	932.0	17.9390	1681390492.685
9	932.5	17.9427	1681390493.177
9	933.0	17.9427	1681390493.680
9	933.5	17.9428	1681390494.184
9	934.0	17.9419	1681390494.677
9	934.5	17.9405	1681390495.180
9	935.0	17.9417	1681390495.684
9	935.5	17.9424	1681390496.177
9	936.0	17.9452	1681390496.680
9	936.5	17.9427	1681390497.184
9	937.0	17.9444	1681390497.676
9	937.5	17.9447	1681390498.180
9	938.0	17.9433	1681390498.685
9	938.5	17.9436	1681390499.176
9	939.0	17.9420	1681390499.680
9	939.5	17.9408	1681390500.184
9	940.0	17.9431	1681390500.676
9	940.5	17.9438	1681390501.180
9	941.0	17.9409	1681390501.684
9	941.5	17.9391	1681390502.176
9	942.0	17.9437	1681390502.680
9	942.5	17.9440	1681390503.184
9	943.0	17.9445	1681390503.676
9	943.5	17.9409	1681390504.180
9	944.0	17.9397	1681390504.684
9	944.5	17.9424	1681390505.176
9	945.0	17.9436	1681390505.680
9	945.5	17.9440	1681390506.184
9	946.0	17.9427	1681390506.676
9	946.5	17.9458	1681390507.180
9	947.0	17.9433	1681390507.684
9	947.5	17.9432	1681390508.176
9	948.0	17.9496	1681390508.680
9	948.5	17.9496	1681390509.184
9	949.0	17.9500	1681390509.676
9	949.5	17.9445	1681390510.180
9	950.0	17.9457	1681390510.684
9	950.5	17.9478	1681390511.176
9	951.0	17.9505	1681390511.680
9	951.5	17.9451	1681390512.184
9	952.0	17.9500	1681390512.676
9	952.5	17.9513	1681390513.180
9	953.0	17.9488	1681390513.684
9	953.5	17.9504	1681390514.176
9	954.0	17.9483	1681390514.680
9	954.5	17.9526	1681390515.184
9	955.0	17.9528	1681390515.676
9	955.5	17.9549	1681390516.180
9	956.0	17.9512	1681390516.684
9	956.5	17.9507	1681390517.176
9	957.0	17.9505	1681390517.680
9	957.5	17.9496	1681390518.184
9	958.0	17.9490	1681390518.676
9	958.5	17.9487	1681390519.180
9	959.0	17.9500	1681390519.684
9	959.5	17.9503	1681390520.176
9	960.0	17.9530	1681390520.680
9	960.5	17.9494	1681390521.183
9	961.0	17.9493	1681390521.676
9	961.5	17.9467	1681390522.179
9	962.0	17.9484	1681390522.683
9	962.5	17.9500	1681390523.176
9	963.0	17.9492	1681390523.679
9	963.5	17.9495	1681390524.183
9	964.0	17.9496	1681390524.675
9	964.5	17.9505	1681390525.179
9	965.0	17.9523	1681390525.683
9	965.5	17.9514	1681390526.175
9	966.0	17.9552	1681390526.679
9	966.5	17.9540	1681390527.183
9	967.0	17.9503	1681390527.675
9	967.5	17.9477	1681390528.179
9	968.0	17.9511	1681390528.683
9	968.5	17.9533	1681390529.175
9	969.0	17.9520	1681390529.679
9	969.5	17.9526	1681390530.183
9	970.0	17.9492	1681390530.675
9	970.5	17.9495	1681390531.179
9	971.0	17.9474	1681390531.683
9	971.5	17.9490	1681390532.175
9	972.0	17.9489	1681390532.679
9	972.5	17.9492	1681390533.183
9	973.0	17.9538	1681390533.675
9	973.5	17.9505	1681390534.179
9	974.0	17.9470	1681390534.683
9	974.5	17.9519	1681390535.175
9	975.0	17.9487	1681390535.679
9	975.5	17.9539	1681390536.183
9	976.0	17.9540	1681390536.675
9	976.5	17.9523	1681390537.179
9	977.0	17.9474	1681390537.683
9	977.5	17.9461	1681390538.175
9	978.0	17.9453	1681390538.679
9	978.5	17.9432	1681390539.183
9	979.0	17.9459	1681390539.675
9	979.5	17.9464	1681390540.179
9	980.0	17.9428	1681390540.683
9	980.5	17.9470	1681390541.175
9	981.0	17.9464	1681390541.679
9	981.5	17.9484	1681390542.183
9	982.0	17.9450	1681390542.675
9	982.5	17.9455	1681390543.179
9	983.0	17.9432	1681390543.683
9	983.5	17.9398	1681390544.175
9	984.0	17.9451	1681390544.679
9	984.5	17.9462	1681390545.183
9	985.0	17.9285	1681390545.675
9	985.5	17.9319	1681390546.179
9	986.0	17.9425	1681390546.683
9	986.5	17.9361	1681390547.187
9	987.0	17.9367	1681390547.679
9	987.5	17.9375	1681390548.182
9	988.0	17.9374	1681390548.675
9	988.5	17.9379	1681390549.179
9	989.0	17.9389	1681390549.683
9	989.5	17.9347	1681390550.186
9	990.0	17.9325	1681390550.678
9	990.5	17.9323	1681390551.183
9	991.0	17.9317	1681390551.674
9	991.5	17.9327	1681390552.178
9	992.0	17.9344	1681390552.682
9	992.5	17.9408	1681390553.186
9	993.0	17.9305	1681390553.678
9	993.5	17.9231	1681390554.182
9	994.0	17.9198	1681390554.674
9	994.5	17.9221	1681390555.178
9	995.0	17.9226	1681390555.682
9	995.5	17.9158	1681390556.186
9	996.0	17.9181	1681390556.678
9	996.5	17.9224	1681390557.182
9	997.0	17.9196	1681390557.674
9	997.5	17.9285	1681390558.178
9	998.0	17.9304	1681390558.682
9	998.5	17.9326	1681390559.186
9	999.0	17.9340	1681390559.678
9	999.5	17.9333	1681390560.182
9	1000.0	17.9241	1681390560.686
9	1000.5	17.9247	1681390561.178
9	1001.0	17.9278	1681390561.682
9	1001.5	17.9267	1681390562.186
9	1002.0	17.9241	1681390562.678
9	1002.5	17.9303	1681390563.182
9	1003.0	17.9299	1681390563.686
9	1003.5	17.9299	1681390564.178
9	1004.0	17.9347	1681390564.682
9	1004.5	17.9367	1681390565.186
9	1005.0	17.9352	1681390565.678
9	1005.5	17.9322	1681390566.182
9	1006.0	17.9309	1681390566.686
9	1006.5	17.9357	1681390567.178
9	1007.0	17.9353	1681390567.682
9	1007.5	17.9356	1681390568.186
9	1008.0	17.9360	1681390568.678
9	1008.5	17.9343	1681390569.182
9	1009.0	17.9327	1681390569.686
9	1009.5	17.9332	1681390570.178
9	1010.0	17.9353	1681390570.682
9	1010.5	17.9329	1681390571.186
9	1011.0	17.9295	1681390571.678
9	1011.5	17.9415	1681390572.181
9	1012.0	17.9319	1681390572.685
9	1012.5	17.9456	1681390573.177
9	1013.0	17.9417	1681390573.682
9	1013.5	17.9443	1681390574.185
9	1014.0	17.9459	1681390574.677
9	1014.5	17.9466	1681390575.181
9	1015.0	17.9471	1681390575.685
9	1015.5	17.9446	1681390576.177
9	1016.0	17.9493	1681390576.681
9	1016.5	17.9419	1681390577.185
9	1017.0	17.9430	1681390577.678
9	1017.5	17.9426	1681390578.181
9	1018.0	17.9418	1681390578.686
9	1018.5	17.9479	1681390579.177
9	1019.0	17.9453	1681390579.681
9	1019.5	17.9420	1681390580.185
9	1020.0	17.9429	1681390580.677
9	1020.5	17.9425	1681390581.181
9	1021.0	17.9360	1681390581.685
9	1021.5	17.9372	1681390582.177
9	1022.0	17.9371	1681390582.681
9	1022.5	17.9380	1681390583.185
9	1023.0	17.9430	1681390583.677
9	1023.5	17.9363	1681390584.181
9	1024.0	17.9316	1681390584.685
9	1024.5	17.9334	1681390585.177
9	1025.0	17.9326	1681390585.681
9	1025.5	17.9330	1681390586.185
9	1026.0	17.9316	1681390586.677
9	1026.5	17.9325	1681390587.181
9	1027.0	17.9345	1681390587.685
9	1027.5	17.9303	1681390588.177
9	1028.0	17.9321	1681390588.681
9	1028.5	17.9283	1681390589.185
9	1029.0	17.9310	1681390589.677
9	1029.5	17.9306	1681390590.181
9	1030.0	17.9271	1681390590.685
9	1030.5	17.9336	1681390591.177
9	1031.0	17.9282	1681390591.681
9	1031.5	17.9295	1681390592.185
9	1032.0	17.9313	1681390592.677
9	1032.5	17.9335	1681390593.181
9	1033.0	17.9319	1681390593.685
9	1033.5	17.9291	1681390594.177
9	1034.0	17.9322	1681390594.681
9	1034.5	17.9289	1681390595.185
9	1035.0	17.9311	1681390595.677
9	1035.5	17.9270	1681390596.181
9	1036.0	17.9327	1681390596.685
9	1036.5	17.9301	1681390597.177
9	1037.0	17.9310	1681390597.681
9	1037.5	17.9294	1681390598.184
9	1038.0	17.9315	1681390598.677
9	1038.5	17.9327	1681390599.181
9	1039.0	17.9332	1681390599.684
9	1039.5	17.9361	1681390600.177
9	1040.0	17.9333	1681390600.680
9	1040.5	17.9349	1681390601.184
9	1041.0	17.9357	1681390601.676
9	1041.5	17.9314	1681390602.180
9	1042.0	17.9351	1681390602.684
9	1042.5	17.9358	1681390603.176
9	1043.0	17.9316	1681390603.680
9	1043.5	17.9348	1681390604.184
9	1044.0	17.9284	1681390604.677
9	1044.5	17.9301	1681390605.180
9	1045.0	17.9282	1681390605.684
9	1045.5	17.9303	1681390606.176
9	1046.0	17.9311	1681390606.681
9	1046.5	17.9316	1681390607.184
9	1047.0	17.9294	1681390607.676
9	1047.5	17.9391	1681390608.180
9	1048.0	17.9329	1681390608.684
9	1048.5	17.9299	1681390609.176
9	1049.0	17.9313	1681390609.680
9	1049.5	17.9334	1681390610.184
9	1050.0	17.9309	1681390610.676
9	1050.5	17.9301	1681390611.180
9	1051.0	17.9309	1681390611.684
9	1051.5	17.9303	1681390612.176
9	1052.0	17.9302	1681390612.680
9	1052.5	17.9316	1681390613.184
9	1053.0	17.9301	1681390613.676
9	1053.5	17.9303	1681390614.180
9	1054.0	17.9335	1681390614.684
9	1054.5	17.9320	1681390615.176
9	1055.0	17.9321	1681390615.680
9	1055.5	17.9308	1681390616.184
9	1056.0	17.9383	1681390616.676
9	1056.5	17.9353	1681390617.180
9	1057.0	17.9325	1681390617.684
9	1057.5	17.9346	1681390618.176
9	1058.0	17.9309	1681390618.680
9	1058.5	17.9321	1681390619.184
9	1059.0	17.9345	1681390619.676
9	1059.5	17.9317	1681390620.180
9	1060.0	17.9342	1681390620.684
9	1060.5	17.9379	1681390621.176
9	1061.0	17.9356	1681390621.680
9	1061.5	17.9359	1681390622.184
9	1062.0	17.9309	1681390622.676
9	1062.5	17.9348	1681390623.180
9	1063.0	17.9358	1681390623.683
9	1063.5	17.9332	1681390624.176
9	1064.0	17.9340	1681390624.680
9	1064.5	17.9336	1681390625.183
9	1065.0	17.9288	1681390625.676
9	1065.5	17.9325	1681390626.179
9	1066.0	17.9343	1681390626.683
9	1066.5	17.9338	1681390627.187
9	1067.0	17.9349	1681390627.679
9	1067.5	17.9325	1681390628.183
9	1068.0	17.9342	1681390628.676
9	1068.5	17.9413	1681390629.180
9	1069.0	17.9321	1681390629.683
9	1069.5	17.9322	1681390630.187
9	1070.0	17.9345	1681390630.679
9	1070.5	17.9339	1681390631.183
9	1071.0	17.9326	1681390631.676
9	1071.5	17.9355	1681390632.179
9	1072.0	17.9470	1681390632.683
9	1072.5	17.9334	1681390633.187
9	1073.0	17.9314	1681390633.679
9	1073.5	17.9309	1681390634.183
9	1074.0	17.9312	1681390634.675
9	1074.5	17.9276	1681390635.179
9	1075.0	17.9313	1681390635.683
9	1075.5	17.9315	1681390636.187
9	1076.0	17.9313	1681390636.679
9	1076.5	17.9313	1681390637.183
9	1077.0	17.9304	1681390637.675
9	1077.5	17.9279	1681390638.179
9	1078.0	17.9330	1681390638.683
9	1078.5	17.9296	1681390639.187
9	1079.0	17.9300	1681390639.679
9	1079.5	17.9321	1681390640.183
9	1080.0	17.9320	1681390640.687
9	1080.5	17.9323	1681390641.179
9	1081.0	17.9312	1681390641.683
9	1081.5	17.9318	1681390642.187
9	1082.0	17.9299	1681390642.679
9	1082.5	17.9319	1681390643.183
9	1083.0	17.9317	1681390643.675
9	1083.5	17.9286	1681390644.179
9	1084.0	17.9302	1681390644.683
9	1084.5	17.9289	1681390645.187
9	1085.0	17.9283	1681390645.679
9	1085.5	17.9298	1681390646.183
9	1086.0	17.9292	1681390646.687
9	1086.5	17.9295	1681390647.179
9	1087.0	17.9301	1681390647.683
9	1087.5	17.9314	1681390648.187
9	1088.0	17.9302	1681390648.679
9	1088.5	17.9288	1681390649.183
9	1089.0	17.9296	1681390649.686
9	1089.5	17.9330	1681390650.179
9	1090.0	17.9295	1681390650.683
9	1090.5	17.9333	1681390651.186
9	1091.0	17.9317	1681390651.679
9	1091.5	17.9324	1681390652.182
9	1092.0	17.9322	1681390652.686
9	1092.5	17.9301	1681390653.178
9	1093.0	17.9309	1681390653.682
9	1093.5	17.9296	1681390654.186
9	1094.0	17.9320	1681390654.678
9	1094.5	17.9350	1681390655.182
9	1095.0	17.9329	1681390655.686
9	1095.5	17.9372	1681390656.178
9	1096.0	17.9368	1681390656.682
9	1096.5	17.9382	1681390657.186
9	1097.0	17.9332	1681390657.678
9	1097.5	17.9342	1681390658.182
9	1098.0	17.9324	1681390658.686
9	1098.5	17.9327	1681390659.178
9	1099.0	17.9331	1681390659.682
9	1099.5	17.9325	1681390660.186
9	1100.0	17.9332	1681390660.678
9	1100.5	17.9346	1681390661.182
9	1101.0	17.9352	1681390661.686
9	1101.5	17.9335	1681390662.178
9	1102.0	17.9326	1681390662.682
9	1102.5	17.9364	1681390663.186
9	1103.0	17.9397	1681390663.678
9	1103.5	17.9383	1681390664.182
9	1104.0	17.9356	1681390664.686
9	1104.5	17.9346	1681390665.178
9	1105.0	17.9344	1681390665.682
9	1105.5	17.9350	1681390666.186
9	1106.0	17.9343	1681390666.678
9	1106.5	17.9325	1681390667.182
9	1107.0	17.9353	1681390667.686
9	1107.5	17.9347	1681390668.178
9	1108.0	17.9304	1681390668.682
9	1108.5	17.9354	1681390669.186
9	1109.0	17.9354	1681390669.678
9	1109.5	17.9364	1681390670.182
9	1110.0	17.9352	1681390670.686
9	1110.5	17.9348	1681390671.178
9	1111.0	17.9345	1681390671.682
9	1111.5	17.9368	1681390672.186
9	1112.0	17.9349	1681390672.678
9	1112.5	17.9392	1681390673.182
9	1113.0	17.9376	1681390673.686
9	1113.5	17.9384	1681390674.178
9	1114.0	17.9403	1681390674.682
9	1114.5	17.9382	1681390675.186
9	1115.0	17.9378	1681390675.678
9	1115.5	17.9376	1681390676.182
9	1116.0	17.9375	1681390676.685
9	1116.5	17.9378	1681390677.178
9	1117.0	17.9391	1681390677.682
9	1117.5	17.9361	1681390678.185
9	1118.0	17.9363	1681390678.678
9	1118.5	17.9354	1681390679.181
9	1119.0	17.9358	1681390679.685
9	1119.5	17.9360	1681390680.178
9	1120.0	17.9364	1681390680.681
9	1120.5	17.9352	1681390681.185
9	1121.0	17.9356	1681390681.677
9	1121.5	17.9378	1681390682.181
9	1122.0	17.9365	1681390682.685
9	1122.5	17.9374	1681390683.177
9	1123.0	17.9382	1681390683.681
9	1123.5	17.9389	1681390684.185
9	1124.0	17.9377	1681390684.677
9	1124.5	17.9393	1681390685.181
9	1125.0	17.9399	1681390685.685
9	1125.5	17.9377	1681390686.177
9	1126.0	17.9380	1681390686.681
9	1126.5	17.9376	1681390687.185
9	1127.0	17.9379	1681390687.677
9	1127.5	17.9379	1681390688.181
9	1128.0	17.9379	1681390688.685
9	1128.5	17.9382	1681390689.177
9	1129.0	17.9403	1681390689.681
9	1129.5	17.9388	1681390690.185
9	1130.0	17.9368	1681390690.677
9	1130.5	17.9382	1681390691.181
9	1131.0	17.9343	1681390691.685
9	1131.5	17.9361	1681390692.177
9	1132.0	17.9333	1681390692.681
9	1132.5	17.9337	1681390693.185
9	1133.0	17.9338	1681390693.677
9	1133.5	17.9347	1681390694.181
9	1134.0	17.9398	1681390694.685
9	1134.5	17.9351	1681390695.177
9	1135.0	17.9425	1681390695.681
9	1135.5	17.9375	1681390696.185
9	1136.0	17.9395	1681390696.677
9	1136.5	17.9405	1681390697.181
9	1137.0	17.9399	1681390697.685
9	1137.5	17.9389	1681390698.177
9	1138.0	17.9376	1681390698.681
9	1138.5	17.9360	1681390699.185
9	1139.0	17.9359	1681390699.677
9	1139.5	17.9391	1681390700.181
9	1140.0	17.9385	1681390700.685
9	1140.5	17.9358	1681390701.177
9	1141.0	17.9383	1681390701.681
9	1141.5	17.9383	1681390702.185
9	1142.0	17.9382	1681390702.677
9	1142.5	17.9434	1681390703.181
9	1143.0	17.9410	1681390703.684
9	1143.5	17.9392	1681390704.177
9	1144.0	17.9413	1681390704.680
9	1144.5	17.9439	1681390705.184
9	1145.0	17.9448	1681390705.677
9	1145.5	17.9431	1681390706.180
9	1146.0	17.9424	1681390706.684
9	1146.5	17.9415	1681390707.176
9	1147.0	17.9434	1681390707.680
9	1147.5	17.9419	1681390708.184
9	1148.0	17.9408	1681390708.676
9	1148.5	17.9406	1681390709.180
9	1149.0	17.9408	1681390709.684
9	1149.5	17.9473	1681390710.176
9	1150.0	17.9488	1681390710.680
9	1150.5	17.9419	1681390711.184
9	1151.0	17.9399	1681390711.676
9	1151.5	17.9406	1681390712.180
9	1152.0	17.9426	1681390712.684
9	1152.5	17.9397	1681390713.176
9	1153.0	17.9408	1681390713.680
9	1153.5	17.9422	1681390714.184
9	1154.0	17.9433	1681390714.676
9	1154.5	17.9419	1681390715.180
9	1155.0	17.9412	1681390715.684
9	1155.5	17.9377	1681390716.176
9	1156.0	17.9360	1681390716.680
9	1156.5	17.9352	1681390717.184
9	1157.0	17.9396	1681390717.676
9	1157.5	17.9350	1681390718.180
9	1158.0	17.9360	1681390718.684
9	1158.5	17.9352	1681390719.176
9	1159.0	17.9350	1681390719.680
9	1159.5	17.9354	1681390720.184
9	1160.0	17.9392	1681390720.676
9	1160.5	17.9383	1681390721.180
9	1161.0	17.9373	1681390721.684
9	1161.5	17.9359	1681390722.176
9	1162.0	17.9386	1681390722.680
9	1162.5	17.9346	1681390723.184
9	1163.0	17.9360	1681390723.676
9	1163.5	17.9427	1681390724.180
9	1164.0	17.9432	1681390724.684
9	1164.5	17.9429	1681390725.176
9	1165.0	17.9411	1681390725.680
9	1165.5	17.9457	1681390726.184
9	1166.0	17.9426	1681390726.676
9	1166.5	17.9458	1681390727.180
9	1167.0	17.9422	1681390727.684
9	1167.5	17.9421	1681390728.176
9	1168.0	17.9422	1681390728.680
9	1168.5	17.9400	1681390729.184
9	1169.0	17.9413	1681390729.676
9	1169.5	17.9372	1681390730.180
9	1170.0	17.9373	1681390730.684
9	1170.5	17.9368	1681390731.176
9	1171.0	17.9371	1681390731.680
9	1171.5	17.9388	1681390732.183
9	1172.0	17.9380	1681390732.675
9	1172.5	17.9340	1681390733.179
9	1173.0	17.9390	1681390733.683
9	1173.5	17.9366	1681390734.187
9	1174.0	17.9375	1681390734.679
9	1174.5	17.9312	1681390735.183
9	1175.0	17.9327	1681390735.676
9	1175.5	17.9288	1681390736.179
9	1176.0	17.9299	1681390736.683
9	1176.5	17.9275	1681390737.187
9	1177.0	17.9197	1681390737.679
9	1177.5	17.9365	1681390738.183
9	1178.0	17.9266	1681390738.675
9	1178.5	17.9362	1681390739.179
9	1179.0	17.9361	1681390739.683
9	1179.5	17.9419	1681390740.187
9	1180.0	17.9348	1681390740.679
9	1180.5	17.9430	1681390741.183
9	1181.0	17.9371	1681390741.675
9	1181.5	17.9324	1681390742.179
9	1182.0	17.9335	1681390742.683
9	1182.5	17.9380	1681390743.187
9	1183.0	17.9323	1681390743.679
9	1183.5	17.9335	1681390744.183
9	1184.0	17.9385	1681390744.687
9	1184.5	17.9369	1681390745.179
9	1185.0	17.9317	1681390745.683
9	1185.5	17.9374	1681390746.187
9	1186.0	17.9339	1681390746.679
9	1186.5	17.9281	1681390747.183
9	1187.0	17.9253	1681390747.675
9	1187.5	17.9262	1681390748.179
9	1188.0	17.9264	1681390748.683
9	1188.5	17.9230	1681390749.187
9	1189.0	17.9195	1681390749.679
9	1189.5	17.9197	1681390750.183
9	1190.0	17.9231	1681390750.675
9	1190.5	17.9276	1681390751.179
9	1191.0	17.9299	1681390751.683
9	1191.5	17.9285	1681390752.187
9	1192.0	17.9252	1681390752.679
9	1192.5	17.9247	1681390753.183
9	1193.0	17.9257	1681390753.687
9	1193.5	17.9252	1681390754.179
9	1194.0	17.9266	1681390754.683
9	1194.5	17.9277	1681390755.186
9	1195.0	17.9288	1681390755.679
9	1195.5	17.9260	1681390756.182
9	1196.0	17.9274	1681390756.686
9	1196.5	17.9320	1681390757.179
9	1197.0	17.9228	1681390757.682
9	1197.5	17.9378	1681390758.186
9	1198.0	17.9391	1681390758.679
9	1198.5	17.9292	1681390759.182
9	1199.0	17.9323	1681390759.686
9	1199.5	17.9350	1681390760.178
9	1200.0	17.9349	1681390760.682
9	1200.5	17.9403	1681390761.186
9	1201.0	17.9367	1681390761.678
9	1201.5	17.9363	1681390762.182
9	1202.0	17.9374	1681390762.686
9	1202.5	17.9390	1681390763.178
9	1203.0	17.9322	1681390763.682
9	1203.5	17.9317	1681390764.186
9	1204.0	17.9325	1681390764.678
9	1204.5	17.9376	1681390765.182
9	1205.0	17.9343	1681390765.686
9	1205.5	17.9250	1681390766.178
9	1206.0	17.9281	1681390766.682
9	1206.5	17.9284	1681390767.186
9	1207.0	17.9234	1681390767.678
9	1207.5	17.9278	1681390768.182
9	1208.0	17.9293	1681390768.686
9	1208.5	17.9256	1681390769.178
9	1209.0	17.9267	1681390769.682
9	1209.5	17.9273	1681390770.186
9	1210.0	17.9239	1681390770.678
9	1210.5	17.9250	1681390771.182
9	1211.0	17.9292	1681390771.686
9	1211.5	17.9338	1681390772.178
9	1212.0	17.9327	1681390772.682
9	1212.5	17.9357	1681390773.186
9	1213.0	17.9296	1681390773.678
9	1213.5	17.9263	1681390774.182
9	1214.0	17.9311	1681390774.686
9	1214.5	17.9268	1681390775.178
9	1215.0	17.9231	1681390775.682
9	1215.5	17.9310	1681390776.186
9	1216.0	17.9294	1681390776.678
9	1216.5	17.9266	1681390777.182
9	1217.0	17.9328	1681390777.686
9	1217.5	17.9306	1681390778.178
9	1218.0	17.9296	1681390778.682
9	1218.5	17.9317	1681390779.186
9	1219.0	17.9281	1681390779.678
9	1219.5	17.9267	1681390780.182
9	1220.0	17.9274	1681390780.686
9	1220.5	17.9276	1681390781.178
9	1221.0	17.9243	1681390781.682
9	1221.5	17.9294	1681390782.186
9	1222.0	17.9309	1681390782.678
9	1222.5	17.9294	1681390783.181
9	1223.0	17.9309	1681390783.685
9	1223.5	17.9310	1681390784.177
9	1224.0	17.9303	1681390784.681
9	1224.5	17.9304	1681390785.185
9	1225.0	17.9261	1681390785.677
9	1225.5	17.9293	1681390786.181
9	1226.0	17.9292	1681390786.685
9	1226.5	17.9271	1681390787.177
9	1227.0	17.9261	1681390787.681
9	1227.5	17.9266	1681390788.185
9	1228.0	17.9297	1681390788.677
9	1228.5	17.9181	1681390789.181
9	1229.0	17.9164	1681390789.685
9	1229.5	17.9163	1681390790.177
9	1230.0	17.9173	1681390790.681
9	1230.5	17.9185	1681390791.185
9	1231.0	17.9340	1681390791.677
9	1231.5	17.9305	1681390792.181
9	1232.0	17.9284	1681390792.685
9	1232.5	17.9273	1681390793.177
9	1233.0	17.9217	1681390793.681
9	1233.5	17.9231	1681390794.185
9	1234.0	17.9242	1681390794.677
9	1234.5	17.9232	1681390795.181
9	1235.0	17.9258	1681390795.685
9	1235.5	17.9246	1681390796.177
9	1236.0	17.9229	1681390796.681
9	1236.5	17.9267	1681390797.185
9	1237.0	17.9261	1681390797.677
9	1237.5	17.9256	1681390798.181
9	1238.0	17.9265	1681390798.685
9	1238.5	17.9292	1681390799.177
9	1239.0	17.9296	1681390799.681
9	1239.5	17.9305	1681390800.185
9	1240.0	17.9297	1681390800.677
9	1240.5	17.9290	1681390801.181
9	1241.0	17.9288	1681390801.685
9	1241.5	17.9240	1681390802.177
9	1242.0	17.9281	1681390802.681
9	1242.5	17.9296	1681390803.185
9	1243.0	17.9291	1681390803.677
9	1243.5	17.9253	1681390804.181
9	1244.0	17.9266	1681390804.685
9	1244.5	17.9208	1681390805.177
9	1245.0	17.9200	1681390805.681
9	1245.5	17.9208	1681390806.185
9	1246.0	17.9255	1681390806.677
9	1246.5	17.9267	1681390807.181
9	1247.0	17.9250	1681390807.684
9	1247.5	17.9249	1681390808.177
9	1248.0	17.9285	1681390808.681
9	1248.5	17.9239	1681390809.184
9	1249.0	17.9286	1681390809.677
9	1249.5	17.9267	1681390810.181
9	1250.0	17.9282	1681390810.684
9	1250.5	17.9295	1681390811.177
9	1251.0	17.9268	1681390811.680
9	1251.5	17.9282	1681390812.184
9	1252.0	17.9295	1681390812.676
9	1252.5	17.9285	1681390813.180
9	1253.0	17.9248	1681390813.684
9	1253.5	17.9249	1681390814.176
9	1254.0	17.9255	1681390814.680
9	1254.5	17.9250	1681390815.184
9	1255.0	17.9262	1681390815.676
9	1255.5	17.9273	1681390816.180
9	1256.0	17.9162	1681390816.684
9	1256.5	17.9134	1681390817.176
9	1257.0	17.9187	1681390817.680
9	1257.5	17.9274	1681390818.184
9	1258.0	17.9312	1681390818.676
9	1258.5	17.9310	1681390819.180
9	1259.0	17.9285	1681390819.684
9	1259.5	17.9274	1681390820.176
9	1260.0	17.9134	1681390820.680
9	1260.5	17.9168	1681390821.184
9	1261.0	17.9272	1681390821.676
9	1261.5	17.9264	1681390822.180
9	1262.0	17.9271	1681390822.684
9	1262.5	17.9227	1681390823.176
9	1263.0	17.9210	1681390823.680
