# Log Ver: CODA_2T 0.0.1 Prog Ver: 0.0.1 Sensor: 213079 Depth 0 2023-04-13 12:39:17 UTC 
# id model = RBRcoda3, version = 1.059, serial = 213079, fwtype = 107, flavour = rt
# reldepth stime temp time
10	0.5	17.3314	1681389561.160
10	1.0	17.3335	1681389561.664
10	1.5	17.3340	1681389562.168
10	2.0	17.3332	1681389562.672
10	2.5	17.3315	1681389563.165
10	3.0	17.3260	1681389563.668
10	3.5	17.3213	1681389564.172
10	4.0	17.3197	1681389564.664
10	4.5	17.3186	1681389565.168
10	5.0	17.3183	1681389565.672
10	5.5	17.3286	1681389566.164
10	6.0	17.3505	1681389566.668
10	6.5	17.3888	1681389567.172
10	7.0	17.3855	1681389567.664
10	7.5	17.3822	1681389568.168
10	8.0	17.3803	1681389568.672
10	8.5	17.3697	1681389569.164
10	9.0	17.3614	1681389569.668
10	9.5	17.3634	1681389570.172
10	10.0	17.3659	1681389570.664
10	10.5	17.3733	1681389571.168
10	11.0	17.3827	1681389571.672
10	11.5	17.3889	1681389572.164
10	12.0	17.3926	1681389572.667
10	12.5	17.3975	1681389573.172
10	13.0	17.4023	1681389573.664
10	13.5	17.4072	1681389574.167
10	14.0	17.3978	1681389574.671
10	14.5	17.3884	1681389575.163
10	15.0	17.3847	1681389575.668
10	15.5	17.3861	1681389576.171
10	16.0	17.3921	1681389576.663
10	16.5	17.3901	1681389577.167
10	17.0	17.3837	1681389577.671
10	17.5	17.3748	1681389578.164
10	18.0	17.3745	1681389578.667
10	18.5	17.3833	1681389579.171
10	19.0	17.3766	1681389579.663
10	19.5	17.4597	1681389580.167
10	20.0	17.5748	1681389580.671
10	20.5	17.6760	1681389581.163
10	21.0	17.7311	1681389581.668
10	21.5	17.6951	1681389582.172
10	22.0	17.6687	1681389582.663
10	22.5	17.6420	1681389583.167
10	23.0	17.6186	1681389583.671
10	23.5	17.6008	1681389584.163
10	24.0	17.5800	1681389584.668
10	24.5	17.5566	1681389585.172
10	25.0	17.5402	1681389585.663
10	25.5	17.5227	1681389586.168
10	26.0	17.5217	1681389586.672
10	26.5	17.5930	1681389587.163
10	27.0	17.6291	1681389587.668
10	27.5	17.6569	1681389588.171
10	28.0	17.6958	1681389588.663
10	28.5	17.8035	1681389589.167
10	29.0	17.9105	1681389589.671
10	29.5	18.0011	1681389590.163
10	30.0	17.9667	1681389590.667
10	30.5	17.8775	1681389591.171
10	31.0	17.8019	1681389591.663
10	31.5	17.7305	1681389592.167
10	32.0	17.6750	1681389592.671
10	32.5	17.6267	1681389593.163
10	33.0	17.6518	1681389593.667
10	33.5	17.7549	1681389594.171
10	34.0	17.8465	1681389594.663
10	34.5	17.9209	1681389595.167
10	35.0	18.0072	1681389595.671
10	35.5	18.0762	1681389596.163
10	36.0	18.0896	1681389596.667
10	36.5	18.0197	1681389597.171
10	37.0	18.0272	1681389597.663
10	37.5	17.9905	1681389598.166
10	38.0	17.9193	1681389598.670
10	38.5	17.8543	1681389599.163
10	39.0	17.8008	1681389599.667
10	39.5	17.7567	1681389600.170
10	40.0	17.7762	1681389600.663
10	40.5	17.8317	1681389601.166
10	41.0	17.9039	1681389601.671
10	41.5	17.9373	1681389602.163
10	42.0	18.0007	1681389602.668
10	42.5	18.0643	1681389603.170
10	43.0	18.1312	1681389603.663
10	43.5	18.1700	1681389604.166
10	44.0	18.1791	1681389604.671
10	44.5	18.1249	1681389605.163
10	45.0	18.0668	1681389605.667
10	45.5	18.0042	1681389606.170
10	46.0	17.9561	1681389606.663
10	46.5	18.0318	1681389607.166
10	47.0	18.1158	1681389607.670
10	47.5	18.1932	1681389608.162
10	48.0	18.2750	1681389608.667
10	48.5	18.3406	1681389609.170
10	49.0	18.3838	1681389609.662
10	49.5	18.4299	1681389610.166
10	50.0	18.4868	1681389610.670
10	50.5	18.5581	1681389611.162
10	51.0	18.6284	1681389611.666
10	51.5	18.6456	1681389612.170
10	52.0	18.5744	1681389612.662
10	52.5	18.4996	1681389613.166
10	53.0	18.4411	1681389613.670
10	53.5	18.4594	1681389614.174
10	54.0	18.5169	1681389614.666
10	54.5	18.5484	1681389615.170
10	55.0	18.5510	1681389615.663
10	55.5	18.5810	1681389616.166
10	56.0	18.6155	1681389616.670
10	56.5	18.6458	1681389617.175
10	57.0	18.6688	1681389617.666
10	57.5	18.6257	1681389618.170
10	58.0	18.6724	1681389618.662
10	58.5	18.7312	1681389619.166
10	59.0	18.7851	1681389619.670
10	59.5	18.8354	1681389620.174
10	60.0	18.9149	1681389620.666
10	60.5	18.9096	1681389621.170
10	61.0	18.9170	1681389621.662
10	61.5	18.9460	1681389622.167
10	62.0	18.9863	1681389622.670
10	62.5	18.8634	1681389623.173
10	63.0	18.6864	1681389623.666
10	63.5	18.5322	1681389624.170
10	64.0	18.4440	1681389624.662
10	64.5	18.4467	1681389625.166
10	65.0	18.5120	1681389625.670
10	65.5	18.5583	1681389626.174
10	66.0	18.5806	1681389626.666
10	66.5	18.6252	1681389627.169
10	67.0	18.6701	1681389627.661
10	67.5	18.6359	1681389628.165
10	68.0	18.6814	1681389628.669
10	68.5	18.7373	1681389629.173
10	69.0	18.8062	1681389629.666
10	69.5	18.7782	1681389630.170
10	70.0	18.7402	1681389630.674
10	70.5	18.6934	1681389631.166
10	71.0	18.7019	1681389631.670
10	71.5	18.6245	1681389632.173
10	72.0	18.6938	1681389632.666
10	72.5	18.6258	1681389633.170
10	73.0	18.5890	1681389633.673
10	73.5	18.5732	1681389634.166
10	74.0	18.6227	1681389634.669
10	74.5	18.6394	1681389635.173
10	75.0	18.6689	1681389635.665
10	75.5	18.7360	1681389636.169
10	76.0	18.8096	1681389636.673
10	76.5	18.8696	1681389637.165
10	77.0	18.8853	1681389637.669
10	77.5	18.9135	1681389638.173
10	78.0	18.8554	1681389638.665
10	78.5	18.7223	1681389639.169
10	79.0	18.6228	1681389639.673
10	79.5	18.5346	1681389640.165
10	80.0	18.4538	1681389640.669
10	80.5	18.5241	1681389641.173
10	81.0	18.6317	1681389641.665
10	81.5	18.7351	1681389642.169
10	82.0	18.7748	1681389642.674
10	82.5	18.7619	1681389643.165
10	83.0	18.7087	1681389643.669
10	83.5	18.7932	1681389644.173
10	84.0	18.8704	1681389644.665
10	84.5	18.9435	1681389645.169
10	85.0	19.0198	1681389645.673
10	85.5	19.0990	1681389646.165
10	86.0	19.1679	1681389646.669
10	86.5	19.2361	1681389647.173
10	87.0	19.3110	1681389647.665
10	87.5	19.3798	1681389648.169
10	88.0	19.4394	1681389648.673
10	88.5	19.4866	1681389649.165
10	89.0	19.5394	1681389649.669
10	89.5	19.5950	1681389650.172
10	90.0	19.6292	1681389650.665
10	90.5	19.6236	1681389651.169
10	91.0	19.6525	1681389651.672
10	91.5	19.6581	1681389652.165
10	92.0	19.6777	1681389652.669
10	92.5	19.6999	1681389653.172
10	93.0	19.6971	1681389653.664
10	93.5	19.6267	1681389654.168
10	94.0	19.6245	1681389654.672
10	94.5	19.6444	1681389655.165
10	95.0	19.6732	1681389655.669
10	95.5	19.7062	1681389656.172
10	96.0	19.7187	1681389656.664
10	96.5	19.6875	1681389657.168
10	97.0	19.5898	1681389657.672
10	97.5	19.5320	1681389658.164
10	98.0	19.5700	1681389658.669
10	98.5	19.6139	1681389659.172
10	99.0	19.6000	1681389659.664
10	99.5	19.4993	1681389660.168
10	100.0	19.5238	1681389660.672
10	100.5	19.5954	1681389661.164
10	101.0	19.6703	1681389661.668
10	101.5	19.7627	1681389662.172
10	102.0	19.8263	1681389662.664
10	102.5	19.8628	1681389663.168
10	103.0	19.8996	1681389663.673
10	103.5	19.9079	1681389664.164
10	104.0	19.8658	1681389664.668
10	104.5	19.8674	1681389665.172
10	105.0	19.8858	1681389665.664
10	105.5	19.7074	1681389666.168
10	106.0	19.6512	1681389666.672
10	106.5	19.6947	1681389667.164
10	107.0	19.7454	1681389667.668
10	107.5	19.7809	1681389668.172
10	108.0	19.8095	1681389668.664
10	108.5	19.8436	1681389669.168
10	109.0	19.8758	1681389669.672
10	109.5	19.9001	1681389670.164
10	110.0	19.9318	1681389670.668
10	110.5	19.9489	1681389671.172
10	111.0	19.9671	1681389671.664
10	111.5	19.9889	1681389672.168
10	112.0	20.0132	1681389672.672
10	112.5	20.0425	1681389673.164
10	113.0	20.0560	1681389673.668
10	113.5	20.0437	1681389674.172
10	114.0	19.9181	1681389674.664
10	114.5	19.8921	1681389675.168
10	115.0	19.9121	1681389675.673
10	115.5	19.9167	1681389676.164
10	116.0	19.9130	1681389676.668
10	116.5	19.9313	1681389677.172
10	117.0	19.9594	1681389677.664
10	117.5	20.0041	1681389678.168
10	118.0	20.0360	1681389678.672
10	118.5	20.0063	1681389679.163
10	119.0	19.9290	1681389679.667
10	119.5	19.7411	1681389680.171
10	120.0	19.5486	1681389680.663
10	120.5	19.5590	1681389681.167
10	121.0	19.6200	1681389681.671
10	121.5	19.6506	1681389682.163
10	122.0	19.5705	1681389682.667
10	122.5	19.6222	1681389683.171
10	123.0	19.6845	1681389683.663
10	123.5	19.6747	1681389684.167
10	124.0	19.5146	1681389684.671
10	124.5	19.3219	1681389685.175
10	125.0	19.1623	1681389685.667
10	125.5	19.0192	1681389686.171
10	126.0	18.9483	1681389686.663
10	126.5	18.9676	1681389687.167
10	127.0	18.9984	1681389687.671
10	127.5	19.0177	1681389688.175
10	128.0	19.0973	1681389688.667
10	128.5	19.1585	1681389689.171
10	129.0	19.1969	1681389689.663
10	129.5	19.2264	1681389690.167
10	130.0	19.1695	1681389690.671
10	130.5	19.2216	1681389691.175
10	131.0	19.2948	1681389691.667
10	131.5	19.3657	1681389692.171
10	132.0	19.3877	1681389692.663
10	132.5	19.4622	1681389693.167
10	133.0	19.4432	1681389693.671
10	133.5	19.5183	1681389694.175
10	134.0	19.5911	1681389694.667
10	134.5	19.6640	1681389695.171
10	135.0	19.7394	1681389695.663
10	135.5	19.8077	1681389696.167
10	136.0	19.8616	1681389696.671
10	136.5	19.9285	1681389697.175
10	137.0	19.9779	1681389697.667
10	137.5	19.9835	1681389698.171
10	138.0	19.7955	1681389698.664
10	138.5	19.6565	1681389699.167
10	139.0	19.4751	1681389699.671
10	139.5	19.3161	1681389700.175
10	140.0	19.2979	1681389700.667
10	140.5	19.3530	1681389701.171
10	141.0	19.4133	1681389701.674
10	141.5	19.4764	1681389702.167
10	142.0	19.5324	1681389702.671
10	142.5	19.6161	1681389703.174
10	143.0	19.6926	1681389703.667
10	143.5	19.6501	1681389704.170
10	144.0	19.5758	1681389704.675
10	144.5	19.4572	1681389705.167
10	145.0	19.3089	1681389705.670
10	145.5	19.1683	1681389706.174
10	146.0	19.1311	1681389706.666
10	146.5	19.1471	1681389707.171
10	147.0	19.2327	1681389707.674
10	147.5	19.3265	1681389708.166
10	148.0	19.4173	1681389708.670
10	148.5	19.5052	1681389709.174
10	149.0	19.4727	1681389709.666
10	149.5	19.3696	1681389710.170
10	150.0	19.2428	1681389710.675
10	150.5	19.1209	1681389711.166
10	151.0	19.0169	1681389711.670
10	151.5	18.9306	1681389712.174
10	152.0	18.8608	1681389712.666
10	152.5	18.8421	1681389713.170
10	153.0	18.7995	1681389713.674
10	153.5	18.8690	1681389714.166
10	154.0	18.9350	1681389714.670
10	154.5	18.9506	1681389715.174
10	155.0	18.9206	1681389715.666
10	155.5	18.8392	1681389716.170
10	156.0	18.7574	1681389716.674
10	156.5	18.7006	1681389717.166
10	157.0	18.6495	1681389717.670
10	157.5	18.6062	1681389718.174
10	158.0	18.5701	1681389718.666
10	158.5	18.5750	1681389719.170
10	159.0	18.5719	1681389719.674
10	159.5	18.5411	1681389720.166
10	160.0	18.5172	1681389720.670
10	160.5	18.4830	1681389721.174
10	161.0	18.4560	1681389721.666
10	161.5	18.4379	1681389722.170
10	162.0	18.4258	1681389722.674
10	162.5	18.3852	1681389723.166
10	163.0	18.3482	1681389723.670
10	163.5	18.3211	1681389724.174
10	164.0	18.3724	1681389724.666
10	164.5	18.3813	1681389725.170
10	165.0	18.3885	1681389725.674
10	165.5	18.3826	1681389726.166
10	166.0	18.3551	1681389726.670
10	166.5	18.3261	1681389727.174
10	167.0	18.2920	1681389727.666
10	167.5	18.2632	1681389728.170
10	168.0	18.2457	1681389728.673
10	168.5	18.2328	1681389729.166
10	169.0	18.2135	1681389729.670
10	169.5	18.2077	1681389730.174
10	170.0	18.2058	1681389730.666
10	170.5	18.2062	1681389731.170
10	171.0	18.2025	1681389731.673
10	171.5	18.2016	1681389732.165
10	172.0	18.2107	1681389732.669
10	172.5	18.2029	1681389733.173
10	173.0	18.1999	1681389733.665
10	173.5	18.1790	1681389734.169
10	174.0	18.1520	1681389734.673
10	174.5	18.1344	1681389735.165
10	175.0	18.1135	1681389735.669
10	175.5	18.0938	1681389736.173
10	176.0	18.0661	1681389736.665
10	176.5	18.0703	1681389737.169
10	177.0	18.0707	1681389737.673
10	177.5	18.0933	1681389738.165
10	178.0	18.1277	1681389738.669
10	178.5	18.1525	1681389739.173
10	179.0	18.1604	1681389739.665
10	179.5	18.1614	1681389740.169
10	180.0	18.1526	1681389740.673
10	180.5	18.1372	1681389741.165
10	181.0	18.1120	1681389741.669
10	181.5	18.0947	1681389742.173
10	182.0	18.0765	1681389742.665
10	182.5	18.0535	1681389743.169
10	183.0	18.0437	1681389743.673
10	183.5	18.0375	1681389744.165
10	184.0	18.0372	1681389744.669
10	184.5	18.0257	1681389745.173
10	185.0	18.0022	1681389745.665
10	185.5	17.9867	1681389746.169
10	186.0	17.9733	1681389746.673
10	186.5	17.9717	1681389747.165
10	187.0	17.9782	1681389747.669
10	187.5	17.9641	1681389748.173
10	188.0	17.9432	1681389748.665
10	188.5	17.9314	1681389749.169
10	189.0	17.9241	1681389749.673
10	189.5	17.8939	1681389750.165
10	190.0	17.8469	1681389750.669
10	190.5	17.8282	1681389751.173
10	191.0	17.8128	1681389751.665
10	191.5	17.7907	1681389752.169
10	192.0	17.7752	1681389752.673
10	192.5	17.7595	1681389753.165
10	193.0	17.7571	1681389753.669
10	193.5	17.7431	1681389754.173
10	194.0	17.7115	1681389754.665
10	194.5	17.6900	1681389755.169
10	195.0	17.6646	1681389755.673
10	195.5	17.6615	1681389756.165
10	196.0	17.6658	1681389756.669
10	196.5	17.6458	1681389757.172
10	197.0	17.6399	1681389757.665
10	197.5	17.6368	1681389758.168
10	198.0	17.6289	1681389758.672
10	198.5	17.6366	1681389759.165
10	199.0	17.6448	1681389759.668
10	199.5	17.6539	1681389760.172
10	200.0	17.6315	1681389760.665
10	200.5	17.6108	1681389761.168
10	201.0	17.6181	1681389761.673
10	201.5	17.6035	1681389762.164
10	202.0	17.5980	1681389762.668
10	202.5	17.5990	1681389763.172
10	203.0	17.5948	1681389763.664
10	203.5	17.6026	1681389764.168
10	204.0	17.6067	1681389764.672
10	204.5	17.6043	1681389765.164
10	205.0	17.6171	1681389765.668
10	205.5	17.6328	1681389766.172
10	206.0	17.5896	1681389766.664
10	206.5	17.5609	1681389767.168
10	207.0	17.5530	1681389767.672
10	207.5	17.5498	1681389768.164
10	208.0	17.5523	1681389768.668
10	208.5	17.5492	1681389769.172
10	209.0	17.5423	1681389769.664
10	209.5	17.5522	1681389770.168
10	210.0	17.5577	1681389770.672
10	210.5	17.5536	1681389771.164
10	211.0	17.5140	1681389771.668
10	211.5	17.4969	1681389772.172
10	212.0	17.4968	1681389772.664
10	212.5	17.4960	1681389773.168
10	213.0	17.4865	1681389773.672
10	213.5	17.4958	1681389774.164
10	214.0	17.4812	1681389774.668
10	214.5	17.4738	1681389775.172
10	215.0	17.4730	1681389775.664
10	215.5	17.4825	1681389776.168
10	216.0	17.4898	1681389776.672
10	216.5	17.4832	1681389777.164
10	217.0	17.4954	1681389777.668
10	217.5	17.4848	1681389778.172
10	218.0	17.4690	1681389778.664
10	218.5	17.4819	1681389779.168
10	219.0	17.5012	1681389779.672
10	219.5	17.4964	1681389780.164
10	220.0	17.4684	1681389780.668
10	220.5	17.4610	1681389781.172
10	221.0	17.4710	1681389781.664
10	221.5	17.4767	1681389782.168
10	222.0	17.4830	1681389782.672
10	222.5	17.4706	1681389783.164
10	223.0	17.4628	1681389783.668
10	223.5	17.4575	1681389784.171
10	224.0	17.4515	1681389784.664
10	224.5	17.4502	1681389785.168
10	225.0	17.4490	1681389785.672
10	225.5	17.4601	1681389786.163
10	226.0	17.4742	1681389786.667
10	226.5	17.4970	1681389787.172
10	227.0	17.4920	1681389787.663
10	227.5	17.4717	1681389788.167
10	228.0	17.4484	1681389788.671
10	228.5	17.4473	1681389789.175
10	229.0	17.4566	1681389789.668
10	229.5	17.4578	1681389790.171
10	230.0	17.4489	1681389790.664
10	230.5	17.4422	1681389791.167
10	231.0	17.4451	1681389791.671
10	231.5	17.4547	1681389792.175
10	232.0	17.4572	1681389792.667
10	232.5	17.4526	1681389793.171
10	233.0	17.4540	1681389793.663
10	233.5	17.4490	1681389794.167
10	234.0	17.4392	1681389794.671
10	234.5	17.4388	1681389795.175
10	235.0	17.4280	1681389795.667
10	235.5	17.4203	1681389796.171
10	236.0	17.4217	1681389796.663
10	236.5	17.4317	1681389797.167
10	237.0	17.4237	1681389797.671
10	237.5	17.4328	1681389798.175
10	238.0	17.4526	1681389798.667
10	238.5	17.4526	1681389799.171
10	239.0	17.4546	1681389799.663
10	239.5	17.4628	1681389800.167
10	240.0	17.4347	1681389800.671
10	240.5	17.4251	1681389801.175
10	241.0	17.4190	1681389801.667
10	241.5	17.4175	1681389802.171
10	242.0	17.4224	1681389802.663
10	242.5	17.4214	1681389803.167
10	243.0	17.4285	1681389803.671
10	243.5	17.4377	1681389804.175
10	244.0	17.4570	1681389804.667
10	244.5	17.4483	1681389805.171
10	245.0	17.4690	1681389805.663
10	245.5	17.5053	1681389806.167
10	246.0	17.4762	1681389806.671
10	246.5	17.4629	1681389807.175
10	247.0	17.4793	1681389807.667
10	247.5	17.4717	1681389808.171
10	248.0	17.4523	1681389808.675
10	248.5	17.4431	1681389809.167
10	249.0	17.4343	1681389809.671
10	249.5	17.4176	1681389810.175
10	250.0	17.4131	1681389810.667
10	250.5	17.4187	1681389811.171
10	251.0	17.4227	1681389811.674
10	251.5	17.4346	1681389812.167
10	252.0	17.4390	1681389812.670
10	252.5	17.4216	1681389813.175
10	253.0	17.4292	1681389813.666
10	253.5	17.5056	1681389814.170
10	254.0	17.5977	1681389814.675
10	254.5	17.6056	1681389815.166
10	255.0	17.5770	1681389815.670
10	255.5	17.5648	1681389816.174
10	256.0	17.5519	1681389816.666
10	256.5	17.5698	1681389817.170
10	257.0	17.5972	1681389817.674
10	257.5	17.5866	1681389818.166
10	258.0	17.5979	1681389818.670
10	258.5	17.5680	1681389819.174
10	259.0	17.5466	1681389819.666
10	259.5	17.5389	1681389820.170
10	260.0	17.5261	1681389820.674
10	260.5	17.5198	1681389821.166
10	261.0	17.5128	1681389821.670
10	261.5	17.4976	1681389822.174
10	262.0	17.5390	1681389822.666
10	262.5	17.5598	1681389823.170
10	263.0	17.5723	1681389823.674
10	263.5	17.6238	1681389824.166
10	264.0	17.6633	1681389824.670
10	264.5	17.6501	1681389825.174
10	265.0	17.6452	1681389825.666
10	265.5	17.6418	1681389826.170
10	266.0	17.6088	1681389826.674
10	266.5	17.5921	1681389827.166
10	267.0	17.5814	1681389827.670
10	267.5	17.5676	1681389828.174
10	268.0	17.5654	1681389828.666
10	268.5	17.5740	1681389829.170
10	269.0	17.5836	1681389829.674
10	269.5	17.6522	1681389830.166
10	270.0	17.7183	1681389830.670
10	270.5	17.7510	1681389831.174
10	271.0	17.7883	1681389831.666
10	271.5	17.8429	1681389832.170
10	272.0	17.8676	1681389832.674
10	272.5	17.8708	1681389833.166
10	273.0	17.8291	1681389833.670
10	273.5	17.7845	1681389834.174
10	274.0	17.7600	1681389834.666
10	274.5	17.7431	1681389835.170
10	275.0	17.7095	1681389835.673
10	275.5	17.6942	1681389836.166
10	276.0	17.6921	1681389836.670
10	276.5	17.6803	1681389837.174
10	277.0	17.6607	1681389837.665
10	277.5	17.6691	1681389838.170
10	278.0	17.7204	1681389838.673
10	278.5	17.7894	1681389839.165
10	279.0	17.8386	1681389839.669
10	279.5	17.8299	1681389840.173
10	280.0	17.8055	1681389840.665
10	280.5	17.7673	1681389841.169
10	281.0	17.7460	1681389841.673
10	281.5	17.7328	1681389842.165
10	282.0	17.7176	1681389842.669
10	282.5	17.6903	1681389843.173
10	283.0	17.6642	1681389843.665
10	283.5	17.6301	1681389844.170
10	284.0	17.5945	1681389844.674
10	284.5	17.5792	1681389845.165
10	285.0	17.6037	1681389845.669
10	285.5	17.6134	1681389846.173
10	286.0	17.6349	1681389846.665
10	286.5	17.6446	1681389847.169
10	287.0	17.6196	1681389847.673
10	287.5	17.5893	1681389848.165
10	288.0	17.5526	1681389848.669
10	288.5	17.5493	1681389849.173
10	289.0	17.5370	1681389849.665
10	289.5	17.5351	1681389850.169
10	290.0	17.5774	1681389850.673
10	290.5	17.6308	1681389851.165
10	291.0	17.6653	1681389851.669
10	291.5	17.6765	1681389852.173
10	292.0	17.6451	1681389852.665
10	292.5	17.6211	1681389853.169
10	293.0	17.6007	1681389853.673
10	293.5	17.5968	1681389854.165
10	294.0	17.6156	1681389854.669
10	294.5	17.6209	1681389855.173
10	295.0	17.6023	1681389855.665
10	295.5	17.6034	1681389856.169
10	296.0	17.6387	1681389856.673
10	296.5	17.6262	1681389857.165
10	297.0	17.6068	1681389857.669
10	297.5	17.6400	1681389858.173
10	298.0	17.7226	1681389858.665
10	298.5	17.7541	1681389859.169
10	299.0	17.7631	1681389859.673
10	299.5	17.7117	1681389860.165
10	300.0	17.6684	1681389860.669
10	300.5	17.6755	1681389861.173
10	301.0	17.6556	1681389861.665
10	301.5	17.6689	1681389862.169
10	302.0	17.6606	1681389862.673
10	302.5	17.6571	1681389863.165
10	303.0	17.6644	1681389863.669
10	303.5	17.7054	1681389864.172
10	304.0	17.6832	1681389864.665
10	304.5	17.6821	1681389865.168
10	305.0	17.6950	1681389865.673
10	305.5	17.7746	1681389866.164
10	306.0	17.8400	1681389866.668
10	306.5	17.8902	1681389867.172
10	307.0	17.9614	1681389867.664
10	307.5	17.9918	1681389868.168
10	308.0	17.9570	1681389868.672
10	308.5	17.9151	1681389869.164
10	309.0	17.9148	1681389869.668
10	309.5	17.8619	1681389870.172
10	310.0	17.8105	1681389870.664
10	310.5	17.7182	1681389871.168
10	311.0	17.6524	1681389871.672
10	311.5	17.6007	1681389872.164
10	312.0	17.5630	1681389872.668
10	312.5	17.5314	1681389873.172
10	313.0	17.5190	1681389873.664
10	313.5	17.5338	1681389874.168
10	314.0	17.6178	1681389874.672
10	314.5	17.6816	1681389875.164
10	315.0	17.7173	1681389875.668
10	315.5	17.7100	1681389876.172
10	316.0	17.6857	1681389876.664
10	316.5	17.6527	1681389877.168
10	317.0	17.6348	1681389877.672
10	317.5	17.6763	1681389878.164
10	318.0	17.7242	1681389878.668
10	318.5	17.6765	1681389879.172
10	319.0	17.6339	1681389879.664
10	319.5	17.6114	1681389880.168
10	320.0	17.5973	1681389880.672
10	320.5	17.6225	1681389881.164
10	321.0	17.6351	1681389881.668
10	321.5	17.7077	1681389882.172
10	322.0	17.7618	1681389882.664
10	322.5	17.7199	1681389883.168
10	323.0	17.6731	1681389883.672
10	323.5	17.6446	1681389884.164
10	324.0	17.6285	1681389884.668
10	324.5	17.6284	1681389885.172
10	325.0	17.6132	1681389885.664
10	325.5	17.5991	1681389886.168
10	326.0	17.5936	1681389886.672
10	326.5	17.6304	1681389887.164
10	327.0	17.6372	1681389887.668
10	327.5	17.6427	1681389888.172
10	328.0	17.6595	1681389888.664
10	328.5	17.6744	1681389889.168
10	329.0	17.6238	1681389889.672
10	329.5	17.5948	1681389890.176
10	330.0	17.5727	1681389890.668
10	330.5	17.5513	1681389891.171
10	331.0	17.5415	1681389891.664
10	331.5	17.5283	1681389892.167
10	332.0	17.5228	1681389892.672
10	332.5	17.4989	1681389893.175
10	333.0	17.4895	1681389893.667
10	333.5	17.5039	1681389894.171
10	334.0	17.5342	1681389894.664
10	334.5	17.5387	1681389895.167
10	335.0	17.4991	1681389895.671
10	335.5	17.4890	1681389896.175
10	336.0	17.4788	1681389896.667
10	336.5	17.4708	1681389897.171
10	337.0	17.4668	1681389897.663
10	337.5	17.4619	1681389898.167
10	338.0	17.4576	1681389898.671
10	338.5	17.4667	1681389899.175
10	339.0	17.4724	1681389899.667
10	339.5	17.4712	1681389900.171
10	340.0	17.4809	1681389900.663
10	340.5	17.4742	1681389901.167
10	341.0	17.4686	1681389901.671
10	341.5	17.4649	1681389902.175
10	342.0	17.4770	1681389902.667
10	342.5	17.4853	1681389903.171
10	343.0	17.5230	1681389903.663
10	343.5	17.5324	1681389904.167
10	344.0	17.5130	1681389904.671
10	344.5	17.5148	1681389905.175
10	345.0	17.5105	1681389905.667
10	345.5	17.5060	1681389906.171
10	346.0	17.5221	1681389906.663
10	346.5	17.5190	1681389907.167
10	347.0	17.4988	1681389907.671
10	347.5	17.4895	1681389908.175
10	348.0	17.4791	1681389908.667
10	348.5	17.5131	1681389909.171
10	349.0	17.5406	1681389909.675
10	349.5	17.5203	1681389910.167
10	350.0	17.5388	1681389910.671
10	350.5	17.5612	1681389911.175
10	351.0	17.5843	1681389911.667
10	351.5	17.5755	1681389912.171
10	352.0	17.5701	1681389912.675
10	352.5	17.5643	1681389913.167
10	353.0	17.5721	1681389913.671
10	353.5	17.5989	1681389914.175
10	354.0	17.6106	1681389914.667
10	354.5	17.5735	1681389915.171
10	355.0	17.5274	1681389915.675
10	355.5	17.4977	1681389916.167
10	356.0	17.5121	1681389916.671
10	356.5	17.4938	1681389917.174
10	357.0	17.4769	1681389917.666
10	357.5	17.4715	1681389918.170
10	358.0	17.4776	1681389918.674
10	358.5	17.4716	1681389919.166
10	359.0	17.4981	1681389919.670
10	359.5	17.5161	1681389920.174
10	360.0	17.5146	1681389920.667
10	360.5	17.5097	1681389921.170
10	361.0	17.5000	1681389921.674
10	361.5	17.4880	1681389922.166
10	362.0	17.4864	1681389922.670
10	362.5	17.4883	1681389923.174
10	363.0	17.4885	1681389923.666
10	363.5	17.5015	1681389924.170
10	364.0	17.4974	1681389924.674
10	364.5	17.5020	1681389925.166
10	365.0	17.5117	1681389925.670
10	365.5	17.5201	1681389926.174
10	366.0	17.5336	1681389926.666
10	366.5	17.5355	1681389927.170
10	367.0	17.5309	1681389927.674
10	367.5	17.5317	1681389928.166
10	368.0	17.5264	1681389928.670
10	368.5	17.5307	1681389929.174
10	369.0	17.5029	1681389929.666
10	369.5	17.4784	1681389930.170
10	370.0	17.4699	1681389930.674
10	370.5	17.4742	1681389931.166
10	371.0	17.4841	1681389931.670
10	371.5	17.4705	1681389932.174
10	372.0	17.4717	1681389932.666
10	372.5	17.4675	1681389933.170
10	373.0	17.4638	1681389933.674
10	373.5	17.4656	1681389934.166
10	374.0	17.4669	1681389934.670
10	374.5	17.4651	1681389935.174
10	375.0	17.4796	1681389935.666
10	375.5	17.4792	1681389936.170
10	376.0	17.4821	1681389936.674
10	376.5	17.4914	1681389937.166
10	377.0	17.4996	1681389937.670
10	377.5	17.5014	1681389938.174
10	378.0	17.4703	1681389938.666
10	378.5	17.4490	1681389939.170
10	379.0	17.4484	1681389939.674
10	379.5	17.4332	1681389940.166
10	380.0	17.4433	1681389940.670
10	380.5	17.4426	1681389941.173
10	381.0	17.4399	1681389941.666
10	381.5	17.4381	1681389942.170
10	382.0	17.4381	1681389942.673
10	382.5	17.4448	1681389943.166
10	383.0	17.4440	1681389943.669
10	383.5	17.4443	1681389944.173
10	384.0	17.4744	1681389944.666
10	384.5	17.4657	1681389945.169
10	385.0	17.4397	1681389945.673
10	385.5	17.4469	1681389946.165
10	386.0	17.4433	1681389946.669
10	386.5	17.4411	1681389947.173
10	387.0	17.4443	1681389947.665
10	387.5	17.4480	1681389948.169
10	388.0	17.4593	1681389948.673
10	388.5	17.4570	1681389949.165
10	389.0	17.4467	1681389949.669
10	389.5	17.4207	1681389950.173
10	390.0	17.4113	1681389950.665
10	390.5	17.4121	1681389951.169
10	391.0	17.4186	1681389951.673
10	391.5	17.4436	1681389952.165
10	392.0	17.4576	1681389952.669
10	392.5	17.4879	1681389953.173
10	393.0	17.4983	1681389953.665
10	393.5	17.5348	1681389954.169
10	394.0	17.5214	1681389954.673
10	394.5	17.5023	1681389955.165
10	395.0	17.4925	1681389955.669
10	395.5	17.4946	1681389956.173
10	396.0	17.4492	1681389956.665
10	396.5	17.4220	1681389957.169
10	397.0	17.4136	1681389957.673
10	397.5	17.4130	1681389958.165
10	398.0	17.4216	1681389958.669
10	398.5	17.4437	1681389959.173
10	399.0	17.4679	1681389959.665
10	399.5	17.4659	1681389960.169
10	400.0	17.4309	1681389960.673
10	400.5	17.4270	1681389961.165
10	401.0	17.4262	1681389961.669
10	401.5	17.4132	1681389962.173
10	402.0	17.4198	1681389962.665
10	402.5	17.4457	1681389963.169
10	403.0	17.4484	1681389963.673
10	403.5	17.4418	1681389964.165
10	404.0	17.4262	1681389964.669
10	404.5	17.4146	1681389965.173
10	405.0	17.4102	1681389965.665
10	405.5	17.4213	1681389966.169
10	406.0	17.4176	1681389966.673
10	406.5	17.4076	1681389967.165
10	407.0	17.3972	1681389967.669
10	407.5	17.3997	1681389968.172
10	408.0	17.4026	1681389968.665
10	408.5	17.4121	1681389969.168
10	409.0	17.4236	1681389969.673
10	409.5	17.4319	1681389970.165
10	410.0	17.4199	1681389970.668
10	410.5	17.4219	1681389971.172
10	411.0	17.4177	1681389971.664
10	411.5	17.4055	1681389972.168
10	412.0	17.4159	1681389972.672
10	412.5	17.4180	1681389973.164
10	413.0	17.4318	1681389973.669
10	413.5	17.4386	1681389974.172
10	414.0	17.4212	1681389974.664
10	414.5	17.4281	1681389975.168
10	415.0	17.4335	1681389975.672
10	415.5	17.4504	1681389976.164
10	416.0	17.4440	1681389976.668
10	416.5	17.4510	1681389977.172
10	417.0	17.4710	1681389977.664
10	417.5	17.4779	1681389978.168
10	418.0	17.4744	1681389978.672
10	418.5	17.4693	1681389979.164
10	419.0	17.4566	1681389979.668
10	419.5	17.4496	1681389980.172
10	420.0	17.4239	1681389980.664
10	420.5	17.4366	1681389981.168
10	421.0	17.4168	1681389981.672
10	421.5	17.4111	1681389982.164
10	422.0	17.4009	1681389982.669
10	422.5	17.4071	1681389983.172
10	423.0	17.4242	1681389983.664
10	423.5	17.4296	1681389984.168
10	424.0	17.4378	1681389984.672
10	424.5	17.4336	1681389985.164
10	425.0	17.4433	1681389985.668
10	425.5	17.4308	1681389986.172
10	426.0	17.4326	1681389986.664
10	426.5	17.4367	1681389987.168
10	427.0	17.4328	1681389987.672
10	427.5	17.4385	1681389988.164
10	428.0	17.4510	1681389988.668
10	428.5	17.4753	1681389989.172
10	429.0	17.4941	1681389989.664
10	429.5	17.4961	1681389990.168
10	430.0	17.5040	1681389990.672
10	430.5	17.5094	1681389991.164
10	431.0	17.4813	1681389991.668
10	431.5	17.4469	1681389992.172
10	432.0	17.4188	1681389992.664
10	432.5	17.4084	1681389993.168
10	433.0	17.3945	1681389993.672
10	433.5	17.3809	1681389994.175
10	434.0	17.3736	1681389994.668
10	434.5	17.3679	1681389995.172
10	435.0	17.3724	1681389995.664
10	435.5	17.3718	1681389996.168
10	436.0	17.3862	1681389996.671
10	436.5	17.3934	1681389997.175
10	437.0	17.3972	1681389997.667
10	437.5	17.3936	1681389998.171
10	438.0	17.3908	1681389998.663
10	438.5	17.3881	1681389999.167
10	439.0	17.3942	1681389999.671
10	439.5	17.3943	1681390000.175
10	440.0	17.3988	1681390000.667
10	440.5	17.4036	1681390001.172
10	441.0	17.4133	1681390001.663
10	441.5	17.4079	1681390002.167
10	442.0	17.4095	1681390002.671
10	442.5	17.4057	1681390003.175
10	443.0	17.4013	1681390003.667
10	443.5	17.4039	1681390004.171
10	444.0	17.3948	1681390004.663
10	444.5	17.3921	1681390005.167
10	445.0	17.3833	1681390005.671
10	445.5	17.3829	1681390006.175
10	446.0	17.3850	1681390006.667
10	446.5	17.3966	1681390007.171
10	447.0	17.4108	1681390007.663
10	447.5	17.4250	1681390008.167
10	448.0	17.4400	1681390008.671
10	448.5	17.4298	1681390009.175
10	449.0	17.4486	1681390009.667
10	449.5	17.5289	1681390010.171
10	450.0	17.6178	1681390010.663
10	450.5	17.6847	1681390011.167
10	451.0	17.7106	1681390011.671
10	451.5	17.6578	1681390012.175
10	452.0	17.6264	1681390012.667
10	452.5	17.6154	1681390013.171
10	453.0	17.6124	1681390013.675
10	453.5	17.6028	1681390014.167
10	454.0	17.5827	1681390014.671
10	454.5	17.6098	1681390015.175
10	455.0	17.7627	1681390015.667
10	455.5	17.7751	1681390016.171
10	456.0	17.7854	1681390016.675
10	456.5	17.7954	1681390017.167
10	457.0	17.8666	1681390017.671
10	457.5	18.0304	1681390018.175
10	458.0	18.1584	1681390018.667
10	458.5	18.2104	1681390019.171
10	459.0	18.2339	1681390019.674
10	459.5	18.2162	1681390020.167
10	460.0	18.1648	1681390020.670
10	460.5	18.0986	1681390021.174
10	461.0	18.0239	1681390021.667
10	461.5	17.9521	1681390022.170
10	462.0	17.8794	1681390022.674
10	462.5	17.8235	1681390023.167
10	463.0	17.7917	1681390023.670
10	463.5	17.7658	1681390024.174
10	464.0	17.7490	1681390024.666
10	464.5	17.7700	1681390025.170
10	465.0	17.7723	1681390025.674
10	465.5	17.7653	1681390026.166
10	466.0	17.8716	1681390026.670
10	466.5	17.9818	1681390027.174
10	467.0	18.0850	1681390027.666
10	467.5	18.1566	1681390028.170
10	468.0	18.1379	1681390028.674
10	468.5	18.1690	1681390029.166
10	469.0	18.2107	1681390029.670
10	469.5	18.2151	1681390030.174
10	470.0	18.1662	1681390030.666
10	470.5	18.1871	1681390031.170
10	471.0	18.2027	1681390031.674
10	471.5	18.1936	1681390032.166
10	472.0	18.1524	1681390032.670
10	472.5	18.1584	1681390033.174
10	473.0	18.1609	1681390033.666
10	473.5	18.1394	1681390034.170
10	474.0	18.1413	1681390034.674
10	474.5	18.1294	1681390035.166
10	475.0	18.1521	1681390035.670
10	475.5	18.1537	1681390036.174
10	476.0	18.1808	1681390036.666
10	476.5	18.2090	1681390037.170
10	477.0	18.2244	1681390037.674
10	477.5	18.2136	1681390038.166
10	478.0	18.1841	1681390038.670
10	478.5	18.1918	1681390039.174
10	479.0	18.1112	1681390039.666
10	479.5	18.0520	1681390040.170
10	480.0	18.0156	1681390040.674
10	480.5	18.0250	1681390041.166
10	481.0	18.0501	1681390041.670
10	481.5	18.0627	1681390042.174
10	482.0	18.0331	1681390042.666
10	482.5	18.0595	1681390043.170
10	483.0	18.0857	1681390043.674
10	483.5	18.0245	1681390044.166
10	484.0	17.9723	1681390044.670
10	484.5	17.9646	1681390045.174
10	485.0	17.9961	1681390045.666
10	485.5	18.0326	1681390046.170
10	486.0	18.0751	1681390046.674
10	486.5	18.1380	1681390047.166
10	487.0	18.2115	1681390047.670
10	487.5	18.3065	1681390048.173
10	488.0	18.1470	1681390048.665
10	488.5	17.9603	1681390049.169
10	489.0	17.8354	1681390049.673
10	489.5	17.8138	1681390050.165
10	490.0	17.7880	1681390050.669
10	490.5	17.7152	1681390051.173
10	491.0	17.7164	1681390051.665
10	491.5	17.6496	1681390052.169
10	492.0	17.5672	1681390052.673
10	492.5	17.5661	1681390053.165
10	493.0	17.4402	1681390053.669
10	493.5	17.3332	1681390054.173
10	494.0	17.3065	1681390054.666
10	494.5	17.2375	1681390055.169
10	495.0	17.9816	1681390055.673
10	495.5	17.6312	1681390056.165
10	496.0	17.3917	1681390056.669
10	496.5	17.2687	1681390057.173
10	497.0	17.8825	1681390057.665
10	497.5	17.5549	1681390058.169
10	498.0	17.3438	1681390058.673
10	498.5	17.2359	1681390059.165
10	499.0	17.1963	1681390059.669
10	499.5	17.4047	1681390060.173
10	500.0	17.8073	1681390060.665
10	500.5	17.5025	1681390061.169
10	501.0	17.3565	1681390061.673
10	501.5	17.2078	1681390062.165
10	502.0	17.1560	1681390062.669
10	502.5	17.1416	1681390063.173
10	503.0	17.1221	1681390063.665
10	503.5	17.2786	1681390064.169
10	504.0	17.1252	1681390064.673
10	504.5	17.0210	1681390065.165
10	505.0	17.0343	1681390065.669
10	505.5	16.9877	1681390066.173
10	506.0	16.8940	1681390066.665
10	506.5	16.8329	1681390067.169
10	507.0	17.9465	1681390067.673
10	507.5	17.4380	1681390068.165
10	508.0	17.3137	1681390068.669
10	508.5	17.9142	1681390069.173
10	509.0	17.4429	1681390069.665
10	509.5	18.0337	1681390070.169
10	510.0	17.6323	1681390070.673
10	510.5	17.3425	1681390071.165
10	511.0	17.9264	1681390071.669
10	511.5	18.0323	1681390072.172
10	512.0	17.8400	1681390072.665
10	512.5	17.4754	1681390073.169
10	513.0	17.3302	1681390073.673
10	513.5	17.9640	1681390074.165
10	514.0	17.9315	1681390074.669
10	514.5	17.4672	1681390075.172
10	515.0	17.3101	1681390075.665
10	515.5	18.0264	1681390076.168
10	516.0	17.8943	1681390076.673
10	516.5	17.9599	1681390077.164
10	517.0	17.9356	1681390077.668
10	517.5	17.7168	1681390078.172
10	518.0	17.9107	1681390078.665
10	518.5	17.9814	1681390079.168
10	519.0	17.6663	1681390079.672
10	519.5	17.3154	1681390080.164
10	520.0	17.9538	1681390080.668
10	520.5	17.5872	1681390081.172
10	521.0	17.2538	1681390081.665
10	521.5	17.1373	1681390082.168
10	522.0	16.9633	1681390082.672
10	522.5	16.8526	1681390083.164
10	523.0	17.9433	1681390083.668
10	523.5	17.4584	1681390084.172
10	524.0	17.1162	1681390084.664
10	524.5	16.9222	1681390085.168
10	525.0	18.0095	1681390085.672
10	525.5	17.4648	1681390086.164
10	526.0	17.2361	1681390086.668
10	526.5	17.9902	1681390087.172
10	527.0	17.4664	1681390087.664
10	527.5	17.1535	1681390088.168
10	528.0	16.9382	1681390088.672
10	528.5	16.7966	1681390089.164
10	529.0	16.6906	1681390089.668
10	529.5	16.6773	1681390090.172
10	530.0	16.7191	1681390090.664
10	530.5	16.7306	1681390091.168
10	531.0	16.9373	1681390091.672
10	531.5	16.8705	1681390092.164
10	532.0	16.8565	1681390092.668
10	532.5	16.7708	1681390093.172
10	533.0	16.7172	1681390093.664
10	533.5	17.5138	1681390094.168
10	534.0	17.7803	1681390094.672
10	534.5	17.3653	1681390095.176
10	535.0	17.1111	1681390095.668
10	535.5	17.1108	1681390096.172
10	536.0	17.0166	1681390096.664
10	536.5	16.9503	1681390097.168
10	537.0	16.9472	1681390097.672
10	537.5	16.9322	1681390098.176
10	538.0	16.8830	1681390098.668
10	538.5	16.8627	1681390099.171
10	539.0	17.9806	1681390099.664
10	539.5	17.5659	1681390100.168
10	540.0	17.3064	1681390100.671
10	540.5	17.2000	1681390101.175
10	541.0	17.1741	1681390101.668
10	541.5	18.0041	1681390102.171
10	542.0	17.6359	1681390102.664
10	542.5	17.5536	1681390103.167
10	543.0	17.4548	1681390103.671
10	543.5	17.3150	1681390104.175
10	544.0	18.0210	1681390104.667
10	544.5	17.6378	1681390105.171
10	545.0	17.2949	1681390105.664
10	545.5	17.2287	1681390106.167
10	546.0	17.1531	1681390106.671
10	546.5	17.1356	1681390107.175
10	547.0	17.1164	1681390107.667
10	547.5	17.1126	1681390108.171
10	548.0	17.1519	1681390108.663
10	548.5	17.1780	1681390109.167
10	549.0	17.1954	1681390109.671
10	549.5	17.1987	1681390110.175
10	550.0	17.1535	1681390110.668
10	550.5	17.1613	1681390111.171
10	551.0	17.1850	1681390111.663
10	551.5	17.2970	1681390112.167
10	552.0	17.4056	1681390112.671
10	552.5	17.4187	1681390113.175
10	553.0	17.4184	1681390113.667
10	553.5	17.4434	1681390114.171
10	554.0	17.4219	1681390114.675
10	554.5	17.4058	1681390115.167
10	555.0	17.4503	1681390115.671
10	555.5	17.4224	1681390116.175
10	556.0	17.3519	1681390116.667
10	556.5	17.3210	1681390117.171
10	557.0	17.2665	1681390117.675
10	557.5	17.2897	1681390118.167
10	558.0	17.2842	1681390118.671
10	558.5	17.2815	1681390119.175
10	559.0	17.2968	1681390119.667
10	559.5	17.3305	1681390120.171
10	560.0	17.4079	1681390120.675
10	560.5	17.3783	1681390121.167
10	561.0	17.3653	1681390121.671
10	561.5	17.5047	1681390122.175
10	562.0	17.7685	1681390122.667
10	562.5	17.5920	1681390123.171
10	563.0	18.0096	1681390123.675
10	563.5	17.7403	1681390124.167
10	564.0	17.4931	1681390124.671
10	564.5	17.4226	1681390125.175
10	565.0	17.4150	1681390125.667
10	565.5	17.3000	1681390126.171
10	566.0	17.1626	1681390126.675
10	566.5	17.1580	1681390127.167
10	567.0	17.9710	1681390127.671
10	567.5	17.8353	1681390128.174
10	568.0	17.7952	1681390128.667
10	568.5	17.7435	1681390129.170
10	569.0	17.6886	1681390129.674
10	569.5	17.9592	1681390130.167
10	570.0	17.9921	1681390130.670
10	570.5	17.7941	1681390131.174
10	571.0	17.8341	1681390131.666
10	571.5	18.0039	1681390132.170
10	572.0	17.4174	1681390132.674
10	572.5	17.4045	1681390133.166
10	573.0	17.9963	1681390133.670
10	573.5	17.9002	1681390134.174
10	574.0	17.8113	1681390134.666
10	574.5	18.0100	1681390135.170
10	575.0	17.8118	1681390135.674
10	575.5	17.5644	1681390136.166
10	576.0	17.7266	1681390136.670
10	576.5	17.9057	1681390137.174
10	577.0	17.7921	1681390137.666
10	577.5	17.5401	1681390138.170
10	578.0	18.0197	1681390138.674
10	578.5	17.8365	1681390139.166
10	579.0	17.7054	1681390139.670
10	579.5	17.6069	1681390140.174
10	580.0	17.4184	1681390140.666
10	580.5	17.4068	1681390141.170
10	581.0	17.4040	1681390141.674
10	581.5	17.2606	1681390142.166
10	582.0	17.1261	1681390142.670
10	582.5	17.1518	1681390143.174
10	583.0	17.1409	1681390143.666
10	583.5	18.0155	1681390144.170
10	584.0	17.8878	1681390144.674
10	584.5	17.8132	1681390145.166
10	585.0	18.0285	1681390145.670
10	585.5	17.9781	1681390146.174
10	586.0	17.8228	1681390146.666
10	586.5	17.6351	1681390147.170
10	587.0	17.8748	1681390147.674
10	587.5	17.9588	1681390148.166
10	588.0	17.8785	1681390148.670
10	588.5	17.7760	1681390149.174
10	589.0	17.5221	1681390149.666
10	589.5	17.2213	1681390150.170
10	590.0	17.6084	1681390150.673
10	590.5	18.0056	1681390151.166
10	591.0	17.5094	1681390151.670
10	591.5	17.2979	1681390152.173
10	592.0	17.1829	1681390152.666
10	592.5	17.2492	1681390153.170
10	593.0	18.0118	1681390153.673
10	593.5	17.9551	1681390154.166
10	594.0	17.7410	1681390154.669
10	594.5	18.0309	1681390155.173
10	595.0	17.8200	1681390155.666
10	595.5	17.4800	1681390156.169
10	596.0	17.2765	1681390156.673
10	596.5	17.2999	1681390157.165
10	597.0	17.3123	1681390157.669
10	597.5	17.3191	1681390158.173
10	598.0	17.3247	1681390158.665
10	598.5	17.3290	1681390159.169
10	599.0	17.2207	1681390159.673
10	599.5	17.0939	1681390160.165
10	600.0	17.8418	1681390160.669
10	600.5	17.6021	1681390161.173
10	601.0	17.5109	1681390161.665
10	601.5	18.0433	1681390162.170
10	602.0	17.6425	1681390162.673
10	602.5	17.3862	1681390163.165
10	603.0	17.2507	1681390163.669
10	603.5	17.0901	1681390164.173
10	604.0	17.7636	1681390164.665
10	604.5	17.9493	1681390165.169
10	605.0	17.6023	1681390165.673
10	605.5	17.3848	1681390166.165
10	606.0	17.1653	1681390166.669
10	606.5	17.1105	1681390167.173
10	607.0	18.0090	1681390167.665
10	607.5	17.7633	1681390168.169
10	608.0	17.5726	1681390168.673
10	608.5	17.3819	1681390169.165
10	609.0	17.1545	1681390169.669
10	609.5	16.9981	1681390170.173
10	610.0	16.8686	1681390170.665
10	610.5	16.9089	1681390171.169
10	611.0	16.9807	1681390171.673
10	611.5	18.0101	1681390172.165
10	612.0	17.7940	1681390172.669
10	612.5	17.6492	1681390173.173
10	613.0	18.0400	1681390173.665
10	613.5	17.8699	1681390174.169
10	614.0	17.4397	1681390174.673
10	614.5	17.2265	1681390175.165
10	615.0	17.1756	1681390175.669
10	615.5	17.1443	1681390176.173
10	616.0	17.1326	1681390176.665
10	616.5	17.0668	1681390177.169
10	617.0	18.0098	1681390177.673
10	617.5	17.7731	1681390178.165
10	618.0	17.5680	1681390178.669
10	618.5	18.0234	1681390179.172
10	619.0	17.7636	1681390179.665
10	619.5	17.5060	1681390180.169
10	620.0	18.0216	1681390180.672
10	620.5	17.7782	1681390181.164
10	621.0	17.5595	1681390181.668
10	621.5	17.4801	1681390182.172
10	622.0	17.4999	1681390182.664
10	622.5	17.4793	1681390183.168
10	623.0	17.7810	1681390183.672
10	623.5	17.4957	1681390184.164
10	624.0	17.3386	1681390184.668
10	624.5	17.2609	1681390185.172
10	625.0	17.2901	1681390185.665
10	625.5	17.2658	1681390186.169
10	626.0	17.2327	1681390186.672
10	626.5	17.1346	1681390187.164
10	627.0	17.0492	1681390187.669
10	627.5	17.0138	1681390188.172
10	628.0	17.0834	1681390188.664
10	628.5	17.0992	1681390189.168
10	629.0	17.0802	1681390189.673
10	629.5	17.0499	1681390190.164
10	630.0	17.0299	1681390190.668
10	630.5	16.9471	1681390191.172
10	631.0	17.2899	1681390191.664
10	631.5	17.2889	1681390192.168
10	632.0	17.1951	1681390192.672
10	632.5	17.2718	1681390193.164
10	633.0	17.2162	1681390193.668
10	633.5	17.3042	1681390194.172
10	634.0	17.3430	1681390194.664
10	634.5	17.3059	1681390195.168
10	635.0	17.9727	1681390195.672
10	635.5	17.7957	1681390196.164
10	636.0	17.5706	1681390196.668
10	636.5	17.9875	1681390197.172
10	637.0	17.8187	1681390197.664
10	637.5	17.8109	1681390198.168
10	638.0	17.3110	1681390198.672
10	638.5	16.9699	1681390199.176
10	639.0	18.0429	1681390199.668
10	639.5	17.7450	1681390200.172
10	640.0	17.3474	1681390200.664
10	640.5	17.1579	1681390201.168
10	641.0	17.0343	1681390201.672
10	641.5	17.0186	1681390202.175
10	642.0	16.9708	1681390202.668
10	642.5	17.0460	1681390203.172
10	643.0	17.0753	1681390203.664
10	643.5	17.0936	1681390204.168
10	644.0	16.9858	1681390204.671
10	644.5	16.9132	1681390205.175
10	645.0	16.8857	1681390205.667
10	645.5	17.6415	1681390206.172
10	646.0	17.4483	1681390206.664
10	646.5	17.6129	1681390207.168
10	647.0	18.0380	1681390207.671
10	647.5	17.9503	1681390208.175
10	648.0	17.8694	1681390208.667
10	648.5	17.6435	1681390209.171
10	649.0	17.5220	1681390209.663
10	649.5	17.5547	1681390210.167
10	650.0	17.9591	1681390210.671
10	650.5	17.8730	1681390211.175
10	651.0	17.9279	1681390211.668
10	651.5	17.7483	1681390212.171
10	652.0	17.5091	1681390212.664
10	652.5	17.4237	1681390213.167
10	653.0	17.5227	1681390213.671
10	653.5	17.9819	1681390214.175
10	654.0	17.8914	1681390214.667
10	654.5	17.6826	1681390215.171
10	655.0	17.6312	1681390215.663
10	655.5	17.6243	1681390216.167
10	656.0	17.6604	1681390216.671
10	656.5	17.9392	1681390217.175
10	657.0	17.9743	1681390217.667
10	657.5	17.7440	1681390218.171
10	658.0	18.0168	1681390218.663
10	658.5	18.0127	1681390219.167
10	659.0	17.8194	1681390219.671
10	659.5	17.7121	1681390220.175
10	660.0	17.6493	1681390220.667
10	660.5	17.5602	1681390221.171
10	661.0	17.4303	1681390221.675
10	661.5	18.0255	1681390222.167
10	662.0	17.9812	1681390222.671
10	662.5	17.6978	1681390223.175
10	663.0	17.3717	1681390223.667
10	663.5	17.2247	1681390224.171
10	664.0	17.2323	1681390224.675
10	664.5	17.2269	1681390225.167
10	665.0	18.0470	1681390225.671
10	665.5	17.8585	1681390226.175
10	666.0	17.7086	1681390226.667
10	666.5	17.4433	1681390227.171
10	667.0	17.3666	1681390227.675
10	667.5	17.2599	1681390228.167
10	668.0	17.2369	1681390228.671
10	668.5	17.4848	1681390229.175
10	669.0	17.8864	1681390229.667
10	669.5	17.4756	1681390230.170
10	670.0	17.2480	1681390230.674
10	670.5	17.1402	1681390231.166
10	671.0	17.1015	1681390231.670
10	671.5	17.0032	1681390232.174
10	672.0	16.9206	1681390232.667
10	672.5	16.7724	1681390233.170
10	673.0	16.7182	1681390233.674
10	673.5	17.2354	1681390234.166
10	674.0	17.1475	1681390234.671
10	674.5	17.1441	1681390235.175
10	675.0	17.0677	1681390235.667
10	675.5	17.0127	1681390236.170
10	676.0	18.0458	1681390236.674
10	676.5	17.8410	1681390237.166
10	677.0	17.4195	1681390237.670
10	677.5	17.1429	1681390238.174
10	678.0	16.9602	1681390238.666
10	678.5	16.8912	1681390239.170
10	679.0	18.0316	1681390239.674
10	679.5	17.8847	1681390240.166
10	680.0	17.4303	1681390240.670
10	680.5	17.2595	1681390241.175
10	681.0	17.2749	1681390241.666
10	681.5	18.0311	1681390242.170
10	682.0	17.9283	1681390242.674
10	682.5	17.7526	1681390243.166
10	683.0	17.5978	1681390243.670
10	683.5	17.3824	1681390244.174
10	684.0	17.7805	1681390244.666
10	684.5	18.0432	1681390245.170
10	685.0	17.7480	1681390245.674
10	685.5	17.4306	1681390246.167
10	686.0	17.3181	1681390246.670
10	686.5	18.0132	1681390247.174
10	687.0	17.6864	1681390247.666
10	687.5	17.4153	1681390248.170
10	688.0	17.2190	1681390248.674
10	688.5	17.0022	1681390249.166
10	689.0	16.9768	1681390249.670
10	689.5	17.9070	1681390250.174
10	690.0	17.9220	1681390250.666
10	690.5	17.6891	1681390251.170
10	691.0	17.5489	1681390251.674
10	691.5	17.4779	1681390252.166
10	692.0	17.4385	1681390252.670
10	692.5	17.3281	1681390253.174
10	693.0	17.3247	1681390253.666
10	693.5	17.2417	1681390254.170
10	694.0	16.9042	1681390254.674
10	694.5	16.7281	1681390255.166
10	695.0	16.7152	1681390255.670
10	695.5	16.7643	1681390256.173
10	696.0	16.7843	1681390256.666
10	696.5	16.7136	1681390257.170
10	697.0	16.7486	1681390257.674
10	697.5	16.7446	1681390258.166
10	698.0	16.6454	1681390258.669
10	698.5	16.6638	1681390259.173
10	699.0	17.7179	1681390259.666
10	699.5	17.8607	1681390260.169
10	700.0	18.0484	1681390260.673
10	700.5	17.9806	1681390261.165
10	701.0	17.7453	1681390261.669
10	701.5	17.6129	1681390262.173
10	702.0	17.8741	1681390262.665
10	702.5	17.9707	1681390263.169
10	703.0	17.6950	1681390263.673
10	703.5	17.4711	1681390264.165
10	704.0	17.4048	1681390264.669
10	704.5	17.3091	1681390265.174
10	705.0	17.1955	1681390265.666
10	705.5	17.0213	1681390266.169
10	706.0	18.0583	1681390266.673
10	706.5	17.8121	1681390267.165
10	707.0	17.5788	1681390267.669
10	707.5	17.4779	1681390268.173
10	708.0	17.3028	1681390268.665
10	708.5	17.0963	1681390269.169
10	709.0	17.5349	1681390269.673
10	709.5	18.0728	1681390270.165
10	710.0	17.6749	1681390270.669
10	710.5	17.4314	1681390271.173
10	711.0	17.2799	1681390271.665
10	711.5	17.1493	1681390272.169
10	712.0	16.9581	1681390272.673
10	712.5	18.0659	1681390273.165
10	713.0	17.9976	1681390273.669
10	713.5	17.7010	1681390274.173
10	714.0	17.5797	1681390274.665
10	714.5	17.4855	1681390275.169
10	715.0	18.0482	1681390275.673
10	715.5	18.0046	1681390276.165
10	716.0	17.3171	1681390276.669
10	716.5	17.2219	1681390277.173
10	717.0	18.0772	1681390277.665
10	717.5	17.9326	1681390278.169
10	718.0	17.5663	1681390278.673
10	718.5	17.3531	1681390279.165
10	719.0	18.0703	1681390279.669
10	719.5	18.0537	1681390280.173
10	720.0	17.5181	1681390280.665
10	720.5	17.4092	1681390281.169
10	721.0	17.3603	1681390281.673
10	721.5	18.0657	1681390282.165
10	722.0	18.0165	1681390282.669
10	722.5	17.7446	1681390283.173
10	723.0	17.5144	1681390283.665
10	723.5	17.4508	1681390284.169
10	724.0	18.0605	1681390284.673
10	724.5	18.0006	1681390285.165
10	725.0	17.5213	1681390285.668
10	725.5	17.1100	1681390286.172
10	726.0	17.0799	1681390286.665
10	726.5	18.0450	1681390287.168
10	727.0	17.7693	1681390287.673
10	727.5	17.6177	1681390288.164
10	728.0	17.3199	1681390288.669
10	728.5	17.3695	1681390289.172
10	729.0	18.0813	1681390289.665
10	729.5	17.7193	1681390290.168
10	730.0	17.2748	1681390290.672
10	730.5	17.1539	1681390291.164
10	731.0	17.9507	1681390291.668
10	731.5	18.0816	1681390292.172
10	732.0	18.0039	1681390292.665
10	732.5	17.7973	1681390293.169
10	733.0	17.6545	1681390293.672
10	733.5	18.0778	1681390294.165
10	734.0	17.9698	1681390294.669
10	734.5	17.6683	1681390295.172
10	735.0	17.2458	1681390295.665
10	735.5	17.0947	1681390296.168
10	736.0	17.7976	1681390296.672
10	736.5	18.0696	1681390297.165
10	737.0	17.6205	1681390297.668
10	737.5	17.3814	1681390298.172
10	738.0	17.5389	1681390298.664
10	738.5	18.0496	1681390299.168
10	739.0	17.7316	1681390299.672
10	739.5	17.4787	1681390300.164
10	740.0	17.6765	1681390300.668
10	740.5	18.0896	1681390301.172
10	741.0	17.9545	1681390301.664
10	741.5	17.7122	1681390302.169
10	742.0	17.4417	1681390302.672
10	742.5	18.0736	1681390303.176
10	743.0	18.0784	1681390303.668
10	743.5	17.7159	1681390304.172
10	744.0	17.2309	1681390304.664
10	744.5	17.0159	1681390305.168
10	745.0	18.0667	1681390305.672
10	745.5	18.0851	1681390306.176
10	746.0	17.7139	1681390306.668
10	746.5	17.4819	1681390307.172
10	747.0	17.4226	1681390307.664
10	747.5	18.0791	1681390308.168
10	748.0	17.9265	1681390308.672
10	748.5	17.7135	1681390309.175
10	749.0	17.4255	1681390309.668
10	749.5	17.3229	1681390310.171
10	750.0	18.0513	1681390310.664
10	750.5	17.8775	1681390311.167
10	751.0	17.5873	1681390311.671
10	751.5	18.0875	1681390312.175
10	752.0	17.9247	1681390312.667
10	752.5	17.5773	1681390313.171
10	753.0	17.2961	1681390313.664
10	753.5	17.3049	1681390314.167
10	754.0	17.2833	1681390314.671
10	754.5	17.0609	1681390315.175
10	755.0	17.7911	1681390315.667
10	755.5	17.9027	1681390316.171
10	756.0	17.5546	1681390316.664
10	756.5	17.2448	1681390317.167
10	757.0	18.0475	1681390317.672
10	757.5	18.0535	1681390318.175
10	758.0	17.8357	1681390318.667
10	758.5	17.3651	1681390319.171
10	759.0	17.1651	1681390319.663
10	759.5	18.0273	1681390320.168
10	760.0	17.9559	1681390320.671
10	760.5	17.7776	1681390321.175
10	761.0	17.4600	1681390321.667
10	761.5	18.0770	1681390322.171
10	762.0	17.8823	1681390322.675
10	762.5	17.4894	1681390323.167
10	763.0	17.3572	1681390323.671
10	763.5	18.0781	1681390324.175
10	764.0	17.8945	1681390324.667
10	764.5	17.5306	1681390325.171
10	765.0	17.0985	1681390325.675
10	765.5	18.0772	1681390326.167
10	766.0	18.0338	1681390326.671
10	766.5	17.5888	1681390327.175
10	767.0	17.3975	1681390327.667
10	767.5	18.0747	1681390328.171
10	768.0	17.9968	1681390328.675
10	768.5	17.6442	1681390329.167
10	769.0	17.3749	1681390329.671
10	769.5	17.2829	1681390330.175
10	770.0	17.2591	1681390330.667
10	770.5	17.7384	1681390331.171
10	771.0	17.7719	1681390331.675
10	771.5	17.6281	1681390332.167
10	772.0	17.3666	1681390332.671
10	772.5	17.8982	1681390333.175
10	773.0	18.0853	1681390333.667
10	773.5	17.6742	1681390334.171
10	774.0	17.2363	1681390334.675
10	774.5	17.1008	1681390335.167
10	775.0	18.0865	1681390335.671
10	775.5	18.0390	1681390336.174
10	776.0	17.7783	1681390336.667
10	776.5	17.5444	1681390337.171
10	777.0	18.0730	1681390337.674
10	777.5	18.0434	1681390338.166
10	778.0	17.6426	1681390338.670
10	778.5	17.2916	1681390339.174
10	779.0	17.9048	1681390339.666
10	779.5	17.5049	1681390340.170
10	780.0	17.7408	1681390340.674
10	780.5	17.8362	1681390341.166
10	781.0	17.6634	1681390341.670
10	781.5	17.4228	1681390342.174
10	782.0	17.3116	1681390342.666
10	782.5	18.0879	1681390343.170
10	783.0	17.9072	1681390343.674
10	783.5	17.4789	1681390344.166
10	784.0	17.2343	1681390344.670
10	784.5	17.1270	1681390345.174
10	785.0	17.1091	1681390345.667
10	785.5	17.0378	1681390346.170
10	786.0	17.0085	1681390346.674
10	786.5	17.0534	1681390347.166
10	787.0	17.0535	1681390347.670
10	787.5	17.0503	1681390348.174
10	788.0	17.0656	1681390348.666
10	788.5	16.9777	1681390349.170
10	789.0	17.9870	1681390349.674
10	789.5	18.0904	1681390350.166
10	790.0	17.9951	1681390350.670
10	790.5	17.7533	1681390351.174
10	791.0	17.5423	1681390351.666
10	791.5	18.0817	1681390352.170
10	792.0	18.0818	1681390352.674
10	792.5	17.7738	1681390353.166
10	793.0	17.2775	1681390353.670
10	793.5	17.0252	1681390354.174
10	794.0	16.9899	1681390354.666
10	794.5	16.9555	1681390355.170
10	795.0	16.7922	1681390355.674
10	795.5	16.6228	1681390356.166
10	796.0	16.5773	1681390356.670
10	796.5	16.4904	1681390357.174
10	797.0	16.3348	1681390357.666
10	797.5	16.3806	1681390358.170
10	798.0	16.4818	1681390358.674
10	798.5	16.5817	1681390359.166
10	799.0	16.4934	1681390359.670
10	799.5	17.3656	1681390360.174
10	800.0	18.0219	1681390360.666
10	800.5	18.0160	1681390361.170
10	801.0	17.7390	1681390361.674
10	801.5	17.5515	1681390362.166
10	802.0	17.3658	1681390362.670
10	802.5	17.3019	1681390363.174
10	803.0	18.0867	1681390363.665
10	803.5	17.8502	1681390364.169
10	804.0	17.3971	1681390364.673
10	804.5	17.0786	1681390365.165
10	805.0	17.9585	1681390365.669
10	805.5	17.9191	1681390366.173
10	806.0	17.4624	1681390366.665
10	806.5	18.0775	1681390367.169
10	807.0	18.0511	1681390367.673
10	807.5	17.7639	1681390368.165
10	808.0	17.6156	1681390368.670
10	808.5	17.5034	1681390369.173
10	809.0	18.0684	1681390369.665
10	809.5	17.8758	1681390370.169
10	810.0	17.5843	1681390370.673
10	810.5	17.2427	1681390371.165
10	811.0	17.0470	1681390371.669
10	811.5	17.0285	1681390372.173
10	812.0	16.9769	1681390372.665
10	812.5	16.9193	1681390373.169
10	813.0	16.8353	1681390373.673
10	813.5	16.9051	1681390374.165
10	814.0	18.0899	1681390374.669
10	814.5	18.0839	1681390375.173
10	815.0	17.8132	1681390375.665
10	815.5	17.5536	1681390376.169
10	816.0	17.4616	1681390376.673
10	816.5	17.4941	1681390377.165
10	817.0	18.0873	1681390377.669
10	817.5	17.9507	1681390378.173
10	818.0	17.4942	1681390378.665
10	818.5	17.2286	1681390379.169
10	819.0	18.0797	1681390379.673
10	819.5	18.0900	1681390380.165
10	820.0	17.9102	1681390380.669
10	820.5	17.7086	1681390381.173
10	821.0	17.6836	1681390381.665
10	821.5	18.0892	1681390382.169
10	822.0	17.9691	1681390382.673
10	822.5	17.8966	1681390383.165
10	823.0	17.7869	1681390383.669
10	823.5	17.7365	1681390384.173
10	824.0	17.7338	1681390384.665
10	824.5	17.6994	1681390385.169
10	825.0	18.0008	1681390385.673
10	825.5	18.0875	1681390386.165
10	826.0	18.0815	1681390386.669
10	826.5	17.8779	1681390387.173
10	827.0	17.6556	1681390387.665
10	827.5	17.4156	1681390388.169
10	828.0	17.3765	1681390388.673
10	828.5	17.3009	1681390389.165
10	829.0	17.6685	1681390389.668
10	829.5	17.5296	1681390390.172
10	830.0	17.4824	1681390390.664
10	830.5	17.4033	1681390391.168
10	831.0	18.0678	1681390391.672
10	831.5	18.0932	1681390392.165
10	832.0	17.8602	1681390392.668
10	832.5	17.7409	1681390393.172
10	833.0	17.6087	1681390393.665
10	833.5	17.4844	1681390394.169
10	834.0	17.3922	1681390394.672
10	834.5	17.3566	1681390395.164
10	835.0	17.3383	1681390395.668
10	835.5	17.2777	1681390396.172
10	836.0	17.3594	1681390396.665
10	836.5	17.8800	1681390397.168
10	837.0	17.9957	1681390397.672
10	837.5	17.8472	1681390398.164
10	838.0	18.0904	1681390398.668
10	838.5	17.7019	1681390399.172
10	839.0	17.2674	1681390399.664
10	839.5	18.0858	1681390400.168
10	840.0	18.0891	1681390400.672
10	840.5	18.0928	1681390401.165
10	841.0	18.0945	1681390401.668
10	841.5	18.0482	1681390402.172
10	842.0	18.0281	1681390402.664
10	842.5	18.0016	1681390403.168
10	843.0	17.9903	1681390403.672
10	843.5	17.9767	1681390404.164
10	844.0	17.9713	1681390404.668
10	844.5	17.9641	1681390405.172
10	845.0	17.9597	1681390405.664
10	845.5	17.9580	1681390406.168
10	846.0	17.9611	1681390406.672
10	846.5	17.9607	1681390407.176
10	847.0	17.9604	1681390407.668
10	847.5	17.9614	1681390408.172
10	848.0	17.9626	1681390408.664
10	848.5	17.9611	1681390409.168
10	849.0	17.9558	1681390409.672
10	849.5	17.9581	1681390410.176
10	850.0	17.9538	1681390410.668
10	850.5	17.9516	1681390411.172
10	851.0	17.9477	1681390411.664
10	851.5	17.9397	1681390412.168
10	852.0	17.9378	1681390412.672
10	852.5	17.9388	1681390413.175
10	853.0	17.9375	1681390413.668
10	853.5	17.9385	1681390414.172
10	854.0	17.9362	1681390414.664
10	854.5	17.9365	1681390415.168
10	855.0	17.9365	1681390415.672
10	855.5	17.9385	1681390416.175
10	856.0	17.9372	1681390416.667
10	856.5	17.9353	1681390417.171
10	857.0	17.9337	1681390417.664
10	857.5	17.9348	1681390418.167
10	858.0	17.9352	1681390418.671
10	858.5	17.9292	1681390419.175
10	859.0	17.9306	1681390419.667
10	859.5	17.9322	1681390420.171
10	860.0	17.9295	1681390420.663
10	860.5	17.9276	1681390421.167
10	861.0	17.9296	1681390421.671
10	861.5	17.9253	1681390422.175
10	862.0	17.9262	1681390422.667
10	862.5	17.9305	1681390423.171
10	863.0	17.9327	1681390423.663
10	863.5	17.9296	1681390424.167
10	864.0	17.9292	1681390424.671
10	864.5	17.9285	1681390425.175
10	865.0	17.9261	1681390425.667
10	865.5	17.9187	1681390426.171
10	866.0	17.9111	1681390426.663
10	866.5	17.9212	1681390427.167
10	867.0	17.9283	1681390427.671
10	867.5	17.9361	1681390428.175
10	868.0	17.9360	1681390428.667
10	868.5	17.9308	1681390429.171
10	869.0	17.9298	1681390429.675
10	869.5	17.9259	1681390430.167
10	870.0	17.9234	1681390430.671
10	870.5	17.9199	1681390431.175
10	871.0	17.9210	1681390431.667
10	871.5	17.9267	1681390432.171
10	872.0	17.9232	1681390432.675
10	872.5	17.9134	1681390433.167
10	873.0	17.9057	1681390433.671
10	873.5	17.9075	1681390434.175
10	874.0	17.9174	1681390434.667
10	874.5	17.9192	1681390435.171
10	875.0	17.9278	1681390435.675
10	875.5	17.9319	1681390436.167
10	876.0	17.9267	1681390436.671
10	876.5	17.9278	1681390437.175
10	877.0	17.9257	1681390437.667
10	877.5	17.9325	1681390438.171
10	878.0	17.9275	1681390438.675
10	878.5	17.9157	1681390439.167
10	879.0	17.8918	1681390439.671
10	879.5	17.8880	1681390440.175
10	880.0	17.8969	1681390440.667
10	880.5	17.9253	1681390441.170
10	881.0	17.9187	1681390441.675
10	881.5	17.9135	1681390442.166
10	882.0	17.9230	1681390442.670
10	882.5	17.9338	1681390443.174
10	883.0	17.9296	1681390443.666
10	883.5	17.9181	1681390444.170
10	884.0	17.9159	1681390444.674
10	884.5	17.8993	1681390445.166
10	885.0	17.8930	1681390445.670
10	885.5	17.8918	1681390446.174
10	886.0	17.9039	1681390446.666
10	886.5	17.9184	1681390447.170
10	887.0	17.9263	1681390447.674
10	887.5	17.9302	1681390448.166
10	888.0	17.9284	1681390448.670
10	888.5	17.9304	1681390449.174
10	889.0	17.9274	1681390449.666
10	889.5	17.9230	1681390450.170
10	890.0	17.9255	1681390450.674
10	890.5	17.9166	1681390451.166
10	891.0	17.9040	1681390451.670
10	891.5	17.9135	1681390452.174
10	892.0	17.9126	1681390452.666
10	892.5	17.9062	1681390453.170
10	893.0	17.9119	1681390453.674
10	893.5	17.9211	1681390454.166
10	894.0	17.9213	1681390454.670
10	894.5	17.9282	1681390455.174
10	895.0	17.9319	1681390455.666
10	895.5	17.9325	1681390456.170
10	896.0	17.9361	1681390456.674
10	896.5	17.9332	1681390457.166
10	897.0	17.9191	1681390457.670
10	897.5	17.9237	1681390458.174
10	898.0	17.9282	1681390458.666
10	898.5	17.9346	1681390459.170
10	899.0	17.9324	1681390459.674
10	899.5	17.9249	1681390460.166
10	900.0	17.9263	1681390460.670
10	900.5	17.9262	1681390461.174
10	901.0	17.9281	1681390461.666
10	901.5	17.9331	1681390462.170
10	902.0	17.9381	1681390462.674
10	902.5	17.9388	1681390463.166
10	903.0	17.9369	1681390463.670
10	903.5	17.9382	1681390464.174
10	904.0	17.9389	1681390464.666
10	904.5	17.9205	1681390465.170
10	905.0	17.9141	1681390465.673
10	905.5	17.9065	1681390466.166
10	906.0	17.9295	1681390466.670
10	906.5	17.9389	1681390467.173
10	907.0	17.9387	1681390467.666
10	907.5	17.9355	1681390468.170
10	908.0	17.9356	1681390468.673
10	908.5	17.9304	1681390469.166
10	909.0	17.9374	1681390469.669
10	909.5	17.9373	1681390470.173
10	910.0	17.9385	1681390470.665
10	910.5	17.9374	1681390471.169
10	911.0	17.9363	1681390471.673
10	911.5	17.9260	1681390472.165
10	912.0	17.9189	1681390472.669
10	912.5	17.9314	1681390473.173
10	913.0	17.9313	1681390473.666
10	913.5	17.9295	1681390474.169
10	914.0	17.9303	1681390474.673
10	914.5	17.9352	1681390475.165
10	915.0	17.9384	1681390475.669
10	915.5	17.9375	1681390476.173
10	916.0	17.9381	1681390476.665
10	916.5	17.9400	1681390477.169
10	917.0	17.9410	1681390477.673
10	917.5	17.9405	1681390478.165
10	918.0	17.9407	1681390478.669
10	918.5	17.9400	1681390479.173
10	919.0	17.9388	1681390479.665
10	919.5	17.9390	1681390480.169
10	920.0	17.9405	1681390480.673
10	920.5	17.9382	1681390481.165
10	921.0	17.9355	1681390481.669
10	921.5	17.9390	1681390482.173
10	922.0	17.9407	1681390482.665
10	922.5	17.9413	1681390483.169
10	923.0	17.9409	1681390483.673
10	923.5	17.9399	1681390484.165
10	924.0	17.9361	1681390484.669
10	924.5	17.9370	1681390485.173
10	925.0	17.9400	1681390485.665
10	925.5	17.9402	1681390486.169
10	926.0	17.9418	1681390486.673
10	926.5	17.9392	1681390487.165
10	927.0	17.9401	1681390487.669
10	927.5	17.9410	1681390488.173
10	928.0	17.9405	1681390488.665
10	928.5	17.9400	1681390489.169
10	929.0	17.9408	1681390489.673
10	929.5	17.9403	1681390490.165
10	930.0	17.9399	1681390490.669
10	930.5	17.9411	1681390491.173
10	931.0	17.9382	1681390491.665
10	931.5	17.9412	1681390492.169
10	932.0	17.9422	1681390492.672
10	932.5	17.9418	1681390493.165
10	933.0	17.9426	1681390493.668
10	933.5	17.9425	1681390494.172
10	934.0	17.9420	1681390494.665
10	934.5	17.9422	1681390495.168
10	935.0	17.9417	1681390495.673
10	935.5	17.9426	1681390496.164
10	936.0	17.9426	1681390496.668
10	936.5	17.9422	1681390497.172
10	937.0	17.9437	1681390497.665
10	937.5	17.9437	1681390498.168
10	938.0	17.9383	1681390498.672
10	938.5	17.9399	1681390499.164
10	939.0	17.9392	1681390499.668
10	939.5	17.9372	1681390500.172
10	940.0	17.9373	1681390500.664
10	940.5	17.9386	1681390501.168
10	941.0	17.9389	1681390501.672
10	941.5	17.9364	1681390502.164
10	942.0	17.9390	1681390502.668
10	942.5	17.9418	1681390503.172
10	943.0	17.9403	1681390503.664
10	943.5	17.9386	1681390504.168
10	944.0	17.9289	1681390504.672
10	944.5	17.9360	1681390505.164
10	945.0	17.9366	1681390505.668
10	945.5	17.9371	1681390506.172
10	946.0	17.9415	1681390506.664
10	946.5	17.9409	1681390507.168
10	947.0	17.9433	1681390507.672
10	947.5	17.9422	1681390508.176
10	948.0	17.9459	1681390508.668
10	948.5	17.9475	1681390509.172
10	949.0	17.9414	1681390509.664
10	949.5	17.9421	1681390510.168
10	950.0	17.9389	1681390510.672
10	950.5	17.9379	1681390511.164
10	951.0	17.9358	1681390511.668
10	951.5	17.9328	1681390512.172
10	952.0	17.9274	1681390512.664
10	952.5	17.9446	1681390513.168
10	953.0	17.9520	1681390513.672
10	953.5	17.9520	1681390514.176
10	954.0	17.9505	1681390514.668
10	954.5	17.9509	1681390515.172
10	955.0	17.9507	1681390515.664
10	955.5	17.9486	1681390516.168
10	956.0	17.9471	1681390516.672
10	956.5	17.9468	1681390517.176
10	957.0	17.9459	1681390517.668
10	957.5	17.9472	1681390518.172
10	958.0	17.9464	1681390518.664
10	958.5	17.9465	1681390519.168
10	959.0	17.9467	1681390519.672
10	959.5	17.9465	1681390520.175
10	960.0	17.9455	1681390520.667
10	960.5	17.9453	1681390521.171
10	961.0	17.9433	1681390521.663
10	961.5	17.9461	1681390522.167
10	962.0	17.9438	1681390522.671
10	962.5	17.9455	1681390523.175
10	963.0	17.9455	1681390523.667
10	963.5	17.9437	1681390524.171
10	964.0	17.9416	1681390524.663
10	964.5	17.9455	1681390525.167
10	965.0	17.9437	1681390525.671
10	965.5	17.9505	1681390526.175
10	966.0	17.9432	1681390526.667
10	966.5	17.9445	1681390527.171
10	967.0	17.9404	1681390527.663
10	967.5	17.9387	1681390528.167
10	968.0	17.9424	1681390528.671
10	968.5	17.9505	1681390529.175
10	969.0	17.9430	1681390529.667
10	969.5	17.9328	1681390530.171
10	970.0	17.9342	1681390530.675
10	970.5	17.9354	1681390531.167
10	971.0	17.9283	1681390531.671
10	971.5	17.9282	1681390532.175
10	972.0	17.9261	1681390532.667
10	972.5	17.9349	1681390533.171
10	973.0	17.9420	1681390533.675
10	973.5	17.9475	1681390534.167
10	974.0	17.9493	1681390534.671
10	974.5	17.9490	1681390535.175
10	975.0	17.9467	1681390535.667
10	975.5	17.9429	1681390536.171
10	976.0	17.9431	1681390536.675
10	976.5	17.9488	1681390537.167
10	977.0	17.9444	1681390537.671
10	977.5	17.9431	1681390538.175
10	978.0	17.9421	1681390538.667
10	978.5	17.9347	1681390539.171
10	979.0	17.9353	1681390539.675
10	979.5	17.9405	1681390540.167
10	980.0	17.9411	1681390540.671
10	980.5	17.9408	1681390541.175
10	981.0	17.9414	1681390541.667
10	981.5	17.9412	1681390542.171
10	982.0	17.9390	1681390542.675
10	982.5	17.9238	1681390543.167
10	983.0	17.9276	1681390543.671
10	983.5	17.9205	1681390544.174
10	984.0	17.9191	1681390544.667
10	984.5	17.9168	1681390545.171
10	985.0	17.9158	1681390545.674
10	985.5	17.9194	1681390546.167
10	986.0	17.9256	1681390546.671
10	986.5	17.9308	1681390547.174
10	987.0	17.9272	1681390547.667
10	987.5	17.9217	1681390548.170
10	988.0	17.9300	1681390548.674
10	988.5	17.9294	1681390549.167
10	989.0	17.9329	1681390549.670
10	989.5	17.9336	1681390550.174
10	990.0	17.9269	1681390550.666
10	990.5	17.9287	1681390551.170
10	991.0	17.9237	1681390551.674
10	991.5	17.9264	1681390552.166
10	992.0	17.9299	1681390552.670
10	992.5	17.9273	1681390553.174
10	993.0	17.9213	1681390553.666
10	993.5	17.9114	1681390554.170
10	994.0	17.9122	1681390554.674
10	994.5	17.9036	1681390555.166
10	995.0	17.9045	1681390555.670
10	995.5	17.9041	1681390556.174
10	996.0	17.9075	1681390556.666
10	996.5	17.9077	1681390557.170
10	997.0	17.9064	1681390557.674
10	997.5	17.9084	1681390558.166
10	998.0	17.9135	1681390558.670
10	998.5	17.9274	1681390559.174
10	999.0	17.9285	1681390559.666
10	999.5	17.9188	1681390560.170
10	1000.0	17.9141	1681390560.674
10	1000.5	17.9142	1681390561.166
10	1001.0	17.9154	1681390561.670
10	1001.5	17.9154	1681390562.174
10	1002.0	17.9144	1681390562.666
10	1002.5	17.9231	1681390563.170
10	1003.0	17.9266	1681390563.674
10	1003.5	17.9288	1681390564.166
10	1004.0	17.9285	1681390564.670
10	1004.5	17.9306	1681390565.174
10	1005.0	17.9275	1681390565.666
10	1005.5	17.9284	1681390566.170
10	1006.0	17.9267	1681390566.674
10	1006.5	17.9296	1681390567.166
10	1007.0	17.9306	1681390567.670
10	1007.5	17.9333	1681390568.174
10	1008.0	17.9332	1681390568.666
10	1008.5	17.9325	1681390569.170
10	1009.0	17.9294	1681390569.674
10	1009.5	17.9324	1681390570.166
10	1010.0	17.9310	1681390570.670
10	1010.5	17.9293	1681390571.174
10	1011.0	17.9292	1681390571.666
10	1011.5	17.9320	1681390572.170
10	1012.0	17.9275	1681390572.673
10	1012.5	17.9260	1681390573.166
10	1013.0	17.9284	1681390573.669
10	1013.5	17.9444	1681390574.173
10	1014.0	17.9397	1681390574.666
10	1014.5	17.9390	1681390575.169
10	1015.0	17.9444	1681390575.673
10	1015.5	17.9416	1681390576.165
10	1016.0	17.9394	1681390576.669
10	1016.5	17.9364	1681390577.173
10	1017.0	17.9370	1681390577.665
10	1017.5	17.9379	1681390578.169
10	1018.0	17.9391	1681390578.673
10	1018.5	17.9381	1681390579.165
10	1019.0	17.9411	1681390579.669
10	1019.5	17.9344	1681390580.173
10	1020.0	17.9313	1681390580.665
10	1020.5	17.9280	1681390581.169
10	1021.0	17.9274	1681390581.673
10	1021.5	17.9278	1681390582.165
10	1022.0	17.9254	1681390582.669
10	1022.5	17.9285	1681390583.173
10	1023.0	17.9303	1681390583.665
10	1023.5	17.9303	1681390584.169
10	1024.0	17.9317	1681390584.673
10	1024.5	17.9284	1681390585.165
10	1025.0	17.9293	1681390585.669
10	1025.5	17.9294	1681390586.173
10	1026.0	17.9274	1681390586.665
10	1026.5	17.9292	1681390587.169
10	1027.0	17.9308	1681390587.673
10	1027.5	17.9301	1681390588.165
10	1028.0	17.9303	1681390588.669
10	1028.5	17.9288	1681390589.173
10	1029.0	17.9292	1681390589.665
10	1029.5	17.9291	1681390590.169
10	1030.0	17.9293	1681390590.673
10	1030.5	17.9281	1681390591.177
10	1031.0	17.9313	1681390591.669
10	1031.5	17.9317	1681390592.173
10	1032.0	17.9298	1681390592.665
10	1032.5	17.9310	1681390593.169
10	1033.0	17.9282	1681390593.673
10	1033.5	17.9306	1681390594.177
10	1034.0	17.9303	1681390594.669
10	1034.5	17.9314	1681390595.173
10	1035.0	17.9315	1681390595.665
10	1035.5	17.9299	1681390596.169
10	1036.0	17.9291	1681390596.673
10	1036.5	17.9308	1681390597.176
10	1037.0	17.9308	1681390597.669
10	1037.5	17.9282	1681390598.173
10	1038.0	17.9285	1681390598.665
10	1038.5	17.9337	1681390599.169
10	1039.0	17.9310	1681390599.672
10	1039.5	17.9325	1681390600.176
10	1040.0	17.9312	1681390600.669
10	1040.5	17.9314	1681390601.172
10	1041.0	17.9315	1681390601.665
10	1041.5	17.9323	1681390602.168
10	1042.0	17.9304	1681390602.672
10	1042.5	17.9288	1681390603.176
10	1043.0	17.9296	1681390603.668
10	1043.5	17.9313	1681390604.172
10	1044.0	17.9323	1681390604.664
10	1044.5	17.9306	1681390605.168
10	1045.0	17.9322	1681390605.672
10	1045.5	17.9308	1681390606.176
10	1046.0	17.9310	1681390606.668
10	1046.5	17.9325	1681390607.172
10	1047.0	17.9309	1681390607.664
10	1047.5	17.9307	1681390608.168
10	1048.0	17.9309	1681390608.672
10	1048.5	17.9317	1681390609.176
10	1049.0	17.9312	1681390609.668
10	1049.5	17.9303	1681390610.172
10	1050.0	17.9259	1681390610.676
10	1050.5	17.9274	1681390611.168
10	1051.0	17.9279	1681390611.672
10	1051.5	17.9265	1681390612.176
10	1052.0	17.9238	1681390612.668
10	1052.5	17.9259	1681390613.172
10	1053.0	17.9246	1681390613.676
10	1053.5	17.9290	1681390614.168
10	1054.0	17.9306	1681390614.672
10	1054.5	17.9277	1681390615.176
10	1055.0	17.9262	1681390615.668
10	1055.5	17.9274	1681390616.172
10	1056.0	17.9319	1681390616.676
10	1056.5	17.9309	1681390617.168
10	1057.0	17.9294	1681390617.672
10	1057.5	17.9291	1681390618.176
10	1058.0	17.9304	1681390618.668
10	1058.5	17.9150	1681390619.172
10	1059.0	17.9090	1681390619.676
10	1059.5	17.9116	1681390620.168
10	1060.0	17.9263	1681390620.672
10	1060.5	17.9267	1681390621.176
10	1061.0	17.9286	1681390621.668
10	1061.5	17.9295	1681390622.172
10	1062.0	17.9264	1681390622.675
10	1062.5	17.9179	1681390623.168
10	1063.0	17.9111	1681390623.672
10	1063.5	17.9164	1681390624.175
10	1064.0	17.9210	1681390624.668
10	1064.5	17.9195	1681390625.171
10	1065.0	17.9278	1681390625.675
10	1065.5	17.9205	1681390626.168
10	1066.0	17.9173	1681390626.671
10	1066.5	17.9218	1681390627.175
10	1067.0	17.9242	1681390627.668
10	1067.5	17.9204	1681390628.171
10	1068.0	17.9253	1681390628.675
10	1068.5	17.9284	1681390629.167
10	1069.0	17.9312	1681390629.671
10	1069.5	17.9235	1681390630.175
10	1070.0	17.9090	1681390630.667
10	1070.5	17.9045	1681390631.171
10	1071.0	17.9146	1681390631.675
10	1071.5	17.9278	1681390632.167
10	1072.0	17.9303	1681390632.671
10	1072.5	17.9265	1681390633.175
10	1073.0	17.9257	1681390633.667
10	1073.5	17.9256	1681390634.171
10	1074.0	17.9272	1681390634.675
10	1074.5	17.9273	1681390635.167
10	1075.0	17.9271	1681390635.671
10	1075.5	17.9290	1681390636.175
10	1076.0	17.9270	1681390636.667
10	1076.5	17.9273	1681390637.171
10	1077.0	17.9294	1681390637.675
10	1077.5	17.9297	1681390638.167
10	1078.0	17.9296	1681390638.671
10	1078.5	17.9283	1681390639.175
10	1079.0	17.9286	1681390639.667
10	1079.5	17.9276	1681390640.171
10	1080.0	17.9298	1681390640.675
10	1080.5	17.9285	1681390641.167
10	1081.0	17.9306	1681390641.671
10	1081.5	17.9288	1681390642.175
10	1082.0	17.9306	1681390642.667
10	1082.5	17.9288	1681390643.171
10	1083.0	17.9287	1681390643.675
10	1083.5	17.9303	1681390644.167
10	1084.0	17.9302	1681390644.671
10	1084.5	17.9298	1681390645.175
10	1085.0	17.9305	1681390645.667
10	1085.5	17.9297	1681390646.171
10	1086.0	17.9311	1681390646.675
10	1086.5	17.9299	1681390647.167
10	1087.0	17.9296	1681390647.671
10	1087.5	17.9315	1681390648.175
10	1088.0	17.9312	1681390648.667
10	1088.5	17.9307	1681390649.171
10	1089.0	17.9297	1681390649.675
10	1089.5	17.9301	1681390650.167
10	1090.0	17.9322	1681390650.671
10	1090.5	17.9308	1681390651.175
10	1091.0	17.9320	1681390651.667
10	1091.5	17.9313	1681390652.170
10	1092.0	17.9321	1681390652.674
10	1092.5	17.9317	1681390653.167
10	1093.0	17.9339	1681390653.670
10	1093.5	17.9326	1681390654.174
10	1094.0	17.9338	1681390654.666
10	1094.5	17.9203	1681390655.170
10	1095.0	17.9336	1681390655.674
10	1095.5	17.9346	1681390656.166
10	1096.0	17.9341	1681390656.670
10	1096.5	17.9344	1681390657.174
10	1097.0	17.9337	1681390657.666
10	1097.5	17.9205	1681390658.170
10	1098.0	17.8720	1681390658.674
10	1098.5	17.9120	1681390659.166
10	1099.0	17.9347	1681390659.670
10	1099.5	17.9331	1681390660.174
10	1100.0	17.9314	1681390660.666
10	1100.5	17.9125	1681390661.170
10	1101.0	17.8960	1681390661.674
10	1101.5	17.9098	1681390662.166
10	1102.0	17.9336	1681390662.670
10	1102.5	17.9351	1681390663.174
10	1103.0	17.9343	1681390663.666
10	1103.5	17.9344	1681390664.170
10	1104.0	17.9337	1681390664.674
10	1104.5	17.9350	1681390665.166
10	1105.0	17.9337	1681390665.670
10	1105.5	17.9241	1681390666.174
10	1106.0	17.9257	1681390666.666
10	1106.5	17.9312	1681390667.170
10	1107.0	17.9339	1681390667.674
10	1107.5	17.9203	1681390668.166
10	1108.0	17.9022	1681390668.670
10	1108.5	17.8938	1681390669.174
10	1109.0	17.9257	1681390669.666
10	1109.5	17.9335	1681390670.170
10	1110.0	17.9331	1681390670.674
10	1110.5	17.9335	1681390671.166
10	1111.0	17.9306	1681390671.670
10	1111.5	17.9209	1681390672.174
10	1112.0	17.9288	1681390672.666
10	1112.5	17.9327	1681390673.170
10	1113.0	17.9332	1681390673.674
10	1113.5	17.9358	1681390674.166
10	1114.0	17.9372	1681390674.670
10	1114.5	17.9339	1681390675.174
10	1115.0	17.9360	1681390675.666
10	1115.5	17.8980	1681390676.170
10	1116.0	17.9304	1681390676.674
10	1116.5	17.9306	1681390677.166
10	1117.0	17.9187	1681390677.670
10	1117.5	17.8602	1681390678.173
10	1118.0	17.8749	1681390678.666
10	1118.5	17.9122	1681390679.170
10	1119.0	17.9241	1681390679.673
10	1119.5	17.9348	1681390680.166
10	1120.0	17.9344	1681390680.669
10	1120.5	17.9352	1681390681.173
10	1121.0	17.9282	1681390681.665
10	1121.5	17.9300	1681390682.169
10	1122.0	17.9302	1681390682.673
10	1122.5	17.9300	1681390683.165
10	1123.0	17.9270	1681390683.669
10	1123.5	17.9337	1681390684.173
10	1124.0	17.9284	1681390684.665
10	1124.5	17.9308	1681390685.169
10	1125.0	17.9226	1681390685.673
10	1125.5	17.9090	1681390686.165
10	1126.0	17.9110	1681390686.669
10	1126.5	17.9378	1681390687.173
10	1127.0	17.9346	1681390687.665
10	1127.5	17.9325	1681390688.169
10	1128.0	17.9235	1681390688.673
10	1128.5	17.9383	1681390689.165
10	1129.0	17.9376	1681390689.669
10	1129.5	17.9327	1681390690.173
10	1130.0	17.9345	1681390690.665
10	1130.5	17.9340	1681390691.169
10	1131.0	17.9262	1681390691.673
10	1131.5	17.9276	1681390692.177
10	1132.0	17.9199	1681390692.669
10	1132.5	17.9137	1681390693.173
10	1133.0	17.8812	1681390693.665
10	1133.5	17.9240	1681390694.169
10	1134.0	17.9339	1681390694.673
10	1134.5	17.9334	1681390695.177
10	1135.0	17.9342	1681390695.669
10	1135.5	17.9367	1681390696.173
10	1136.0	17.9380	1681390696.665
10	1136.5	17.9364	1681390697.169
10	1137.0	17.9358	1681390697.673
10	1137.5	17.9353	1681390698.177
10	1138.0	17.9361	1681390698.669
10	1138.5	17.9357	1681390699.173
10	1139.0	17.9350	1681390699.665
10	1139.5	17.9353	1681390700.169
10	1140.0	17.9317	1681390700.673
10	1140.5	17.9328	1681390701.177
10	1141.0	17.9333	1681390701.669
10	1141.5	17.9359	1681390702.173
10	1142.0	17.9405	1681390702.676
10	1142.5	17.9393	1681390703.169
10	1143.0	17.9347	1681390703.673
10	1143.5	17.9394	1681390704.176
10	1144.0	17.9399	1681390704.668
10	1144.5	17.9411	1681390705.172
10	1145.0	17.9273	1681390705.664
10	1145.5	17.9410	1681390706.168
10	1146.0	17.9247	1681390706.672
10	1146.5	17.9171	1681390707.176
10	1147.0	17.9301	1681390707.668
10	1147.5	17.9406	1681390708.172
10	1148.0	17.9379	1681390708.664
10	1148.5	17.9353	1681390709.168
10	1149.0	17.9382	1681390709.672
10	1149.5	17.9383	1681390710.176
10	1150.0	17.9353	1681390710.668
10	1150.5	17.9374	1681390711.172
10	1151.0	17.9386	1681390711.664
10	1151.5	17.9341	1681390712.168
10	1152.0	17.9380	1681390712.672
10	1152.5	17.9360	1681390713.176
10	1153.0	17.9335	1681390713.668
10	1153.5	17.9395	1681390714.172
10	1154.0	17.9387	1681390714.664
10	1154.5	17.9324	1681390715.168
10	1155.0	17.9300	1681390715.672
10	1155.5	17.9312	1681390716.176
10	1156.0	17.9306	1681390716.668
10	1156.5	17.9308	1681390717.172
10	1157.0	17.9315	1681390717.676
10	1157.5	17.9332	1681390718.168
10	1158.0	17.9317	1681390718.672
10	1158.5	17.9327	1681390719.176
10	1159.0	17.9293	1681390719.668
10	1159.5	17.9305	1681390720.172
10	1160.0	17.9258	1681390720.676
10	1160.5	17.9298	1681390721.168
10	1161.0	17.9245	1681390721.672
10	1161.5	17.9259	1681390722.176
10	1162.0	17.9271	1681390722.668
10	1162.5	17.9324	1681390723.172
10	1163.0	17.9401	1681390723.676
10	1163.5	17.9433	1681390724.168
10	1164.0	17.9364	1681390724.672
10	1164.5	17.9370	1681390725.176
10	1165.0	17.8983	1681390725.668
10	1165.5	17.9335	1681390726.172
10	1166.0	17.9413	1681390726.676
10	1166.5	17.9375	1681390727.168
10	1167.0	17.9349	1681390727.672
10	1167.5	17.9347	1681390728.176
10	1168.0	17.9309	1681390728.668
10	1168.5	17.9264	1681390729.172
10	1169.0	17.9266	1681390729.675
10	1169.5	17.9232	1681390730.168
10	1170.0	17.9292	1681390730.672
10	1170.5	17.9349	1681390731.175
10	1171.0	17.9324	1681390731.668
10	1171.5	17.9329	1681390732.171
10	1172.0	17.9346	1681390732.675
10	1172.5	17.9203	1681390733.167
10	1173.0	17.9274	1681390733.671
10	1173.5	17.9095	1681390734.175
10	1174.0	17.9327	1681390734.667
10	1174.5	17.9311	1681390735.171
10	1175.0	17.9184	1681390735.675
10	1175.5	17.9179	1681390736.167
10	1176.0	17.9175	1681390736.671
10	1176.5	17.9054	1681390737.175
10	1177.0	17.9112	1681390737.667
10	1177.5	17.9003	1681390738.171
10	1178.0	17.8933	1681390738.675
10	1178.5	17.8993	1681390739.167
10	1179.0	17.9249	1681390739.671
10	1179.5	17.9290	1681390740.175
10	1180.0	17.9259	1681390740.667
10	1180.5	17.9141	1681390741.171
10	1181.0	17.9147	1681390741.675
10	1181.5	17.9164	1681390742.167
10	1182.0	17.9257	1681390742.671
10	1182.5	17.9302	1681390743.175
10	1183.0	17.9077	1681390743.667
10	1183.5	17.9064	1681390744.171
10	1184.0	17.9088	1681390744.675
10	1184.5	17.9107	1681390745.167
10	1185.0	17.9024	1681390745.671
10	1185.5	17.9156	1681390746.175
10	1186.0	17.9247	1681390746.667
10	1186.5	17.9254	1681390747.171
10	1187.0	17.9154	1681390747.675
10	1187.5	17.9069	1681390748.167
10	1188.0	17.9080	1681390748.671
10	1188.5	17.9032	1681390749.175
10	1189.0	17.8938	1681390749.667
10	1189.5	17.8843	1681390750.171
10	1190.0	17.8953	1681390750.675
10	1190.5	17.9057	1681390751.167
10	1191.0	17.9161	1681390751.671
10	1191.5	17.9047	1681390752.175
10	1192.0	17.9040	1681390752.667
10	1192.5	17.9021	1681390753.171
10	1193.0	17.9021	1681390753.675
10	1193.5	17.9137	1681390754.167
10	1194.0	17.9231	1681390754.671
10	1194.5	17.9245	1681390755.175
10	1195.0	17.9198	1681390755.667
10	1195.5	17.9175	1681390756.171
10	1196.0	17.9050	1681390756.674
10	1196.5	17.9033	1681390757.167
10	1197.0	17.9072	1681390757.670
10	1197.5	17.9091	1681390758.174
10	1198.0	17.9102	1681390758.667
10	1198.5	17.9137	1681390759.170
10	1199.0	17.9166	1681390759.674
10	1199.5	17.9092	1681390760.166
10	1200.0	17.9136	1681390760.670
10	1200.5	17.9236	1681390761.174
10	1201.0	17.9249	1681390761.666
10	1201.5	17.9303	1681390762.170
10	1202.0	17.9237	1681390762.674
10	1202.5	17.9210	1681390763.166
10	1203.0	17.9212	1681390763.670
10	1203.5	17.9155	1681390764.174
10	1204.0	17.9216	1681390764.666
10	1204.5	17.9286	1681390765.170
10	1205.0	17.9217	1681390765.674
10	1205.5	17.9218	1681390766.166
10	1206.0	17.9179	1681390766.670
10	1206.5	17.9163	1681390767.174
10	1207.0	17.9174	1681390767.666
10	1207.5	17.9224	1681390768.170
10	1208.0	17.9240	1681390768.674
10	1208.5	17.9196	1681390769.166
10	1209.0	17.9127	1681390769.670
10	1209.5	17.9128	1681390770.174
10	1210.0	17.9165	1681390770.666
10	1210.5	17.9194	1681390771.170
10	1211.0	17.9198	1681390771.674
10	1211.5	17.9232	1681390772.166
10	1212.0	17.9229	1681390772.670
10	1212.5	17.9220	1681390773.174
10	1213.0	17.9241	1681390773.666
10	1213.5	17.9243	1681390774.170
10	1214.0	17.9195	1681390774.674
10	1214.5	17.9144	1681390775.166
10	1215.0	17.9116	1681390775.670
10	1215.5	17.9213	1681390776.174
10	1216.0	17.9186	1681390776.666
10	1216.5	17.9260	1681390777.170
10	1217.0	17.9216	1681390777.674
10	1217.5	17.9201	1681390778.166
10	1218.0	17.9105	1681390778.670
10	1218.5	17.9239	1681390779.174
10	1219.0	17.9263	1681390779.666
10	1219.5	17.9245	1681390780.170
10	1220.0	17.9228	1681390780.674
10	1220.5	17.9178	1681390781.166
10	1221.0	17.9211	1681390781.670
10	1221.5	17.9245	1681390782.174
10	1222.0	17.9313	1681390782.666
10	1222.5	17.9273	1681390783.169
10	1223.0	17.9274	1681390783.673
10	1223.5	17.9207	1681390784.165
10	1224.0	17.9256	1681390784.669
10	1224.5	17.9282	1681390785.173
10	1225.0	17.9189	1681390785.665
10	1225.5	17.9209	1681390786.169
10	1226.0	17.9241	1681390786.673
10	1226.5	17.9140	1681390787.165
10	1227.0	17.9143	1681390787.669
10	1227.5	17.9132	1681390788.173
10	1228.0	17.9119	1681390788.665
10	1228.5	17.9065	1681390789.169
10	1229.0	17.9053	1681390789.673
10	1229.5	17.9033	1681390790.165
10	1230.0	17.9055	1681390790.669
10	1230.5	17.9104	1681390791.173
10	1231.0	17.9210	1681390791.665
10	1231.5	17.9236	1681390792.169
10	1232.0	17.9237	1681390792.673
10	1232.5	17.9232	1681390793.165
10	1233.0	17.9186	1681390793.669
10	1233.5	17.9194	1681390794.173
10	1234.0	17.9209	1681390794.665
10	1234.5	17.9186	1681390795.169
10	1235.0	17.9193	1681390795.673
10	1235.5	17.9104	1681390796.165
10	1236.0	17.9164	1681390796.669
10	1236.5	17.9186	1681390797.173
10	1237.0	17.9229	1681390797.665
10	1237.5	17.9201	1681390798.169
10	1238.0	17.9212	1681390798.673
10	1238.5	17.9222	1681390799.177
10	1239.0	17.9270	1681390799.669
10	1239.5	17.9228	1681390800.173
10	1240.0	17.9234	1681390800.665
10	1240.5	17.9246	1681390801.169
10	1241.0	17.9273	1681390801.673
10	1241.5	17.9211	1681390802.177
10	1242.0	17.9229	1681390802.669
10	1242.5	17.9249	1681390803.173
10	1243.0	17.9245	1681390803.665
10	1243.5	17.9198	1681390804.169
10	1244.0	17.9215	1681390804.673
10	1244.5	17.9190	1681390805.177
10	1245.0	17.9198	1681390805.669
10	1245.5	17.9147	1681390806.173
10	1246.0	17.9113	1681390806.665
10	1246.5	17.9121	1681390807.169
10	1247.0	17.9107	1681390807.673
10	1247.5	17.9170	1681390808.176
10	1248.0	17.9216	1681390808.669
10	1248.5	17.9066	1681390809.172
10	1249.0	17.9108	1681390809.665
10	1249.5	17.9075	1681390810.169
10	1250.0	17.9060	1681390810.673
10	1250.5	17.9165	1681390811.176
10	1251.0	17.9259	1681390811.668
10	1251.5	17.9279	1681390812.172
10	1252.0	17.9249	1681390812.664
10	1252.5	17.9217	1681390813.168
10	1253.0	17.9255	1681390813.672
10	1253.5	17.9165	1681390814.176
10	1254.0	17.9170	1681390814.668
10	1254.5	17.9149	1681390815.172
10	1255.0	17.9137	1681390815.664
10	1255.5	17.9021	1681390816.168
10	1256.0	17.8991	1681390816.672
10	1256.5	17.8999	1681390817.176
10	1257.0	17.9006	1681390817.668
10	1257.5	17.9052	1681390818.172
10	1258.0	17.9096	1681390818.664
10	1258.5	17.9072	1681390819.168
10	1259.0	17.9058	1681390819.672
10	1259.5	17.9028	1681390820.176
10	1260.0	17.8960	1681390820.668
10	1260.5	17.8953	1681390821.172
10	1261.0	17.9024	1681390821.676
10	1261.5	17.9095	1681390822.168
10	1262.0	17.9089	1681390822.672
10	1262.5	17.9056	1681390823.176
10	1263.0	17.9043	1681390823.668
