# time,lat,lon,altMSC,status
,33.179792,-79.098813167,,
2023-04-13T12:39:20.000Z,33.179792,-79.098813167,,
2023-04-13T12:39:20.000Z,33.1797889,-79.0988111,,
2023-04-13T12:39:22.000Z,33.1797846,-79.098811,,
2023-04-13T12:39:23.000Z,33.179783,-79.0988101,,
2023-04-13T12:39:24.000Z,33.1797812,-79.0988085,,
2023-04-13T12:39:25.000Z,33.179779,-79.0988069,,
2023-04-13T12:39:26.000Z,33.1797758,-79.0988054,,
2023-04-13T12:39:27.000Z,33.1797727,-79.0988046,,
2023-04-13T12:39:28.000Z,33.1797713,-79.0988049,,
2023-04-13T12:39:29.000Z,33.1797711,-79.0988057,,
2023-04-13T12:39:30.000Z,33.1797696,-79.0988068,,
2023-04-13T12:39:31.000Z,33.1797667,-79.0988073,,
2023-04-13T12:39:32.000Z,33.1797636,-79.098806,,
2023-04-13T12:39:33.000Z,33.1797608,-79.0988036,,
2023-04-13T12:39:34.000Z,33.1797595,-79.0988018,,
2023-04-13T12:39:35.000Z,33.1797581,-79.0988001,,
2023-04-13T12:39:36.000Z,33.1797563,-79.0987989,,
2023-04-13T12:39:37.000Z,33.179755,-79.0987988,,
2023-04-13T12:39:38.000Z,33.1797546,-79.0987977,,
2023-04-13T12:39:39.000Z,33.1797524,-79.0987969,,
2023-04-13T12:39:40.000Z,33.1797491,-79.0987954,,
2023-04-13T12:39:41.000Z,33.1797466,-79.0987932,,
2023-04-13T12:39:42.000Z,33.1797442,-79.0987917,,
2023-04-13T12:39:43.000Z,33.1797432,-79.0987909,,
2023-04-13T12:39:44.000Z,33.1797437,-79.0987923,,
2023-04-13T12:39:45.000Z,33.1797432,-79.0987933,,
2023-04-13T12:39:46.000Z,33.1797412,-79.0987931,,
2023-04-13T12:39:47.000Z,33.1797379,-79.0987918,,
2023-04-13T12:39:48.000Z,33.1797349,-79.0987897,,
2023-04-13T12:39:49.000Z,33.1797315,-79.0987878,,
2023-04-13T12:39:50.000Z,33.1797297,-79.0987862,,
2023-04-13T12:39:51.000Z,33.179731,-79.098786,,
2023-04-13T12:39:52.001Z,33.1797317,-79.0987865,,
2023-04-13T12:39:53.000Z,33.1797284,-79.0987872,,
2023-04-13T12:39:54.000Z,33.1797233,-79.0987881,,
2023-04-13T12:39:55.000Z,33.1797197,-79.0987882,,
2023-04-13T12:39:56.000Z,33.1797182,-79.0987875,,
2023-04-13T12:39:57.000Z,33.179717,-79.0987863,,
2023-04-13T12:39:58.000Z,33.1797164,-79.0987846,,
2023-04-13T12:39:59.000Z,33.1797152,-79.0987828,,
2023-04-13T12:40:00.000Z,33.1797123,-79.098781,,
2023-04-13T12:40:01.000Z,33.1797083,-79.0987797,,
2023-04-13T12:40:02.000Z,33.179705,-79.0987802,,
2023-04-13T12:40:03.000Z,33.1797021,-79.0987812,,
2023-04-13T12:40:04.000Z,33.1797007,-79.0987811,,
2023-04-13T12:40:05.000Z,33.1796983,-79.0987808,,
2023-04-13T12:40:06.000Z,33.1796954,-79.0987792,,
2023-04-13T12:40:07.000Z,33.1796924,-79.0987771,,
2023-04-13T12:40:08.000Z,33.1796896,-79.0987748,,
2023-04-13T12:40:09.000Z,33.1796862,-79.0987733,,
2023-04-13T12:40:10.000Z,33.1796836,-79.0987728,,
2023-04-13T12:40:11.000Z,33.1796809,-79.098771,,
2023-04-13T12:40:12.000Z,33.1796789,-79.0987692,,
2023-04-13T12:40:13.000Z,33.1796761,-79.0987688,,
2023-04-13T12:40:14.000Z,33.1796725,-79.0987698,,
2023-04-13T12:40:15.000Z,33.1796686,-79.0987692,,
2023-04-13T12:40:16.000Z,33.1796663,-79.0987677,,
2023-04-13T12:40:17.000Z,33.179665,-79.0987652,,
2023-04-13T12:40:18.000Z,33.1796628,-79.0987623,,
2023-04-13T12:40:19.000Z,33.1796593,-79.09876,,
2023-04-13T12:40:20.000Z,33.1796551,-79.0987578,,
2023-04-13T12:40:21.000Z,33.1796508,-79.0987559,,
2023-04-13T12:40:22.000Z,33.1796486,-79.0987559,,
2023-04-13T12:40:23.000Z,33.1796494,-79.0987577,,
2023-04-13T12:40:24.000Z,33.1796496,-79.0987596,,
2023-04-13T12:40:25.000Z,33.1796453,-79.0987595,,
2023-04-13T12:40:26.000Z,33.1796399,-79.0987578,,
2023-04-13T12:40:27.000Z,33.1796365,-79.0987552,,
2023-04-13T12:40:28.000Z,33.1796347,-79.0987518,,
2023-04-13T12:40:29.000Z,33.1796326,-79.0987493,,
2023-04-13T12:40:30.000Z,33.1796306,-79.0987484,,
2023-04-13T12:40:31.000Z,33.1796292,-79.0987489,,
2023-04-13T12:40:32.000Z,33.1796267,-79.0987495,,
2023-04-13T12:40:33.000Z,33.1796229,-79.0987505,,
2023-04-13T12:40:34.000Z,33.1796184,-79.0987511,,
2023-04-13T12:40:35.000Z,33.1796155,-79.0987489,,
2023-04-13T12:40:36.000Z,33.1796118,-79.0987467,,
2023-04-13T12:40:37.000Z,33.1796086,-79.0987447,,
2023-04-13T12:40:38.000Z,33.1796077,-79.098744,,
2023-04-13T12:40:39.000Z,33.1796073,-79.0987442,,
2023-04-13T12:40:40.000Z,33.1796048,-79.0987441,,
2023-04-13T12:40:41.000Z,33.1796,-79.0987435,,
2023-04-13T12:40:42.000Z,33.1795969,-79.0987428,,
2023-04-13T12:40:43.000Z,33.1795949,-79.0987418,,
2023-04-13T12:40:44.000Z,33.1795924,-79.098741,,
2023-04-13T12:40:45.000Z,33.1795908,-79.0987398,,
2023-04-13T12:40:46.000Z,33.1795885,-79.0987373,,
2023-04-13T12:40:47.000Z,33.1795857,-79.0987346,,
2023-04-13T12:40:48.000Z,33.1795827,-79.0987336,,
2023-04-13T12:40:49.000Z,33.1795792,-79.0987328,,
2023-04-13T12:40:50.000Z,33.1795767,-79.0987312,,
2023-04-13T12:40:51.000Z,33.1795748,-79.0987316,,
2023-04-13T12:40:52.000Z,33.1795724,-79.0987311,,
2023-04-13T12:40:53.000Z,33.1795689,-79.0987294,,
2023-04-13T12:40:54.000Z,33.1795665,-79.0987277,,
2023-04-13T12:40:55.000Z,33.179565,-79.098726,,
2023-04-13T12:40:56.000Z,33.1795619,-79.0987245,,
2023-04-13T12:40:57.000Z,33.1795584,-79.0987226,,
2023-04-13T12:40:58.000Z,33.1795564,-79.098722,,
2023-04-13T12:40:59.000Z,33.1795561,-79.0987218,,
2023-04-13T12:41:00.000Z,33.1795557,-79.0987218,,
2023-04-13T12:41:01.000Z,33.1795541,-79.0987212,,
2023-04-13T12:41:02.000Z,33.1795509,-79.0987198,,
2023-04-13T12:41:03.000Z,33.1795464,-79.0987181,,
2023-04-13T12:41:04.000Z,33.1795422,-79.0987159,,
2023-04-13T12:41:05.000Z,33.1795409,-79.0987156,,
2023-04-13T12:41:06.000Z,33.1795398,-79.0987164,,
2023-04-13T12:41:07.000Z,33.1795374,-79.0987158,,
2023-04-13T12:41:08.000Z,33.1795338,-79.0987138,,
2023-04-13T12:41:09.000Z,33.1795311,-79.0987121,,
2023-04-13T12:41:10.000Z,33.1795302,-79.0987104,,
2023-04-13T12:41:11.000Z,33.1795293,-79.0987104,,
2023-04-13T12:41:12.000Z,33.1795279,-79.098711,,
2023-04-13T12:41:13.000Z,33.1795255,-79.0987104,,
2023-04-13T12:41:14.000Z,33.1795228,-79.0987077,,
2023-04-13T12:41:15.000Z,33.1795203,-79.0987049,,
2023-04-13T12:41:16.000Z,33.1795187,-79.0987022,,
2023-04-13T12:41:17.000Z,33.1795164,-79.0987008,,
2023-04-13T12:41:18.000Z,33.1795133,-79.0986987,,
2023-04-13T12:41:19.000Z,33.1795086,-79.0986956,,
2023-04-13T12:41:20.000Z,33.1795048,-79.0986934,,
2023-04-13T12:41:21.000Z,33.179504,-79.0986943,,
2023-04-13T12:41:22.000Z,33.1795042,-79.0986959,,
2023-04-13T12:41:23.000Z,33.1795027,-79.098697,,
2023-04-13T12:41:24.000Z,33.1794986,-79.0986951,,
2023-04-13T12:41:25.000Z,33.1794946,-79.0986915,,
2023-04-13T12:41:26.000Z,33.179492,-79.098689,,
2023-04-13T12:41:27.000Z,33.1794905,-79.0986878,,
2023-04-13T12:41:28.000Z,33.1794891,-79.0986872,,
2023-04-13T12:41:29.000Z,33.1794863,-79.0986861,,
2023-04-13T12:41:30.000Z,33.179483,-79.0986853,,
2023-04-13T12:41:31.000Z,33.1794806,-79.0986836,,
2023-04-13T12:41:32.000Z,33.179479,-79.0986812,,
2023-04-13T12:41:33.000Z,33.1794773,-79.0986794,,
2023-04-13T12:41:34.000Z,33.1794761,-79.0986789,,
2023-04-13T12:41:35.001Z,33.1794752,-79.0986792,,
2023-04-13T12:41:36.000Z,33.1794741,-79.098679,,
2023-04-13T12:41:37.000Z,33.179472,-79.0986778,,
2023-04-13T12:41:38.000Z,33.1794684,-79.0986741,,
2023-04-13T12:41:39.000Z,33.1794643,-79.0986704,,
2023-04-13T12:41:40.000Z,33.1794622,-79.0986682,,
2023-04-13T12:41:41.000Z,33.1794613,-79.0986681,,
2023-04-13T12:41:42.000Z,33.1794595,-79.098668,,
2023-04-13T12:41:43.000Z,33.1794562,-79.0986672,,
2023-04-13T12:41:44.000Z,33.179453,-79.0986652,,
2023-04-13T12:41:45.000Z,33.1794505,-79.098662,,
2023-04-13T12:41:46.000Z,33.1794484,-79.0986596,,
2023-04-13T12:41:47.000Z,33.1794475,-79.0986578,,
2023-04-13T12:41:48.000Z,33.179446,-79.0986579,,
2023-04-13T12:41:49.000Z,33.179444,-79.0986571,,
2023-04-13T12:41:50.000Z,33.1794412,-79.0986547,,
2023-04-13T12:41:51.000Z,33.1794378,-79.0986518,,
2023-04-13T12:41:52.000Z,33.1794342,-79.09865,,
2023-04-13T12:41:53.000Z,33.1794319,-79.0986489,,
2023-04-13T12:41:54.000Z,33.1794305,-79.0986484,,
2023-04-13T12:41:55.000Z,33.1794291,-79.0986464,,
2023-04-13T12:41:56.000Z,33.1794269,-79.0986434,,
2023-04-13T12:41:57.000Z,33.1794243,-79.0986412,,
2023-04-13T12:41:58.000Z,33.1794213,-79.0986404,,
2023-04-13T12:41:59.000Z,33.1794184,-79.0986398,,
2023-04-13T12:42:00.000Z,33.1794154,-79.0986392,,
2023-04-13T12:42:01.000Z,33.1794126,-79.0986381,,
2023-04-13T12:42:02.000Z,33.1794097,-79.0986358,,
2023-04-13T12:42:03.000Z,33.1794073,-79.0986326,,
2023-04-13T12:42:04.000Z,33.1794061,-79.0986313,,
2023-04-13T12:42:05.000Z,33.1794045,-79.09863,,
2023-04-13T12:42:06.000Z,33.1794019,-79.0986272,,
2023-04-13T12:42:07.000Z,33.1793984,-79.0986234,,
2023-04-13T12:42:08.000Z,33.1793955,-79.0986207,,
2023-04-13T12:42:09.000Z,33.1793927,-79.0986198,,
2023-04-13T12:42:10.000Z,33.1793905,-79.0986193,,
2023-04-13T12:42:11.000Z,33.1793885,-79.0986193,,
2023-04-13T12:42:12.000Z,33.1793866,-79.0986191,,
2023-04-13T12:42:13.000Z,33.1793848,-79.0986176,,
2023-04-13T12:42:14.000Z,33.1793826,-79.0986132,,
2023-04-13T12:42:15.000Z,33.1793797,-79.0986071,,
2023-04-13T12:42:16.000Z,33.1793791,-79.0986035,,
2023-04-13T12:42:17.000Z,33.1793813,-79.0986017,,
2023-04-13T12:42:18.000Z,33.1793811,-79.098602,,
2023-04-13T12:42:19.000Z,33.1793797,-79.0986012,,
2023-04-13T12:42:20.000Z,33.1793776,-79.0985993,,
2023-04-13T12:42:21.000Z,33.1793748,-79.098597,,
2023-04-13T12:42:22.000Z,33.1793732,-79.0985939,,
2023-04-13T12:42:23.000Z,33.1793712,-79.0985923,,
2023-04-13T12:42:24.000Z,33.1793704,-79.0985893,,
2023-04-13T12:42:25.000Z,33.1793687,-79.0985869,,
2023-04-13T12:42:26.000Z,33.179367,-79.0985855,,
2023-04-13T12:42:27.000Z,33.1793656,-79.0985843,,
2023-04-13T12:42:28.000Z,33.1793637,-79.098584,,
2023-04-13T12:42:29.000Z,33.1793612,-79.0985835,,
2023-04-13T12:42:30.000Z,33.1793586,-79.0985832,,
2023-04-13T12:42:31.000Z,33.1793561,-79.0985823,,
2023-04-13T12:42:32.000Z,33.1793532,-79.098582,,
2023-04-13T12:42:33.000Z,33.1793516,-79.09858,,
2023-04-13T12:42:34.000Z,33.1793507,-79.0985793,,
2023-04-13T12:42:35.000Z,33.1793484,-79.0985784,,
2023-04-13T12:42:36.000Z,33.1793453,-79.0985763,,
2023-04-13T12:42:37.000Z,33.1793422,-79.0985728,,
2023-04-13T12:42:38.000Z,33.179341,-79.0985718,,
2023-04-13T12:42:39.000Z,33.1793404,-79.098572,,
2023-04-13T12:42:40.000Z,33.1793414,-79.0985723,,
2023-04-13T12:42:41.000Z,33.1793403,-79.0985717,,
2023-04-13T12:42:42.000Z,33.1793376,-79.0985692,,
2023-04-13T12:42:43.000Z,33.1793347,-79.0985655,,
2023-04-13T12:42:44.000Z,33.1793321,-79.0985634,,
2023-04-13T12:42:45.000Z,33.1793305,-79.0985639,,
2023-04-13T12:42:46.000Z,33.1793299,-79.0985647,,
2023-04-13T12:42:47.000Z,33.1793284,-79.0985653,,
2023-04-13T12:42:48.000Z,33.1793262,-79.0985634,,
2023-04-13T12:42:49.000Z,33.1793236,-79.0985586,,
2023-04-13T12:42:50.000Z,33.1793212,-79.0985545,,
2023-04-13T12:42:51.000Z,33.1793185,-79.0985524,,
2023-04-13T12:42:52.000Z,33.1793168,-79.0985513,,
2023-04-13T12:42:53.000Z,33.1793147,-79.0985512,,
2023-04-13T12:42:54.000Z,33.1793126,-79.0985524,,
2023-04-13T12:42:55.000Z,33.1793101,-79.0985529,,
2023-04-13T12:42:56.000Z,33.1793078,-79.0985511,,
2023-04-13T12:42:57.000Z,33.1793062,-79.0985469,,
2023-04-13T12:42:58.000Z,33.1793039,-79.0985426,,
2023-04-13T12:42:59.000Z,33.1793019,-79.0985388,,
2023-04-13T12:43:00.000Z,33.1793003,-79.0985358,,
2023-04-13T12:43:01.000Z,33.1792984,-79.0985346,,
2023-04-13T12:43:02.000Z,33.1792959,-79.0985341,,
2023-04-13T12:43:03.000Z,33.1792935,-79.0985332,,
2023-04-13T12:43:04.000Z,33.1792913,-79.0985311,,
2023-04-13T12:43:05.000Z,33.1792886,-79.0985281,,
2023-04-13T12:43:06.000Z,33.1792865,-79.0985254,,
2023-04-13T12:43:07.000Z,33.1792837,-79.0985237,,
2023-04-13T12:43:08.000Z,33.1792812,-79.0985231,,
2023-04-13T12:43:09.000Z,33.1792794,-79.098522,,
2023-04-13T12:43:10.000Z,33.1792774,-79.0985206,,
2023-04-13T12:43:11.000Z,33.1792742,-79.0985184,,
2023-04-13T12:43:12.000Z,33.1792724,-79.098514,,
2023-04-13T12:43:13.000Z,33.1792698,-79.0985105,,
2023-04-13T12:43:14.000Z,33.1792687,-79.0985081,,
2023-04-13T12:43:15.000Z,33.1792667,-79.0985072,,
2023-04-13T12:43:16.000Z,33.1792639,-79.0985066,,
2023-04-13T12:43:17.001Z,33.1792613,-79.0985053,,
2023-04-13T12:43:18.000Z,33.1792595,-79.0985024,,
2023-04-13T12:43:19.000Z,33.1792581,-79.0984999,,
2023-04-13T12:43:20.000Z,33.1792573,-79.0985,,
2023-04-13T12:43:21.000Z,33.1792553,-79.0985001,,
2023-04-13T12:43:22.000Z,33.1792527,-79.0984979,,
2023-04-13T12:43:23.000Z,33.1792504,-79.0984952,,
2023-04-13T12:43:24.000Z,33.1792485,-79.0984935,,
2023-04-13T12:43:25.000Z,33.1792455,-79.0984932,,
2023-04-13T12:43:26.000Z,33.1792429,-79.0984925,,
2023-04-13T12:43:27.000Z,33.1792404,-79.0984901,,
2023-04-13T12:43:28.000Z,33.1792386,-79.0984868,,
2023-04-13T12:43:29.000Z,33.1792374,-79.0984858,,
2023-04-13T12:43:30.000Z,33.1792363,-79.0984872,,
2023-04-13T12:43:31.000Z,33.1792338,-79.0984883,,
2023-04-13T12:43:32.000Z,33.1792314,-79.0984858,,
2023-04-13T12:43:33.000Z,33.1792284,-79.0984816,,
2023-04-13T12:43:34.000Z,33.1792259,-79.0984791,,
2023-04-13T12:43:35.000Z,33.1792232,-79.0984766,,
2023-04-13T12:43:36.000Z,33.1792202,-79.098473,,
2023-04-13T12:43:37.000Z,33.1792184,-79.0984717,,
2023-04-13T12:43:38.000Z,33.1792172,-79.0984727,,
2023-04-13T12:43:39.000Z,33.1792168,-79.0984747,,
2023-04-13T12:43:40.000Z,33.1792156,-79.0984753,,
2023-04-13T12:43:41.000Z,33.1792143,-79.0984726,,
2023-04-13T12:43:42.000Z,33.1792111,-79.0984679,,
2023-04-13T12:43:43.000Z,33.1792081,-79.0984641,,
2023-04-13T12:43:44.000Z,33.1792059,-79.0984613,,
2023-04-13T12:43:45.000Z,33.1792038,-79.0984587,,
2023-04-13T12:43:46.000Z,33.1792024,-79.0984573,,
2023-04-13T12:43:47.000Z,33.1792005,-79.0984575,,
2023-04-13T12:43:48.000Z,33.1791992,-79.0984577,,
2023-04-13T12:43:49.000Z,33.1791976,-79.0984555,,
2023-04-13T12:43:50.000Z,33.1791952,-79.0984517,,
2023-04-13T12:43:51.000Z,33.1791933,-79.0984476,,
2023-04-13T12:43:52.000Z,33.1791922,-79.0984455,,
2023-04-13T12:43:53.000Z,33.1791887,-79.0984474,,
2023-04-13T12:43:54.000Z,33.1791872,-79.0984476,,
2023-04-13T12:43:55.000Z,33.1791852,-79.0984456,,
2023-04-13T12:43:56.000Z,33.1791821,-79.0984422,,
2023-04-13T12:43:57.000Z,33.1791785,-79.0984388,,
2023-04-13T12:43:58.000Z,33.1791754,-79.098435,,
2023-04-13T12:43:59.000Z,33.1791726,-79.0984315,,
2023-04-13T12:44:00.000Z,33.179171,-79.0984303,,
2023-04-13T12:44:01.000Z,33.1791696,-79.0984305,,
2023-04-13T12:44:02.000Z,33.1791694,-79.0984317,,
2023-04-13T12:44:03.000Z,33.1791702,-79.0984296,,
2023-04-13T12:44:04.000Z,33.1791682,-79.0984257,,
2023-04-13T12:44:05.000Z,33.1791653,-79.0984212,,
2023-04-13T12:44:06.000Z,33.1791623,-79.0984185,,
2023-04-13T12:44:07.000Z,33.1791602,-79.0984168,,
2023-04-13T12:44:08.000Z,33.1791591,-79.0984166,,
2023-04-13T12:44:09.000Z,33.1791577,-79.0984146,,
2023-04-13T12:44:10.000Z,33.1791554,-79.0984104,,
2023-04-13T12:44:11.000Z,33.1791534,-79.0984073,,
2023-04-13T12:44:12.000Z,33.1791511,-79.0984069,,
2023-04-13T12:44:13.000Z,33.1791488,-79.0984066,,
2023-04-13T12:44:14.000Z,33.1791463,-79.0984052,,
2023-04-13T12:44:15.000Z,33.1791442,-79.0984022,,
2023-04-13T12:44:16.000Z,33.1791422,-79.0984005,,
2023-04-13T12:44:17.000Z,33.1791403,-79.0983988,,
2023-04-13T12:44:18.000Z,33.1791382,-79.0983955,,
2023-04-13T12:44:19.000Z,33.179136,-79.0983921,,
2023-04-13T12:44:20.000Z,33.1791341,-79.0983905,,
2023-04-13T12:44:21.000Z,33.179133,-79.0983908,,
2023-04-13T12:44:22.000Z,33.1791311,-79.0983903,,
2023-04-13T12:44:23.000Z,33.1791304,-79.098388,,
2023-04-13T12:44:24.000Z,33.1791268,-79.0983855,,
2023-04-13T12:44:25.000Z,33.1791232,-79.0983826,,
2023-04-13T12:44:26.000Z,33.1791197,-79.0983806,,
2023-04-13T12:44:27.000Z,33.1791171,-79.0983784,,
2023-04-13T12:44:28.000Z,33.1791164,-79.0983769,,
2023-04-13T12:44:29.000Z,33.1791158,-79.0983752,,
2023-04-13T12:44:30.000Z,33.179115,-79.0983742,,
2023-04-13T12:44:31.000Z,33.1791137,-79.0983727,,
2023-04-13T12:44:32.000Z,33.1791118,-79.0983711,,
2023-04-13T12:44:33.000Z,33.1791089,-79.0983686,,
2023-04-13T12:44:34.000Z,33.1791051,-79.0983654,,
2023-04-13T12:44:35.000Z,33.1791028,-79.0983623,,
2023-04-13T12:44:36.000Z,33.1791015,-79.0983595,,
2023-04-13T12:44:37.000Z,33.1791008,-79.0983593,,
2023-04-13T12:44:38.000Z,33.1790993,-79.0983587,,
2023-04-13T12:44:39.000Z,33.1790967,-79.0983556,,
2023-04-13T12:44:40.000Z,33.1790935,-79.098351,,
2023-04-13T12:44:41.000Z,33.1790914,-79.0983477,,
2023-04-13T12:44:42.000Z,33.1790895,-79.0983463,,
2023-04-13T12:44:43.000Z,33.1790884,-79.0983456,,
2023-04-13T12:44:44.000Z,33.1790873,-79.0983449,,
2023-04-13T12:44:45.000Z,33.1790854,-79.0983444,,
2023-04-13T12:44:46.000Z,33.1790821,-79.0983423,,
2023-04-13T12:44:47.000Z,33.1790778,-79.0983383,,
2023-04-13T12:44:48.000Z,33.1790744,-79.0983324,,
2023-04-13T12:44:49.000Z,33.1790726,-79.0983299,,
2023-04-13T12:44:50.000Z,33.179071,-79.0983306,,
2023-04-13T12:44:51.000Z,33.179069,-79.09833,,
2023-04-13T12:44:52.000Z,33.1790673,-79.0983287,,
2023-04-13T12:44:53.000Z,33.1790649,-79.0983268,,
2023-04-13T12:44:54.000Z,33.179064,-79.0983245,,
2023-04-13T12:44:55.000Z,33.1790615,-79.0983222,,
2023-04-13T12:44:56.000Z,33.1790589,-79.0983199,,
2023-04-13T12:44:57.001Z,33.1790574,-79.0983184,,
2023-04-13T12:44:58.000Z,33.1790561,-79.0983183,,
2023-04-13T12:44:59.000Z,33.1790564,-79.0983178,,
2023-04-13T12:45:00.000Z,33.179056,-79.098315,,
2023-04-13T12:45:01.000Z,33.1790542,-79.0983115,,
2023-04-13T12:45:02.000Z,33.1790518,-79.098308,,
2023-04-13T12:45:03.000Z,33.1790504,-79.0983061,,
2023-04-13T12:45:04.000Z,33.1790497,-79.0983048,,
2023-04-13T12:45:05.000Z,33.1790486,-79.0983039,,
2023-04-13T12:45:06.000Z,33.1790468,-79.0983017,,
2023-04-13T12:45:07.000Z,33.1790447,-79.0982976,,
2023-04-13T12:45:08.000Z,33.1790417,-79.0982933,,
2023-04-13T12:45:09.000Z,33.1790392,-79.0982896,,
2023-04-13T12:45:10.000Z,33.1790377,-79.0982875,,
2023-04-13T12:45:11.000Z,33.1790365,-79.0982872,,
2023-04-13T12:45:12.000Z,33.179035,-79.0982864,,
2023-04-13T12:45:13.000Z,33.1790323,-79.0982845,,
2023-04-13T12:45:14.000Z,33.1790289,-79.0982815,,
2023-04-13T12:45:15.000Z,33.1790262,-79.098278,,
2023-04-13T12:45:16.000Z,33.1790243,-79.0982744,,
2023-04-13T12:45:17.000Z,33.1790222,-79.0982721,,
2023-04-13T12:45:18.000Z,33.1790204,-79.0982698,,
2023-04-13T12:45:19.000Z,33.1790183,-79.0982661,,
2023-04-13T12:45:20.000Z,33.1790162,-79.0982617,,
2023-04-13T12:45:21.000Z,33.1790147,-79.0982591,,
2023-04-13T12:45:22.000Z,33.179013,-79.0982582,,
2023-04-13T12:45:23.000Z,33.1790108,-79.0982574,,
2023-04-13T12:45:24.000Z,33.179009,-79.0982553,,
2023-04-13T12:45:25.000Z,33.1790062,-79.098252,,
2023-04-13T12:45:26.000Z,33.1790038,-79.0982476,,
2023-04-13T12:45:27.000Z,33.1790015,-79.0982443,,
2023-04-13T12:45:28.000Z,33.1789999,-79.0982416,,
2023-04-13T12:45:29.000Z,33.1789973,-79.0982383,,
2023-04-13T12:45:30.000Z,33.1789955,-79.0982347,,
2023-04-13T12:45:31.000Z,33.1789939,-79.0982318,,
2023-04-13T12:45:32.000Z,33.1789921,-79.0982297,,
2023-04-13T12:45:33.000Z,33.1789907,-79.0982278,,
2023-04-13T12:45:34.000Z,33.1789892,-79.0982255,,
2023-04-13T12:45:35.000Z,33.1789866,-79.0982216,,
2023-04-13T12:45:36.000Z,33.1789831,-79.0982178,,
2023-04-13T12:45:37.000Z,33.1789805,-79.0982135,,
2023-04-13T12:45:38.000Z,33.178979,-79.0982098,,
2023-04-13T12:45:39.000Z,33.1789795,-79.0982076,,
2023-04-13T12:45:40.000Z,33.1789776,-79.0982064,,
2023-04-13T12:45:41.000Z,33.1789761,-79.0982041,,
2023-04-13T12:45:42.000Z,33.178974,-79.0982015,,
2023-04-13T12:45:43.000Z,33.1789714,-79.0981981,,
2023-04-13T12:45:44.000Z,33.178968,-79.0981939,,
2023-04-13T12:45:45.000Z,33.1789652,-79.0981902,,
2023-04-13T12:45:46.000Z,33.1789622,-79.0981883,,
2023-04-13T12:45:47.000Z,33.178961,-79.0981857,,
2023-04-13T12:45:48.000Z,33.1789605,-79.0981835,,
2023-04-13T12:45:49.000Z,33.1789595,-79.0981819,,
2023-04-13T12:45:50.000Z,33.1789574,-79.0981813,,
2023-04-13T12:45:51.000Z,33.1789541,-79.09818,,
2023-04-13T12:45:52.000Z,33.1789497,-79.0981762,,
2023-04-13T12:45:53.000Z,33.1789467,-79.0981706,,
2023-04-13T12:45:54.000Z,33.1789435,-79.0981662,,
2023-04-13T12:45:55.000Z,33.1789423,-79.098164,,
2023-04-13T12:45:56.000Z,33.1789416,-79.0981615,,
2023-04-13T12:45:57.000Z,33.1789401,-79.0981604,,
2023-04-13T12:45:58.000Z,33.1789384,-79.0981606,,
2023-04-13T12:45:59.000Z,33.1789362,-79.0981589,,
2023-04-13T12:46:00.000Z,33.1789333,-79.0981552,,
2023-04-13T12:46:01.000Z,33.1789311,-79.0981507,,
2023-04-13T12:46:02.000Z,33.1789283,-79.0981459,,
2023-04-13T12:46:03.000Z,33.178927,-79.0981408,,
2023-04-13T12:46:04.000Z,33.1789254,-79.0981378,,
2023-04-13T12:46:05.000Z,33.1789241,-79.0981369,,
2023-04-13T12:46:06.000Z,33.1789222,-79.0981354,,
2023-04-13T12:46:07.000Z,33.1789198,-79.0981321,,
2023-04-13T12:46:08.000Z,33.1789171,-79.098128,,
2023-04-13T12:46:09.000Z,33.1789134,-79.0981259,,
2023-04-13T12:46:10.000Z,33.1789118,-79.0981224,,
2023-04-13T12:46:11.000Z,33.1789121,-79.0981195,,
2023-04-13T12:46:12.000Z,33.1789116,-79.0981175,,
2023-04-13T12:46:13.000Z,33.1789102,-79.098116,,
2023-04-13T12:46:14.000Z,33.1789079,-79.0981141,,
2023-04-13T12:46:15.000Z,33.1789047,-79.0981116,,
2023-04-13T12:46:16.000Z,33.1789014,-79.0981076,,
2023-04-13T12:46:17.000Z,33.1788988,-79.0981021,,
2023-04-13T12:46:18.000Z,33.1788971,-79.0980997,,
2023-04-13T12:46:19.000Z,33.1788975,-79.0980997,,
2023-04-13T12:46:20.000Z,33.1788969,-79.0981003,,
2023-04-13T12:46:21.000Z,33.1788946,-79.0980994,,
2023-04-13T12:46:22.000Z,33.1788913,-79.0980956,,
2023-04-13T12:46:23.000Z,33.1788869,-79.0980909,,
2023-04-13T12:46:24.000Z,33.1788832,-79.0980879,,
2023-04-13T12:46:25.000Z,33.178881,-79.0980852,,
2023-04-13T12:46:26.000Z,33.1788802,-79.098083,,
2023-04-13T12:46:27.000Z,33.1788784,-79.0980817,,
2023-04-13T12:46:28.000Z,33.1788759,-79.0980802,,
2023-04-13T12:46:29.000Z,33.1788734,-79.098078,,
2023-04-13T12:46:30.000Z,33.1788716,-79.0980743,,
2023-04-13T12:46:31.000Z,33.1788689,-79.0980717,,
2023-04-13T12:46:32.000Z,33.1788678,-79.0980696,,
2023-04-13T12:46:33.000Z,33.1788673,-79.098067,,
2023-04-13T12:46:34.000Z,33.1788662,-79.0980637,,
2023-04-13T12:46:35.000Z,33.1788635,-79.0980595,,
2023-04-13T12:46:36.001Z,33.1788617,-79.0980542,,
2023-04-13T12:46:37.000Z,33.1788606,-79.09805,,
2023-04-13T12:46:38.000Z,33.1788597,-79.0980462,,
2023-04-13T12:46:39.000Z,33.1788612,-79.0980441,,
2023-04-13T12:46:40.000Z,33.1788607,-79.0980421,,
2023-04-13T12:46:41.000Z,33.1788587,-79.0980399,,
2023-04-13T12:46:42.000Z,33.1788568,-79.0980363,,
2023-04-13T12:46:43.000Z,33.1788549,-79.0980319,,
2023-04-13T12:46:44.000Z,33.178854,-79.0980258,,
2023-04-13T12:46:45.000Z,33.1788534,-79.0980193,,
2023-04-13T12:46:46.000Z,33.1788532,-79.0980163,,
2023-04-13T12:46:47.000Z,33.1788534,-79.0980171,,
2023-04-13T12:46:48.000Z,33.1788525,-79.0980174,,
2023-04-13T12:46:49.000Z,33.1788498,-79.0980142,,
2023-04-13T12:46:50.000Z,33.1788468,-79.0980078,,
2023-04-13T12:46:51.000Z,33.1788437,-79.097999,,
2023-04-13T12:46:52.000Z,33.1788427,-79.0979943,,
2023-04-13T12:46:53.000Z,33.178844,-79.0979952,,
2023-04-13T12:46:54.000Z,33.1788435,-79.0979957,,
2023-04-13T12:46:55.000Z,33.1788418,-79.097992,,
2023-04-13T12:46:56.000Z,33.1788386,-79.0979862,,
2023-04-13T12:46:57.000Z,33.1788359,-79.0979812,,
2023-04-13T12:46:58.000Z,33.1788329,-79.0979781,,
2023-04-13T12:46:59.000Z,33.178831,-79.0979774,,
2023-04-13T12:47:00.000Z,33.178829,-79.0979761,,
2023-04-13T12:47:01.000Z,33.1788272,-79.0979715,,
2023-04-13T12:47:02.000Z,33.178824,-79.0979661,,
2023-04-13T12:47:03.000Z,33.1788233,-79.0979646,,
2023-04-13T12:47:04.000Z,33.178822,-79.0979638,,
2023-04-13T12:47:05.000Z,33.1788196,-79.0979583,,
2023-04-13T12:47:06.000Z,33.1788155,-79.0979501,,
2023-04-13T12:47:07.000Z,33.1788142,-79.0979439,,
2023-04-13T12:47:08.000Z,33.1788136,-79.0979393,,
2023-04-13T12:47:09.000Z,33.1788106,-79.0979357,,
2023-04-13T12:47:10.000Z,33.1788073,-79.0979317,,
2023-04-13T12:47:11.000Z,33.1788036,-79.0979267,,
2023-04-13T12:47:12.000Z,33.1787994,-79.0979224,,
2023-04-13T12:47:13.000Z,33.1787965,-79.0979189,,
2023-04-13T12:47:14.000Z,33.1787931,-79.0979163,,
2023-04-13T12:47:15.000Z,33.1787895,-79.0979135,,
2023-04-13T12:47:16.000Z,33.1787857,-79.0979084,,
2023-04-13T12:47:17.000Z,33.1787828,-79.0979044,,
2023-04-13T12:47:18.000Z,33.1787819,-79.0979021,,
2023-04-13T12:47:19.000Z,33.1787808,-79.0978993,,
2023-04-13T12:47:20.000Z,33.1787772,-79.0978949,,
2023-04-13T12:47:21.000Z,33.1787733,-79.0978926,,
2023-04-13T12:47:22.000Z,33.1787686,-79.0978893,,
2023-04-13T12:47:23.000Z,33.1787667,-79.0978849,,
2023-04-13T12:47:24.000Z,33.1787652,-79.0978785,,
2023-04-13T12:47:25.000Z,33.1787639,-79.0978731,,
2023-04-13T12:47:26.000Z,33.1787638,-79.0978682,,
2023-04-13T12:47:27.000Z,33.1787636,-79.0978649,,
2023-04-13T12:47:28.000Z,33.1787632,-79.0978613,,
2023-04-13T12:47:29.000Z,33.1787632,-79.0978568,,
2023-04-13T12:47:30.000Z,33.1787639,-79.0978508,,
2023-04-13T12:47:31.000Z,33.178764,-79.0978437,,
2023-04-13T12:47:32.000Z,33.1787646,-79.0978369,,
2023-04-13T12:47:33.000Z,33.1787651,-79.0978326,,
2023-04-13T12:47:34.000Z,33.1787636,-79.0978265,,
2023-04-13T12:47:35.000Z,33.1787622,-79.0978188,,
2023-04-13T12:47:36.000Z,33.1787628,-79.0978139,,
2023-04-13T12:47:37.000Z,33.1787642,-79.0978091,,
2023-04-13T12:47:38.000Z,33.1787662,-79.0978023,,
2023-04-13T12:47:39.000Z,33.1787709,-79.0977939,,
2023-04-13T12:47:40.000Z,33.1787763,-79.0977845,,
2023-04-13T12:47:41.000Z,33.1787798,-79.0977739,,
2023-04-13T12:47:42.000Z,33.1787803,-79.0977635,,
2023-04-13T12:47:43.000Z,33.1787805,-79.0977539,,
2023-04-13T12:47:44.000Z,33.1787833,-79.0977431,,
2023-04-13T12:47:45.000Z,33.1787889,-79.0977315,,
2023-04-13T12:47:46.000Z,33.1787946,-79.0977189,,
2023-04-13T12:47:47.000Z,33.1787992,-79.0977085,,
2023-04-13T12:47:48.000Z,33.1788017,-79.0977012,,
2023-04-13T12:47:49.000Z,33.1788029,-79.0976908,,
2023-04-13T12:47:50.000Z,33.1788045,-79.0976776,,
2023-04-13T12:47:51.000Z,33.1788073,-79.0976646,,
2023-04-13T12:47:52.000Z,33.1788119,-79.0976542,,
2023-04-13T12:47:53.000Z,33.178816,-79.0976448,,
2023-04-13T12:47:54.000Z,33.1788191,-79.0976365,,
2023-04-13T12:47:55.000Z,33.1788181,-79.0976279,,
2023-04-13T12:47:56.000Z,33.178822,-79.0976156,,
2023-04-13T12:47:57.000Z,33.1788287,-79.0976038,,
2023-04-13T12:47:58.000Z,33.1788326,-79.0975915,,
2023-04-13T12:47:59.000Z,33.1788357,-79.0975798,,
2023-04-13T12:48:00.000Z,33.178838,-79.0975708,,
2023-04-13T12:48:01.000Z,33.1788391,-79.0975615,,
2023-04-13T12:48:02.000Z,33.1788392,-79.0975521,,
2023-04-13T12:48:03.000Z,33.1788407,-79.0975431,,
2023-04-13T12:48:04.000Z,33.1788404,-79.0975329,,
2023-04-13T12:48:05.000Z,33.1788397,-79.0975274,,
2023-04-13T12:48:06.000Z,33.17884,-79.0975234,,
2023-04-13T12:48:07.000Z,33.1788399,-79.0975192,,
2023-04-13T12:48:08.000Z,33.17884,-79.0975153,,
2023-04-13T12:48:09.000Z,33.1788393,-79.0975092,,
2023-04-13T12:48:10.000Z,33.1788374,-79.0974988,,
2023-04-13T12:48:11.000Z,33.1788383,-79.0974874,,
2023-04-13T12:48:12.000Z,33.1788411,-79.0974773,,
2023-04-13T12:48:13.000Z,33.1788413,-79.0974686,,
2023-04-13T12:48:14.000Z,33.1788409,-79.0974604,,
2023-04-13T12:48:15.001Z,33.1788405,-79.0974534,,
2023-04-13T12:48:16.000Z,33.1788414,-79.097448,,
2023-04-13T12:48:17.000Z,33.178841,-79.0974435,,
2023-04-13T12:48:18.000Z,33.178838,-79.0974379,,
2023-04-13T12:48:19.000Z,33.1788341,-79.0974306,,
2023-04-13T12:48:20.000Z,33.1788319,-79.0974242,,
2023-04-13T12:48:21.000Z,33.1788295,-79.0974193,,
2023-04-13T12:48:22.000Z,33.1788311,-79.0974142,,
2023-04-13T12:48:23.000Z,33.178831,-79.0974089,,
2023-04-13T12:48:24.000Z,33.1788281,-79.0974038,,
2023-04-13T12:48:25.000Z,33.1788245,-79.0973968,,
2023-04-13T12:48:26.000Z,33.1788202,-79.0973904,,
2023-04-13T12:48:27.000Z,33.1788172,-79.0973849,,
2023-04-13T12:48:28.000Z,33.1788159,-79.0973793,,
2023-04-13T12:48:29.000Z,33.1788137,-79.0973736,,
2023-04-13T12:48:30.000Z,33.1788095,-79.0973686,,
2023-04-13T12:48:31.000Z,33.178806,-79.0973629,,
2023-04-13T12:48:32.000Z,33.1788041,-79.0973577,,
2023-04-13T12:48:33.000Z,33.1788003,-79.0973511,,
2023-04-13T12:48:34.000Z,33.1787964,-79.0973449,,
2023-04-13T12:48:35.000Z,33.1787938,-79.0973407,,
2023-04-13T12:48:36.000Z,33.1787915,-79.0973357,,
2023-04-13T12:48:37.000Z,33.1787888,-79.0973285,,
2023-04-13T12:48:38.000Z,33.1787847,-79.0973207,,
2023-04-13T12:48:39.000Z,33.1787828,-79.097316,,
2023-04-13T12:48:40.000Z,33.1787798,-79.0973115,,
2023-04-13T12:48:41.000Z,33.1787762,-79.0973066,,
2023-04-13T12:48:42.000Z,33.1787733,-79.0973026,,
2023-04-13T12:48:43.000Z,33.1787692,-79.0972979,,
2023-04-13T12:48:44.000Z,33.1787655,-79.0972922,,
2023-04-13T12:48:45.000Z,33.1787622,-79.097286,,
2023-04-13T12:48:46.000Z,33.1787576,-79.0972807,,
2023-04-13T12:48:47.000Z,33.1787539,-79.0972759,,
2023-04-13T12:48:48.000Z,33.1787506,-79.0972728,,
2023-04-13T12:48:49.000Z,33.1787473,-79.0972701,,
2023-04-13T12:48:50.000Z,33.1787456,-79.0972679,,
2023-04-13T12:48:51.000Z,33.1787416,-79.0972636,,
2023-04-13T12:48:52.000Z,33.1787351,-79.0972566,,
2023-04-13T12:48:53.000Z,33.1787312,-79.0972504,,
2023-04-13T12:48:54.000Z,33.1787281,-79.0972465,,
2023-04-13T12:48:55.000Z,33.178725,-79.097243,,
2023-04-13T12:48:56.000Z,33.1787202,-79.0972395,,
2023-04-13T12:48:57.000Z,33.1787138,-79.0972366,,
2023-04-13T12:48:58.000Z,33.1787092,-79.0972314,,
2023-04-13T12:48:59.000Z,33.1787085,-79.0972291,,
2023-04-13T12:49:00.000Z,33.1787086,-79.097226,,
2023-04-13T12:49:01.000Z,33.1787048,-79.0972194,,
2023-04-13T12:49:02.000Z,33.1786986,-79.0972116,,
2023-04-13T12:49:03.000Z,33.1786919,-79.0972039,,
2023-04-13T12:49:04.000Z,33.1786861,-79.0971979,,
2023-04-13T12:49:05.000Z,33.1786829,-79.0971944,,
2023-04-13T12:49:06.000Z,33.1786827,-79.0971953,,
2023-04-13T12:49:07.000Z,33.1786824,-79.097195,,
2023-04-13T12:49:08.000Z,33.1786816,-79.097192,,
2023-04-13T12:49:09.000Z,33.1786788,-79.0971862,,
2023-04-13T12:49:10.000Z,33.1786745,-79.0971789,,
2023-04-13T12:49:11.000Z,33.1786697,-79.0971709,,
2023-04-13T12:49:12.000Z,33.1786646,-79.0971649,,
2023-04-13T12:49:13.000Z,33.178662,-79.0971611,,
2023-04-13T12:49:14.000Z,33.1786601,-79.0971573,,
2023-04-13T12:49:15.000Z,33.1786562,-79.0971528,,
2023-04-13T12:49:16.000Z,33.178652,-79.0971476,,
2023-04-13T12:49:17.000Z,33.178649,-79.0971452,,
2023-04-13T12:49:18.000Z,33.1786451,-79.097143,,
2023-04-13T12:49:19.000Z,33.1786406,-79.097139,,
2023-04-13T12:49:20.000Z,33.1786377,-79.0971344,,
2023-04-13T12:49:21.000Z,33.1786359,-79.0971285,,
2023-04-13T12:49:22.000Z,33.1786314,-79.097121,,
2023-04-13T12:49:23.000Z,33.1786253,-79.0971149,,
2023-04-13T12:49:24.000Z,33.1786206,-79.0971118,,
2023-04-13T12:49:25.000Z,33.1786175,-79.0971076,,
2023-04-13T12:49:26.000Z,33.1786147,-79.0971063,,
2023-04-13T12:49:27.000Z,33.1786148,-79.097107,,
2023-04-13T12:49:28.000Z,33.1786121,-79.0971023,,
2023-04-13T12:49:29.000Z,33.1786081,-79.0970927,,
2023-04-13T12:49:30.000Z,33.1786039,-79.0970855,,
2023-04-13T12:49:31.000Z,33.1785989,-79.0970794,,
2023-04-13T12:49:32.000Z,33.1785964,-79.0970769,,
2023-04-13T12:49:33.000Z,33.1785952,-79.097075,,
2023-04-13T12:49:34.000Z,33.1785917,-79.0970704,,
2023-04-13T12:49:35.000Z,33.1785895,-79.0970664,,
2023-04-13T12:49:36.000Z,33.1785882,-79.0970625,,
2023-04-13T12:49:37.000Z,33.178586,-79.0970584,,
2023-04-13T12:49:38.000Z,33.1785835,-79.0970531,,
2023-04-13T12:49:39.000Z,33.1785798,-79.0970469,,
2023-04-13T12:49:40.000Z,33.1785747,-79.0970418,,
2023-04-13T12:49:41.000Z,33.1785725,-79.0970379,,
2023-04-13T12:49:42.000Z,33.1785713,-79.097034,,
2023-04-13T12:49:43.000Z,33.1785677,-79.09703,,
2023-04-13T12:49:44.000Z,33.178564,-79.0970258,,
2023-04-13T12:49:45.000Z,33.1785611,-79.0970217,,
2023-04-13T12:49:46.000Z,33.1785582,-79.0970154,,
2023-04-13T12:49:47.000Z,33.1785546,-79.0970091,,
2023-04-13T12:49:48.000Z,33.1785514,-79.0970053,,
2023-04-13T12:49:49.000Z,33.1785465,-79.0970025,,
2023-04-13T12:49:50.000Z,33.178543,-79.0969985,,
2023-04-13T12:49:51.000Z,33.1785387,-79.0969937,,
2023-04-13T12:49:52.001Z,33.1785333,-79.0969874,,
2023-04-13T12:49:53.000Z,33.1785307,-79.0969804,,
2023-04-13T12:49:54.000Z,33.1785302,-79.0969752,,
2023-04-13T12:49:55.000Z,33.1785286,-79.0969706,,
2023-04-13T12:49:56.000Z,33.1785267,-79.096965,,
2023-04-13T12:49:57.000Z,33.1785245,-79.0969569,,
2023-04-13T12:49:58.000Z,33.1785205,-79.0969481,,
2023-04-13T12:49:59.000Z,33.1785183,-79.0969427,,
2023-04-13T12:50:00.000Z,33.1785207,-79.0969389,,
2023-04-13T12:50:01.000Z,33.1785228,-79.0969362,,
2023-04-13T12:50:02.000Z,33.1785218,-79.0969319,,
2023-04-13T12:50:03.000Z,33.1785213,-79.0969282,,
2023-04-13T12:50:04.000Z,33.1785232,-79.0969244,,
2023-04-13T12:50:05.000Z,33.1785249,-79.0969193,,
2023-04-13T12:50:06.000Z,33.1785247,-79.0969122,,
2023-04-13T12:50:07.000Z,33.1785234,-79.0969063,,
2023-04-13T12:50:08.000Z,33.1785226,-79.0969038,,
2023-04-13T12:50:09.000Z,33.1785214,-79.0969011,,
2023-04-13T12:50:10.000Z,33.1785208,-79.0968957,,
2023-04-13T12:50:11.000Z,33.1785211,-79.0968927,,
2023-04-13T12:50:12.000Z,33.17852,-79.09689,,
2023-04-13T12:50:13.000Z,33.1785186,-79.0968861,,
2023-04-13T12:50:14.000Z,33.1785178,-79.0968842,,
2023-04-13T12:50:15.000Z,33.1785176,-79.0968818,,
2023-04-13T12:50:16.000Z,33.1785181,-79.0968785,,
2023-04-13T12:50:17.000Z,33.1785188,-79.0968758,,
2023-04-13T12:50:18.000Z,33.1785202,-79.0968733,,
2023-04-13T12:50:19.000Z,33.1785199,-79.0968691,,
2023-04-13T12:50:20.000Z,33.1785179,-79.0968632,,
2023-04-13T12:50:21.000Z,33.1785176,-79.0968582,,
2023-04-13T12:50:22.000Z,33.1785215,-79.0968557,,
2023-04-13T12:50:23.000Z,33.1785237,-79.096856,,
2023-04-13T12:50:24.000Z,33.1785234,-79.0968535,,
2023-04-13T12:50:25.000Z,33.1785237,-79.0968496,,
2023-04-13T12:50:26.000Z,33.1785264,-79.0968502,,
2023-04-13T12:50:27.000Z,33.1785281,-79.0968511,,
2023-04-13T12:50:28.000Z,33.1785284,-79.0968491,,
2023-04-13T12:50:29.000Z,33.1785277,-79.0968477,,
2023-04-13T12:50:30.000Z,33.1785273,-79.0968485,,
2023-04-13T12:50:31.000Z,33.1785269,-79.0968483,,
2023-04-13T12:50:32.000Z,33.178524,-79.0968463,,
2023-04-13T12:50:33.000Z,33.1785211,-79.0968446,,
2023-04-13T12:50:34.000Z,33.1785232,-79.0968459,,
2023-04-13T12:50:35.000Z,33.1785234,-79.0968478,,
2023-04-13T12:50:36.000Z,33.1785229,-79.0968474,,
2023-04-13T12:50:37.000Z,33.1785232,-79.0968477,,
2023-04-13T12:50:38.000Z,33.1785202,-79.0968455,,
2023-04-13T12:50:39.000Z,33.1785193,-79.0968424,,
2023-04-13T12:50:40.000Z,33.1785205,-79.0968425,,
2023-04-13T12:50:41.000Z,33.1785215,-79.0968434,,
2023-04-13T12:50:42.000Z,33.1785233,-79.0968443,,
2023-04-13T12:50:43.000Z,33.178523,-79.0968436,,
2023-04-13T12:50:44.000Z,33.1785212,-79.096843,,
2023-04-13T12:50:45.000Z,33.1785216,-79.0968429,,
2023-04-13T12:50:46.000Z,33.1785208,-79.096842,,
2023-04-13T12:50:47.000Z,33.1785186,-79.09684,,
2023-04-13T12:50:48.000Z,33.178518,-79.0968385,,
2023-04-13T12:50:49.000Z,33.1785192,-79.0968384,,
2023-04-13T12:50:50.000Z,33.1785221,-79.0968403,,
2023-04-13T12:50:51.000Z,33.1785237,-79.0968426,,
2023-04-13T12:50:52.000Z,33.1785224,-79.0968448,,
2023-04-13T12:50:53.000Z,33.1785224,-79.0968451,,
2023-04-13T12:50:54.000Z,33.1785221,-79.0968429,,
2023-04-13T12:50:55.000Z,33.1785189,-79.0968398,,
2023-04-13T12:50:56.000Z,33.1785172,-79.0968381,,
2023-04-13T12:50:57.000Z,33.1785184,-79.0968387,,
2023-04-13T12:50:58.000Z,33.1785174,-79.0968393,,
2023-04-13T12:50:59.000Z,33.1785166,-79.0968374,,
2023-04-13T12:51:00.000Z,33.1785178,-79.0968389,,
2023-04-13T12:51:01.000Z,33.1785181,-79.0968415,,
2023-04-13T12:51:02.000Z,33.1785166,-79.0968425,,
2023-04-13T12:51:03.000Z,33.1785146,-79.0968422,,
2023-04-13T12:51:04.000Z,33.1785154,-79.0968413,,
2023-04-13T12:51:05.000Z,33.1785168,-79.0968392,,
2023-04-13T12:51:06.000Z,33.1785159,-79.0968402,,
2023-04-13T12:51:07.000Z,33.1785156,-79.0968422,,
2023-04-13T12:51:08.000Z,33.1785146,-79.0968428,,
2023-04-13T12:51:09.000Z,33.1785147,-79.0968421,,
2023-04-13T12:51:10.000Z,33.1785155,-79.0968424,,
2023-04-13T12:51:11.000Z,33.1785136,-79.0968432,,
2023-04-13T12:51:12.000Z,33.1785149,-79.0968434,,
2023-04-13T12:51:13.000Z,33.1785179,-79.0968453,,
2023-04-13T12:51:14.000Z,33.1785173,-79.0968454,,
2023-04-13T12:51:15.000Z,33.1785152,-79.0968435,,
2023-04-13T12:51:16.000Z,33.1785138,-79.0968423,,
2023-04-13T12:51:17.000Z,33.1785146,-79.0968439,,
2023-04-13T12:51:18.000Z,33.1785143,-79.0968446,,
2023-04-13T12:51:19.000Z,33.1785143,-79.0968451,,
2023-04-13T12:51:20.000Z,33.1785154,-79.0968448,,
2023-04-13T12:51:21.000Z,33.1785163,-79.0968431,,
2023-04-13T12:51:22.000Z,33.1785177,-79.0968426,,
2023-04-13T12:51:23.000Z,33.1785186,-79.0968421,,
2023-04-13T12:51:24.000Z,33.1785182,-79.0968427,,
2023-04-13T12:51:25.000Z,33.1785193,-79.0968415,,
2023-04-13T12:51:26.000Z,33.1785198,-79.0968405,,
2023-04-13T12:51:27.001Z,33.1785188,-79.0968402,,
2023-04-13T12:51:28.000Z,33.1785172,-79.0968393,,
2023-04-13T12:51:29.000Z,33.1785175,-79.0968373,,
2023-04-13T12:51:30.000Z,33.1785188,-79.0968362,,
2023-04-13T12:51:31.000Z,33.1785216,-79.0968376,,
2023-04-13T12:51:32.000Z,33.1785246,-79.096841,,
2023-04-13T12:51:33.000Z,33.1785266,-79.0968426,,
2023-04-13T12:51:34.000Z,33.1785276,-79.0968443,,
2023-04-13T12:51:35.000Z,33.1785258,-79.0968426,,
2023-04-13T12:51:36.000Z,33.1785212,-79.0968391,,
2023-04-13T12:51:37.000Z,33.1785196,-79.0968355,,
2023-04-13T12:51:38.000Z,33.1785194,-79.0968345,,
2023-04-13T12:51:39.000Z,33.1785203,-79.0968368,,
2023-04-13T12:51:40.000Z,33.1785224,-79.0968415,,
2023-04-13T12:51:41.000Z,33.1785242,-79.0968442,,
2023-04-13T12:51:42.000Z,33.1785233,-79.096843,,
2023-04-13T12:51:43.000Z,33.1785225,-79.0968428,,
2023-04-13T12:51:44.000Z,33.178521,-79.0968416,,
2023-04-13T12:51:45.000Z,33.1785206,-79.0968401,,
2023-04-13T12:51:46.000Z,33.1785214,-79.09684,,
2023-04-13T12:51:47.000Z,33.1785188,-79.0968411,,
2023-04-13T12:51:48.000Z,33.1785167,-79.0968417,,
2023-04-13T12:51:49.000Z,33.1785181,-79.0968417,,
2023-04-13T12:51:50.000Z,33.1785198,-79.0968417,,
2023-04-13T12:51:51.000Z,33.17852,-79.0968408,,
2023-04-13T12:51:52.000Z,33.178521,-79.0968395,,
2023-04-13T12:51:53.000Z,33.1785201,-79.0968388,,
2023-04-13T12:51:54.000Z,33.1785209,-79.0968382,,
2023-04-13T12:51:55.000Z,33.178522,-79.0968405,,
2023-04-13T12:51:56.000Z,33.1785223,-79.0968401,,
2023-04-13T12:51:57.000Z,33.1785201,-79.0968379,,
2023-04-13T12:51:58.000Z,33.1785199,-79.0968372,,
2023-04-13T12:51:59.000Z,33.1785213,-79.0968376,,
2023-04-13T12:52:00.000Z,33.1785197,-79.0968398,,
2023-04-13T12:52:01.000Z,33.1785167,-79.0968389,,
2023-04-13T12:52:02.000Z,33.1785154,-79.096838,,
2023-04-13T12:52:03.000Z,33.1785173,-79.0968391,,
2023-04-13T12:52:04.000Z,33.1785171,-79.0968407,,
2023-04-13T12:52:05.000Z,33.1785161,-79.0968398,,
2023-04-13T12:52:06.000Z,33.1785166,-79.0968389,,
2023-04-13T12:52:07.000Z,33.1785169,-79.0968391,,
2023-04-13T12:52:08.000Z,33.1785169,-79.0968398,,
2023-04-13T12:52:09.000Z,33.1785173,-79.0968411,,
2023-04-13T12:52:10.000Z,33.1785188,-79.0968442,,
2023-04-13T12:52:11.000Z,33.17852,-79.0968461,,
2023-04-13T12:52:12.000Z,33.1785168,-79.0968441,,
2023-04-13T12:52:13.000Z,33.1785141,-79.0968411,,
2023-04-13T12:52:14.000Z,33.1785149,-79.0968394,,
2023-04-13T12:52:15.000Z,33.1785151,-79.0968402,,
2023-04-13T12:52:16.000Z,33.1785154,-79.0968425,,
2023-04-13T12:52:17.000Z,33.178517,-79.096843,,
2023-04-13T12:52:18.000Z,33.1785169,-79.0968426,,
2023-04-13T12:52:19.000Z,33.1785156,-79.0968439,,
2023-04-13T12:52:20.000Z,33.1785158,-79.0968459,,
2023-04-13T12:52:21.000Z,33.1785152,-79.096848,,
2023-04-13T12:52:22.000Z,33.1785145,-79.0968478,,
2023-04-13T12:52:23.000Z,33.1785149,-79.0968466,,
2023-04-13T12:52:24.000Z,33.1785136,-79.096846,,
2023-04-13T12:52:25.000Z,33.1785108,-79.0968447,,
2023-04-13T12:52:26.000Z,33.1785113,-79.0968436,,
2023-04-13T12:52:27.000Z,33.1785152,-79.0968429,,
2023-04-13T12:52:28.000Z,33.1785152,-79.0968424,,
2023-04-13T12:52:29.000Z,33.1785126,-79.0968417,,
2023-04-13T12:52:30.000Z,33.1785137,-79.096844,,
2023-04-13T12:52:31.000Z,33.1785136,-79.0968442,,
2023-04-13T12:52:32.000Z,33.1785128,-79.0968442,,
2023-04-13T12:52:33.000Z,33.1785125,-79.0968448,,
2023-04-13T12:52:34.000Z,33.1785121,-79.0968461,,
2023-04-13T12:52:35.000Z,33.1785105,-79.0968453,,
2023-04-13T12:52:36.000Z,33.1785096,-79.0968422,,
2023-04-13T12:52:37.000Z,33.1785115,-79.0968406,,
2023-04-13T12:52:38.000Z,33.1785139,-79.0968401,,
2023-04-13T12:52:39.000Z,33.1785134,-79.0968398,,
2023-04-13T12:52:40.000Z,33.1785142,-79.0968424,,
2023-04-13T12:52:41.000Z,33.1785155,-79.0968459,,
2023-04-13T12:52:42.000Z,33.1785166,-79.0968485,,
2023-04-13T12:52:43.000Z,33.1785177,-79.0968499,,
2023-04-13T12:52:44.000Z,33.1785174,-79.0968478,,
2023-04-13T12:52:45.000Z,33.1785139,-79.0968445,,
2023-04-13T12:52:46.000Z,33.1785129,-79.0968416,,
2023-04-13T12:52:47.000Z,33.1785157,-79.0968425,,
2023-04-13T12:52:48.000Z,33.1785184,-79.0968438,,
2023-04-13T12:52:49.000Z,33.1785196,-79.0968446,,
2023-04-13T12:52:50.000Z,33.1785181,-79.0968442,,
2023-04-13T12:52:51.000Z,33.1785149,-79.0968431,,
2023-04-13T12:52:52.000Z,33.1785136,-79.0968424,,
2023-04-13T12:52:53.000Z,33.1785138,-79.0968418,,
2023-04-13T12:52:54.000Z,33.1785164,-79.0968459,,
2023-04-13T12:52:55.000Z,33.1785202,-79.0968503,,
2023-04-13T12:52:56.000Z,33.178521,-79.0968508,,
2023-04-13T12:52:57.000Z,33.1785216,-79.0968506,,
2023-04-13T12:52:58.000Z,33.1785213,-79.0968483,,
2023-04-13T12:52:59.000Z,33.1785202,-79.096846,,
2023-04-13T12:53:00.000Z,33.178518,-79.0968449,,
2023-04-13T12:53:01.000Z,33.1785161,-79.0968425,,
2023-04-13T12:53:02.001Z,33.1785158,-79.0968425,,
2023-04-13T12:53:03.000Z,33.1785163,-79.0968445,,
2023-04-13T12:53:04.000Z,33.1785159,-79.0968443,,
2023-04-13T12:53:05.000Z,33.1785172,-79.0968448,,
2023-04-13T12:53:06.000Z,33.1785195,-79.096848,,
2023-04-13T12:53:07.000Z,33.1785178,-79.0968475,,
2023-04-13T12:53:08.000Z,33.1785162,-79.0968421,,
2023-04-13T12:53:09.000Z,33.1785171,-79.096842,,
2023-04-13T12:53:10.000Z,33.1785182,-79.0968431,,
2023-04-13T12:53:11.000Z,33.1785182,-79.096842,,
2023-04-13T12:53:12.000Z,33.178519,-79.0968421,,
2023-04-13T12:53:13.000Z,33.1785194,-79.0968445,,
2023-04-13T12:53:14.000Z,33.1785187,-79.0968429,,
2023-04-13T12:53:15.000Z,33.1785172,-79.0968386,,
2023-04-13T12:53:16.000Z,33.1785172,-79.0968371,,
2023-04-13T12:53:17.000Z,33.1785187,-79.0968386,,
2023-04-13T12:53:18.000Z,33.1785205,-79.0968396,,
2023-04-13T12:53:19.000Z,33.1785235,-79.0968399,,
2023-04-13T12:53:20.000Z,33.1785257,-79.0968391,,
2023-04-13T12:53:21.000Z,33.178524,-79.0968348,,
2023-04-13T12:53:22.000Z,33.1785233,-79.0968313,,
2023-04-13T12:53:23.000Z,33.1785256,-79.0968299,,
2023-04-13T12:53:24.000Z,33.1785269,-79.0968294,,
2023-04-13T12:53:25.000Z,33.1785283,-79.0968309,,
2023-04-13T12:53:26.000Z,33.1785312,-79.0968297,,
2023-04-13T12:53:27.000Z,33.178533,-79.0968274,,
2023-04-13T12:53:28.000Z,33.1785321,-79.0968224,,
2023-04-13T12:53:29.000Z,33.1785318,-79.0968206,,
2023-04-13T12:53:30.000Z,33.1785355,-79.0968195,,
2023-04-13T12:53:31.000Z,33.1785379,-79.0968166,,
2023-04-13T12:53:32.000Z,33.1785399,-79.0968146,,
2023-04-13T12:53:33.000Z,33.1785393,-79.0968117,,
2023-04-13T12:53:34.000Z,33.1785398,-79.0968101,,
2023-04-13T12:53:35.000Z,33.1785428,-79.0968091,,
2023-04-13T12:53:36.000Z,33.1785455,-79.0968068,,
2023-04-13T12:53:37.000Z,33.1785469,-79.0968065,,
2023-04-13T12:53:38.000Z,33.1785466,-79.0968037,,
2023-04-13T12:53:39.000Z,33.1785458,-79.0968006,,
2023-04-13T12:53:40.000Z,33.1785465,-79.0967998,,
2023-04-13T12:53:41.000Z,33.1785468,-79.0967999,,
2023-04-13T12:53:42.000Z,33.1785479,-79.0967993,,
2023-04-13T12:53:43.000Z,33.1785499,-79.096798,,
2023-04-13T12:53:44.000Z,33.1785519,-79.0967974,,
2023-04-13T12:53:45.000Z,33.178552,-79.0967955,,
2023-04-13T12:53:46.000Z,33.1785502,-79.096795,,
2023-04-13T12:53:47.000Z,33.178552,-79.0967986,,
2023-04-13T12:53:48.000Z,33.1785543,-79.0968017,,
2023-04-13T12:53:49.000Z,33.1785542,-79.0968018,,
2023-04-13T12:53:50.000Z,33.1785525,-79.0967997,,
2023-04-13T12:53:51.000Z,33.1785516,-79.0967992,,
2023-04-13T12:53:52.000Z,33.1785498,-79.0967981,,
2023-04-13T12:53:53.000Z,33.1785481,-79.0967959,,
2023-04-13T12:53:54.000Z,33.1785496,-79.0967966,,
2023-04-13T12:53:55.000Z,33.1785533,-79.0967977,,
2023-04-13T12:53:56.000Z,33.1785563,-79.0967993,,
2023-04-13T12:53:57.000Z,33.1785583,-79.0968012,,
2023-04-13T12:53:58.000Z,33.1785579,-79.0968007,,
2023-04-13T12:53:59.000Z,33.1785526,-79.0968003,,
2023-04-13T12:54:00.000Z,33.1785498,-79.0968002,,
2023-04-13T12:54:01.000Z,33.1785503,-79.0968005,,
2023-04-13T12:54:02.000Z,33.1785539,-79.0968022,,
2023-04-13T12:54:03.000Z,33.1785558,-79.0968,,
2023-04-13T12:54:04.000Z,33.1785546,-79.0967957,,
2023-04-13T12:54:05.000Z,33.1785528,-79.096792,,
2023-04-13T12:54:06.000Z,33.1785531,-79.0967917,,
2023-04-13T12:54:07.000Z,33.1785555,-79.0967944,,
2023-04-13T12:54:08.000Z,33.1785578,-79.0967956,,
2023-04-13T12:54:09.000Z,33.1785582,-79.0967945,,
2023-04-13T12:54:10.000Z,33.1785573,-79.0967914,,
2023-04-13T12:54:11.000Z,33.1785555,-79.0967876,,
2023-04-13T12:54:12.000Z,33.1785546,-79.0967864,,
2023-04-13T12:54:13.000Z,33.1785545,-79.096788,,
2023-04-13T12:54:14.000Z,33.1785551,-79.0967898,,
2023-04-13T12:54:15.000Z,33.1785559,-79.0967925,,
2023-04-13T12:54:16.000Z,33.1785562,-79.0967939,,
2023-04-13T12:54:17.000Z,33.1785544,-79.0967945,,
2023-04-13T12:54:18.000Z,33.1785527,-79.0967934,,
2023-04-13T12:54:19.000Z,33.1785498,-79.0967925,,
2023-04-13T12:54:20.000Z,33.1785468,-79.096791,,
2023-04-13T12:54:21.000Z,33.1785462,-79.0967907,,
2023-04-13T12:54:22.000Z,33.1785487,-79.0967923,,
2023-04-13T12:54:23.000Z,33.1785523,-79.0967934,,
2023-04-13T12:54:24.000Z,33.1785526,-79.0967946,,
2023-04-13T12:54:25.000Z,33.1785497,-79.0967926,,
2023-04-13T12:54:26.000Z,33.1785497,-79.0967926,,
2023-04-13T12:54:27.000Z,33.1785503,-79.096794,,
2023-04-13T12:54:28.000Z,33.1785476,-79.0967936,,
2023-04-13T12:54:29.000Z,33.1785486,-79.0967972,,
2023-04-13T12:54:30.000Z,33.1785502,-79.0968005,,
2023-04-13T12:54:31.000Z,33.1785483,-79.0967985,,
2023-04-13T12:54:32.000Z,33.1785467,-79.0967968,,
2023-04-13T12:54:33.000Z,33.1785453,-79.0967947,,
2023-04-13T12:54:34.000Z,33.1785436,-79.0967955,,
2023-04-13T12:54:35.000Z,33.178543,-79.0967954,,
2023-04-13T12:54:36.001Z,33.1785443,-79.096797,,
2023-04-13T12:54:37.000Z,33.1785446,-79.0968007,,
2023-04-13T12:54:38.000Z,33.1785439,-79.0968048,,
2023-04-13T12:54:39.000Z,33.1785429,-79.0968073,,
2023-04-13T12:54:40.000Z,33.1785416,-79.0968066,,
2023-04-13T12:54:41.000Z,33.1785401,-79.0968068,,
2023-04-13T12:54:42.000Z,33.1785413,-79.0968066,,
2023-04-13T12:54:43.000Z,33.1785399,-79.0968036,,
2023-04-13T12:54:44.000Z,33.1785382,-79.0968028,,
2023-04-13T12:54:45.000Z,33.1785361,-79.0968052,,
2023-04-13T12:54:46.000Z,33.1785374,-79.0968068,,
2023-04-13T12:54:47.000Z,33.1785401,-79.096808,,
2023-04-13T12:54:48.000Z,33.1785408,-79.0968054,,
2023-04-13T12:54:49.000Z,33.1785401,-79.0968024,,
2023-04-13T12:54:50.000Z,33.1785394,-79.0968026,,
2023-04-13T12:54:51.000Z,33.1785398,-79.0968035,,
2023-04-13T12:54:52.000Z,33.1785412,-79.0968032,,
2023-04-13T12:54:53.000Z,33.1785402,-79.0968026,,
2023-04-13T12:54:54.000Z,33.1785381,-79.096803,,
2023-04-13T12:54:55.000Z,33.1785377,-79.0967998,,
2023-04-13T12:54:56.000Z,33.1785381,-79.0967978,,
2023-04-13T12:54:57.000Z,33.1785406,-79.096801,,
2023-04-13T12:54:58.000Z,33.1785419,-79.0968019,,
2023-04-13T12:54:59.000Z,33.1785403,-79.0967993,,
2023-04-13T12:55:00.000Z,33.1785382,-79.0967973,,
2023-04-13T12:55:01.000Z,33.1785404,-79.0967964,,
2023-04-13T12:55:02.000Z,33.1785452,-79.0967964,,
2023-04-13T12:55:03.000Z,33.1785462,-79.0967932,,
2023-04-13T12:55:04.000Z,33.178544,-79.0967911,,
2023-04-13T12:55:05.000Z,33.1785431,-79.0967927,,
2023-04-13T12:55:06.000Z,33.1785433,-79.0967951,,
2023-04-13T12:55:07.000Z,33.1785449,-79.0967981,,
2023-04-13T12:55:08.000Z,33.1785455,-79.0967988,,
2023-04-13T12:55:09.000Z,33.1785425,-79.0967985,,
2023-04-13T12:55:10.000Z,33.1785388,-79.0967961,,
2023-04-13T12:55:11.000Z,33.1785364,-79.0967919,,
2023-04-13T12:55:12.000Z,33.1785367,-79.0967938,,
2023-04-13T12:55:13.000Z,33.17854,-79.0967991,,
2023-04-13T12:55:14.000Z,33.1785418,-79.0968022,,
2023-04-13T12:55:15.000Z,33.1785415,-79.0968059,,
2023-04-13T12:55:16.000Z,33.1785393,-79.0968059,,
2023-04-13T12:55:17.000Z,33.1785365,-79.0968033,,
2023-04-13T12:55:18.000Z,33.1785349,-79.0968001,,
2023-04-13T12:55:19.000Z,33.1785342,-79.096799,,
2023-04-13T12:55:20.000Z,33.1785342,-79.0967999,,
2023-04-13T12:55:21.000Z,33.1785347,-79.0968007,,
2023-04-13T12:55:22.000Z,33.1785363,-79.0968,,
2023-04-13T12:55:23.000Z,33.178536,-79.0967977,,
2023-04-13T12:55:24.000Z,33.1785373,-79.0967966,,
2023-04-13T12:55:25.000Z,33.1785396,-79.0967994,,
2023-04-13T12:55:26.000Z,33.1785401,-79.0968009,,
2023-04-13T12:55:27.000Z,33.1785396,-79.0968007,,
2023-04-13T12:55:28.000Z,33.1785394,-79.0967998,,
2023-04-13T12:55:29.000Z,33.1785383,-79.0967982,,
2023-04-13T12:55:30.000Z,33.1785361,-79.0967969,,
2023-04-13T12:55:31.000Z,33.1785341,-79.0967945,,
2023-04-13T12:55:32.000Z,33.1785338,-79.0967926,,
2023-04-13T12:55:33.000Z,33.1785364,-79.0967937,,
2023-04-13T12:55:34.000Z,33.1785388,-79.0967965,,
2023-04-13T12:55:35.000Z,33.1785386,-79.096799,,
2023-04-13T12:55:36.000Z,33.1785396,-79.0967983,,
2023-04-13T12:55:37.000Z,33.1785401,-79.0967992,,
2023-04-13T12:55:38.000Z,33.1785376,-79.0968006,,
2023-04-13T12:55:39.000Z,33.178536,-79.0968008,,
2023-04-13T12:55:40.000Z,33.1785348,-79.0968022,,
2023-04-13T12:55:41.000Z,33.1785362,-79.0968042,,
2023-04-13T12:55:42.000Z,33.1785355,-79.0968026,,
2023-04-13T12:55:43.000Z,33.1785342,-79.0967975,,
2023-04-13T12:55:44.000Z,33.1785344,-79.0967934,,
2023-04-13T12:55:45.000Z,33.1785358,-79.0967937,,
2023-04-13T12:55:46.000Z,33.1785397,-79.0967962,,
2023-04-13T12:55:47.000Z,33.1785429,-79.0967988,,
2023-04-13T12:55:48.000Z,33.1785443,-79.0968005,,
2023-04-13T12:55:49.000Z,33.1785443,-79.0968004,,
2023-04-13T12:55:50.000Z,33.1785409,-79.0967976,,
2023-04-13T12:55:51.000Z,33.1785368,-79.0967937,,
2023-04-13T12:55:52.000Z,33.1785372,-79.0967933,,
2023-04-13T12:55:53.000Z,33.1785394,-79.0967936,,
2023-04-13T12:55:54.000Z,33.1785411,-79.0967939,,
2023-04-13T12:55:55.000Z,33.1785428,-79.0967942,,2
2023-04-13T12:55:56.000Z,33.1785428,-79.0967917,,2
2023-04-13T12:55:57.000Z,33.1785422,-79.0967894,,2
2023-04-13T12:55:58.000Z,33.1785408,-79.0967918,,2
2023-04-13T12:55:59.000Z,33.1785409,-79.0967946,,2
2023-04-13T12:56:00.000Z,33.1785409,-79.0967949,,2
2023-04-13T12:56:01.000Z,33.1785394,-79.0967924,,2
2023-04-13T12:56:02.000Z,33.1785408,-79.0967902,,2
2023-04-13T12:56:03.000Z,33.1785428,-79.0967903,,2
2023-04-13T12:56:04.000Z,33.1785417,-79.0967907,,2
2023-04-13T12:56:05.000Z,33.178541,-79.0967914,,2
2023-04-13T12:56:06.000Z,33.1785423,-79.09679,,2
2023-04-13T12:56:07.000Z,33.1785436,-79.0967895,,2
2023-04-13T12:56:08.000Z,33.178545,-79.0967915,,2
2023-04-13T12:56:09.001Z,33.1785445,-79.0967923,,2
2023-04-13T12:56:10.000Z,33.1785425,-79.0967904,,2
2023-04-13T12:56:11.000Z,33.1785414,-79.0967896,,2
2023-04-13T12:56:12.000Z,33.1785427,-79.096789,,2
2023-04-13T12:56:13.000Z,33.1785441,-79.0967885,,2
2023-04-13T12:56:14.000Z,33.1785445,-79.0967887,,2
2023-04-13T12:56:15.000Z,33.1785454,-79.0967884,,2
2023-04-13T12:56:16.000Z,33.1785453,-79.0967871,,2
2023-04-13T12:56:17.000Z,33.1785432,-79.0967876,,2
2023-04-13T12:56:18.000Z,33.178544,-79.0967877,,2
2023-04-13T12:56:19.000Z,33.1785474,-79.096789,,2
2023-04-13T12:56:20.000Z,33.1785488,-79.0967895,,2
2023-04-13T12:56:21.000Z,33.1785467,-79.0967873,,2
2023-04-13T12:56:22.000Z,33.1785449,-79.0967845,,2
2023-04-13T12:56:23.000Z,33.1785464,-79.0967852,,2
2023-04-13T12:56:24.000Z,33.1785478,-79.0967845,,2
2023-04-13T12:56:25.000Z,33.1785478,-79.0967846,,2
2023-04-13T12:56:26.000Z,33.1785471,-79.0967866,,2
2023-04-13T12:56:27.000Z,33.1785474,-79.0967875,,2
2023-04-13T12:56:28.000Z,33.1785478,-79.096789,,2
2023-04-13T12:56:29.000Z,33.1785475,-79.0967903,,2
2023-04-13T12:56:30.000Z,33.1785464,-79.0967867,,2
2023-04-13T12:56:31.000Z,33.1785452,-79.0967864,,2
2023-04-13T12:56:32.000Z,33.1785448,-79.0967876,,2
2023-04-13T12:56:33.000Z,33.1785461,-79.0967892,,2
2023-04-13T12:56:34.000Z,33.1785476,-79.0967892,,2
2023-04-13T12:56:35.000Z,33.1785488,-79.0967902,,2
2023-04-13T12:56:36.000Z,33.1785487,-79.0967922,,2
2023-04-13T12:56:37.000Z,33.1785469,-79.0967944,,2
2023-04-13T12:56:38.000Z,33.1785469,-79.0967947,,2
2023-04-13T12:56:39.000Z,33.1785464,-79.0967927,,2
2023-04-13T12:56:40.000Z,33.1785445,-79.0967892,,2
2023-04-13T12:56:41.000Z,33.1785449,-79.0967876,,2
2023-04-13T12:56:42.000Z,33.1785472,-79.0967891,,2
2023-04-13T12:56:43.000Z,33.1785497,-79.0967912,,2
2023-04-13T12:56:44.000Z,33.178551,-79.0967923,,2
2023-04-13T12:56:45.000Z,33.1785509,-79.0967924,,2
2023-04-13T12:56:46.000Z,33.1785519,-79.0967926,,2
2023-04-13T12:56:47.000Z,33.178551,-79.0967907,,2
2023-04-13T12:56:48.000Z,33.1785497,-79.0967884,,2
2023-04-13T12:56:49.000Z,33.1785511,-79.0967887,,2
2023-04-13T12:56:50.000Z,33.1785519,-79.0967886,,2
2023-04-13T12:56:51.000Z,33.1785522,-79.096788,,2
2023-04-13T12:56:52.000Z,33.1785516,-79.0967875,,2
2023-04-13T12:56:53.000Z,33.1785521,-79.0967884,,2
2023-04-13T12:56:54.000Z,33.1785533,-79.0967872,,2
2023-04-13T12:56:55.000Z,33.1785536,-79.096786,,2
2023-04-13T12:56:56.000Z,33.1785549,-79.0967871,,2
2023-04-13T12:56:57.000Z,33.1785551,-79.0967852,,2
2023-04-13T12:56:58.000Z,33.1785536,-79.0967836,,2
2023-04-13T12:56:59.000Z,33.1785518,-79.0967841,,2
2023-04-13T12:57:00.000Z,33.1785536,-79.0967849,,2
2023-04-13T12:57:01.000Z,33.1785571,-79.0967842,,2
2023-04-13T12:57:02.000Z,33.1785564,-79.0967838,,2
2023-04-13T12:57:03.000Z,33.1785538,-79.0967822,,2
2023-04-13T12:57:04.000Z,33.1785534,-79.0967809,,2
2023-04-13T12:57:05.000Z,33.1785527,-79.0967829,,2
2023-04-13T12:57:06.000Z,33.1785537,-79.0967838,,2
2023-04-13T12:57:07.000Z,33.1785552,-79.0967847,,2
2023-04-13T12:57:08.000Z,33.1785569,-79.0967859,,2
2023-04-13T12:57:09.000Z,33.1785584,-79.0967821,,2
2023-04-13T12:57:10.000Z,33.1785554,-79.0967774,,2
2023-04-13T12:57:11.000Z,33.1785546,-79.0967763,,2
2023-04-13T12:57:12.000Z,33.178558,-79.0967798,,2
2023-04-13T12:57:13.000Z,33.1785584,-79.0967832,,2
2023-04-13T12:57:14.000Z,33.1785577,-79.0967838,,2
2023-04-13T12:57:15.000Z,33.1785579,-79.0967853,,2
2023-04-13T12:57:16.000Z,33.1785581,-79.0967828,,2
2023-04-13T12:57:17.000Z,33.1785564,-79.096781,,2
2023-04-13T12:57:18.000Z,33.1785555,-79.0967791,,2
2023-04-13T12:57:19.000Z,33.1785559,-79.0967796,,2
2023-04-13T12:57:20.000Z,33.1785543,-79.09678,,2
2023-04-13T12:57:21.000Z,33.1785537,-79.0967788,,2
2023-04-13T12:57:22.000Z,33.1785556,-79.0967811,,2
2023-04-13T12:57:23.000Z,33.1785587,-79.0967836,,2
2023-04-13T12:57:24.000Z,33.1785605,-79.0967841,,2
2023-04-13T12:57:25.000Z,33.1785605,-79.0967822,,2
2023-04-13T12:57:26.000Z,33.1785589,-79.0967812,,2
2023-04-13T12:57:27.000Z,33.1785562,-79.0967791,,2
2023-04-13T12:57:28.000Z,33.1785546,-79.0967783,,2
2023-04-13T12:57:29.000Z,33.1785552,-79.0967811,,2
2023-04-13T12:57:30.000Z,33.1785552,-79.0967817,,2
2023-04-13T12:57:31.000Z,33.1785542,-79.0967799,,2
2023-04-13T12:57:32.000Z,33.1785551,-79.0967802,,2
2023-04-13T12:57:33.000Z,33.178558,-79.0967815,,2
2023-04-13T12:57:34.000Z,33.178558,-79.0967801,,2
2023-04-13T12:57:35.000Z,33.1785588,-79.0967831,,2
2023-04-13T12:57:36.000Z,33.1785603,-79.0967875,,2
2023-04-13T12:57:37.000Z,33.1785586,-79.0967852,,2
2023-04-13T12:57:38.000Z,33.1785561,-79.0967813,,2
2023-04-13T12:57:39.000Z,33.1785573,-79.0967806,,2
2023-04-13T12:57:40.000Z,33.1785579,-79.0967791,,2
2023-04-13T12:57:41.000Z,33.1785588,-79.0967813,,2
2023-04-13T12:57:42.001Z,33.1785634,-79.0967869,,2
2023-04-13T12:57:43.000Z,33.1785666,-79.0967877,,2
2023-04-13T12:57:44.000Z,33.1785654,-79.0967864,,2
2023-04-13T12:57:45.000Z,33.1785636,-79.0967845,,2
2023-04-13T12:57:46.000Z,33.178562,-79.0967826,,2
2023-04-13T12:57:47.000Z,33.1785616,-79.0967811,,2
2023-04-13T12:57:48.000Z,33.1785603,-79.0967814,,2
2023-04-13T12:57:49.000Z,33.1785604,-79.0967833,,2
2023-04-13T12:57:50.000Z,33.178564,-79.0967827,,2
2023-04-13T12:57:51.000Z,33.1785664,-79.0967829,,2
2023-04-13T12:57:52.000Z,33.1785663,-79.0967854,,2
2023-04-13T12:57:53.000Z,33.1785676,-79.0967877,,2
2023-04-13T12:57:54.000Z,33.178567,-79.0967879,,2
2023-04-13T12:57:55.000Z,33.1785645,-79.0967842,,2
2023-04-13T12:57:56.000Z,33.178562,-79.0967821,,2
2023-04-13T12:57:57.000Z,33.1785611,-79.0967809,,2
2023-04-13T12:57:58.000Z,33.1785621,-79.0967818,,2
2023-04-13T12:57:59.000Z,33.1785654,-79.0967849,,2
2023-04-13T12:58:00.000Z,33.1785674,-79.0967868,,2
2023-04-13T12:58:01.000Z,33.1785654,-79.096783,,2
2023-04-13T12:58:02.000Z,33.1785644,-79.0967805,,2
2023-04-13T12:58:03.000Z,33.1785646,-79.0967803,,2
2023-04-13T12:58:04.000Z,33.1785623,-79.0967803,,2
2023-04-13T12:58:05.000Z,33.178559,-79.0967792,,2
2023-04-13T12:58:06.000Z,33.1785595,-79.0967787,,2
2023-04-13T12:58:07.000Z,33.1785604,-79.0967782,,2
2023-04-13T12:58:08.000Z,33.17856,-79.0967808,,2
2023-04-13T12:58:09.000Z,33.1785619,-79.0967837,,2
2023-04-13T12:58:10.000Z,33.1785635,-79.0967828,,2
2023-04-13T12:58:11.000Z,33.1785628,-79.0967806,,2
2023-04-13T12:58:12.000Z,33.1785592,-79.0967757,,2
2023-04-13T12:58:13.000Z,33.1785576,-79.0967731,,2
2023-04-13T12:58:14.000Z,33.1785603,-79.0967744,,2
2023-04-13T12:58:15.000Z,33.1785629,-79.0967775,,2
2023-04-13T12:58:16.000Z,33.178565,-79.0967791,,2
2023-04-13T12:58:17.000Z,33.1785656,-79.0967806,,2
2023-04-13T12:58:18.000Z,33.1785656,-79.0967797,,2
2023-04-13T12:58:19.000Z,33.1785645,-79.0967779,,2
2023-04-13T12:58:20.000Z,33.1785608,-79.0967758,,2
2023-04-13T12:58:21.000Z,33.1785598,-79.0967748,,2
2023-04-13T12:58:22.000Z,33.1785614,-79.0967756,,2
2023-04-13T12:58:23.000Z,33.1785622,-79.0967745,,2
2023-04-13T12:58:24.000Z,33.1785651,-79.0967746,,2
2023-04-13T12:58:25.000Z,33.178567,-79.0967745,,2
2023-04-13T12:58:26.000Z,33.1785665,-79.0967741,,2
2023-04-13T12:58:27.000Z,33.1785659,-79.0967736,,2
2023-04-13T12:58:28.000Z,33.1785652,-79.0967736,,2
2023-04-13T12:58:29.000Z,33.1785657,-79.0967765,,2
2023-04-13T12:58:30.000Z,33.1785676,-79.0967783,,2
2023-04-13T12:58:31.000Z,33.1785673,-79.0967767,,2
2023-04-13T12:58:32.000Z,33.1785662,-79.0967739,,2
2023-04-13T12:58:33.000Z,33.1785662,-79.096774,,2
2023-04-13T12:58:34.000Z,33.1785673,-79.0967752,,2
2023-04-13T12:58:35.000Z,33.1785667,-79.0967743,,2
2023-04-13T12:58:36.000Z,33.1785648,-79.0967727,,2
2023-04-13T12:58:37.000Z,33.1785649,-79.0967729,,2
2023-04-13T12:58:38.000Z,33.1785643,-79.0967739,,2
2023-04-13T12:58:39.000Z,33.1785656,-79.0967761,,2
2023-04-13T12:58:40.000Z,33.1785659,-79.0967775,,2
2023-04-13T12:58:41.000Z,33.1785659,-79.0967769,,2
2023-04-13T12:58:42.000Z,33.1785663,-79.0967768,,2
2023-04-13T12:58:43.000Z,33.1785663,-79.0967775,,2
2023-04-13T12:58:44.000Z,33.1785629,-79.0967748,,2
2023-04-13T12:58:45.000Z,33.1785605,-79.0967739,,2
2023-04-13T12:58:46.000Z,33.1785623,-79.0967749,,2
2023-04-13T12:58:47.000Z,33.1785638,-79.0967752,,2
2023-04-13T12:58:48.000Z,33.178564,-79.0967753,,2
2023-04-13T12:58:49.000Z,33.1785628,-79.0967761,,2
2023-04-13T12:58:50.000Z,33.1785617,-79.0967758,,2
2023-04-13T12:58:51.000Z,33.1785631,-79.0967761,,2
2023-04-13T12:58:52.000Z,33.1785631,-79.0967767,,2
2023-04-13T12:58:53.000Z,33.1785615,-79.0967772,,2
2023-04-13T12:58:54.000Z,33.1785622,-79.0967784,,2
2023-04-13T12:58:55.000Z,33.1785619,-79.0967788,,2
2023-04-13T12:58:56.000Z,33.1785612,-79.0967766,,2
2023-04-13T12:58:57.000Z,33.1785604,-79.0967735,,2
2023-04-13T12:58:58.000Z,33.1785605,-79.0967735,,2
2023-04-13T12:58:59.000Z,33.1785619,-79.0967773,,2
2023-04-13T12:59:00.000Z,33.1785628,-79.0967781,,2
2023-04-13T12:59:01.000Z,33.1785634,-79.0967773,,2
2023-04-13T12:59:02.000Z,33.1785636,-79.0967796,,2
2023-04-13T12:59:03.000Z,33.1785618,-79.0967789,,2
2023-04-13T12:59:04.000Z,33.1785595,-79.0967777,,2
2023-04-13T12:59:05.000Z,33.1785592,-79.0967786,,2
2023-04-13T12:59:06.000Z,33.1785617,-79.0967785,,2
2023-04-13T12:59:07.000Z,33.1785624,-79.0967781,,2
2023-04-13T12:59:08.000Z,33.1785607,-79.096777,,2
2023-04-13T12:59:09.000Z,33.1785587,-79.0967749,,2
2023-04-13T12:59:10.000Z,33.1785587,-79.096776,,2
2023-04-13T12:59:11.000Z,33.1785606,-79.0967781,,2
2023-04-13T12:59:12.000Z,33.1785603,-79.0967794,,2
2023-04-13T12:59:13.001Z,33.1785598,-79.0967793,,2
2023-04-13T12:59:14.000Z,33.1785614,-79.0967802,,2
2023-04-13T12:59:15.000Z,33.1785627,-79.0967805,,2
2023-04-13T12:59:16.000Z,33.1785614,-79.0967796,,2
2023-04-13T12:59:17.000Z,33.1785598,-79.0967788,,2
2023-04-13T12:59:18.000Z,33.1785608,-79.0967767,,2
2023-04-13T12:59:19.000Z,33.1785601,-79.0967748,,2
2023-04-13T12:59:20.000Z,33.1785618,-79.0967736,,2
2023-04-13T12:59:21.000Z,33.1785656,-79.0967765,,2
2023-04-13T12:59:22.000Z,33.1785667,-79.0967779,,2
2023-04-13T12:59:23.000Z,33.1785647,-79.0967767,,2
2023-04-13T12:59:24.000Z,33.1785657,-79.096776,,2
2023-04-13T12:59:25.000Z,33.1785669,-79.0967755,,2
2023-04-13T12:59:26.000Z,33.178565,-79.0967737,,2
2023-04-13T12:59:27.000Z,33.1785653,-79.0967725,,2
2023-04-13T12:59:28.000Z,33.1785661,-79.0967711,,2
2023-04-13T12:59:29.000Z,33.1785647,-79.0967716,,2
2023-04-13T12:59:30.000Z,33.1785662,-79.096771,,2
2023-04-13T12:59:31.000Z,33.1785685,-79.0967704,,2
2023-04-13T12:59:32.000Z,33.1785702,-79.0967726,,2
2023-04-13T12:59:33.000Z,33.1785699,-79.0967743,,2
2023-04-13T12:59:34.000Z,33.1785668,-79.0967725,,2
2023-04-13T12:59:35.000Z,33.1785655,-79.0967711,,2
2023-04-13T12:59:36.000Z,33.1785674,-79.0967698,,2
2023-04-13T12:59:37.000Z,33.1785667,-79.0967688,,2
2023-04-13T12:59:38.000Z,33.1785659,-79.0967691,,2
2023-04-13T12:59:39.000Z,33.178568,-79.0967701,,2
2023-04-13T12:59:40.000Z,33.178569,-79.0967699,,2
2023-04-13T12:59:41.000Z,33.1785704,-79.0967704,,2
2023-04-13T12:59:42.000Z,33.1785704,-79.0967714,,2
2023-04-13T12:59:43.000Z,33.178569,-79.0967699,,2
2023-04-13T12:59:44.000Z,33.1785699,-79.0967698,,2
2023-04-13T12:59:45.000Z,33.1785703,-79.09677,,2
2023-04-13T12:59:46.000Z,33.1785698,-79.0967678,,2
2023-04-13T12:59:47.000Z,33.1785689,-79.0967647,,2
2023-04-13T12:59:48.000Z,33.1785677,-79.0967635,,2
2023-04-13T12:59:49.000Z,33.178568,-79.0967617,,2
2023-04-13T12:59:50.000Z,33.1785711,-79.0967652,,2
2023-04-13T12:59:51.000Z,33.1785775,-79.0967689,,2
2023-04-13T12:59:52.000Z,33.1785806,-79.0967684,,2
2023-04-13T12:59:53.000Z,33.1785787,-79.0967678,,2
2023-04-13T12:59:54.000Z,33.1785765,-79.0967669,,2
2023-04-13T12:59:55.000Z,33.1785761,-79.0967634,,2
2023-04-13T12:59:56.000Z,33.1785744,-79.0967619,,2
2023-04-13T12:59:57.000Z,33.1785762,-79.0967615,,2
2023-04-13T12:59:58.000Z,33.1785791,-79.0967606,,2
2023-04-13T12:59:59.000Z,33.1785793,-79.0967601,,2
2023-04-13T13:00:00.000Z,33.178578,-79.0967601,,2
2023-04-13T13:00:01.000Z,33.1785768,-79.0967609,,2
2023-04-13T13:00:02.000Z,33.1785778,-79.0967608,,2
2023-04-13T13:00:03.000Z,33.1785789,-79.0967611,,2
2023-04-13T13:00:04.000Z,33.1785788,-79.0967597,,2
2023-04-13T13:00:05.000Z,33.1785775,-79.0967582,,2
2023-04-13T13:00:06.000Z,33.1785761,-79.0967578,,2
2023-04-13T13:00:07.000Z,33.1785769,-79.0967572,,2
2023-04-13T13:00:08.000Z,33.1785795,-79.0967569,,2
2023-04-13T13:00:09.000Z,33.1785801,-79.0967576,,2
2023-04-13T13:00:10.000Z,33.1785804,-79.0967589,,2
2023-04-13T13:00:11.000Z,33.1785802,-79.0967595,,2
2023-04-13T13:00:12.000Z,33.1785791,-79.0967598,,2
2023-04-13T13:00:13.000Z,33.1785779,-79.0967589,,2
2023-04-13T13:00:14.000Z,33.178578,-79.0967558,,2
2023-04-13T13:00:15.000Z,33.1785779,-79.0967556,,2
2023-04-13T13:00:16.000Z,33.1785787,-79.0967551,,2
2023-04-13T13:00:17.000Z,33.1785801,-79.0967555,,2
2023-04-13T13:00:18.000Z,33.1785821,-79.0967577,,2
2023-04-13T13:00:19.000Z,33.1785821,-79.0967573,,2
2023-04-13T13:00:20.000Z,33.1785808,-79.0967541,,2
2023-04-13T13:00:21.000Z,33.1785814,-79.0967548,,2
2023-04-13T13:00:22.000Z,33.1785832,-79.096759,,2
2023-04-13T13:00:23.000Z,33.178584,-79.0967586,,2
